#
# A fatal error has been detected by the Java Runtime Environment:
#
#  EXCEPTION_ACCESS_VIOLATION (0xc0000005) at pc=0x0000000180005b00, pid=5988, tid=9316
#
# JRE version: Java(TM) SE Runtime Environment (13.0.1+9) (build 13.0.1+9)
# Java VM: Java HotSpot(TM) 64-Bit Server VM (13.0.1+9, mixed mode, sharing, tiered, compressed oops, g1 gc, windows-amd64)
# Problematic frame:
# C  0x0000000180005b00
#
# No core dump will be written. Minidumps are not enabled by default on client versions of Windows
#
# If you would like to submit a bug report, please visit:
#   http://bugreport.java.com/bugreport/crash.jsp
# The crash happened outside the Java Virtual Machine in native code.
# See problematic frame for where to report the bug.
#

---------------  S U M M A R Y ------------

Command Line: -agentlib:jdwp=transport=dt_socket,address=127.0.0.1:50666,suspend=y,server=n -Djava.library.path=C:\Users\aminoiu\Desktop\mfz-rxtx-2.2-20081207-win-x64\mfz-rxtx-2.2-20081207-win-x64 -XX:TieredStopAtLevel=1 -Xverify:none -Dspring.output.ansi.enabled=always -Dcom.sun.management.jmxremote -Dspring.jmx.enabled=true -Dspring.liveBeansView.mbeanDomain -Dspring.application.admin.enabled=true -javaagent:C:\Users\aminoiu\AppData\Local\JetBrains\IntelliJIdea2020.1\captureAgent\debugger-agent.jar -Dfile.encoding=UTF-8 com.electronicvoting.BackendApplication

Host: Intel(R) Core(TM) i5-8265U CPU @ 1.60GHz, 8 cores, 15G,  Windows 10 , 64 bit Build 19041 (10.0.19041.292)
Time: Wed Aug  5 22:07:17 2020 E. Europe Daylight Time elapsed time: 12 seconds (0d 0h 0m 12s)

---------------  T H R E A D  ---------------

Current thread (0x0000022359327800):  JavaThread "Thread-6" [_thread_in_native, id=9316, stack(0x000000c6d8f00000,0x000000c6d9000000)]

Stack: [0x000000c6d8f00000,0x000000c6d9000000],  sp=0x000000c6d8ffdee0,  free space=1015k
Native frames: (J=compiled Java code, j=interpreted, Vv=VM code, C=native code)
C  0x0000000180005b00

Java frames: (J=compiled Java code, j=interpreted, Vv=VM code)
j  gnu.io.RXTXPort.readArray([BII)I+0
j  gnu.io.RXTXPort$SerialInputStream.read([BII)I+212
j  sun.nio.cs.StreamDecoder.readBytes()I+135 java.base@13.0.1
j  sun.nio.cs.StreamDecoder.implRead([CII)I+112 java.base@13.0.1
j  sun.nio.cs.StreamDecoder.read([CII)I+180 java.base@13.0.1
j  java.io.InputStreamReader.read([CII)I+7 java.base@13.0.1
j  java.io.BufferedReader.fill()V+145 java.base@13.0.1
j  java.io.BufferedReader.readLine(Z)Ljava/lang/String;+44 java.base@13.0.1
j  java.io.BufferedReader.readLine()Ljava/lang/String;+2 java.base@13.0.1
j  com.electronicvoting.ArduinoFingerprint.Controller$1.serialEvent(Lgnu/io/SerialPortEvent;)V+30
j  gnu.io.RXTXPort.sendEvent(IZ)Z+382
v  ~StubRoutines::call_stub
j  gnu.io.RXTXPort.eventLoop()V+0
j  gnu.io.RXTXPort$MonitorThread.run()V+12
v  ~StubRoutines::call_stub

siginfo: EXCEPTION_ACCESS_VIOLATION (0xc0000005), reading address 0xffffffffd8ffed18


Register to memory mapping:

RIP=0x0000000180005b00 points into unknown readable memory: 45 8b 74 24 08 41 89 5c
RAX=0x0000000000000001 is an unknown value
RBX=0x0 is NULL
RCX=0x000000018001d4d5 points into unknown readable memory: 64 00 00
RDX=0xfffffffffffff665 is an unknown value
RSP=0x000000c6d8ffdee0 is pointing into the stack for thread: 0x0000022359327800
RBP=0x00000000ffffffff is an unknown value
RSI=0x0 is NULL
RDI=0x0000022359327b10 points into unknown readable memory: 50 e8 c1 fd f8 7f 00 00
R8 =0x0000000000000002 is an unknown value
R9 =0xfffffffffffff63c is an unknown value
R10=0x00000223592f6910 points into unknown readable memory: 04 00 00 00 1e 00 00 00
R11=0x8101010101010100 is an unknown value
R12=0xffffffffd8ffed10 is an unknown value
R13=0x0000000000000001 is an unknown value
R14=0x000000c6d8ffe0d0 is pointing into the stack for thread: 0x0000022359327800
R15=0x0 is NULL


Registers:
RAX=0x0000000000000001, RBX=0x0000000000000000, RCX=0x000000018001d4d5, RDX=0xfffffffffffff665
RSP=0x000000c6d8ffdee0, RBP=0x00000000ffffffff, RSI=0x0000000000000000, RDI=0x0000022359327b10
R8 =0x0000000000000002, R9 =0xfffffffffffff63c, R10=0x00000223592f6910, R11=0x8101010101010100
R12=0xffffffffd8ffed10, R13=0x0000000000000001, R14=0x000000c6d8ffe0d0, R15=0x0000000000000000
RIP=0x0000000180005b00, EFLAGS=0x0000000000010202

Top of Stack: (sp=0x000000c6d8ffdee0)
0x000000c6d8ffdee0:   0000000000000000 ffffffffd8ffed10
0x000000c6d8ffdef0:   0000000000000000 0000022359327b10
0x000000c6d8ffdf00:   0000000000000000 000000c6d8ffe0d0
0x000000c6d8ffdf10:   00000223613c74d8 0000000000000001
0x000000c6d8ffdf20:   0000022359327b10 0000000000000001
0x000000c6d8ffdf30:   ffffffffffffffff 0000000180006211
0x000000c6d8ffdf40:   0000022359cd8aa0 ffffffffffffffff
0x000000c6d8ffdf50:   0000000000000001 0000022359cd8aa0
0x000000c6d8ffdf60:   0000022300000001 00007ff8ffffffff
0x000000c6d8ffdf70:   000000c6d8ffe0d8 000000c6d8ffe0d8
0x000000c6d8ffdf80:   0000022359327800 000000c6d8ffe0d8
0x000000c6d8ffdf90:   000000c6d8ffe0a0 00007ff8fd59af27
0x000000c6d8ffdfa0:   000000c6d8ffdfc0 0000022359327800
0x000000c6d8ffdfb0:   000000000014ab34 00006bbee0611389
0x000000c6d8ffdfc0:   00000223613c74e0 00000223613c74d8
0x000000c6d8ffdfd0:   0000022359327800 000000c6d8ffe0d8 

Instructions: (pc=0x0000000180005b00)
0x0000000180005a00:   5d c3 cc cc cc cc cc cc cc cc cc cc cc cc cc cc
0x0000000180005a10:   48 89 5c 24 08 4c 89 4c 24 20 44 89 44 24 18 55
0x0000000180005a20:   56 57 41 54 41 55 41 56 41 57 48 83 ec 20 48 8b
0x0000000180005a30:   2a 48 8b 01 33 db 48 8b d5 48 8b f9 44 8b fb 8b
0x0000000180005a40:   f3 ff 90 f8 00 00 00 4c 8d 0d 9e 70 01 00 4c 8b
0x0000000180005a50:   e0 48 8b 07 4c 8d 05 b5 70 01 00 49 8b d4 48 8b
0x0000000180005a60:   cf ff 90 f0 02 00 00 48 8b cf 4c 8b c0 48 85 c0
0x0000000180005a70:   48 8b 07 75 28 ff 90 80 00 00 00 4c 8b 1f 48 8b
0x0000000180005a80:   cf 41 ff 93 88 00 00 00 4c 8b 1f 49 8b d4 48 8b
0x0000000180005a90:   cf 41 ff 93 b8 00 00 00 4c 8b e3 eb 54 48 8b d5
0x0000000180005aa0:   ff 90 20 03 00 00 49 8b d4 48 8b cf 48 63 e8 48
0x0000000180005ab0:   8b 07 ff 90 b8 00 00 00 48 8d 15 51 70 01 00 48
0x0000000180005ac0:   8d 0d 0e 7a 01 00 41 b8 02 00 00 00 e8 6f 62 00
0x0000000180005ad0:   00 85 c0 75 19 85 ed 75 15 e8 c2 5e 00 00 48 8d
0x0000000180005ae0:   15 23 7a 01 00 48 8d 48 60 e8 3a 5d 00 00 4c 8b
0x0000000180005af0:   e5 8b ac 24 88 00 00 00 44 8b ac 24 80 00 00 00
0x0000000180005b00:   45 8b 74 24 08 41 89 5c 24 08 41 8b fd 85 ed 78
0x0000000180005b10:   09 ff 15 e9 14 01 00 44 8b f8 45 85 ed 7e 4a 90
0x0000000180005b20:   8b c6 ff c6 83 f8 14 7d 40 85 ed 78 0d ff 15 cd
0x0000000180005b30:   14 01 00 41 2b c7 3b c5 7d 2f 8b 4c 24 70 48 63
0x0000000180005b40:   d3 44 8b c7 48 03 54 24 78 e8 a2 31 00 00 85 c0
0x0000000180005b50:   78 33 74 06 03 d8 2b f8 eb 0a b9 e8 03 00 00 e8
0x0000000180005b60:   1c 1c 00 00 41 3b dd 7c b7 8b c3 45 89 74 24 08
0x0000000180005b70:   48 8b 5c 24 60 48 83 c4 20 41 5f 41 5e 41 5d 41
0x0000000180005b80:   5c 5f 5e 5d c3 e8 1e 61 00 00 83 38 04 74 05 e8
0x0000000180005b90:   14 61 00 00 83 c8 ff eb d2 cc cc cc cc cc cc cc
0x0000000180005ba0:   40 53 55 56 57 41 54 41 55 48 81 ec b8 00 00 00
0x0000000180005bb0:   48 8b 05 71 85 01 00 48 33 c4 48 89 84 24 a0 00
0x0000000180005bc0:   00 00 48 8b 01 45 8b e9 41 8b f8 48 8b f2 48 8b
0x0000000180005bd0:   d9 ff 90 f8 00 00 00 4c 8b 13 4c 8d 0d 33 6f 01
0x0000000180005be0:   00 4c 8d 05 7c 6f 01 00 48 8b d0 48 8b cb 4c 8b
0x0000000180005bf0:   e0 41 ff 92 f0 02 00 00 33 ed 48 8b cb 4c 8b c0 


Stack slot to memory mapping:
stack at sp + 0 slots: 0x0 is NULL
stack at sp + 1 slots: 0xffffffffd8ffed10 is an unknown value
stack at sp + 2 slots: 0x0 is NULL
stack at sp + 3 slots: 0x0000022359327b10 points into unknown readable memory: 50 e8 c1 fd f8 7f 00 00
stack at sp + 4 slots: 0x0 is NULL
stack at sp + 5 slots: 0x000000c6d8ffe0d0 is pointing into the stack for thread: 0x0000022359327800
stack at sp + 6 slots: 0x00000223613c74d8 is pointing into metadata
stack at sp + 7 slots: 0x0000000000000001 is an unknown value


---------------  P R O C E S S  ---------------

Threads class SMR info:
_java_thread_list=0x00000223592f6940, length=43, elements={
0x000002232ee1b000, 0x0000022352320800, 0x0000022352323800, 0x000002235233a800,
0x000002235233b800, 0x0000022352345800, 0x000002235234a000, 0x0000022352306800,
0x000002235337b800, 0x0000022353380800, 0x000002235338e800, 0x00000223539b2000,
0x0000022353af3000, 0x0000022354341000, 0x0000022354a7b800, 0x0000022354cff000,
0x0000022356260800, 0x0000022356cc1000, 0x000002235692e000, 0x000002235318a800,
0x000002235911a000, 0x0000022359119800, 0x000002235911b000, 0x0000022359117800,
0x0000022359118800, 0x0000022359115800, 0x000002235911c000, 0x0000022359117000,
0x0000022359116000, 0x0000022359322000, 0x0000022359323000, 0x0000022359323800,
0x000002235931e000, 0x0000022359321000, 0x0000022359324800, 0x000002235931e800,
0x0000022359325800, 0x000002235931f800, 0x0000022359326000, 0x0000022359320800,
0x0000022359329800, 0x0000022359328800, 0x0000022359327800
}

Java Threads: ( => current thread )
  0x000002232ee1b000 JavaThread "main" [_thread_blocked, id=15128, stack(0x000000c6d6f00000,0x000000c6d7000000)]
  0x0000022352320800 JavaThread "Reference Handler" daemon [_thread_blocked, id=11000, stack(0x000000c6d7600000,0x000000c6d7700000)]
  0x0000022352323800 JavaThread "Finalizer" daemon [_thread_blocked, id=7624, stack(0x000000c6d7700000,0x000000c6d7800000)]
  0x000002235233a800 JavaThread "Signal Dispatcher" daemon [_thread_blocked, id=1632, stack(0x000000c6d7800000,0x000000c6d7900000)]
  0x000002235233b800 JavaThread "Attach Listener" daemon [_thread_blocked, id=17036, stack(0x000000c6d7900000,0x000000c6d7a00000)]
  0x0000022352345800 JavaThread "C1 CompilerThread0" daemon [_thread_blocked, id=5484, stack(0x000000c6d7a00000,0x000000c6d7b00000)]
  0x000002235234a000 JavaThread "Sweeper thread" daemon [_thread_blocked, id=3428, stack(0x000000c6d7b00000,0x000000c6d7c00000)]
  0x0000022352306800 JavaThread "Common-Cleaner" daemon [_thread_blocked, id=17988, stack(0x000000c6d7c00000,0x000000c6d7d00000)]
  0x000002235337b800 JavaThread "JDWP Transport Listener: dt_socket" daemon [_thread_blocked, id=17684, stack(0x000000c6d7d00000,0x000000c6d7e00000)]
  0x0000022353380800 JavaThread "JDWP Event Helper Thread" daemon [_thread_blocked, id=5836, stack(0x000000c6d7e00000,0x000000c6d7f00000)]
  0x000002235338e800 JavaThread "JDWP Command Reader" daemon [_thread_in_native, id=4420, stack(0x000000c6d7f00000,0x000000c6d8000000)]
  0x00000223539b2000 JavaThread "Service Thread" daemon [_thread_blocked, id=15656, stack(0x000000c6d8000000,0x000000c6d8100000)]
  0x0000022353af3000 JavaThread "RMI TCP Accept-0" daemon [_thread_in_native, id=17616, stack(0x000000c6d8100000,0x000000c6d8200000)]
  0x0000022354341000 JavaThread "RMI TCP Connection(4)-192.168.100.23" daemon [_thread_in_native, id=2124, stack(0x000000c6d8800000,0x000000c6d8900000)]
  0x0000022354a7b800 JavaThread "RMI Scheduler(0)" daemon [_thread_blocked, id=18092, stack(0x000000c6d8900000,0x000000c6d8a00000)]
  0x0000022354cff000 JavaThread "PostgreSQL-JDBC-SharedTimer-1" daemon [_thread_blocked, id=16484, stack(0x000000c6d8c00000,0x000000c6d8d00000)]
  0x0000022356260800 JavaThread "HikariPool-1 housekeeper" daemon [_thread_blocked, id=11436, stack(0x000000c6d8d00000,0x000000c6d8e00000)]
  0x0000022356cc1000 JavaThread "Catalina-utility-1" [_thread_blocked, id=7608, stack(0x000000c6d8e00000,0x000000c6d8f00000)]
  0x000002235692e000 JavaThread "Catalina-utility-2" [_thread_blocked, id=16356, stack(0x000000c6d9000000,0x000000c6d9100000)]
  0x000002235318a800 JavaThread "container-0" [_thread_blocked, id=8244, stack(0x000000c6d9100000,0x000000c6d9200000)]
  0x000002235911a000 JavaThread "http-nio-8080-BlockPoller" daemon [_thread_in_native, id=18216, stack(0x000000c6d9400000,0x000000c6d9500000)]
  0x0000022359119800 JavaThread "http-nio-8080-exec-1" daemon [_thread_blocked, id=6420, stack(0x000000c6d9500000,0x000000c6d9600000)]
  0x000002235911b000 JavaThread "http-nio-8080-exec-2" daemon [_thread_blocked, id=18232, stack(0x000000c6d9600000,0x000000c6d9700000)]
  0x0000022359117800 JavaThread "http-nio-8080-exec-3" daemon [_thread_blocked, id=1796, stack(0x000000c6d9700000,0x000000c6d9800000)]
  0x0000022359118800 JavaThread "http-nio-8080-exec-4" daemon [_thread_blocked, id=3760, stack(0x000000c6d9800000,0x000000c6d9900000)]
  0x0000022359115800 JavaThread "http-nio-8080-exec-5" daemon [_thread_blocked, id=3440, stack(0x000000c6d9900000,0x000000c6d9a00000)]
  0x000002235911c000 JavaThread "http-nio-8080-exec-6" daemon [_thread_blocked, id=608, stack(0x000000c6d9a00000,0x000000c6d9b00000)]
  0x0000022359117000 JavaThread "http-nio-8080-exec-7" daemon [_thread_blocked, id=6572, stack(0x000000c6d9b00000,0x000000c6d9c00000)]
  0x0000022359116000 JavaThread "http-nio-8080-exec-8" daemon [_thread_blocked, id=17104, stack(0x000000c6d9c00000,0x000000c6d9d00000)]
  0x0000022359322000 JavaThread "http-nio-8080-exec-9" daemon [_thread_blocked, id=648, stack(0x000000c6d9d00000,0x000000c6d9e00000)]
  0x0000022359323000 JavaThread "http-nio-8080-exec-10" daemon [_thread_blocked, id=13928, stack(0x000000c6d9e00000,0x000000c6d9f00000)]
  0x0000022359323800 JavaThread "http-nio-8080-ClientPoller" daemon [_thread_in_native, id=11128, stack(0x000000c6d9f00000,0x000000c6da000000)]
  0x000002235931e000 JavaThread "http-nio-8080-Acceptor" daemon [_thread_in_native, id=17828, stack(0x000000c6da000000,0x000000c6da100000)]
  0x0000022359321000 JavaThread "JavaFX-Launcher" [_thread_blocked, id=15984, stack(0x000000c6da100000,0x000000c6da200000)]
  0x0000022359324800 JavaThread "QuantumRenderer-0" daemon [_thread_blocked, id=7308, stack(0x000000c6da200000,0x000000c6da300000)]
  0x000002235931e800 JavaThread "InvokeLaterDispatcher" daemon [_thread_blocked, id=17744, stack(0x000000c6da300000,0x000000c6da400000)]
  0x0000022359325800 JavaThread "JavaFX Application Thread" [_thread_in_native, id=18400, stack(0x000000c6da400000,0x000000c6da500000)]
  0x000002235931f800 JavaThread "Thread-5" daemon [_thread_in_native, id=18220, stack(0x000000c6da800000,0x000000c6da900000)]
  0x0000022359326000 JavaThread "Prism Font Disposer" daemon [_thread_blocked, id=3224, stack(0x000000c6dac00000,0x000000c6dad00000)]
  0x0000022359320800 JavaThread "RMI TCP Connection(idle)" daemon [_thread_blocked, id=16892, stack(0x000000c6dad00000,0x000000c6dae00000)]
  0x0000022359329800 JavaThread "Cleaner-0" daemon [_thread_blocked, id=17440, stack(0x000000c6dae00000,0x000000c6daf00000)]
  0x0000022359328800 JavaThread "RMI TCP Connection(idle)" daemon [_thread_blocked, id=16816, stack(0x000000c6daf00000,0x000000c6db000000)]
=>0x0000022359327800 JavaThread "Thread-6" [_thread_in_native, id=9316, stack(0x000000c6d8f00000,0x000000c6d9000000)]

Other Threads:
  0x000002235231f800 VMThread "VM Thread" [stack: 0x000000c6d7500000,0x000000c6d7600000] [id=4860]
  0x0000022353abf800 WatcherThread [stack: 0x000000c6d8200000,0x000000c6d8300000] [id=13196]
  0x000002232ee83800 GCTaskThread "GC Thread#0" [stack: 0x000000c6d7000000,0x000000c6d7100000] [id=17512]
  0x0000022354290000 GCTaskThread "GC Thread#1" [stack: 0x000000c6d8300000,0x000000c6d8400000] [id=12932]
  0x0000022353da9000 GCTaskThread "GC Thread#2" [stack: 0x000000c6d8400000,0x000000c6d8500000] [id=13960]
  0x0000022353da9800 GCTaskThread "GC Thread#3" [stack: 0x000000c6d8500000,0x000000c6d8600000] [id=8196]
  0x0000022353daa800 GCTaskThread "GC Thread#4" [stack: 0x000000c6d8600000,0x000000c6d8700000] [id=16752]
  0x0000022354295800 GCTaskThread "GC Thread#5" [stack: 0x000000c6d8700000,0x000000c6d8800000] [id=16992]
  0x0000022353cbb800 GCTaskThread "GC Thread#6" [stack: 0x000000c6d9200000,0x000000c6d9300000] [id=15684]
  0x0000022353cbc000 GCTaskThread "GC Thread#7" [stack: 0x000000c6d9300000,0x000000c6d9400000] [id=2504]
  0x000002232eea5000 ConcurrentGCThread "G1 Main Marker" [stack: 0x000000c6d7100000,0x000000c6d7200000] [id=16660]
  0x000002232eea6000 ConcurrentGCThread "G1 Conc#0" [stack: 0x000000c6d7200000,0x000000c6d7300000] [id=17344]
  0x0000022354b9f800 ConcurrentGCThread "G1 Conc#1" [stack: 0x000000c6d8a00000,0x000000c6d8b00000] [id=18024]
  0x0000022352268000 ConcurrentGCThread "G1 Refine#0" [stack: 0x000000c6d7300000,0x000000c6d7400000] [id=9912]
  0x000002235226a000 ConcurrentGCThread "G1 Young RemSet Sampling" [stack: 0x000000c6d7400000,0x000000c6d7500000] [id=2288]

Threads with active compile tasks:

VM state:not at safepoint (normal execution)

VM Mutex/Monitor currently owned by a thread: None

Heap address: 0x0000000702000000, size: 4064 MB, Compressed Oops mode: Zero based, Oop shift amount: 3
Narrow klass base: 0x0000000800000000, Narrow klass shift: 3
Compressed class space size: 1073741824 Address: 0x0000000800b40000

Heap:
 garbage-first heap   total 195584K, used 144242K [0x0000000702000000, 0x0000000800000000)
  region size 1024K, 97 young (99328K), 7 survivors (7168K)
 Metaspace       used 74323K, capacity 77641K, committed 77952K, reserved 1116160K
  class space    used 10612K, capacity 11843K, committed 11904K, reserved 1048576K
Heap Regions: E=young(eden), S=young(survivor), O=old, HS=humongous(starts), HC=humongous(continues), CS=collection set, F=free, A=archive, TAMS=top-at-mark-start (previous, next)
|   0|0x0000000702000000, 0x0000000702100000, 0x0000000702100000|100%|HS|  |TAMS 0x0000000702100000, 0x0000000702000000| Complete 
|   1|0x0000000702100000, 0x0000000702200000, 0x0000000702200000|100%| O|  |TAMS 0x0000000702200000, 0x0000000702100000| Untracked 
|   2|0x0000000702200000, 0x0000000702300000, 0x0000000702300000|100%| O|  |TAMS 0x0000000702300000, 0x0000000702200000| Untracked 
|   3|0x0000000702300000, 0x0000000702400000, 0x0000000702400000|100%| O|  |TAMS 0x0000000702400000, 0x0000000702300000| Untracked 
|   4|0x0000000702400000, 0x0000000702500000, 0x0000000702500000|100%| O|  |TAMS 0x0000000702500000, 0x0000000702400000| Untracked 
|   5|0x0000000702500000, 0x0000000702600000, 0x0000000702600000|100%| O|  |TAMS 0x0000000702600000, 0x0000000702500000| Untracked 
|   6|0x0000000702600000, 0x0000000702700000, 0x0000000702700000|100%| O|  |TAMS 0x0000000702700000, 0x0000000702600000| Untracked 
|   7|0x0000000702700000, 0x0000000702800000, 0x0000000702800000|100%| O|  |TAMS 0x0000000702800000, 0x0000000702700000| Untracked 
|   8|0x0000000702800000, 0x00000007028aea00, 0x0000000702900000| 68%| O|  |TAMS 0x00000007028aea00, 0x0000000702800000| Untracked 
|   9|0x0000000702900000, 0x0000000702a00000, 0x0000000702a00000|100%| O|  |TAMS 0x0000000702a00000, 0x0000000702900000| Untracked 
|  10|0x0000000702a00000, 0x0000000702b00000, 0x0000000702b00000|100%| O|  |TAMS 0x0000000702b00000, 0x0000000702a00000| Untracked 
|  11|0x0000000702b00000, 0x0000000702c00000, 0x0000000702c00000|100%| O|  |TAMS 0x0000000702c00000, 0x0000000702b00000| Untracked 
|  12|0x0000000702c00000, 0x0000000702d00000, 0x0000000702d00000|100%| O|  |TAMS 0x0000000702d00000, 0x0000000702c00000| Untracked 
|  13|0x0000000702d00000, 0x0000000702e00000, 0x0000000702e00000|100%| O|  |TAMS 0x0000000702e00000, 0x0000000702d00000| Untracked 
|  14|0x0000000702e00000, 0x0000000702f00000, 0x0000000702f00000|100%| O|  |TAMS 0x0000000702f00000, 0x0000000702e00000| Untracked 
|  15|0x0000000702f00000, 0x0000000703000000, 0x0000000703000000|100%| O|  |TAMS 0x0000000703000000, 0x0000000702f00000| Untracked 
|  16|0x0000000703000000, 0x0000000703100000, 0x0000000703100000|100%| O|  |TAMS 0x0000000703100000, 0x0000000703000000| Untracked 
|  17|0x0000000703100000, 0x0000000703200000, 0x0000000703200000|100%| O|  |TAMS 0x0000000703200000, 0x0000000703100000| Untracked 
|  18|0x0000000703200000, 0x0000000703300000, 0x0000000703300000|100%| O|  |TAMS 0x0000000703300000, 0x0000000703200000| Untracked 
|  19|0x0000000703300000, 0x0000000703400000, 0x0000000703400000|100%| O|  |TAMS 0x0000000703400000, 0x0000000703300000| Untracked 
|  20|0x0000000703400000, 0x0000000703444600, 0x0000000703500000| 26%| O|  |TAMS 0x0000000703444600, 0x0000000703400000| Untracked 
|  21|0x0000000703500000, 0x0000000703600000, 0x0000000703600000|100%| O|  |TAMS 0x0000000703600000, 0x0000000703500000| Untracked 
|  22|0x0000000703600000, 0x0000000703700000, 0x0000000703700000|100%| O|  |TAMS 0x0000000703700000, 0x0000000703600000| Untracked 
|  23|0x0000000703700000, 0x0000000703800000, 0x0000000703800000|100%| O|  |TAMS 0x0000000703800000, 0x0000000703700000| Untracked 
|  24|0x0000000703800000, 0x0000000703900000, 0x0000000703900000|100%| O|  |TAMS 0x0000000703900000, 0x0000000703800000| Untracked 
|  25|0x0000000703900000, 0x0000000703a00000, 0x0000000703a00000|100%| O|  |TAMS 0x0000000703a00000, 0x0000000703900000| Untracked 
|  26|0x0000000703a00000, 0x0000000703b00000, 0x0000000703b00000|100%| O|  |TAMS 0x0000000703b00000, 0x0000000703a00000| Untracked 
|  27|0x0000000703b00000, 0x0000000703c00000, 0x0000000703c00000|100%| O|  |TAMS 0x0000000703c00000, 0x0000000703b00000| Untracked 
|  28|0x0000000703c00000, 0x0000000703d00000, 0x0000000703d00000|100%| O|  |TAMS 0x0000000703d00000, 0x0000000703c00000| Untracked 
|  29|0x0000000703d00000, 0x0000000703e00000, 0x0000000703e00000|100%| O|  |TAMS 0x0000000703e00000, 0x0000000703d00000| Untracked 
|  30|0x0000000703e00000, 0x0000000703f00000, 0x0000000703f00000|100%| O|  |TAMS 0x0000000703f00000, 0x0000000703e00000| Untracked 
|  31|0x0000000703f00000, 0x0000000704000000, 0x0000000704000000|100%| O|  |TAMS 0x0000000704000000, 0x0000000703f00000| Untracked 
|  32|0x0000000704000000, 0x0000000704100000, 0x0000000704100000|100%| O|  |TAMS 0x0000000704100000, 0x0000000704000000| Untracked 
|  33|0x0000000704100000, 0x0000000704200000, 0x0000000704200000|100%| O|  |TAMS 0x000000070418d800, 0x0000000704100000| Untracked 
|  34|0x0000000704200000, 0x0000000704300000, 0x0000000704300000|100%| O|  |TAMS 0x0000000704200000, 0x0000000704200000| Untracked 
|  35|0x0000000704300000, 0x0000000704400000, 0x0000000704400000|100%| O|  |TAMS 0x0000000704300000, 0x0000000704300000| Untracked 
|  36|0x0000000704400000, 0x0000000704500000, 0x0000000704500000|100%| O|  |TAMS 0x0000000704400000, 0x0000000704400000| Untracked 
|  37|0x0000000704500000, 0x0000000704600000, 0x0000000704600000|100%| O|  |TAMS 0x0000000704500000, 0x0000000704500000| Untracked 
|  38|0x0000000704600000, 0x0000000704700000, 0x0000000704700000|100%| O|  |TAMS 0x0000000704600000, 0x0000000704600000| Untracked 
|  39|0x0000000704700000, 0x0000000704800000, 0x0000000704800000|100%| O|  |TAMS 0x0000000704700000, 0x0000000704700000| Untracked 
|  40|0x0000000704800000, 0x0000000704900000, 0x0000000704900000|100%| O|  |TAMS 0x0000000704800000, 0x0000000704800000| Untracked 
|  41|0x0000000704900000, 0x0000000704a00000, 0x0000000704a00000|100%| O|  |TAMS 0x0000000704900000, 0x0000000704900000| Untracked 
|  42|0x0000000704a00000, 0x0000000704b00000, 0x0000000704b00000|100%| O|  |TAMS 0x0000000704a00000, 0x0000000704a00000| Untracked 
|  43|0x0000000704b00000, 0x0000000704c00000, 0x0000000704c00000|100%| O|  |TAMS 0x0000000704b00000, 0x0000000704b00000| Untracked 
|  44|0x0000000704c00000, 0x0000000704d00000, 0x0000000704d00000|100%| O|  |TAMS 0x0000000704c00000, 0x0000000704c00000| Untracked 
|  45|0x0000000704d00000, 0x0000000704d8b200, 0x0000000704e00000| 54%| O|  |TAMS 0x0000000704d00000, 0x0000000704d00000| Untracked 
|  46|0x0000000704e00000, 0x0000000704f00000, 0x0000000704f00000|100%|HS|  |TAMS 0x0000000704e00000, 0x0000000704e00000| Complete 
|  47|0x0000000704f00000, 0x0000000705000000, 0x0000000705000000|100%|HC|  |TAMS 0x0000000704f00000, 0x0000000704f00000| Complete 
|  48|0x0000000705000000, 0x0000000705000000, 0x0000000705100000|  0%| F|  |TAMS 0x0000000705000000, 0x0000000705000000| Untracked 
|  49|0x0000000705100000, 0x0000000705100000, 0x0000000705200000|  0%| F|  |TAMS 0x0000000705100000, 0x0000000705100000| Untracked 
|  50|0x0000000705200000, 0x0000000705200000, 0x0000000705300000|  0%| F|  |TAMS 0x0000000705200000, 0x0000000705200000| Untracked 
|  51|0x0000000705300000, 0x0000000705300000, 0x0000000705400000|  0%| F|  |TAMS 0x0000000705300000, 0x0000000705300000| Untracked 
|  52|0x0000000705400000, 0x0000000705400000, 0x0000000705500000|  0%| F|  |TAMS 0x0000000705400000, 0x0000000705400000| Untracked 
|  53|0x0000000705500000, 0x0000000705500000, 0x0000000705600000|  0%| F|  |TAMS 0x0000000705500000, 0x0000000705500000| Untracked 
|  54|0x0000000705600000, 0x0000000705600000, 0x0000000705700000|  0%| F|  |TAMS 0x0000000705600000, 0x0000000705600000| Untracked 
|  55|0x0000000705700000, 0x0000000705700000, 0x0000000705800000|  0%| F|  |TAMS 0x0000000705700000, 0x0000000705700000| Untracked 
|  56|0x0000000705800000, 0x0000000705800000, 0x0000000705900000|  0%| F|  |TAMS 0x0000000705800000, 0x0000000705800000| Untracked 
|  57|0x0000000705900000, 0x0000000705900000, 0x0000000705a00000|  0%| F|  |TAMS 0x0000000705900000, 0x0000000705900000| Untracked 
|  58|0x0000000705a00000, 0x0000000705a00000, 0x0000000705b00000|  0%| F|  |TAMS 0x0000000705a00000, 0x0000000705a00000| Untracked 
|  59|0x0000000705b00000, 0x0000000705b00000, 0x0000000705c00000|  0%| F|  |TAMS 0x0000000705b00000, 0x0000000705b00000| Untracked 
|  60|0x0000000705c00000, 0x0000000705c00000, 0x0000000705d00000|  0%| F|  |TAMS 0x0000000705c00000, 0x0000000705c00000| Untracked 
|  61|0x0000000705d00000, 0x0000000705d00000, 0x0000000705e00000|  0%| F|  |TAMS 0x0000000705d00000, 0x0000000705d00000| Untracked 
|  62|0x0000000705e00000, 0x0000000705e00000, 0x0000000705f00000|  0%| F|  |TAMS 0x0000000705e00000, 0x0000000705e00000| Untracked 
|  63|0x0000000705f00000, 0x0000000705f00000, 0x0000000706000000|  0%| F|  |TAMS 0x0000000705f00000, 0x0000000705f00000| Untracked 
|  64|0x0000000706000000, 0x0000000706000000, 0x0000000706100000|  0%| F|  |TAMS 0x0000000706000000, 0x0000000706000000| Untracked 
|  65|0x0000000706100000, 0x0000000706100000, 0x0000000706200000|  0%| F|  |TAMS 0x0000000706100000, 0x0000000706100000| Untracked 
|  66|0x0000000706200000, 0x0000000706200000, 0x0000000706300000|  0%| F|  |TAMS 0x0000000706200000, 0x0000000706200000| Untracked 
|  67|0x0000000706300000, 0x000000070635e940, 0x0000000706400000| 36%| S|CS|TAMS 0x0000000706300000, 0x0000000706300000| Complete 
|  68|0x0000000706400000, 0x0000000706500000, 0x0000000706500000|100%| S|CS|TAMS 0x0000000706400000, 0x0000000706400000| Complete 
|  69|0x0000000706500000, 0x0000000706600000, 0x0000000706600000|100%| S|CS|TAMS 0x0000000706500000, 0x0000000706500000| Complete 
|  70|0x0000000706600000, 0x0000000706700000, 0x0000000706700000|100%| S|CS|TAMS 0x0000000706600000, 0x0000000706600000| Complete 
|  71|0x0000000706700000, 0x0000000706800000, 0x0000000706800000|100%| S|CS|TAMS 0x0000000706700000, 0x0000000706700000| Complete 
|  72|0x0000000706800000, 0x0000000706800000, 0x0000000706900000|  0%| F|  |TAMS 0x0000000706800000, 0x0000000706800000| Untracked 
|  73|0x0000000706900000, 0x0000000706900000, 0x0000000706a00000|  0%| F|  |TAMS 0x0000000706900000, 0x0000000706900000| Untracked 
|  74|0x0000000706a00000, 0x0000000706a00000, 0x0000000706b00000|  0%| F|  |TAMS 0x0000000706a00000, 0x0000000706a00000| Untracked 
|  75|0x0000000706b00000, 0x0000000706b00000, 0x0000000706c00000|  0%| F|  |TAMS 0x0000000706b00000, 0x0000000706b00000| Untracked 
|  76|0x0000000706c00000, 0x0000000706c00000, 0x0000000706d00000|  0%| F|  |TAMS 0x0000000706c00000, 0x0000000706c00000| Untracked 
|  77|0x0000000706d00000, 0x0000000706d00000, 0x0000000706e00000|  0%| F|  |TAMS 0x0000000706d00000, 0x0000000706d00000| Untracked 
|  78|0x0000000706e00000, 0x0000000706e00000, 0x0000000706f00000|  0%| F|  |TAMS 0x0000000706e00000, 0x0000000706e00000| Untracked 
|  79|0x0000000706f00000, 0x0000000706f00000, 0x0000000707000000|  0%| F|  |TAMS 0x0000000706f00000, 0x0000000706f00000| Untracked 
|  80|0x0000000707000000, 0x0000000707000000, 0x0000000707100000|  0%| F|  |TAMS 0x0000000707000000, 0x0000000707000000| Untracked 
|  81|0x0000000707100000, 0x0000000707200000, 0x0000000707200000|100%| S|CS|TAMS 0x0000000707100000, 0x0000000707100000| Complete 
|  82|0x0000000707200000, 0x0000000707300000, 0x0000000707300000|100%| S|CS|TAMS 0x0000000707200000, 0x0000000707200000| Complete 
|  83|0x0000000707300000, 0x0000000707300000, 0x0000000707400000|  0%| F|  |TAMS 0x0000000707300000, 0x0000000707300000| Untracked 
|  84|0x0000000707400000, 0x0000000707400000, 0x0000000707500000|  0%| F|  |TAMS 0x0000000707400000, 0x0000000707400000| Untracked 
|  85|0x0000000707500000, 0x0000000707500000, 0x0000000707600000|  0%| F|  |TAMS 0x0000000707500000, 0x0000000707500000| Untracked 
|  86|0x0000000707600000, 0x0000000707600000, 0x0000000707700000|  0%| F|  |TAMS 0x0000000707600000, 0x0000000707600000| Untracked 
|  87|0x0000000707700000, 0x0000000707700000, 0x0000000707800000|  0%| F|  |TAMS 0x0000000707700000, 0x0000000707700000| Untracked 
|  88|0x0000000707800000, 0x0000000707800000, 0x0000000707900000|  0%| F|  |TAMS 0x0000000707800000, 0x0000000707800000| Untracked 
|  89|0x0000000707900000, 0x0000000707900000, 0x0000000707a00000|  0%| F|  |TAMS 0x0000000707900000, 0x0000000707900000| Untracked 
|  90|0x0000000707a00000, 0x0000000707a00000, 0x0000000707b00000|  0%| F|  |TAMS 0x0000000707a00000, 0x0000000707a00000| Untracked 
|  91|0x0000000707b00000, 0x0000000707b00000, 0x0000000707c00000|  0%| F|  |TAMS 0x0000000707b00000, 0x0000000707b00000| Untracked 
|  92|0x0000000707c00000, 0x0000000707c00000, 0x0000000707d00000|  0%| F|  |TAMS 0x0000000707c00000, 0x0000000707c00000| Untracked 
|  93|0x0000000707d00000, 0x0000000707d00000, 0x0000000707e00000|  0%| F|  |TAMS 0x0000000707d00000, 0x0000000707d00000| Untracked 
|  94|0x0000000707e00000, 0x0000000707e00000, 0x0000000707f00000|  0%| F|  |TAMS 0x0000000707e00000, 0x0000000707e00000| Untracked 
|  95|0x0000000707f00000, 0x0000000707f00000, 0x0000000708000000|  0%| F|  |TAMS 0x0000000707f00000, 0x0000000707f00000| Untracked 
|  96|0x0000000708000000, 0x0000000708000000, 0x0000000708100000|  0%| F|  |TAMS 0x0000000708000000, 0x0000000708000000| Untracked 
|  97|0x0000000708100000, 0x0000000708100000, 0x0000000708200000|  0%| F|  |TAMS 0x0000000708100000, 0x0000000708100000| Untracked 
|  98|0x0000000708200000, 0x0000000708200000, 0x0000000708300000|  0%| F|  |TAMS 0x0000000708200000, 0x0000000708200000| Untracked 
|  99|0x0000000708300000, 0x0000000708300000, 0x0000000708400000|  0%| F|  |TAMS 0x0000000708300000, 0x0000000708300000| Untracked 
| 100|0x0000000708400000, 0x0000000708400000, 0x0000000708500000|  0%| F|  |TAMS 0x0000000708400000, 0x0000000708400000| Untracked 
| 101|0x0000000708500000, 0x0000000708577a10, 0x0000000708600000| 46%| E|  |TAMS 0x0000000708500000, 0x0000000708500000| Complete 
| 102|0x0000000708600000, 0x0000000708700000, 0x0000000708700000|100%| E|CS|TAMS 0x0000000708600000, 0x0000000708600000| Complete 
| 103|0x0000000708700000, 0x0000000708800000, 0x0000000708800000|100%| E|CS|TAMS 0x0000000708700000, 0x0000000708700000| Complete 
| 104|0x0000000708800000, 0x0000000708900000, 0x0000000708900000|100%| E|CS|TAMS 0x0000000708800000, 0x0000000708800000| Complete 
| 105|0x0000000708900000, 0x0000000708a00000, 0x0000000708a00000|100%| E|CS|TAMS 0x0000000708900000, 0x0000000708900000| Complete 
| 106|0x0000000708a00000, 0x0000000708b00000, 0x0000000708b00000|100%| E|CS|TAMS 0x0000000708a00000, 0x0000000708a00000| Complete 
| 107|0x0000000708b00000, 0x0000000708c00000, 0x0000000708c00000|100%| E|CS|TAMS 0x0000000708b00000, 0x0000000708b00000| Complete 
| 108|0x0000000708c00000, 0x0000000708d00000, 0x0000000708d00000|100%| E|CS|TAMS 0x0000000708c00000, 0x0000000708c00000| Complete 
| 109|0x0000000708d00000, 0x0000000708e00000, 0x0000000708e00000|100%| E|CS|TAMS 0x0000000708d00000, 0x0000000708d00000| Complete 
| 110|0x0000000708e00000, 0x0000000708f00000, 0x0000000708f00000|100%| E|CS|TAMS 0x0000000708e00000, 0x0000000708e00000| Complete 
| 111|0x0000000708f00000, 0x0000000709000000, 0x0000000709000000|100%| E|CS|TAMS 0x0000000708f00000, 0x0000000708f00000| Complete 
| 112|0x0000000709000000, 0x0000000709100000, 0x0000000709100000|100%| E|CS|TAMS 0x0000000709000000, 0x0000000709000000| Complete 
| 113|0x0000000709100000, 0x0000000709200000, 0x0000000709200000|100%| E|CS|TAMS 0x0000000709100000, 0x0000000709100000| Complete 
| 114|0x0000000709200000, 0x0000000709300000, 0x0000000709300000|100%| E|CS|TAMS 0x0000000709200000, 0x0000000709200000| Complete 
| 115|0x0000000709300000, 0x0000000709400000, 0x0000000709400000|100%| E|CS|TAMS 0x0000000709300000, 0x0000000709300000| Complete 
| 116|0x0000000709400000, 0x0000000709500000, 0x0000000709500000|100%| E|CS|TAMS 0x0000000709400000, 0x0000000709400000| Complete 
| 117|0x0000000709500000, 0x0000000709600000, 0x0000000709600000|100%| E|CS|TAMS 0x0000000709500000, 0x0000000709500000| Complete 
| 118|0x0000000709600000, 0x0000000709700000, 0x0000000709700000|100%| E|CS|TAMS 0x0000000709600000, 0x0000000709600000| Complete 
| 119|0x0000000709700000, 0x0000000709800000, 0x0000000709800000|100%| E|CS|TAMS 0x0000000709700000, 0x0000000709700000| Complete 
| 120|0x0000000709800000, 0x0000000709900000, 0x0000000709900000|100%| E|CS|TAMS 0x0000000709800000, 0x0000000709800000| Complete 
| 121|0x0000000709900000, 0x0000000709a00000, 0x0000000709a00000|100%| E|CS|TAMS 0x0000000709900000, 0x0000000709900000| Complete 
| 122|0x0000000709a00000, 0x0000000709b00000, 0x0000000709b00000|100%| E|CS|TAMS 0x0000000709a00000, 0x0000000709a00000| Complete 
| 123|0x0000000709b00000, 0x0000000709c00000, 0x0000000709c00000|100%| E|CS|TAMS 0x0000000709b00000, 0x0000000709b00000| Complete 
| 124|0x0000000709c00000, 0x0000000709d00000, 0x0000000709d00000|100%| E|CS|TAMS 0x0000000709c00000, 0x0000000709c00000| Complete 
| 125|0x0000000709d00000, 0x0000000709e00000, 0x0000000709e00000|100%| E|CS|TAMS 0x0000000709d00000, 0x0000000709d00000| Complete 
| 126|0x0000000709e00000, 0x0000000709f00000, 0x0000000709f00000|100%| E|CS|TAMS 0x0000000709e00000, 0x0000000709e00000| Complete 
| 127|0x0000000709f00000, 0x000000070a000000, 0x000000070a000000|100%| E|CS|TAMS 0x0000000709f00000, 0x0000000709f00000| Complete 
| 128|0x000000070a000000, 0x000000070a100000, 0x000000070a100000|100%| E|CS|TAMS 0x000000070a000000, 0x000000070a000000| Complete 
| 129|0x000000070a100000, 0x000000070a200000, 0x000000070a200000|100%| E|CS|TAMS 0x000000070a100000, 0x000000070a100000| Complete 
| 130|0x000000070a200000, 0x000000070a300000, 0x000000070a300000|100%| E|CS|TAMS 0x000000070a200000, 0x000000070a200000| Complete 
| 131|0x000000070a300000, 0x000000070a400000, 0x000000070a400000|100%| E|CS|TAMS 0x000000070a300000, 0x000000070a300000| Complete 
| 132|0x000000070a400000, 0x000000070a500000, 0x000000070a500000|100%| E|CS|TAMS 0x000000070a400000, 0x000000070a400000| Complete 
| 133|0x000000070a500000, 0x000000070a600000, 0x000000070a600000|100%| E|CS|TAMS 0x000000070a500000, 0x000000070a500000| Complete 
| 134|0x000000070a600000, 0x000000070a700000, 0x000000070a700000|100%| E|CS|TAMS 0x000000070a600000, 0x000000070a600000| Complete 
| 135|0x000000070a700000, 0x000000070a800000, 0x000000070a800000|100%| E|CS|TAMS 0x000000070a700000, 0x000000070a700000| Complete 
| 136|0x000000070a800000, 0x000000070a900000, 0x000000070a900000|100%| E|CS|TAMS 0x000000070a800000, 0x000000070a800000| Complete 
| 137|0x000000070a900000, 0x000000070aa00000, 0x000000070aa00000|100%| E|CS|TAMS 0x000000070a900000, 0x000000070a900000| Complete 
| 138|0x000000070aa00000, 0x000000070ab00000, 0x000000070ab00000|100%| E|CS|TAMS 0x000000070aa00000, 0x000000070aa00000| Complete 
| 139|0x000000070ab00000, 0x000000070ac00000, 0x000000070ac00000|100%| E|CS|TAMS 0x000000070ab00000, 0x000000070ab00000| Complete 
| 140|0x000000070ac00000, 0x000000070ad00000, 0x000000070ad00000|100%| E|CS|TAMS 0x000000070ac00000, 0x000000070ac00000| Complete 
| 141|0x000000070ad00000, 0x000000070ae00000, 0x000000070ae00000|100%| E|CS|TAMS 0x000000070ad00000, 0x000000070ad00000| Complete 
| 142|0x000000070ae00000, 0x000000070af00000, 0x000000070af00000|100%| E|CS|TAMS 0x000000070ae00000, 0x000000070ae00000| Complete 
| 143|0x000000070af00000, 0x000000070b000000, 0x000000070b000000|100%| E|CS|TAMS 0x000000070af00000, 0x000000070af00000| Complete 
| 144|0x000000070b000000, 0x000000070b100000, 0x000000070b100000|100%| E|CS|TAMS 0x000000070b000000, 0x000000070b000000| Complete 
| 145|0x000000070b100000, 0x000000070b200000, 0x000000070b200000|100%| E|CS|TAMS 0x000000070b100000, 0x000000070b100000| Complete 
| 146|0x000000070b200000, 0x000000070b300000, 0x000000070b300000|100%| E|CS|TAMS 0x000000070b200000, 0x000000070b200000| Complete 
| 147|0x000000070b300000, 0x000000070b400000, 0x000000070b400000|100%| E|CS|TAMS 0x000000070b300000, 0x000000070b300000| Complete 
| 148|0x000000070b400000, 0x000000070b500000, 0x000000070b500000|100%| E|CS|TAMS 0x000000070b400000, 0x000000070b400000| Complete 
| 149|0x000000070b500000, 0x000000070b600000, 0x000000070b600000|100%| E|CS|TAMS 0x000000070b500000, 0x000000070b500000| Complete 
| 150|0x000000070b600000, 0x000000070b700000, 0x000000070b700000|100%| E|CS|TAMS 0x000000070b600000, 0x000000070b600000| Complete 
| 151|0x000000070b700000, 0x000000070b800000, 0x000000070b800000|100%| E|CS|TAMS 0x000000070b700000, 0x000000070b700000| Complete 
| 152|0x000000070b800000, 0x000000070b900000, 0x000000070b900000|100%| E|CS|TAMS 0x000000070b800000, 0x000000070b800000| Complete 
| 153|0x000000070b900000, 0x000000070ba00000, 0x000000070ba00000|100%| E|CS|TAMS 0x000000070b900000, 0x000000070b900000| Complete 
| 154|0x000000070ba00000, 0x000000070bb00000, 0x000000070bb00000|100%| E|CS|TAMS 0x000000070ba00000, 0x000000070ba00000| Complete 
| 155|0x000000070bb00000, 0x000000070bc00000, 0x000000070bc00000|100%| E|CS|TAMS 0x000000070bb00000, 0x000000070bb00000| Complete 
| 156|0x000000070bc00000, 0x000000070bd00000, 0x000000070bd00000|100%| E|CS|TAMS 0x000000070bc00000, 0x000000070bc00000| Complete 
| 157|0x000000070bd00000, 0x000000070be00000, 0x000000070be00000|100%| E|CS|TAMS 0x000000070bd00000, 0x000000070bd00000| Complete 
| 158|0x000000070be00000, 0x000000070bf00000, 0x000000070bf00000|100%| E|CS|TAMS 0x000000070be00000, 0x000000070be00000| Complete 
| 159|0x000000070bf00000, 0x000000070c000000, 0x000000070c000000|100%| E|CS|TAMS 0x000000070bf00000, 0x000000070bf00000| Complete 
| 160|0x000000070c000000, 0x000000070c100000, 0x000000070c100000|100%| E|CS|TAMS 0x000000070c000000, 0x000000070c000000| Complete 
| 161|0x000000070c100000, 0x000000070c200000, 0x000000070c200000|100%| E|CS|TAMS 0x000000070c100000, 0x000000070c100000| Complete 
| 162|0x000000070c200000, 0x000000070c300000, 0x000000070c300000|100%| E|CS|TAMS 0x000000070c200000, 0x000000070c200000| Complete 
| 163|0x000000070c300000, 0x000000070c400000, 0x000000070c400000|100%| E|CS|TAMS 0x000000070c300000, 0x000000070c300000| Complete 
| 164|0x000000070c400000, 0x000000070c500000, 0x000000070c500000|100%| E|CS|TAMS 0x000000070c400000, 0x000000070c400000| Complete 
| 165|0x000000070c500000, 0x000000070c600000, 0x000000070c600000|100%| E|CS|TAMS 0x000000070c500000, 0x000000070c500000| Complete 
| 166|0x000000070c600000, 0x000000070c700000, 0x000000070c700000|100%| E|CS|TAMS 0x000000070c600000, 0x000000070c600000| Complete 
| 167|0x000000070c700000, 0x000000070c800000, 0x000000070c800000|100%| E|CS|TAMS 0x000000070c700000, 0x000000070c700000| Complete 
| 168|0x000000070c800000, 0x000000070c900000, 0x000000070c900000|100%| E|CS|TAMS 0x000000070c800000, 0x000000070c800000| Complete 
| 169|0x000000070c900000, 0x000000070ca00000, 0x000000070ca00000|100%| E|CS|TAMS 0x000000070c900000, 0x000000070c900000| Complete 
| 170|0x000000070ca00000, 0x000000070cb00000, 0x000000070cb00000|100%| E|CS|TAMS 0x000000070ca00000, 0x000000070ca00000| Complete 
| 171|0x000000070cb00000, 0x000000070cc00000, 0x000000070cc00000|100%| E|CS|TAMS 0x000000070cb00000, 0x000000070cb00000| Complete 
| 172|0x000000070cc00000, 0x000000070cd00000, 0x000000070cd00000|100%| E|CS|TAMS 0x000000070cc00000, 0x000000070cc00000| Complete 
| 173|0x000000070cd00000, 0x000000070ce00000, 0x000000070ce00000|100%| E|CS|TAMS 0x000000070cd00000, 0x000000070cd00000| Complete 
| 174|0x000000070ce00000, 0x000000070cf00000, 0x000000070cf00000|100%| E|CS|TAMS 0x000000070ce00000, 0x000000070ce00000| Complete 
| 175|0x000000070cf00000, 0x000000070d000000, 0x000000070d000000|100%| E|CS|TAMS 0x000000070cf00000, 0x000000070cf00000| Complete 
| 176|0x000000070d000000, 0x000000070d100000, 0x000000070d100000|100%| E|CS|TAMS 0x000000070d000000, 0x000000070d000000| Complete 
| 177|0x000000070d100000, 0x000000070d200000, 0x000000070d200000|100%| E|CS|TAMS 0x000000070d100000, 0x000000070d100000| Complete 
| 178|0x000000070d200000, 0x000000070d300000, 0x000000070d300000|100%| E|CS|TAMS 0x000000070d200000, 0x000000070d200000| Complete 
| 179|0x000000070d300000, 0x000000070d400000, 0x000000070d400000|100%| E|CS|TAMS 0x000000070d300000, 0x000000070d300000| Complete 
| 180|0x000000070d400000, 0x000000070d500000, 0x000000070d500000|100%| E|CS|TAMS 0x000000070d400000, 0x000000070d400000| Complete 
| 181|0x000000070d500000, 0x000000070d600000, 0x000000070d600000|100%| E|CS|TAMS 0x000000070d500000, 0x000000070d500000| Complete 
| 182|0x000000070d600000, 0x000000070d700000, 0x000000070d700000|100%| E|CS|TAMS 0x000000070d600000, 0x000000070d600000| Complete 
| 183|0x000000070d700000, 0x000000070d800000, 0x000000070d800000|100%| E|CS|TAMS 0x000000070d700000, 0x000000070d700000| Complete 
| 184|0x000000070d800000, 0x000000070d900000, 0x000000070d900000|100%| E|CS|TAMS 0x000000070d800000, 0x000000070d800000| Complete 
| 185|0x000000070d900000, 0x000000070da00000, 0x000000070da00000|100%| E|CS|TAMS 0x000000070d900000, 0x000000070d900000| Complete 
| 186|0x000000070da00000, 0x000000070db00000, 0x000000070db00000|100%| E|CS|TAMS 0x000000070da00000, 0x000000070da00000| Complete 
| 187|0x000000070db00000, 0x000000070dc00000, 0x000000070dc00000|100%| E|CS|TAMS 0x000000070db00000, 0x000000070db00000| Complete 
| 188|0x000000070dc00000, 0x000000070dd00000, 0x000000070dd00000|100%| E|CS|TAMS 0x000000070dc00000, 0x000000070dc00000| Complete 
| 189|0x000000070dd00000, 0x000000070de00000, 0x000000070de00000|100%| E|  |TAMS 0x000000070dd00000, 0x000000070dd00000| Complete 
| 304|0x0000000715000000, 0x0000000715100000, 0x0000000715100000|100%| E|CS|TAMS 0x0000000715000000, 0x0000000715000000| Complete 

Card table byte_map: [0x0000022346e20000,0x0000022347610000] _byte_map_base: 0x0000022343610000

Marking Bits (Prev, Next): (CMBitMap*) 0x000002232ee84528, (CMBitMap*) 0x000002232ee844e8
 Prev Bits: [0x000002234bd80000, 0x000002234fd00000)
 Next Bits: [0x0000022347e00000, 0x000002234bd80000)

Polling page: 0x000002232cbd0000

Metaspace:

Usage:
  Non-class:     64.26 MB capacity,    62.22 MB ( 97%) used,     1.67 MB (  3%) free+waste,   375.88 KB ( <1%) overhead. 
      Class:     11.57 MB capacity,    10.36 MB ( 90%) used,     1.02 MB (  9%) free+waste,   186.31 KB (  2%) overhead. 
       Both:     75.82 MB capacity,    72.58 MB ( 96%) used,     2.69 MB (  4%) free+waste,   562.19 KB ( <1%) overhead. 

Virtual space:
  Non-class space:       66.00 MB reserved,      64.50 MB ( 98%) committed 
      Class space:        1.00 GB reserved,      11.63 MB (  1%) committed 
             Both:        1.06 GB reserved,      76.13 MB (  7%) committed 

Chunk freelists:
   Non-Class:  58.00 KB
       Class:  1.00 KB
        Both:  59.00 KB

MaxMetaspaceSize: 17179869184.00 GB
CompressedClassSpaceSize: 1.00 GB

CodeHeap 'non-profiled nmethods': size=238336Kb used=16415Kb max_used=16415Kb free=221920Kb
 bounds [0x0000022337a40000, 0x0000022338a50000, 0x0000022346300000]
CodeHeap 'non-nmethods': size=7424Kb used=1658Kb max_used=1658Kb free=5766Kb
 bounds [0x0000022337300000, 0x0000022337570000, 0x0000022337a40000]
 total_blobs=10249 nmethods=8967 adapters=868
 compilation: enabled
              stopped_count=0, restarted_count=0
 full_count=0

Compilation events (20 events):
Event: 10.810 Thread 0x0000022352345800 9033       1       javafx.scene.input.MouseEvent::isPrimaryButtonDown (5 bytes)
Event: 10.810 Thread 0x0000022352345800 nmethod 9033 0x0000022338a44490 code [0x0000022338a44620, 0x0000022338a44758]
Event: 10.819 Thread 0x0000022352345800 9034       1       com.sun.javafx.event.EventHandlerManager::dispatchBubblingEvent (41 bytes)
Event: 10.819 Thread 0x0000022352345800 nmethod 9034 0x0000022338a44810 code [0x0000022338a449e0, 0x0000022338a44cc0]
Event: 11.948 Thread 0x0000022352345800 9035       1       javafx.scene.layout.Region::getSnapScaleY (8 bytes)
Event: 11.949 Thread 0x0000022352345800 nmethod 9035 0x0000022338a44e90 code [0x0000022338a450a0, 0x0000022338a45390]
Event: 11.949 Thread 0x0000022352345800 9036       1       java.lang.Math::max (46 bytes)
Event: 11.949 Thread 0x0000022352345800 nmethod 9036 0x0000022338a45590 code [0x0000022338a45720, 0x0000022338a458d8]
Event: 11.949 Thread 0x0000022352345800 9037       1       javafx.scene.Node::updateBounds (174 bytes)
Event: 11.949 Thread 0x0000022352345800 nmethod 9037 0x0000022338a45990 code [0x0000022338a45c60, 0x0000022338a46370]
Event: 11.949 Thread 0x0000022352345800 9038       1       com.sun.prism.impl.ps.BaseShaderContext::setTexture (44 bytes)
Event: 11.950 Thread 0x0000022352345800 nmethod 9038 0x0000022338a46690 code [0x0000022338a46860, 0x0000022338a46bb0]
Event: 11.950 Thread 0x0000022352345800 9041       1       com.sun.prism.impl.BaseGraphics::validateTransformAndPaint (71 bytes)
Event: 11.950 Thread 0x0000022352345800 nmethod 9041 0x0000022338a46e10 code [0x0000022338a46fc0, 0x0000022338a471d0]
Event: 11.950 Thread 0x0000022352345800 9039       1       com.sun.prism.impl.BaseGraphics::getExtraAlpha (5 bytes)
Event: 11.950 Thread 0x0000022352345800 nmethod 9039 0x0000022338a47310 code [0x0000022338a474a0, 0x0000022338a475d8]
Event: 11.950 Thread 0x0000022352345800 9040       1       java.util.Collections$UnmodifiableList::equals (24 bytes)
Event: 11.950 Thread 0x0000022352345800 nmethod 9040 0x0000022338a47690 code [0x0000022338a47840, 0x0000022338a479f0]
Event: 11.950 Thread 0x0000022352345800 9042       1       com.sun.javafx.geom.Point2D::setLocation (11 bytes)
Event: 11.950 Thread 0x0000022352345800 nmethod 9042 0x0000022338a47a90 code [0x0000022338a47c20, 0x0000022338a47d58]

GC Heap History (20 events):
Event: 4.057 GC heap before
{Heap before GC invocations=14 (full 0):
 garbage-first heap   total 158720K, used 65326K [0x0000000702000000, 0x0000000800000000)
  region size 1024K, 51 young (52224K), 10 survivors (10240K)
 Metaspace       used 34611K, capacity 35799K, committed 35840K, reserved 1079296K
  class space    used 4599K, capacity 5079K, committed 5120K, reserved 1048576K
}
Event: 4.072 GC heap after
{Heap after GC invocations=15 (full 0):
 garbage-first heap   total 158720K, used 25024K [0x0000000702000000, 0x0000000800000000)
  region size 1024K, 5 young (5120K), 5 survivors (5120K)
 Metaspace       used 34611K, capacity 35799K, committed 35840K, reserved 1079296K
  class space    used 4599K, capacity 5079K, committed 5120K, reserved 1048576K
}
Event: 4.631 GC heap before
{Heap before GC invocations=16 (full 0):
 garbage-first heap   total 92160K, used 74176K [0x0000000702000000, 0x0000000800000000)
  region size 1024K, 54 young (55296K), 5 survivors (5120K)
 Metaspace       used 39096K, capacity 40406K, committed 40576K, reserved 1083392K
  class space    used 5219K, capacity 5694K, committed 5760K, reserved 1048576K
}
Event: 4.642 GC heap after
{Heap after GC invocations=17 (full 0):
 garbage-first heap   total 130048K, used 27542K [0x0000000702000000, 0x0000000800000000)
  region size 1024K, 5 young (5120K), 5 survivors (5120K)
 Metaspace       used 39096K, capacity 40406K, committed 40576K, reserved 1083392K
  class space    used 5219K, capacity 5694K, committed 5760K, reserved 1048576K
}
Event: 5.215 GC heap before
{Heap before GC invocations=17 (full 0):
 garbage-first heap   total 130048K, used 95126K [0x0000000702000000, 0x0000000800000000)
  region size 1024K, 72 young (73728K), 5 survivors (5120K)
 Metaspace       used 48352K, capacity 49768K, committed 49920K, reserved 1091584K
  class space    used 6635K, capacity 7163K, committed 7168K, reserved 1048576K
}
Event: 5.223 GC heap after
{Heap after GC invocations=18 (full 0):
 garbage-first heap   total 130048K, used 30266K [0x0000000702000000, 0x0000000800000000)
  region size 1024K, 8 young (8192K), 8 survivors (8192K)
 Metaspace       used 48352K, capacity 49768K, committed 49920K, reserved 1091584K
  class space    used 6635K, capacity 7163K, committed 7168K, reserved 1048576K
}
Event: 5.736 GC heap before
{Heap before GC invocations=18 (full 0):
 garbage-first heap   total 130048K, used 98874K [0x0000000702000000, 0x0000000800000000)
  region size 1024K, 75 young (76800K), 8 survivors (8192K)
 Metaspace       used 53552K, capacity 55205K, committed 55424K, reserved 1097728K
  class space    used 7369K, capacity 7947K, committed 8064K, reserved 1048576K
}
Event: 5.747 GC heap after
{Heap after GC invocations=19 (full 0):
 garbage-first heap   total 130048K, used 33687K [0x0000000702000000, 0x0000000800000000)
  region size 1024K, 7 young (7168K), 7 survivors (7168K)
 Metaspace       used 53552K, capacity 55205K, committed 55424K, reserved 1097728K
  class space    used 7369K, capacity 7947K, committed 8064K, reserved 1048576K
}
Event: 6.136 GC heap before
{Heap before GC invocations=19 (full 0):
 garbage-first heap   total 130048K, used 100247K [0x0000000702000000, 0x0000000800000000)
  region size 1024K, 72 young (73728K), 7 survivors (7168K)
 Metaspace       used 54899K, capacity 56653K, committed 56832K, reserved 1097728K
  class space    used 7547K, capacity 8186K, committed 8192K, reserved 1048576K
}
Event: 6.142 GC heap after
{Heap after GC invocations=20 (full 0):
 garbage-first heap   total 130048K, used 35868K [0x0000000702000000, 0x0000000800000000)
  region size 1024K, 6 young (6144K), 6 survivors (6144K)
 Metaspace       used 54899K, capacity 56653K, committed 56832K, reserved 1097728K
  class space    used 7547K, capacity 8186K, committed 8192K, reserved 1048576K
}
Event: 6.490 GC heap before
{Heap before GC invocations=20 (full 0):
 garbage-first heap   total 130048K, used 102428K [0x0000000702000000, 0x0000000800000000)
  region size 1024K, 71 young (72704K), 6 survivors (6144K)
 Metaspace       used 56175K, capacity 57976K, committed 58112K, reserved 1099776K
  class space    used 7717K, capacity 8359K, committed 8448K, reserved 1048576K
}
Event: 6.498 GC heap after
{Heap after GC invocations=21 (full 0):
 garbage-first heap   total 162816K, used 39244K [0x0000000702000000, 0x0000000800000000)
  region size 1024K, 6 young (6144K), 6 survivors (6144K)
 Metaspace       used 56175K, capacity 57976K, committed 58112K, reserved 1099776K
  class space    used 7717K, capacity 8359K, committed 8448K, reserved 1048576K
}
Event: 6.946 GC heap before
{Heap before GC invocations=21 (full 0):
 garbage-first heap   total 162816K, used 116044K [0x0000000702000000, 0x0000000800000000)
  region size 1024K, 82 young (83968K), 6 survivors (6144K)
 Metaspace       used 58194K, capacity 60068K, committed 60160K, reserved 1101824K
  class space    used 8058K, capacity 8754K, committed 8832K, reserved 1048576K
}
Event: 6.954 GC heap after
{Heap after GC invocations=22 (full 0):
 garbage-first heap   total 162816K, used 42769K [0x0000000702000000, 0x0000000800000000)
  region size 1024K, 10 young (10240K), 10 survivors (10240K)
 Metaspace       used 58194K, capacity 60068K, committed 60160K, reserved 1101824K
  class space    used 8058K, capacity 8754K, committed 8832K, reserved 1048576K
}
Event: 7.425 GC heap before
{Heap before GC invocations=23 (full 0):
 garbage-first heap   total 162816K, used 123665K [0x0000000702000000, 0x0000000800000000)
  region size 1024K, 89 young (91136K), 10 survivors (10240K)
 Metaspace       used 59659K, capacity 61656K, committed 61824K, reserved 1101824K
  class space    used 8333K, capacity 9091K, committed 9216K, reserved 1048576K
}
Event: 7.435 GC heap after
{Heap after GC invocations=24 (full 0):
 garbage-first heap   total 162816K, used 46652K [0x0000000702000000, 0x0000000800000000)
  region size 1024K, 8 young (8192K), 8 survivors (8192K)
 Metaspace       used 59659K, capacity 61656K, committed 61824K, reserved 1101824K
  class space    used 8333K, capacity 9091K, committed 9216K, reserved 1048576K
}
Event: 7.943 GC heap before
{Heap before GC invocations=24 (full 0):
 garbage-first heap   total 162816K, used 126524K [0x0000000702000000, 0x0000000800000000)
  region size 1024K, 86 young (88064K), 8 survivors (8192K)
 Metaspace       used 62636K, capacity 65260K, committed 65408K, reserved 1105920K
  class space    used 8888K, capacity 9845K, committed 9856K, reserved 1048576K
}
Event: 7.952 GC heap after
{Heap after GC invocations=25 (full 0):
 garbage-first heap   total 162816K, used 50914K [0x0000000702000000, 0x0000000800000000)
  region size 1024K, 9 young (9216K), 9 survivors (9216K)
 Metaspace       used 62636K, capacity 65260K, committed 65408K, reserved 1105920K
  class space    used 8888K, capacity 9845K, committed 9856K, reserved 1048576K
}
Event: 8.554 GC heap before
{Heap before GC invocations=25 (full 0):
 garbage-first heap   total 162816K, used 127714K [0x0000000702000000, 0x0000000800000000)
  region size 1024K, 85 young (87040K), 9 survivors (9216K)
 Metaspace       used 64703K, capacity 67508K, committed 67584K, reserved 1105920K
  class space    used 9163K, capacity 10187K, committed 10240K, reserved 1048576K
}
Event: 8.561 GC heap after
{Heap after GC invocations=26 (full 0):
 garbage-first heap   total 195584K, used 52082K [0x0000000702000000, 0x0000000800000000)
  region size 1024K, 7 young (7168K), 7 survivors (7168K)
 Metaspace       used 64703K, capacity 67508K, committed 67584K, reserved 1105920K
  class space    used 9163K, capacity 10187K, committed 10240K, reserved 1048576K
}

Deoptimization events (20 events):
Event: 9.295 Thread 0x0000022359320800 DEOPT PACKING pc=0x0000022338192e0c sp=0x000000c6dadfa5e0
Event: 9.295 Thread 0x0000022359320800 DEOPT UNPACKING pc=0x000002233734964e sp=0x000000c6dadf9b48 mode 1
Event: 9.295 Thread 0x0000022359320800 DEOPT PACKING pc=0x0000022338192e0c sp=0x000000c6dadfa5e0
Event: 9.295 Thread 0x0000022359320800 DEOPT UNPACKING pc=0x000002233734964e sp=0x000000c6dadf9b48 mode 1
Event: 9.295 Thread 0x0000022359320800 DEOPT PACKING pc=0x0000022338192e0c sp=0x000000c6dadfa5e0
Event: 9.295 Thread 0x0000022359320800 DEOPT UNPACKING pc=0x000002233734964e sp=0x000000c6dadf9b48 mode 1
Event: 9.295 Thread 0x0000022359320800 DEOPT PACKING pc=0x0000022338192e0c sp=0x000000c6dadfa5e0
Event: 9.295 Thread 0x0000022359320800 DEOPT UNPACKING pc=0x000002233734964e sp=0x000000c6dadf9b48 mode 1
Event: 9.295 Thread 0x0000022359320800 DEOPT PACKING pc=0x0000022338192e0c sp=0x000000c6dadfa5e0
Event: 9.295 Thread 0x0000022359320800 DEOPT UNPACKING pc=0x000002233734964e sp=0x000000c6dadf9b48 mode 1
Event: 9.295 Thread 0x0000022359320800 DEOPT PACKING pc=0x0000022338192e0c sp=0x000000c6dadfa5e0
Event: 9.295 Thread 0x0000022359320800 DEOPT UNPACKING pc=0x000002233734964e sp=0x000000c6dadf9b48 mode 1
Event: 10.584 Thread 0x0000022359325800 DEOPT PACKING pc=0x00000223388beb3c sp=0x000000c6da4fa9f0
Event: 10.584 Thread 0x0000022359325800 DEOPT UNPACKING pc=0x000002233734964e sp=0x000000c6da4f9e70 mode 1
Event: 10.585 Thread 0x0000022359325800 DEOPT PACKING pc=0x00000223388beb3c sp=0x000000c6da4fa9f0
Event: 10.585 Thread 0x0000022359325800 DEOPT UNPACKING pc=0x000002233734964e sp=0x000000c6da4f9e70 mode 1
Event: 10.586 Thread 0x0000022359325800 DEOPT PACKING pc=0x00000223388beb3c sp=0x000000c6da4fb5d0
Event: 10.586 Thread 0x0000022359325800 DEOPT UNPACKING pc=0x000002233734964e sp=0x000000c6da4faa50 mode 1
Event: 10.587 Thread 0x0000022359325800 DEOPT PACKING pc=0x00000223388beb3c sp=0x000000c6da4fb5d0
Event: 10.587 Thread 0x0000022359325800 DEOPT UNPACKING pc=0x000002233734964e sp=0x000000c6da4faa50 mode 1

Classes unloaded (0 events):
No events

Classes redefined (0 events):
No events

Internal exceptions (20 events):
Event: 9.220 Thread 0x0000022359328800 Exception <a 'java/lang/ClassNotFoundException'{0x00000007093f9c20}: org/springframework/web/servlet/i18n/AcceptHeaderLocaleResolverCustomizer> (0x00000007093f9c20) 
thrown [t:/workspace/open/src/hotspot/share/classfile/systemDictionary.cpp, line 232]
Event: 9.222 Thread 0x0000022359328800 Exception <a 'java/lang/ClassNotFoundException'{0x0000000709248b48}: org/springframework/web/servlet/LocaleResolverCustomizer> (0x0000000709248b48) 
thrown [t:/workspace/open/src/hotspot/share/classfile/systemDictionary.cpp, line 232]
Event: 9.224 Thread 0x0000022359328800 Exception <a 'java/lang/ClassNotFoundException'{0x0000000709296578}: java/lang/ObjectCustomizer> (0x0000000709296578) 
thrown [t:/workspace/open/src/hotspot/share/classfile/systemDictionary.cpp, line 232]
Event: 9.225 Thread 0x0000022359328800 Exception <a 'java/lang/ClassNotFoundException'{0x00000007092b8440}: org/springframework/web/servlet/theme/AbstractThemeResolverCustomizer> (0x00000007092b8440) 
thrown [t:/workspace/open/src/hotspot/share/classfile/systemDictionary.cpp, line 232]
Event: 9.226 Thread 0x0000022359328800 Exception <a 'java/lang/ClassNotFoundException'{0x00000007092d33d0}: org/springframework/web/servlet/theme/FixedThemeResolverCustomizer> (0x00000007092d33d0) 
thrown [t:/workspace/open/src/hotspot/share/classfile/systemDictionary.cpp, line 232]
Event: 9.226 Thread 0x0000022359328800 Exception <a 'java/lang/ClassNotFoundException'{0x0000000709109f30}: org/springframework/web/servlet/ThemeResolverCustomizer> (0x0000000709109f30) 
thrown [t:/workspace/open/src/hotspot/share/classfile/systemDictionary.cpp, line 232]
Event: 9.231 Thread 0x0000022359328800 Exception <a 'java/lang/ClassNotFoundException'{0x000000070912b7b0}: java/lang/ObjectCustomizer> (0x000000070912b7b0) 
thrown [t:/workspace/open/src/hotspot/share/classfile/systemDictionary.cpp, line 232]
Event: 9.233 Thread 0x0000022359324800 Exception <a 'java/lang/NoSuchMethodError'{0x000000070916b230}: 'java.lang.Object java.lang.invoke.DirectMethodHandle$Holder.invokeStaticInit(java.lang.Object, int)'> (0x000000070916b230) 
thrown [t:/workspace/open/src/hotspot/share/interpreter/linkResolver.cpp, line 767]
Event: 9.234 Thread 0x0000022359328800 Exception <a 'java/lang/ClassNotFoundException'{0x00000007091e8be0}: org/springframework/web/servlet/view/DefaultRequestToViewNameTranslatorCustomizer> (0x00000007091e8be0) 
thrown [t:/workspace/open/src/hotspot/share/classfile/systemDictionary.cpp, line 232]
Event: 9.235 Thread 0x0000022359328800 Exception <a 'java/lang/ClassNotFoundException'{0x0000000709011ec8}: org/springframework/web/servlet/RequestToViewNameTranslatorCustomizer> (0x0000000709011ec8) 
thrown [t:/workspace/open/src/hotspot/share/classfile/systemDictionary.cpp, line 232]
Event: 9.238 Thread 0x0000022359328800 Exception <a 'java/lang/ClassNotFoundException'{0x000000070907df88}: java/lang/ObjectCustomizer> (0x000000070907df88) 
thrown [t:/workspace/open/src/hotspot/share/classfile/systemDictionary.cpp, line 232]
Event: 9.239 Thread 0x0000022359328800 Exception <a 'java/lang/ClassNotFoundException'{0x0000000708f0ba18}: org/springframework/web/servlet/support/AbstractFlashMapManagerCustomizer> (0x0000000708f0ba18) 
thrown [t:/workspace/open/src/hotspot/share/classfile/systemDictionary.cpp, line 232]
Event: 9.240 Thread 0x0000022359328800 Exception <a 'java/lang/ClassNotFoundException'{0x0000000708f29e78}: org/springframework/web/servlet/support/SessionFlashMapManagerCustomizer> (0x0000000708f29e78) 
thrown [t:/workspace/open/src/hotspot/share/classfile/systemDictionary.cpp, line 232]
Event: 9.240 Thread 0x0000022359328800 Exception <a 'java/lang/ClassNotFoundException'{0x0000000708fb7a30}: org/springframework/web/servlet/FlashMapManagerCustomizer> (0x0000000708fb7a30) 
thrown [t:/workspace/open/src/hotspot/share/classfile/systemDictionary.cpp, line 232]
Event: 10.494 Thread 0x0000022359325800 Exception <a 'java/lang/NoSuchMethodError'{0x00000007087ee918}: 'long java.lang.invoke.DirectMethodHandle$Holder.invokeStatic(java.lang.Object, java.lang.Object, java.lang.Object)'> (0x00000007087ee918) 
thrown [t:/workspace/open/src/hotspot/share/interpreter/linkResolver.cpp, line 767]
Event: 10.494 Thread 0x0000022359325800 Exception <a 'java/lang/NoSuchMethodError'{0x00000007087f15c0}: 'long java.lang.invoke.DirectMethodHandle$Holder.invokeStaticInit(java.lang.Object, java.lang.Object, java.lang.Object)'> (0x00000007087f15c0) 
thrown [t:/workspace/open/src/hotspot/share/interpreter/linkResolver.cpp, line 767]
Event: 10.584 Thread 0x0000022359325800 Exception <a 'java/io/FileNotFoundException'{0x0000000708679238}> (0x0000000708679238) 
thrown [t:/workspace/open/src/hotspot/share/prims/jni.cpp, line 598]
Event: 10.585 Thread 0x0000022359325800 Exception <a 'java/io/FileNotFoundException'{0x000000070868b348}> (0x000000070868b348) 
thrown [t:/workspace/open/src/hotspot/share/prims/jni.cpp, line 598]
Event: 10.586 Thread 0x0000022359325800 Exception <a 'java/io/FileNotFoundException'{0x0000000708699fd0}> (0x0000000708699fd0) 
thrown [t:/workspace/open/src/hotspot/share/prims/jni.cpp, line 598]
Event: 10.587 Thread 0x0000022359325800 Exception <a 'java/io/FileNotFoundException'{0x00000007086abbf0}> (0x00000007086abbf0) 
thrown [t:/workspace/open/src/hotspot/share/prims/jni.cpp, line 598]

Events (20 events):
Event: 10.583 loading class gnu/io/RXTXVersion done
Event: 10.587 loading class gnu/io/CommPortEnumerator
Event: 10.587 loading class gnu/io/CommPortEnumerator done
Event: 10.588 loading class gnu/io/RXTXPort
Event: 10.588 loading class gnu/io/RXTXPort done
Event: 10.588 loading class gnu/io/Zystem
Event: 10.588 loading class gnu/io/Zystem done
Event: 10.589 loading class gnu/io/RXTXPort$SerialOutputStream
Event: 10.589 loading class gnu/io/RXTXPort$SerialOutputStream done
Event: 10.589 loading class gnu/io/RXTXPort$SerialInputStream
Event: 10.589 loading class gnu/io/RXTXPort$SerialInputStream done
Event: 10.594 loading class gnu/io/RXTXPort$MonitorThread
Event: 10.594 loading class gnu/io/RXTXPort$MonitorThread done
Event: 10.594 Thread 0x0000022359327800 Thread added: 0x0000022359327800
Event: 10.602 loading class com/electronicvoting/ArduinoFingerprint/Controller$1
Event: 10.602 loading class com/electronicvoting/ArduinoFingerprint/Controller$1 done
Event: 10.602 loading class gnu/io/SerialPortEventListener
Event: 10.602 loading class gnu/io/SerialPortEventListener done
Event: 12.332 loading class gnu/io/SerialPortEvent
Event: 12.332 loading class gnu/io/SerialPortEvent done


Dynamic libraries:
0x00007ff658730000 - 0x00007ff65873f000 	C:\Program Files\Java\jdk-13.0.1\bin\java.exe
0x00007ff978e50000 - 0x00007ff979045000 	C:\WINDOWS\SYSTEM32\ntdll.dll
0x00007ff977790000 - 0x00007ff97784d000 	C:\WINDOWS\System32\KERNEL32.DLL
0x00007ff9768d0000 - 0x00007ff976b97000 	C:\WINDOWS\System32\KERNELBASE.dll
0x00007ff9738c0000 - 0x00007ff973950000 	C:\WINDOWS\SYSTEM32\apphelp.dll
0x00007ff9766a0000 - 0x00007ff9767a0000 	C:\WINDOWS\System32\ucrtbase.dll
0x00007ff971ee0000 - 0x00007ff971ef8000 	C:\Program Files\Java\jdk-13.0.1\bin\jli.dll
0x00007ff95e910000 - 0x00007ff95e925000 	C:\Program Files\Java\jdk-13.0.1\bin\VCRUNTIME140.dll
0x00007ff9779a0000 - 0x00007ff977a4a000 	C:\WINDOWS\System32\ADVAPI32.dll
0x00007ff977f90000 - 0x00007ff97802e000 	C:\WINDOWS\System32\msvcrt.dll
0x00007ff978600000 - 0x00007ff97869b000 	C:\WINDOWS\System32\sechost.dll
0x00007ff978390000 - 0x00007ff9784b3000 	C:\WINDOWS\System32\RPCRT4.dll
0x00007ff977a50000 - 0x00007ff977bf0000 	C:\WINDOWS\System32\USER32.dll
0x00007ff976e10000 - 0x00007ff976e32000 	C:\WINDOWS\System32\win32u.dll
0x00007ff976ec0000 - 0x00007ff976eea000 	C:\WINDOWS\System32\GDI32.dll
0x00007ff976d00000 - 0x00007ff976e0a000 	C:\WINDOWS\System32\gdi32full.dll
0x00007ff95b4b0000 - 0x00007ff95b74a000 	C:\WINDOWS\WinSxS\amd64_microsoft.windows.common-controls_6595b64144ccf1df_6.0.19041.1_none_b555e41d4684ddec\COMCTL32.dll
0x00007ff9767a0000 - 0x00007ff97683d000 	C:\WINDOWS\System32\msvcp_win.dll
0x00007ff9702d0000 - 0x00007ff9702da000 	C:\WINDOWS\SYSTEM32\VERSION.dll
0x00007ff978de0000 - 0x00007ff978e10000 	C:\WINDOWS\System32\IMM32.DLL
0x00007ff95e710000 - 0x00007ff95e7ab000 	C:\Program Files\Java\jdk-13.0.1\bin\msvcp140.dll
0x00007ff8fd220000 - 0x00007ff8fdd86000 	C:\Program Files\Java\jdk-13.0.1\bin\server\jvm.dll
0x00007ff977860000 - 0x00007ff977868000 	C:\WINDOWS\System32\PSAPI.DLL
0x00007ff95b4a0000 - 0x00007ff95b4a9000 	C:\WINDOWS\SYSTEM32\WSOCK32.dll
0x00007ff960980000 - 0x00007ff9609a7000 	C:\WINDOWS\SYSTEM32\WINMM.dll
0x00007ff977bf0000 - 0x00007ff977c5b000 	C:\WINDOWS\System32\WS2_32.dll
0x00007ff974520000 - 0x00007ff974533000 	C:\WINDOWS\SYSTEM32\kernel.appcore.dll
0x00007ff95ead0000 - 0x00007ff95eae0000 	C:\Program Files\Java\jdk-13.0.1\bin\verify.dll
0x00007ff973d40000 - 0x00007ff973f24000 	C:\WINDOWS\SYSTEM32\DBGHELP.DLL
0x00007ff959100000 - 0x00007ff95912c000 	C:\WINDOWS\SYSTEM32\dbgcore.DLL
0x00007ff976e40000 - 0x00007ff976ebf000 	C:\WINDOWS\System32\bcryptPrimitives.dll
0x00007ff95e8e0000 - 0x00007ff95e906000 	C:\Program Files\Java\jdk-13.0.1\bin\java.dll
0x00007ff95e690000 - 0x00007ff95e6c8000 	C:\Program Files\Java\jdk-13.0.1\bin\jdwp.dll
0x00007ff95e700000 - 0x00007ff95e70e000 	C:\Program Files\Java\jdk-13.0.1\bin\instrument.dll
0x00007ff95e8c0000 - 0x00007ff95e8d7000 	C:\Program Files\Java\jdk-13.0.1\bin\zip.dll
0x00007ff95e860000 - 0x00007ff95e86a000 	C:\Program Files\Java\jdk-13.0.1\bin\jimage.dll
0x00007ff9786a0000 - 0x00007ff978de0000 	C:\WINDOWS\System32\SHELL32.dll
0x00007ff974720000 - 0x00007ff974eb1000 	C:\WINDOWS\SYSTEM32\windows.storage.dll
0x00007ff978030000 - 0x00007ff978383000 	C:\WINDOWS\System32\combase.dll
0x00007ff976020000 - 0x00007ff97604c000 	C:\WINDOWS\SYSTEM32\Wldp.dll
0x00007ff9784f0000 - 0x00007ff97859e000 	C:\WINDOWS\System32\SHCORE.dll
0x00007ff977730000 - 0x00007ff977785000 	C:\WINDOWS\System32\shlwapi.dll
0x00007ff9764e0000 - 0x00007ff9764ff000 	C:\WINDOWS\SYSTEM32\profapi.dll
0x00007ff95e5f0000 - 0x00007ff95e5fb000 	C:\Program Files\Java\jdk-13.0.1\bin\dt_socket.dll
0x00007ff975d30000 - 0x00007ff975d9a000 	C:\WINDOWS\system32\mswsock.dll
0x00007ff95e670000 - 0x00007ff95e689000 	C:\Program Files\Java\jdk-13.0.1\bin\net.dll
0x00007ff96c680000 - 0x00007ff96c780000 	C:\WINDOWS\SYSTEM32\WINHTTP.dll
0x00007ff95e650000 - 0x00007ff95e663000 	C:\Program Files\Java\jdk-13.0.1\bin\nio.dll
0x00007ff975a60000 - 0x00007ff975b2a000 	C:\WINDOWS\SYSTEM32\DNSAPI.dll
0x00007ff975a20000 - 0x00007ff975a5b000 	C:\WINDOWS\SYSTEM32\IPHLPAPI.DLL
0x00007ff9784c0000 - 0x00007ff9784c9000 	C:\WINDOWS\System32\NSI.dll
0x00007ff96dbe0000 - 0x00007ff96dbea000 	C:\Windows\System32\rasadhlp.dll
0x00007ff970fa0000 - 0x00007ff97101f000 	C:\WINDOWS\System32\fwpuclnt.dll
0x00007ff976840000 - 0x00007ff976867000 	C:\WINDOWS\System32\bcrypt.dll
0x00007ff95e5e0000 - 0x00007ff95e5e9000 	C:\Program Files\Java\jdk-13.0.1\bin\management.dll
0x00007ff95e5d0000 - 0x00007ff95e5db000 	C:\Program Files\Java\jdk-13.0.1\bin\management_ext.dll
0x00007ff975f00000 - 0x00007ff975f18000 	C:\WINDOWS\SYSTEM32\CRYPTSP.dll
0x00007ff975660000 - 0x00007ff975694000 	C:\WINDOWS\system32\rsaenh.dll
0x00007ff9764a0000 - 0x00007ff9764ce000 	C:\WINDOWS\SYSTEM32\USERENV.dll
0x00007ff975f20000 - 0x00007ff975f2c000 	C:\WINDOWS\SYSTEM32\CRYPTBASE.dll
0x00007ff970f80000 - 0x00007ff970f97000 	C:\WINDOWS\SYSTEM32\dhcpcsvc6.DLL
0x00007ff970aa0000 - 0x00007ff970abd000 	C:\WINDOWS\SYSTEM32\dhcpcsvc.DLL
0x00007ff94cd40000 - 0x00007ff94cd57000 	C:\WINDOWS\system32\napinsp.dll
0x00007ff94cd20000 - 0x00007ff94cd3b000 	C:\WINDOWS\system32\pnrpnsp.dll
0x00007ff94cd00000 - 0x00007ff94cd15000 	C:\WINDOWS\system32\wshbth.dll
0x00007ff971dd0000 - 0x00007ff971ded000 	C:\WINDOWS\system32\NLAapi.dll
0x00007ff94cce0000 - 0x00007ff94ccf2000 	C:\WINDOWS\System32\winrnr.dll
0x000002232ed00000 - 0x000002232ed03000 	C:\Users\aminoiu\.openjfx\cache\14\api-ms-win-core-console-l1-1-0.dll
0x000002232ed10000 - 0x000002232ed13000 	C:\Users\aminoiu\.openjfx\cache\14\api-ms-win-core-datetime-l1-1-0.dll
0x000002232ed20000 - 0x000002232ed23000 	C:\Users\aminoiu\.openjfx\cache\14\api-ms-win-core-debug-l1-1-0.dll
0x000002232ed30000 - 0x000002232ed33000 	C:\Users\aminoiu\.openjfx\cache\14\api-ms-win-core-errorhandling-l1-1-0.dll
0x000002232ed40000 - 0x000002232ed44000 	C:\Users\aminoiu\.openjfx\cache\14\api-ms-win-core-file-l1-1-0.dll
0x000002232ed50000 - 0x000002232ed53000 	C:\Users\aminoiu\.openjfx\cache\14\api-ms-win-core-file-l1-2-0.dll
0x000002232ed60000 - 0x000002232ed63000 	C:\Users\aminoiu\.openjfx\cache\14\api-ms-win-core-file-l2-1-0.dll
0x000002232ed70000 - 0x000002232ed73000 	C:\Users\aminoiu\.openjfx\cache\14\api-ms-win-core-handle-l1-1-0.dll
0x000002232ed80000 - 0x000002232ed83000 	C:\Users\aminoiu\.openjfx\cache\14\api-ms-win-core-heap-l1-1-0.dll
0x000002232ed90000 - 0x000002232ed93000 	C:\Users\aminoiu\.openjfx\cache\14\api-ms-win-core-interlocked-l1-1-0.dll
0x000002232eda0000 - 0x000002232eda3000 	C:\Users\aminoiu\.openjfx\cache\14\api-ms-win-core-libraryloader-l1-1-0.dll
0x000002232edb0000 - 0x000002232edb3000 	C:\Users\aminoiu\.openjfx\cache\14\api-ms-win-core-localization-l1-2-0.dll
0x000002232edc0000 - 0x000002232edc3000 	C:\Users\aminoiu\.openjfx\cache\14\api-ms-win-core-memory-l1-1-0.dll
0x000002235a2a0000 - 0x000002235a2a3000 	C:\Users\aminoiu\.openjfx\cache\14\api-ms-win-core-namedpipe-l1-1-0.dll
0x000002235a2b0000 - 0x000002235a2b3000 	C:\Users\aminoiu\.openjfx\cache\14\api-ms-win-core-processenvironment-l1-1-0.dll
0x000002235a2c0000 - 0x000002235a2c3000 	C:\Users\aminoiu\.openjfx\cache\14\api-ms-win-core-processthreads-l1-1-0.dll
0x000002235a2d0000 - 0x000002235a2d3000 	C:\Users\aminoiu\.openjfx\cache\14\api-ms-win-core-processthreads-l1-1-1.dll
0x000002235a2e0000 - 0x000002235a2e3000 	C:\Users\aminoiu\.openjfx\cache\14\api-ms-win-core-profile-l1-1-0.dll
0x000002235a2f0000 - 0x000002235a2f3000 	C:\Users\aminoiu\.openjfx\cache\14\api-ms-win-core-rtlsupport-l1-1-0.dll
0x000002235a300000 - 0x000002235a303000 	C:\Users\aminoiu\.openjfx\cache\14\api-ms-win-core-string-l1-1-0.dll
0x000002235a310000 - 0x000002235a313000 	C:\Users\aminoiu\.openjfx\cache\14\api-ms-win-core-synch-l1-1-0.dll
0x000002235a320000 - 0x000002235a323000 	C:\Users\aminoiu\.openjfx\cache\14\api-ms-win-core-synch-l1-2-0.dll
0x000002235a330000 - 0x000002235a333000 	C:\Users\aminoiu\.openjfx\cache\14\api-ms-win-core-sysinfo-l1-1-0.dll
0x000002235a340000 - 0x000002235a343000 	C:\Users\aminoiu\.openjfx\cache\14\api-ms-win-core-timezone-l1-1-0.dll
0x000002235a350000 - 0x000002235a353000 	C:\Users\aminoiu\.openjfx\cache\14\api-ms-win-core-util-l1-1-0.dll
0x000002235a360000 - 0x000002235a363000 	C:\Users\aminoiu\.openjfx\cache\14\api-ms-win-crt-conio-l1-1-0.dll
0x000002235a370000 - 0x000002235a374000 	C:\Users\aminoiu\.openjfx\cache\14\api-ms-win-crt-convert-l1-1-0.dll
0x000002235a380000 - 0x000002235a383000 	C:\Users\aminoiu\.openjfx\cache\14\api-ms-win-crt-environment-l1-1-0.dll
0x000002235a390000 - 0x000002235a393000 	C:\Users\aminoiu\.openjfx\cache\14\api-ms-win-crt-filesystem-l1-1-0.dll
0x000002235a3a0000 - 0x000002235a3a3000 	C:\Users\aminoiu\.openjfx\cache\14\api-ms-win-crt-heap-l1-1-0.dll
0x000002235a3b0000 - 0x000002235a3b3000 	C:\Users\aminoiu\.openjfx\cache\14\api-ms-win-crt-locale-l1-1-0.dll
0x000002235a3c0000 - 0x000002235a3c5000 	C:\Users\aminoiu\.openjfx\cache\14\api-ms-win-crt-math-l1-1-0.dll
0x000002235a3d0000 - 0x000002235a3d5000 	C:\Users\aminoiu\.openjfx\cache\14\api-ms-win-crt-multibyte-l1-1-0.dll
0x000002235a3e0000 - 0x000002235a3f0000 	C:\Users\aminoiu\.openjfx\cache\14\api-ms-win-crt-private-l1-1-0.dll
0x000002235a3f0000 - 0x000002235a3f3000 	C:\Users\aminoiu\.openjfx\cache\14\api-ms-win-crt-process-l1-1-0.dll
0x000002235a400000 - 0x000002235a404000 	C:\Users\aminoiu\.openjfx\cache\14\api-ms-win-crt-runtime-l1-1-0.dll
0x000002235a410000 - 0x000002235a414000 	C:\Users\aminoiu\.openjfx\cache\14\api-ms-win-crt-stdio-l1-1-0.dll
0x000002235a420000 - 0x000002235a424000 	C:\Users\aminoiu\.openjfx\cache\14\api-ms-win-crt-string-l1-1-0.dll
0x000002235a430000 - 0x000002235a433000 	C:\Users\aminoiu\.openjfx\cache\14\api-ms-win-crt-time-l1-1-0.dll
0x000002235a440000 - 0x000002235a443000 	C:\Users\aminoiu\.openjfx\cache\14\api-ms-win-crt-utility-l1-1-0.dll
0x00007ff95d9a0000 - 0x00007ff95da9c000 	C:\Users\aminoiu\.openjfx\cache\14\ucrtbase.dll
0x00007ff95e5b0000 - 0x00007ff95e5c5000 	C:\Users\aminoiu\.openjfx\cache\14\vcruntime140.dll
0x00007ff95d750000 - 0x00007ff95d7eb000 	C:\Users\aminoiu\.openjfx\cache\14\msvcp140.dll
0x00007ff95e550000 - 0x00007ff95e5a1000 	C:\Users\aminoiu\.openjfx\cache\14\concrt140.dll
0x00007ff95e390000 - 0x00007ff95e3b3000 	C:\Users\aminoiu\.openjfx\cache\14\prism_d3d.dll
0x00007ff92e1d0000 - 0x00007ff92e39d000 	C:\WINDOWS\system32\d3d9.dll
0x00007ff974230000 - 0x00007ff97425f000 	C:\WINDOWS\SYSTEM32\dwmapi.dll
0x00007ff974060000 - 0x00007ff9740ff000 	C:\WINDOWS\system32\uxtheme.dll
0x00007ff95e200000 - 0x00007ff95e35d000 	C:\WINDOWS\System32\DriverStore\FileRepository\iigd_dch.inf_amd64_97abf3bd13eb713d\igdumdim64.dll
0x00007ff905690000 - 0x00007ff908f99000 	C:\WINDOWS\System32\DriverStore\FileRepository\iigd_dch.inf_amd64_97abf3bd13eb713d\igd9dxva64.dll
0x00007ff977870000 - 0x00007ff977999000 	C:\WINDOWS\System32\ole32.dll
0x00007ff977660000 - 0x00007ff97772d000 	C:\WINDOWS\System32\OLEAUT32.dll
0x00007ff9770a0000 - 0x00007ff977507000 	C:\WINDOWS\System32\SETUPAPI.dll
0x00007ff976650000 - 0x00007ff97669d000 	C:\WINDOWS\System32\cfgmgr32.dll
0x00007ff966780000 - 0x00007ff966924000 	C:\WINDOWS\System32\DriverStore\FileRepository\iigd_dch.inf_amd64_97abf3bd13eb713d\igdgmm64.dll
0x00007ff95d900000 - 0x00007ff95d945000 	C:\Users\aminoiu\.openjfx\cache\14\glass.dll
0x00007ff977d90000 - 0x00007ff977e6a000 	C:\WINDOWS\System32\COMDLG32.dll
0x00007ff977e70000 - 0x00007ff977f85000 	C:\WINDOWS\System32\MSCTF.dll
0x00007ff949320000 - 0x00007ff949346000 	C:\WINDOWS\System32\DriverStore\FileRepository\iigd_dch.inf_amd64_97abf3bd13eb713d\igdinfo64.dll
0x00007ff964170000 - 0x00007ff966774000 	C:\WINDOWS\System32\DriverStore\FileRepository\iigd_dch.inf_amd64_97abf3bd13eb713d\igc64.dll
0x00007ff969430000 - 0x00007ff96946b000 	C:\WINDOWS\SYSTEM32\dxcore.dll

dbghelp: loaded successfully - version: 4.0.5 - missing functions: none
symbol engine: initialized successfully - sym options: 0x614 - pdb path: .;C:\Program Files\Java\jdk-13.0.1\bin;C:\WINDOWS\SYSTEM32;C:\WINDOWS\WinSxS\amd64_microsoft.windows.common-controls_6595b64144ccf1df_6.0.19041.1_none_b555e41d4684ddec;C:\Program Files\Java\jdk-13.0.1\bin\server;C:\Users\aminoiu\.openjfx\cache\14;C:\WINDOWS\System32\DriverStore\FileRepository\iigd_dch.inf_amd64_97abf3bd13eb713d;C:\Program Files\Common Files\Microsoft Shared\Ink;C:\Users\aminoiu\Desktop\mfz-rxtx-2.2-20081207-win-x64\mfz-rxtx-2.2-20081207-win-x64

VM Arguments:
jvm_args: -agentlib:jdwp=transport=dt_socket,address=127.0.0.1:50666,suspend=y,server=n -Djava.library.path=C:\Users\aminoiu\Desktop\mfz-rxtx-2.2-20081207-win-x64\mfz-rxtx-2.2-20081207-win-x64 -XX:TieredStopAtLevel=1 -Xverify:none -Dspring.output.ansi.enabled=always -Dcom.sun.management.jmxremote -Dspring.jmx.enabled=true -Dspring.liveBeansView.mbeanDomain -Dspring.application.admin.enabled=true -javaagent:C:\Users\aminoiu\AppData\Local\JetBrains\IntelliJIdea2020.1\captureAgent\debugger-agent.jar -Dfile.encoding=UTF-8 
java_command: com.electronicvoting.BackendApplication
java_class_path (initial): D:\ISD\JTOM\Project\e-voting\Backend\target\classes;C:\apache-maven-3.5.4\.m2\repository\org\springframework\boot\spring-boot-starter-data-jpa\2.2.6.RELEASE\spring-boot-starter-data-jpa-2.2.6.RELEASE.jar;C:\apache-maven-3.5.4\.m2\repository\org\springframework\boot\spring-boot-starter-aop\2.2.6.RELEASE\spring-boot-starter-aop-2.2.6.RELEASE.jar;C:\apache-maven-3.5.4\.m2\repository\org\aspectj\aspectjweaver\1.9.5\aspectjweaver-1.9.5.jar;C:\apache-maven-3.5.4\.m2\repository\org\springframework\boot\spring-boot-starter-jdbc\2.2.6.RELEASE\spring-boot-starter-jdbc-2.2.6.RELEASE.jar;C:\apache-maven-3.5.4\.m2\repository\com\zaxxer\HikariCP\3.4.2\HikariCP-3.4.2.jar;C:\apache-maven-3.5.4\.m2\repository\org\springframework\spring-jdbc\5.2.5.RELEASE\spring-jdbc-5.2.5.RELEASE.jar;C:\apache-maven-3.5.4\.m2\repository\jakarta\activation\jakarta.activation-api\1.2.2\jakarta.activation-api-1.2.2.jar;C:\apache-maven-3.5.4\.m2\repository\jakarta\persistence\jakarta.persistence-api\2.2.3\jakarta.persistence-api-2.2.3.jar;C:\apache-maven-3.5.4\.m2\repository\jakarta\transaction\jakarta.transaction-api\1.3.3\jakarta.transaction-api-1.3.3.jar;C:\apache-maven-3.5.4\.m2\repository\org\hibernate\hibernate-core\5.4.12.Final\hibernate-core-5.4.12.Final.jar;C:\apache-maven-3.5.4\.m2\repository\org\jboss\logging\jboss-logging\3.4.1.Final\jboss-logging-3.4.1.Final.jar;C:\apache-maven-3.5.4\.m2\repository\org\javassist\javassist\3.24.0-GA\javassist-3.24.0-GA.jar;C:\apache-maven-3.5.4\.m2\repository\net\bytebuddy\byte-buddy\1.10.8\byte-buddy-1.10.8.jar;C:\apache-maven-3.5.4\.m2\repository\antlr\antlr\2.7.7\antlr-2.7.7.jar;C:\apache-maven-3.5.4\.m2\repository\org\jboss\jandex\2.1.1.Final\jandex-2.1.1.Final.jar;C:\apache-maven-3.5.4\.m2\repository\org\dom4j\dom4j\2.1.1\dom4j-2.1.1.jar;C:\apache-maven-3.5.4\.m2\repository\org\hibernate\common\hibernate-commons-annotations\5.1.0.Final\hibernate-commons-annotations-5.1.0.Final.jar;C:\apache-maven-3.5.4\.m2\repository\org\gla
Launcher Type: SUN_STANDARD

[Global flags]
     intx CICompilerCount                          = 4                                         {product} {ergonomic}
     uint ConcGCThreads                            = 2                                         {product} {ergonomic}
     uint G1ConcRefinementThreads                  = 8                                         {product} {ergonomic}
   size_t G1HeapRegionSize                         = 1048576                                   {product} {ergonomic}
    uintx GCDrainStackTargetSize                   = 64                                        {product} {ergonomic}
   size_t InitialHeapSize                          = 266338304                                 {product} {ergonomic}
     bool ManagementServer                         = true                                      {product} {command line}
   size_t MarkStackSize                            = 4194304                                   {product} {ergonomic}
   size_t MaxHeapSize                              = 4261412864                                {product} {ergonomic}
   size_t MaxNewSize                               = 2556428288                                {product} {ergonomic}
   size_t MinHeapDeltaBytes                        = 1048576                                   {product} {ergonomic}
   size_t MinHeapSize                              = 8388608                                   {product} {ergonomic}
    uintx NonNMethodCodeHeapSize                   = 7549744                                {pd product} {ergonomic}
    uintx NonProfiledCodeHeapSize                  = 244108496                              {pd product} {ergonomic}
    uintx ProfiledCodeHeapSize                     = 0                                      {pd product} {ergonomic}
    uintx ReservedCodeCacheSize                    = 251658240                              {pd product} {ergonomic}
     bool SegmentedCodeCache                       = true                                      {product} {ergonomic}
   size_t SoftMaxHeapSize                          = 4261412864                             {manageable} {ergonomic}
     intx TieredStopAtLevel                        = 1                                         {product} {command line}
     bool UseCompressedClassPointers               = true                                 {lp64_product} {ergonomic}
     bool UseCompressedOops                        = true                                 {lp64_product} {ergonomic}
     bool UseG1GC                                  = true                                      {product} {ergonomic}
     bool UseLargePagesIndividualAllocation        = false                                  {pd product} {ergonomic}

Logging:
Log output configuration:
 #0: stdout all=warning uptime,level,tags
 #1: stderr all=off uptime,level,tags

Environment Variables:
JAVA_HOME=C:\Program Files\Java\jdk-11.0.6
PATH=D:\oracledatabase\product\12.2.0\dbhome_1\bin;D:\oracleclient1\product\11.2.0\client_1\bin;D:\oracledatabase\product\12.2.0\dbhome_1\bin;C:\Program Files\Kerio\Outlook Connector (Offline Edition)\;C:\Program Files (x86)\Common Files\Oracle\Java\javapath;C:\WINDOWS\system32;C:\WINDOWS;C:\WINDOWS\System32\Wbem;C:\WINDOWS\System32\WindowsPowerShell\v1.0\;C:\WINDOWS\System32\OpenSSH\;C:\Program Files\Symantec.cloud\PlatformAgent\;C:\Program Files\TortoiseSVN\bin;C:\Program Files\Java\jdk-11.0.6\bin;C:\apache-maven-3.5.4\bin;C:\Program Files\PostgreSQL\10\bin;C:\Program Files\PostgreSQL\10\lib;D:\intherlc;C:\Program Files\Git\cmd;C:\Program Files (x86)\Yarn\bin\;C:\Program Files\nodejs\;C:\Program Files\liquibase;C:\Program Files (x86)\Intel\Intel(R) Management Engine Components\DAL;C:\Program Files\Intel\Intel(R) Management Engine Components\DAL;C:\Program Files\TortoiseGit\bin;C:\Program Files\nodejs\node_modules\npm\bin;C:\Users\aminoiu\AppData\Local\Microsoft\WindowsApps;C:\Program Files (x86)\Sophos\Sophos SSL VPN Client\bin;C:\Users\aminoiu\AppData\Local\GitHubDesktop\bin;C:\Program Files\JetBrains\IntelliJ IDEA 2020.1\bin;;C:\Users\aminoiu\AppData\Local\Yarn\bin;C:\Users\aminoiu\AppData\Roaming\npm;;C:\Users\aminoiu\AppData\Local\Microsoft\WindowsApps
USERNAME=aminoiu
OS=Windows_NT
PROCESSOR_IDENTIFIER=Intel64 Family 6 Model 142 Stepping 12, GenuineIntel



---------------  S Y S T E M  ---------------

OS: Windows 10 , 64 bit Build 19041 (10.0.19041.292)

CPU:total 8 (initial active 8) (4 cores per cpu, 2 threads per core) family 6 model 142 stepping 12, cmov, cx8, fxsr, mmx, sse, sse2, sse3, ssse3, sse4.1, sse4.2, popcnt, avx, avx2, aes, clmul, erms, 3dnowpref, lzcnt, ht, tsc, tscinvbit, bmi1, bmi2, adx, fma

Memory: 4k page, system-wide physical 16254M (4937M free)
TotalPageFile size 34686M (AvailPageFile size 14802M)
current process WorkingSet (physical memory assigned to process): 412M, peak: 415M
current process commit charge ("private bytes"): 453M, peak: 455M

vm_info: Java HotSpot(TM) 64-Bit Server VM (13.0.1+9) for windows-amd64 JRE (13.0.1+9), built on Oct  6 2019 12:37:49 by "mach5one" with unknown MS VC++:1916

END.
