#
# A fatal error has been detected by the Java Runtime Environment:
#
#  EXCEPTION_ACCESS_VIOLATION (0xc0000005) at pc=0x0000000180005b00, pid=5744, tid=17200
#
# JRE version: Java(TM) SE Runtime Environment (13.0.1+9) (build 13.0.1+9)
# Java VM: Java HotSpot(TM) 64-Bit Server VM (13.0.1+9, mixed mode, sharing, tiered, compressed oops, g1 gc, windows-amd64)
# Problematic frame:
# C  0x0000000180005b00
#
# No core dump will be written. Minidumps are not enabled by default on client versions of Windows
#
# If you would like to submit a bug report, please visit:
#   http://bugreport.java.com/bugreport/crash.jsp
# The crash happened outside the Java Virtual Machine in native code.
# See problematic frame for where to report the bug.
#

---------------  S U M M A R Y ------------

Command Line: -agentlib:jdwp=transport=dt_socket,address=127.0.0.1:50747,suspend=y,server=n -Djava.library.path=C:\Users\aminoiu\Desktop\mfz-rxtx-2.2-20081207-win-x64\mfz-rxtx-2.2-20081207-win-x64 -XX:TieredStopAtLevel=1 -Xverify:none -Dspring.output.ansi.enabled=always -Dcom.sun.management.jmxremote -Dspring.jmx.enabled=true -Dspring.liveBeansView.mbeanDomain -Dspring.application.admin.enabled=true -javaagent:C:\Users\aminoiu\AppData\Local\JetBrains\IntelliJIdea2020.1\captureAgent\debugger-agent.jar -Dfile.encoding=UTF-8 com.electronicvoting.BackendApplication

Host: Intel(R) Core(TM) i5-8265U CPU @ 1.60GHz, 8 cores, 15G,  Windows 10 , 64 bit Build 19041 (10.0.19041.292)
Time: Wed Aug  5 22:09:09 2020 E. Europe Daylight Time elapsed time: 14 seconds (0d 0h 0m 14s)

---------------  T H R E A D  ---------------

Current thread (0x00000136dbf72800):  JavaThread "Thread-6" [_thread_in_native, id=17200, stack(0x0000002ba7000000,0x0000002ba7100000)]

Stack: [0x0000002ba7000000,0x0000002ba7100000],  sp=0x0000002ba70fe450,  free space=1017k
Native frames: (J=compiled Java code, j=interpreted, Vv=VM code, C=native code)
C  0x0000000180005b00

Java frames: (J=compiled Java code, j=interpreted, Vv=VM code)
j  gnu.io.RXTXPort.readArray([BII)I+0
j  gnu.io.RXTXPort$SerialInputStream.read([BII)I+212
j  sun.nio.cs.StreamDecoder.readBytes()I+135 java.base@13.0.1
j  sun.nio.cs.StreamDecoder.implRead([CII)I+112 java.base@13.0.1
j  sun.nio.cs.StreamDecoder.read([CII)I+180 java.base@13.0.1
j  java.io.InputStreamReader.read([CII)I+7 java.base@13.0.1
j  java.io.BufferedReader.fill()V+145 java.base@13.0.1
j  java.io.BufferedReader.readLine(Z)Ljava/lang/String;+44 java.base@13.0.1
j  java.io.BufferedReader.readLine()Ljava/lang/String;+2 java.base@13.0.1
j  com.electronicvoting.ArduinoFingerprint.Controller$1.serialEvent(Lgnu/io/SerialPortEvent;)V+30
j  gnu.io.RXTXPort.sendEvent(IZ)Z+382
v  ~StubRoutines::call_stub
j  gnu.io.RXTXPort.eventLoop()V+0
j  gnu.io.RXTXPort$MonitorThread.run()V+12
v  ~StubRoutines::call_stub

siginfo: EXCEPTION_ACCESS_VIOLATION (0xc0000005), reading address 0xffffffffa70ff288


Register to memory mapping:

RIP=0x0000000180005b00 points into unknown readable memory: 45 8b 74 24 08 41 89 5c
RAX=0x0000000000000001 is an unknown value
RBX=0x0 is NULL
RCX=0x000000018001d4d5 points into unknown readable memory: 64 00 00
RDX=0xfffffffffffff665 is an unknown value
RSP=0x0000002ba70fe450 is pointing into the stack for thread: 0x00000136dbf72800
RBP=0x00000000ffffffff is an unknown value
RSI=0x0 is NULL
RDI=0x00000136dbf72b10 points into unknown readable memory: 50 e8 c1 fd f8 7f 00 00
R8 =0x0000000000000002 is an unknown value
R9 =0xfffffffffffff63c is an unknown value
R10=0x00000136dc74f0c0 points into unknown readable memory: 04 00 00 00 1e 00 00 00
R11=0x8101010101010100 is an unknown value
R12=0xffffffffa70ff280 is an unknown value
R13=0x0000000000000003 is an unknown value
R14=0x0000002ba70fe640 is pointing into the stack for thread: 0x00000136dbf72800
R15=0x0 is NULL


Registers:
RAX=0x0000000000000001, RBX=0x0000000000000000, RCX=0x000000018001d4d5, RDX=0xfffffffffffff665
RSP=0x0000002ba70fe450, RBP=0x00000000ffffffff, RSI=0x0000000000000000, RDI=0x00000136dbf72b10
R8 =0x0000000000000002, R9 =0xfffffffffffff63c, R10=0x00000136dc74f0c0, R11=0x8101010101010100
R12=0xffffffffa70ff280, R13=0x0000000000000003, R14=0x0000002ba70fe640, R15=0x0000000000000000
RIP=0x0000000180005b00, EFLAGS=0x0000000000010202

Top of Stack: (sp=0x0000002ba70fe450)
0x0000002ba70fe450:   0000000000000000 ffffffffa70ff280
0x0000002ba70fe460:   0000000000000000 00000136dbf72b10
0x0000002ba70fe470:   0000000000000000 0000002ba70fe640
0x0000002ba70fe480:   00000136e43e8c38 0000000000000001
0x0000002ba70fe490:   00000136dbf72b10 0000000000000003
0x0000002ba70fe4a0:   ffffffffffffffff 0000000180006211
0x0000002ba70fe4b0:   00000136d91bdca0 ffffffffffffffff
0x0000002ba70fe4c0:   0000000000000001 00000136d91bdca0
0x0000002ba70fe4d0:   0000013600000003 00007ff8ffffffff
0x0000002ba70fe4e0:   0000002ba70fe648 0000002ba70fe648
0x0000002ba70fe4f0:   00000136dbf72800 0000002ba70fe648
0x0000002ba70fe500:   0000002ba70fe610 00007ff8fd59af27
0x0000002ba70fe510:   0000002ba70fe530 00000136dbf72800
0x0000002ba70fe520:   000000000014ab34 00006b539e102222
0x0000002ba70fe530:   00000136e43e8c40 00000136e43e8c38
0x0000002ba70fe540:   00000136dbf72800 0000002ba70fe648 

Instructions: (pc=0x0000000180005b00)
0x0000000180005a00:   5d c3 cc cc cc cc cc cc cc cc cc cc cc cc cc cc
0x0000000180005a10:   48 89 5c 24 08 4c 89 4c 24 20 44 89 44 24 18 55
0x0000000180005a20:   56 57 41 54 41 55 41 56 41 57 48 83 ec 20 48 8b
0x0000000180005a30:   2a 48 8b 01 33 db 48 8b d5 48 8b f9 44 8b fb 8b
0x0000000180005a40:   f3 ff 90 f8 00 00 00 4c 8d 0d 9e 70 01 00 4c 8b
0x0000000180005a50:   e0 48 8b 07 4c 8d 05 b5 70 01 00 49 8b d4 48 8b
0x0000000180005a60:   cf ff 90 f0 02 00 00 48 8b cf 4c 8b c0 48 85 c0
0x0000000180005a70:   48 8b 07 75 28 ff 90 80 00 00 00 4c 8b 1f 48 8b
0x0000000180005a80:   cf 41 ff 93 88 00 00 00 4c 8b 1f 49 8b d4 48 8b
0x0000000180005a90:   cf 41 ff 93 b8 00 00 00 4c 8b e3 eb 54 48 8b d5
0x0000000180005aa0:   ff 90 20 03 00 00 49 8b d4 48 8b cf 48 63 e8 48
0x0000000180005ab0:   8b 07 ff 90 b8 00 00 00 48 8d 15 51 70 01 00 48
0x0000000180005ac0:   8d 0d 0e 7a 01 00 41 b8 02 00 00 00 e8 6f 62 00
0x0000000180005ad0:   00 85 c0 75 19 85 ed 75 15 e8 c2 5e 00 00 48 8d
0x0000000180005ae0:   15 23 7a 01 00 48 8d 48 60 e8 3a 5d 00 00 4c 8b
0x0000000180005af0:   e5 8b ac 24 88 00 00 00 44 8b ac 24 80 00 00 00
0x0000000180005b00:   45 8b 74 24 08 41 89 5c 24 08 41 8b fd 85 ed 78
0x0000000180005b10:   09 ff 15 e9 14 01 00 44 8b f8 45 85 ed 7e 4a 90
0x0000000180005b20:   8b c6 ff c6 83 f8 14 7d 40 85 ed 78 0d ff 15 cd
0x0000000180005b30:   14 01 00 41 2b c7 3b c5 7d 2f 8b 4c 24 70 48 63
0x0000000180005b40:   d3 44 8b c7 48 03 54 24 78 e8 a2 31 00 00 85 c0
0x0000000180005b50:   78 33 74 06 03 d8 2b f8 eb 0a b9 e8 03 00 00 e8
0x0000000180005b60:   1c 1c 00 00 41 3b dd 7c b7 8b c3 45 89 74 24 08
0x0000000180005b70:   48 8b 5c 24 60 48 83 c4 20 41 5f 41 5e 41 5d 41
0x0000000180005b80:   5c 5f 5e 5d c3 e8 1e 61 00 00 83 38 04 74 05 e8
0x0000000180005b90:   14 61 00 00 83 c8 ff eb d2 cc cc cc cc cc cc cc
0x0000000180005ba0:   40 53 55 56 57 41 54 41 55 48 81 ec b8 00 00 00
0x0000000180005bb0:   48 8b 05 71 85 01 00 48 33 c4 48 89 84 24 a0 00
0x0000000180005bc0:   00 00 48 8b 01 45 8b e9 41 8b f8 48 8b f2 48 8b
0x0000000180005bd0:   d9 ff 90 f8 00 00 00 4c 8b 13 4c 8d 0d 33 6f 01
0x0000000180005be0:   00 4c 8d 05 7c 6f 01 00 48 8b d0 48 8b cb 4c 8b
0x0000000180005bf0:   e0 41 ff 92 f0 02 00 00 33 ed 48 8b cb 4c 8b c0 


Stack slot to memory mapping:
stack at sp + 0 slots: 0x0 is NULL
stack at sp + 1 slots: 0xffffffffa70ff280 is an unknown value
stack at sp + 2 slots: 0x0 is NULL
stack at sp + 3 slots: 0x00000136dbf72b10 points into unknown readable memory: 50 e8 c1 fd f8 7f 00 00
stack at sp + 4 slots: 0x0 is NULL
stack at sp + 5 slots: 0x0000002ba70fe640 is pointing into the stack for thread: 0x00000136dbf72800
stack at sp + 6 slots: 0x00000136e43e8c38 is pointing into metadata
stack at sp + 7 slots: 0x0000000000000001 is an unknown value


---------------  P R O C E S S  ---------------

Threads class SMR info:
_java_thread_list=0x00000136dc74ef40, length=43, elements={
0x00000136b1e1c800, 0x00000136d6112800, 0x00000136d6116800, 0x00000136d612c800,
0x00000136d6130000, 0x00000136d6132800, 0x00000136d6139000, 0x00000136d62e1000,
0x00000136d631e800, 0x00000136d6334000, 0x00000136d6335800, 0x00000136d6976000,
0x00000136d6a90000, 0x00000136d7908000, 0x00000136d7a30800, 0x00000136d91ba800,
0x00000136d91bb800, 0x00000136d5870800, 0x00000136dbb03000, 0x00000136dbae8800,
0x00000136dbf64800, 0x00000136dbf66000, 0x00000136d9b84000, 0x00000136d9b83000,
0x00000136d9b82800, 0x00000136d9b81800, 0x00000136d9b80000, 0x00000136d9b7e800,
0x00000136d9b7f000, 0x00000136d9b85000, 0x00000136d9b80800, 0x00000136dbf6b800,
0x00000136dbf6c000, 0x00000136dbf6d000, 0x00000136dbf6e000, 0x00000136dbf6e800,
0x00000136dbf69000, 0x00000136dbf6f800, 0x00000136dbf69800, 0x00000136dbf6a800,
0x00000136dbf71000, 0x00000136dbf73800, 0x00000136dbf72800
}

Java Threads: ( => current thread )
  0x00000136b1e1c800 JavaThread "main" [_thread_blocked, id=16444, stack(0x0000002ba5100000,0x0000002ba5200000)]
  0x00000136d6112800 JavaThread "Reference Handler" daemon [_thread_blocked, id=17052, stack(0x0000002ba5800000,0x0000002ba5900000)]
  0x00000136d6116800 JavaThread "Finalizer" daemon [_thread_blocked, id=8032, stack(0x0000002ba5900000,0x0000002ba5a00000)]
  0x00000136d612c800 JavaThread "Signal Dispatcher" daemon [_thread_blocked, id=13284, stack(0x0000002ba5a00000,0x0000002ba5b00000)]
  0x00000136d6130000 JavaThread "Attach Listener" daemon [_thread_blocked, id=5344, stack(0x0000002ba5b00000,0x0000002ba5c00000)]
  0x00000136d6132800 JavaThread "C1 CompilerThread0" daemon [_thread_blocked, id=9304, stack(0x0000002ba5c00000,0x0000002ba5d00000)]
  0x00000136d6139000 JavaThread "Sweeper thread" daemon [_thread_blocked, id=6688, stack(0x0000002ba5d00000,0x0000002ba5e00000)]
  0x00000136d62e1000 JavaThread "Common-Cleaner" daemon [_thread_blocked, id=9256, stack(0x0000002ba5e00000,0x0000002ba5f00000)]
  0x00000136d631e800 JavaThread "JDWP Transport Listener: dt_socket" daemon [_thread_blocked, id=18296, stack(0x0000002ba5f00000,0x0000002ba6000000)]
  0x00000136d6334000 JavaThread "JDWP Event Helper Thread" daemon [_thread_blocked, id=12504, stack(0x0000002ba6000000,0x0000002ba6100000)]
  0x00000136d6335800 JavaThread "JDWP Command Reader" daemon [_thread_in_native, id=10940, stack(0x0000002ba6100000,0x0000002ba6200000)]
  0x00000136d6976000 JavaThread "Service Thread" daemon [_thread_blocked, id=15156, stack(0x0000002ba6200000,0x0000002ba6300000)]
  0x00000136d6a90000 JavaThread "RMI TCP Accept-0" daemon [_thread_in_native, id=10068, stack(0x0000002ba6300000,0x0000002ba6400000)]
  0x00000136d7908000 JavaThread "RMI TCP Connection(1)-192.168.100.23" daemon [_thread_in_native, id=16016, stack(0x0000002ba6b00000,0x0000002ba6c00000)]
  0x00000136d7a30800 JavaThread "RMI Scheduler(0)" daemon [_thread_blocked, id=18268, stack(0x0000002ba6c00000,0x0000002ba6d00000)]
  0x00000136d91ba800 JavaThread "PostgreSQL-JDBC-SharedTimer-1" daemon [_thread_blocked, id=17872, stack(0x0000002ba6e00000,0x0000002ba6f00000)]
  0x00000136d91bb800 JavaThread "HikariPool-1 housekeeper" daemon [_thread_blocked, id=1652, stack(0x0000002ba6f00000,0x0000002ba7000000)]
  0x00000136d5870800 JavaThread "Catalina-utility-1" [_thread_blocked, id=18272, stack(0x0000002ba7100000,0x0000002ba7200000)]
  0x00000136dbb03000 JavaThread "Catalina-utility-2" [_thread_blocked, id=10916, stack(0x0000002ba7200000,0x0000002ba7300000)]
  0x00000136dbae8800 JavaThread "container-0" [_thread_blocked, id=16676, stack(0x0000002ba7300000,0x0000002ba7400000)]
  0x00000136dbf64800 JavaThread "http-nio-8080-BlockPoller" daemon [_thread_in_native, id=15456, stack(0x0000002ba7600000,0x0000002ba7700000)]
  0x00000136dbf66000 JavaThread "http-nio-8080-exec-1" daemon [_thread_blocked, id=16892, stack(0x0000002ba7700000,0x0000002ba7800000)]
  0x00000136d9b84000 JavaThread "http-nio-8080-exec-2" daemon [_thread_blocked, id=11128, stack(0x0000002ba7800000,0x0000002ba7900000)]
  0x00000136d9b83000 JavaThread "http-nio-8080-exec-3" daemon [_thread_blocked, id=15984, stack(0x0000002ba7900000,0x0000002ba7a00000)]
  0x00000136d9b82800 JavaThread "http-nio-8080-exec-4" daemon [_thread_blocked, id=17744, stack(0x0000002ba7a00000,0x0000002ba7b00000)]
  0x00000136d9b81800 JavaThread "http-nio-8080-exec-5" daemon [_thread_blocked, id=13196, stack(0x0000002ba7b00000,0x0000002ba7c00000)]
  0x00000136d9b80000 JavaThread "http-nio-8080-exec-6" daemon [_thread_blocked, id=17616, stack(0x0000002ba7c00000,0x0000002ba7d00000)]
  0x00000136d9b7e800 JavaThread "http-nio-8080-exec-7" daemon [_thread_blocked, id=16908, stack(0x0000002ba7d00000,0x0000002ba7e00000)]
  0x00000136d9b7f000 JavaThread "http-nio-8080-exec-8" daemon [_thread_blocked, id=16496, stack(0x0000002ba7e00000,0x0000002ba7f00000)]
  0x00000136d9b85000 JavaThread "http-nio-8080-exec-9" daemon [_thread_blocked, id=6420, stack(0x0000002ba7f00000,0x0000002ba8000000)]
  0x00000136d9b80800 JavaThread "http-nio-8080-exec-10" daemon [_thread_blocked, id=9400, stack(0x0000002ba8000000,0x0000002ba8100000)]
  0x00000136dbf6b800 JavaThread "http-nio-8080-ClientPoller" daemon [_thread_in_native, id=17672, stack(0x0000002ba8100000,0x0000002ba8200000)]
  0x00000136dbf6c000 JavaThread "http-nio-8080-Acceptor" daemon [_thread_in_native, id=18024, stack(0x0000002ba8200000,0x0000002ba8300000)]
  0x00000136dbf6d000 JavaThread "JavaFX-Launcher" [_thread_blocked, id=16992, stack(0x0000002ba8300000,0x0000002ba8400000)]
  0x00000136dbf6e000 JavaThread "QuantumRenderer-0" daemon [_thread_blocked, id=16500, stack(0x0000002ba8400000,0x0000002ba8500000)]
  0x00000136dbf6e800 JavaThread "InvokeLaterDispatcher" daemon [_thread_blocked, id=13960, stack(0x0000002ba8500000,0x0000002ba8600000)]
  0x00000136dbf69000 JavaThread "JavaFX Application Thread" [_thread_in_native, id=3312, stack(0x0000002ba8600000,0x0000002ba8700000)]
  0x00000136dbf6f800 JavaThread "Thread-5" daemon [_thread_in_native, id=6176, stack(0x0000002ba8a00000,0x0000002ba8b00000)]
  0x00000136dbf69800 JavaThread "RMI TCP Connection(2)-192.168.100.23" daemon [_thread_in_native, id=15292, stack(0x0000002ba8e00000,0x0000002ba8f00000)]
  0x00000136dbf6a800 JavaThread "Prism Font Disposer" daemon [_thread_blocked, id=15600, stack(0x0000002ba9000000,0x0000002ba9100000)]
  0x00000136dbf71000 JavaThread "RMI TCP Connection(3)-192.168.100.23" daemon [_thread_in_native, id=17896, stack(0x0000002ba8f00000,0x0000002ba9000000)]
  0x00000136dbf73800 JavaThread "Cleaner-0" daemon [_thread_blocked, id=1800, stack(0x0000002ba9100000,0x0000002ba9200000)]
=>0x00000136dbf72800 JavaThread "Thread-6" [_thread_in_native, id=17200, stack(0x0000002ba7000000,0x0000002ba7100000)]

Other Threads:
  0x00000136d588c800 VMThread "VM Thread" [stack: 0x0000002ba5700000,0x0000002ba5800000] [id=4492]
  0x00000136d6a83000 WatcherThread [stack: 0x0000002ba6400000,0x0000002ba6500000] [id=4256]
  0x00000136b1e83800 GCTaskThread "GC Thread#0" [stack: 0x0000002ba5200000,0x0000002ba5300000] [id=3428]
  0x00000136d724b800 GCTaskThread "GC Thread#1" [stack: 0x0000002ba6500000,0x0000002ba6600000] [id=10008]
  0x00000136d7248800 GCTaskThread "GC Thread#2" [stack: 0x0000002ba6600000,0x0000002ba6700000] [id=14036]
  0x00000136d724e800 GCTaskThread "GC Thread#3" [stack: 0x0000002ba6700000,0x0000002ba6800000] [id=4988]
  0x00000136d724c800 GCTaskThread "GC Thread#4" [stack: 0x0000002ba6800000,0x0000002ba6900000] [id=17400]
  0x00000136d724a800 GCTaskThread "GC Thread#5" [stack: 0x0000002ba6900000,0x0000002ba6a00000] [id=11440]
  0x00000136d724f000 GCTaskThread "GC Thread#6" [stack: 0x0000002ba7400000,0x0000002ba7500000] [id=18208]
  0x00000136d7249000 GCTaskThread "GC Thread#7" [stack: 0x0000002ba7500000,0x0000002ba7600000] [id=16820]
  0x00000136b1ea5000 ConcurrentGCThread "G1 Main Marker" [stack: 0x0000002ba5300000,0x0000002ba5400000] [id=18348]
  0x00000136b1ea6800 ConcurrentGCThread "G1 Conc#0" [stack: 0x0000002ba5400000,0x0000002ba5500000] [id=13656]
  0x00000136d724e000 ConcurrentGCThread "G1 Conc#1" [stack: 0x0000002ba6a00000,0x0000002ba6b00000] [id=11528]
  0x00000136d577e000 ConcurrentGCThread "G1 Refine#0" [stack: 0x0000002ba5500000,0x0000002ba5600000] [id=7536]
  0x00000136d5780000 ConcurrentGCThread "G1 Young RemSet Sampling" [stack: 0x0000002ba5600000,0x0000002ba5700000] [id=8016]

Threads with active compile tasks:

VM state:not at safepoint (normal execution)

VM Mutex/Monitor currently owned by a thread: None

Heap address: 0x0000000702000000, size: 4064 MB, Compressed Oops mode: Zero based, Oop shift amount: 3
Narrow klass base: 0x0000000800000000, Narrow klass shift: 3
Compressed class space size: 1073741824 Address: 0x0000000800b40000

Heap:
 garbage-first heap   total 196608K, used 140214K [0x0000000702000000, 0x0000000800000000)
  region size 1024K, 93 young (95232K), 7 survivors (7168K)
 Metaspace       used 74320K, capacity 77648K, committed 77952K, reserved 1116160K
  class space    used 10613K, capacity 11845K, committed 11904K, reserved 1048576K
Heap Regions: E=young(eden), S=young(survivor), O=old, HS=humongous(starts), HC=humongous(continues), CS=collection set, F=free, A=archive, TAMS=top-at-mark-start (previous, next)
|   0|0x0000000702000000, 0x0000000702100000, 0x0000000702100000|100%|HS|  |TAMS 0x0000000702100000, 0x0000000702000000| Complete 
|   1|0x0000000702100000, 0x0000000702200000, 0x0000000702200000|100%| O|  |TAMS 0x0000000702200000, 0x0000000702100000| Untracked 
|   2|0x0000000702200000, 0x0000000702300000, 0x0000000702300000|100%| O|  |TAMS 0x0000000702300000, 0x0000000702200000| Untracked 
|   3|0x0000000702300000, 0x0000000702400000, 0x0000000702400000|100%| O|  |TAMS 0x0000000702400000, 0x0000000702300000| Untracked 
|   4|0x0000000702400000, 0x0000000702500000, 0x0000000702500000|100%| O|  |TAMS 0x0000000702500000, 0x0000000702400000| Untracked 
|   5|0x0000000702500000, 0x0000000702600000, 0x0000000702600000|100%| O|  |TAMS 0x0000000702600000, 0x0000000702500000| Untracked 
|   6|0x0000000702600000, 0x0000000702700000, 0x0000000702700000|100%| O|  |TAMS 0x0000000702700000, 0x0000000702600000| Untracked 
|   7|0x0000000702700000, 0x0000000702800000, 0x0000000702800000|100%| O|  |TAMS 0x0000000702800000, 0x0000000702700000| Untracked 
|   8|0x0000000702800000, 0x00000007028cb800, 0x0000000702900000| 79%| O|  |TAMS 0x00000007028cb800, 0x0000000702800000| Untracked 
|   9|0x0000000702900000, 0x0000000702a00000, 0x0000000702a00000|100%| O|  |TAMS 0x0000000702a00000, 0x0000000702900000| Untracked 
|  10|0x0000000702a00000, 0x0000000702b00000, 0x0000000702b00000|100%| O|  |TAMS 0x0000000702b00000, 0x0000000702a00000| Untracked 
|  11|0x0000000702b00000, 0x0000000702c00000, 0x0000000702c00000|100%| O|  |TAMS 0x0000000702c00000, 0x0000000702b00000| Untracked 
|  12|0x0000000702c00000, 0x0000000702d00000, 0x0000000702d00000|100%| O|  |TAMS 0x0000000702d00000, 0x0000000702c00000| Untracked 
|  13|0x0000000702d00000, 0x0000000702e00000, 0x0000000702e00000|100%| O|  |TAMS 0x0000000702e00000, 0x0000000702d00000| Untracked 
|  14|0x0000000702e00000, 0x0000000702f00000, 0x0000000702f00000|100%| O|  |TAMS 0x0000000702f00000, 0x0000000702e00000| Untracked 
|  15|0x0000000702f00000, 0x0000000703000000, 0x0000000703000000|100%| O|  |TAMS 0x0000000703000000, 0x0000000702f00000| Untracked 
|  16|0x0000000703000000, 0x0000000703100000, 0x0000000703100000|100%| O|  |TAMS 0x0000000703100000, 0x0000000703000000| Untracked 
|  17|0x0000000703100000, 0x0000000703200000, 0x0000000703200000|100%| O|  |TAMS 0x0000000703200000, 0x0000000703100000| Untracked 
|  18|0x0000000703200000, 0x0000000703300000, 0x0000000703300000|100%| O|  |TAMS 0x0000000703300000, 0x0000000703200000| Untracked 
|  19|0x0000000703300000, 0x0000000703400000, 0x0000000703400000|100%| O|  |TAMS 0x0000000703400000, 0x0000000703300000| Untracked 
|  20|0x0000000703400000, 0x0000000703465200, 0x0000000703500000| 39%| O|  |TAMS 0x0000000703465200, 0x0000000703400000| Untracked 
|  21|0x0000000703500000, 0x0000000703600000, 0x0000000703600000|100%| O|  |TAMS 0x0000000703600000, 0x0000000703500000| Untracked 
|  22|0x0000000703600000, 0x0000000703700000, 0x0000000703700000|100%| O|  |TAMS 0x0000000703700000, 0x0000000703600000| Untracked 
|  23|0x0000000703700000, 0x0000000703800000, 0x0000000703800000|100%| O|  |TAMS 0x0000000703800000, 0x0000000703700000| Untracked 
|  24|0x0000000703800000, 0x0000000703900000, 0x0000000703900000|100%| O|  |TAMS 0x0000000703900000, 0x0000000703800000| Untracked 
|  25|0x0000000703900000, 0x0000000703a00000, 0x0000000703a00000|100%| O|  |TAMS 0x0000000703a00000, 0x0000000703900000| Untracked 
|  26|0x0000000703a00000, 0x0000000703b00000, 0x0000000703b00000|100%| O|  |TAMS 0x0000000703b00000, 0x0000000703a00000| Untracked 
|  27|0x0000000703b00000, 0x0000000703c00000, 0x0000000703c00000|100%| O|  |TAMS 0x0000000703c00000, 0x0000000703b00000| Untracked 
|  28|0x0000000703c00000, 0x0000000703d00000, 0x0000000703d00000|100%| O|  |TAMS 0x0000000703d00000, 0x0000000703c00000| Untracked 
|  29|0x0000000703d00000, 0x0000000703e00000, 0x0000000703e00000|100%| O|  |TAMS 0x0000000703e00000, 0x0000000703d00000| Untracked 
|  30|0x0000000703e00000, 0x0000000703f00000, 0x0000000703f00000|100%| O|  |TAMS 0x0000000703f00000, 0x0000000703e00000| Untracked 
|  31|0x0000000703f00000, 0x0000000704000000, 0x0000000704000000|100%| O|  |TAMS 0x0000000704000000, 0x0000000703f00000| Untracked 
|  32|0x0000000704000000, 0x0000000704100000, 0x0000000704100000|100%| O|  |TAMS 0x0000000704100000, 0x0000000704000000| Untracked 
|  33|0x0000000704100000, 0x0000000704199600, 0x0000000704200000| 59%| O|  |TAMS 0x0000000704199600, 0x0000000704100000| Untracked 
|  34|0x0000000704200000, 0x0000000704300000, 0x0000000704300000|100%| O|  |TAMS 0x0000000704200000, 0x0000000704200000| Untracked 
|  35|0x0000000704300000, 0x0000000704400000, 0x0000000704400000|100%| O|  |TAMS 0x0000000704300000, 0x0000000704300000| Untracked 
|  36|0x0000000704400000, 0x0000000704500000, 0x0000000704500000|100%| O|  |TAMS 0x0000000704400000, 0x0000000704400000| Untracked 
|  37|0x0000000704500000, 0x0000000704600000, 0x0000000704600000|100%| O|  |TAMS 0x0000000704500000, 0x0000000704500000| Untracked 
|  38|0x0000000704600000, 0x0000000704700000, 0x0000000704700000|100%| O|  |TAMS 0x0000000704600000, 0x0000000704600000| Untracked 
|  39|0x0000000704700000, 0x0000000704800000, 0x0000000704800000|100%| O|  |TAMS 0x0000000704700000, 0x0000000704700000| Untracked 
|  40|0x0000000704800000, 0x0000000704900000, 0x0000000704900000|100%| O|  |TAMS 0x0000000704800000, 0x0000000704800000| Untracked 
|  41|0x0000000704900000, 0x0000000704a00000, 0x0000000704a00000|100%| O|  |TAMS 0x0000000704900000, 0x0000000704900000| Untracked 
|  42|0x0000000704a00000, 0x0000000704b00000, 0x0000000704b00000|100%| O|  |TAMS 0x0000000704a00000, 0x0000000704a00000| Untracked 
|  43|0x0000000704b00000, 0x0000000704c00000, 0x0000000704c00000|100%| O|  |TAMS 0x0000000704b00000, 0x0000000704b00000| Untracked 
|  44|0x0000000704c00000, 0x0000000704d00000, 0x0000000704d00000|100%| O|  |TAMS 0x0000000704c00000, 0x0000000704c00000| Untracked 
|  45|0x0000000704d00000, 0x0000000704df3800, 0x0000000704e00000| 95%| O|  |TAMS 0x0000000704d00000, 0x0000000704d00000| Untracked 
|  46|0x0000000704e00000, 0x0000000704f00000, 0x0000000704f00000|100%|HS|  |TAMS 0x0000000704e00000, 0x0000000704e00000| Complete 
|  47|0x0000000704f00000, 0x0000000705000000, 0x0000000705000000|100%|HC|  |TAMS 0x0000000704f00000, 0x0000000704f00000| Complete 
|  48|0x0000000705000000, 0x0000000705000000, 0x0000000705100000|  0%| F|  |TAMS 0x0000000705000000, 0x0000000705000000| Untracked 
|  49|0x0000000705100000, 0x0000000705100000, 0x0000000705200000|  0%| F|  |TAMS 0x0000000705100000, 0x0000000705100000| Untracked 
|  50|0x0000000705200000, 0x0000000705200000, 0x0000000705300000|  0%| F|  |TAMS 0x0000000705200000, 0x0000000705200000| Untracked 
|  51|0x0000000705300000, 0x0000000705300000, 0x0000000705400000|  0%| F|  |TAMS 0x0000000705300000, 0x0000000705300000| Untracked 
|  52|0x0000000705400000, 0x0000000705400000, 0x0000000705500000|  0%| F|  |TAMS 0x0000000705400000, 0x0000000705400000| Untracked 
|  53|0x0000000705500000, 0x0000000705500000, 0x0000000705600000|  0%| F|  |TAMS 0x0000000705500000, 0x0000000705500000| Untracked 
|  54|0x0000000705600000, 0x0000000705600000, 0x0000000705700000|  0%| F|  |TAMS 0x0000000705600000, 0x0000000705600000| Untracked 
|  55|0x0000000705700000, 0x0000000705700000, 0x0000000705800000|  0%| F|  |TAMS 0x0000000705700000, 0x0000000705700000| Untracked 
|  56|0x0000000705800000, 0x0000000705800000, 0x0000000705900000|  0%| F|  |TAMS 0x0000000705800000, 0x0000000705800000| Untracked 
|  57|0x0000000705900000, 0x0000000705900000, 0x0000000705a00000|  0%| F|  |TAMS 0x0000000705900000, 0x0000000705900000| Untracked 
|  58|0x0000000705a00000, 0x0000000705a00000, 0x0000000705b00000|  0%| F|  |TAMS 0x0000000705a00000, 0x0000000705a00000| Untracked 
|  59|0x0000000705b00000, 0x0000000705b00000, 0x0000000705c00000|  0%| F|  |TAMS 0x0000000705b00000, 0x0000000705b00000| Untracked 
|  60|0x0000000705c00000, 0x0000000705c00000, 0x0000000705d00000|  0%| F|  |TAMS 0x0000000705c00000, 0x0000000705c00000| Untracked 
|  61|0x0000000705d00000, 0x0000000705d00000, 0x0000000705e00000|  0%| F|  |TAMS 0x0000000705d00000, 0x0000000705d00000| Untracked 
|  62|0x0000000705e00000, 0x0000000705e00000, 0x0000000705f00000|  0%| F|  |TAMS 0x0000000705e00000, 0x0000000705e00000| Untracked 
|  63|0x0000000705f00000, 0x0000000705f00000, 0x0000000706000000|  0%| F|  |TAMS 0x0000000705f00000, 0x0000000705f00000| Untracked 
|  64|0x0000000706000000, 0x0000000706000000, 0x0000000706100000|  0%| F|  |TAMS 0x0000000706000000, 0x0000000706000000| Untracked 
|  65|0x0000000706100000, 0x0000000706100000, 0x0000000706200000|  0%| F|  |TAMS 0x0000000706100000, 0x0000000706100000| Untracked 
|  66|0x0000000706200000, 0x0000000706230010, 0x0000000706300000| 18%| S|CS|TAMS 0x0000000706200000, 0x0000000706200000| Complete 
|  67|0x0000000706300000, 0x0000000706400000, 0x0000000706400000|100%| S|CS|TAMS 0x0000000706300000, 0x0000000706300000| Complete 
|  68|0x0000000706400000, 0x0000000706500000, 0x0000000706500000|100%| S|CS|TAMS 0x0000000706400000, 0x0000000706400000| Complete 
|  69|0x0000000706500000, 0x0000000706600000, 0x0000000706600000|100%| S|CS|TAMS 0x0000000706500000, 0x0000000706500000| Complete 
|  70|0x0000000706600000, 0x0000000706700000, 0x0000000706700000|100%| S|CS|TAMS 0x0000000706600000, 0x0000000706600000| Complete 
|  71|0x0000000706700000, 0x0000000706700000, 0x0000000706800000|  0%| F|  |TAMS 0x0000000706700000, 0x0000000706700000| Untracked 
|  72|0x0000000706800000, 0x0000000706800000, 0x0000000706900000|  0%| F|  |TAMS 0x0000000706800000, 0x0000000706800000| Untracked 
|  73|0x0000000706900000, 0x0000000706900000, 0x0000000706a00000|  0%| F|  |TAMS 0x0000000706900000, 0x0000000706900000| Untracked 
|  74|0x0000000706a00000, 0x0000000706a00000, 0x0000000706b00000|  0%| F|  |TAMS 0x0000000706a00000, 0x0000000706a00000| Untracked 
|  75|0x0000000706b00000, 0x0000000706b00000, 0x0000000706c00000|  0%| F|  |TAMS 0x0000000706b00000, 0x0000000706b00000| Untracked 
|  76|0x0000000706c00000, 0x0000000706c00000, 0x0000000706d00000|  0%| F|  |TAMS 0x0000000706c00000, 0x0000000706c00000| Untracked 
|  77|0x0000000706d00000, 0x0000000706d00000, 0x0000000706e00000|  0%| F|  |TAMS 0x0000000706d00000, 0x0000000706d00000| Untracked 
|  78|0x0000000706e00000, 0x0000000706e00000, 0x0000000706f00000|  0%| F|  |TAMS 0x0000000706e00000, 0x0000000706e00000| Untracked 
|  79|0x0000000706f00000, 0x0000000706f00000, 0x0000000707000000|  0%| F|  |TAMS 0x0000000706f00000, 0x0000000706f00000| Untracked 
|  80|0x0000000707000000, 0x0000000707100000, 0x0000000707100000|100%| S|CS|TAMS 0x0000000707000000, 0x0000000707000000| Complete 
|  81|0x0000000707100000, 0x0000000707200000, 0x0000000707200000|100%| S|CS|TAMS 0x0000000707100000, 0x0000000707100000| Complete 
|  82|0x0000000707200000, 0x0000000707200000, 0x0000000707300000|  0%| F|  |TAMS 0x0000000707200000, 0x0000000707200000| Untracked 
|  83|0x0000000707300000, 0x0000000707300000, 0x0000000707400000|  0%| F|  |TAMS 0x0000000707300000, 0x0000000707300000| Untracked 
|  84|0x0000000707400000, 0x0000000707400000, 0x0000000707500000|  0%| F|  |TAMS 0x0000000707400000, 0x0000000707400000| Untracked 
|  85|0x0000000707500000, 0x0000000707500000, 0x0000000707600000|  0%| F|  |TAMS 0x0000000707500000, 0x0000000707500000| Untracked 
|  86|0x0000000707600000, 0x0000000707600000, 0x0000000707700000|  0%| F|  |TAMS 0x0000000707600000, 0x0000000707600000| Untracked 
|  87|0x0000000707700000, 0x0000000707700000, 0x0000000707800000|  0%| F|  |TAMS 0x0000000707700000, 0x0000000707700000| Untracked 
|  88|0x0000000707800000, 0x0000000707800000, 0x0000000707900000|  0%| F|  |TAMS 0x0000000707800000, 0x0000000707800000| Untracked 
|  89|0x0000000707900000, 0x0000000707900000, 0x0000000707a00000|  0%| F|  |TAMS 0x0000000707900000, 0x0000000707900000| Untracked 
|  90|0x0000000707a00000, 0x0000000707a00000, 0x0000000707b00000|  0%| F|  |TAMS 0x0000000707a00000, 0x0000000707a00000| Untracked 
|  91|0x0000000707b00000, 0x0000000707b00000, 0x0000000707c00000|  0%| F|  |TAMS 0x0000000707b00000, 0x0000000707b00000| Untracked 
|  92|0x0000000707c00000, 0x0000000707c00000, 0x0000000707d00000|  0%| F|  |TAMS 0x0000000707c00000, 0x0000000707c00000| Untracked 
|  93|0x0000000707d00000, 0x0000000707d00000, 0x0000000707e00000|  0%| F|  |TAMS 0x0000000707d00000, 0x0000000707d00000| Untracked 
|  94|0x0000000707e00000, 0x0000000707e00000, 0x0000000707f00000|  0%| F|  |TAMS 0x0000000707e00000, 0x0000000707e00000| Untracked 
|  95|0x0000000707f00000, 0x0000000707f00000, 0x0000000708000000|  0%| F|  |TAMS 0x0000000707f00000, 0x0000000707f00000| Untracked 
|  96|0x0000000708000000, 0x0000000708000000, 0x0000000708100000|  0%| F|  |TAMS 0x0000000708000000, 0x0000000708000000| Untracked 
|  97|0x0000000708100000, 0x0000000708100000, 0x0000000708200000|  0%| F|  |TAMS 0x0000000708100000, 0x0000000708100000| Untracked 
|  98|0x0000000708200000, 0x0000000708200000, 0x0000000708300000|  0%| F|  |TAMS 0x0000000708200000, 0x0000000708200000| Untracked 
|  99|0x0000000708300000, 0x0000000708300000, 0x0000000708400000|  0%| F|  |TAMS 0x0000000708300000, 0x0000000708300000| Untracked 
| 100|0x0000000708400000, 0x0000000708400000, 0x0000000708500000|  0%| F|  |TAMS 0x0000000708400000, 0x0000000708400000| Untracked 
| 101|0x0000000708500000, 0x0000000708500000, 0x0000000708600000|  0%| F|  |TAMS 0x0000000708500000, 0x0000000708500000| Untracked 
| 102|0x0000000708600000, 0x0000000708600000, 0x0000000708700000|  0%| F|  |TAMS 0x0000000708600000, 0x0000000708600000| Untracked 
| 103|0x0000000708700000, 0x0000000708700000, 0x0000000708800000|  0%| F|  |TAMS 0x0000000708700000, 0x0000000708700000| Untracked 
| 104|0x0000000708800000, 0x0000000708800000, 0x0000000708900000|  0%| F|  |TAMS 0x0000000708800000, 0x0000000708800000| Untracked 
| 105|0x0000000708900000, 0x0000000708900000, 0x0000000708a00000|  0%| F|  |TAMS 0x0000000708900000, 0x0000000708900000| Untracked 
| 106|0x0000000708a00000, 0x0000000708b00000, 0x0000000708b00000|100%| E|  |TAMS 0x0000000708a00000, 0x0000000708a00000| Complete 
| 107|0x0000000708b00000, 0x0000000708c00000, 0x0000000708c00000|100%| E|CS|TAMS 0x0000000708b00000, 0x0000000708b00000| Complete 
| 108|0x0000000708c00000, 0x0000000708d00000, 0x0000000708d00000|100%| E|CS|TAMS 0x0000000708c00000, 0x0000000708c00000| Complete 
| 109|0x0000000708d00000, 0x0000000708e00000, 0x0000000708e00000|100%| E|CS|TAMS 0x0000000708d00000, 0x0000000708d00000| Complete 
| 110|0x0000000708e00000, 0x0000000708f00000, 0x0000000708f00000|100%| E|CS|TAMS 0x0000000708e00000, 0x0000000708e00000| Complete 
| 111|0x0000000708f00000, 0x0000000709000000, 0x0000000709000000|100%| E|CS|TAMS 0x0000000708f00000, 0x0000000708f00000| Complete 
| 112|0x0000000709000000, 0x0000000709100000, 0x0000000709100000|100%| E|CS|TAMS 0x0000000709000000, 0x0000000709000000| Complete 
| 113|0x0000000709100000, 0x0000000709200000, 0x0000000709200000|100%| E|CS|TAMS 0x0000000709100000, 0x0000000709100000| Complete 
| 114|0x0000000709200000, 0x0000000709300000, 0x0000000709300000|100%| E|CS|TAMS 0x0000000709200000, 0x0000000709200000| Complete 
| 115|0x0000000709300000, 0x0000000709400000, 0x0000000709400000|100%| E|  |TAMS 0x0000000709300000, 0x0000000709300000| Complete 
| 116|0x0000000709400000, 0x0000000709500000, 0x0000000709500000|100%| E|CS|TAMS 0x0000000709400000, 0x0000000709400000| Complete 
| 117|0x0000000709500000, 0x0000000709600000, 0x0000000709600000|100%| E|CS|TAMS 0x0000000709500000, 0x0000000709500000| Complete 
| 118|0x0000000709600000, 0x0000000709700000, 0x0000000709700000|100%| E|CS|TAMS 0x0000000709600000, 0x0000000709600000| Complete 
| 119|0x0000000709700000, 0x0000000709800000, 0x0000000709800000|100%| E|CS|TAMS 0x0000000709700000, 0x0000000709700000| Complete 
| 120|0x0000000709800000, 0x0000000709900000, 0x0000000709900000|100%| E|CS|TAMS 0x0000000709800000, 0x0000000709800000| Complete 
| 121|0x0000000709900000, 0x0000000709a00000, 0x0000000709a00000|100%| E|CS|TAMS 0x0000000709900000, 0x0000000709900000| Complete 
| 122|0x0000000709a00000, 0x0000000709b00000, 0x0000000709b00000|100%| E|CS|TAMS 0x0000000709a00000, 0x0000000709a00000| Complete 
| 123|0x0000000709b00000, 0x0000000709c00000, 0x0000000709c00000|100%| E|CS|TAMS 0x0000000709b00000, 0x0000000709b00000| Complete 
| 124|0x0000000709c00000, 0x0000000709d00000, 0x0000000709d00000|100%| E|CS|TAMS 0x0000000709c00000, 0x0000000709c00000| Complete 
| 125|0x0000000709d00000, 0x0000000709e00000, 0x0000000709e00000|100%| E|CS|TAMS 0x0000000709d00000, 0x0000000709d00000| Complete 
| 126|0x0000000709e00000, 0x0000000709f00000, 0x0000000709f00000|100%| E|CS|TAMS 0x0000000709e00000, 0x0000000709e00000| Complete 
| 127|0x0000000709f00000, 0x000000070a000000, 0x000000070a000000|100%| E|CS|TAMS 0x0000000709f00000, 0x0000000709f00000| Complete 
| 128|0x000000070a000000, 0x000000070a100000, 0x000000070a100000|100%| E|CS|TAMS 0x000000070a000000, 0x000000070a000000| Complete 
| 129|0x000000070a100000, 0x000000070a200000, 0x000000070a200000|100%| E|CS|TAMS 0x000000070a100000, 0x000000070a100000| Complete 
| 130|0x000000070a200000, 0x000000070a300000, 0x000000070a300000|100%| E|CS|TAMS 0x000000070a200000, 0x000000070a200000| Complete 
| 131|0x000000070a300000, 0x000000070a400000, 0x000000070a400000|100%| E|CS|TAMS 0x000000070a300000, 0x000000070a300000| Complete 
| 132|0x000000070a400000, 0x000000070a500000, 0x000000070a500000|100%| E|CS|TAMS 0x000000070a400000, 0x000000070a400000| Complete 
| 133|0x000000070a500000, 0x000000070a600000, 0x000000070a600000|100%| E|CS|TAMS 0x000000070a500000, 0x000000070a500000| Complete 
| 134|0x000000070a600000, 0x000000070a700000, 0x000000070a700000|100%| E|CS|TAMS 0x000000070a600000, 0x000000070a600000| Complete 
| 135|0x000000070a700000, 0x000000070a800000, 0x000000070a800000|100%| E|CS|TAMS 0x000000070a700000, 0x000000070a700000| Complete 
| 136|0x000000070a800000, 0x000000070a900000, 0x000000070a900000|100%| E|CS|TAMS 0x000000070a800000, 0x000000070a800000| Complete 
| 137|0x000000070a900000, 0x000000070aa00000, 0x000000070aa00000|100%| E|CS|TAMS 0x000000070a900000, 0x000000070a900000| Complete 
| 138|0x000000070aa00000, 0x000000070ab00000, 0x000000070ab00000|100%| E|CS|TAMS 0x000000070aa00000, 0x000000070aa00000| Complete 
| 139|0x000000070ab00000, 0x000000070ac00000, 0x000000070ac00000|100%| E|CS|TAMS 0x000000070ab00000, 0x000000070ab00000| Complete 
| 140|0x000000070ac00000, 0x000000070ad00000, 0x000000070ad00000|100%| E|CS|TAMS 0x000000070ac00000, 0x000000070ac00000| Complete 
| 141|0x000000070ad00000, 0x000000070ae00000, 0x000000070ae00000|100%| E|CS|TAMS 0x000000070ad00000, 0x000000070ad00000| Complete 
| 142|0x000000070ae00000, 0x000000070af00000, 0x000000070af00000|100%| E|CS|TAMS 0x000000070ae00000, 0x000000070ae00000| Complete 
| 143|0x000000070af00000, 0x000000070b000000, 0x000000070b000000|100%| E|CS|TAMS 0x000000070af00000, 0x000000070af00000| Complete 
| 144|0x000000070b000000, 0x000000070b100000, 0x000000070b100000|100%| E|CS|TAMS 0x000000070b000000, 0x000000070b000000| Complete 
| 145|0x000000070b100000, 0x000000070b200000, 0x000000070b200000|100%| E|CS|TAMS 0x000000070b100000, 0x000000070b100000| Complete 
| 146|0x000000070b200000, 0x000000070b300000, 0x000000070b300000|100%| E|CS|TAMS 0x000000070b200000, 0x000000070b200000| Complete 
| 147|0x000000070b300000, 0x000000070b400000, 0x000000070b400000|100%| E|CS|TAMS 0x000000070b300000, 0x000000070b300000| Complete 
| 148|0x000000070b400000, 0x000000070b500000, 0x000000070b500000|100%| E|CS|TAMS 0x000000070b400000, 0x000000070b400000| Complete 
| 149|0x000000070b500000, 0x000000070b600000, 0x000000070b600000|100%| E|CS|TAMS 0x000000070b500000, 0x000000070b500000| Complete 
| 150|0x000000070b600000, 0x000000070b700000, 0x000000070b700000|100%| E|CS|TAMS 0x000000070b600000, 0x000000070b600000| Complete 
| 151|0x000000070b700000, 0x000000070b800000, 0x000000070b800000|100%| E|CS|TAMS 0x000000070b700000, 0x000000070b700000| Complete 
| 152|0x000000070b800000, 0x000000070b900000, 0x000000070b900000|100%| E|CS|TAMS 0x000000070b800000, 0x000000070b800000| Complete 
| 153|0x000000070b900000, 0x000000070ba00000, 0x000000070ba00000|100%| E|CS|TAMS 0x000000070b900000, 0x000000070b900000| Complete 
| 154|0x000000070ba00000, 0x000000070bb00000, 0x000000070bb00000|100%| E|CS|TAMS 0x000000070ba00000, 0x000000070ba00000| Complete 
| 155|0x000000070bb00000, 0x000000070bc00000, 0x000000070bc00000|100%| E|CS|TAMS 0x000000070bb00000, 0x000000070bb00000| Complete 
| 156|0x000000070bc00000, 0x000000070bd00000, 0x000000070bd00000|100%| E|CS|TAMS 0x000000070bc00000, 0x000000070bc00000| Complete 
| 157|0x000000070bd00000, 0x000000070be00000, 0x000000070be00000|100%| E|CS|TAMS 0x000000070bd00000, 0x000000070bd00000| Complete 
| 158|0x000000070be00000, 0x000000070bf00000, 0x000000070bf00000|100%| E|CS|TAMS 0x000000070be00000, 0x000000070be00000| Complete 
| 159|0x000000070bf00000, 0x000000070c000000, 0x000000070c000000|100%| E|CS|TAMS 0x000000070bf00000, 0x000000070bf00000| Complete 
| 160|0x000000070c000000, 0x000000070c100000, 0x000000070c100000|100%| E|CS|TAMS 0x000000070c000000, 0x000000070c000000| Complete 
| 161|0x000000070c100000, 0x000000070c200000, 0x000000070c200000|100%| E|CS|TAMS 0x000000070c100000, 0x000000070c100000| Complete 
| 162|0x000000070c200000, 0x000000070c300000, 0x000000070c300000|100%| E|CS|TAMS 0x000000070c200000, 0x000000070c200000| Complete 
| 163|0x000000070c300000, 0x000000070c400000, 0x000000070c400000|100%| E|CS|TAMS 0x000000070c300000, 0x000000070c300000| Complete 
| 164|0x000000070c400000, 0x000000070c500000, 0x000000070c500000|100%| E|CS|TAMS 0x000000070c400000, 0x000000070c400000| Complete 
| 165|0x000000070c500000, 0x000000070c600000, 0x000000070c600000|100%| E|CS|TAMS 0x000000070c500000, 0x000000070c500000| Complete 
| 166|0x000000070c600000, 0x000000070c700000, 0x000000070c700000|100%| E|CS|TAMS 0x000000070c600000, 0x000000070c600000| Complete 
| 167|0x000000070c700000, 0x000000070c800000, 0x000000070c800000|100%| E|CS|TAMS 0x000000070c700000, 0x000000070c700000| Complete 
| 168|0x000000070c800000, 0x000000070c900000, 0x000000070c900000|100%| E|CS|TAMS 0x000000070c800000, 0x000000070c800000| Complete 
| 169|0x000000070c900000, 0x000000070ca00000, 0x000000070ca00000|100%| E|CS|TAMS 0x000000070c900000, 0x000000070c900000| Complete 
| 170|0x000000070ca00000, 0x000000070cb00000, 0x000000070cb00000|100%| E|CS|TAMS 0x000000070ca00000, 0x000000070ca00000| Complete 
| 171|0x000000070cb00000, 0x000000070cc00000, 0x000000070cc00000|100%| E|CS|TAMS 0x000000070cb00000, 0x000000070cb00000| Complete 
| 172|0x000000070cc00000, 0x000000070cd00000, 0x000000070cd00000|100%| E|CS|TAMS 0x000000070cc00000, 0x000000070cc00000| Complete 
| 173|0x000000070cd00000, 0x000000070ce00000, 0x000000070ce00000|100%| E|CS|TAMS 0x000000070cd00000, 0x000000070cd00000| Complete 
| 174|0x000000070ce00000, 0x000000070cf00000, 0x000000070cf00000|100%| E|CS|TAMS 0x000000070ce00000, 0x000000070ce00000| Complete 
| 175|0x000000070cf00000, 0x000000070d000000, 0x000000070d000000|100%| E|CS|TAMS 0x000000070cf00000, 0x000000070cf00000| Complete 
| 176|0x000000070d000000, 0x000000070d100000, 0x000000070d100000|100%| E|CS|TAMS 0x000000070d000000, 0x000000070d000000| Complete 
| 177|0x000000070d100000, 0x000000070d200000, 0x000000070d200000|100%| E|CS|TAMS 0x000000070d100000, 0x000000070d100000| Complete 
| 178|0x000000070d200000, 0x000000070d300000, 0x000000070d300000|100%| E|CS|TAMS 0x000000070d200000, 0x000000070d200000| Complete 
| 179|0x000000070d300000, 0x000000070d400000, 0x000000070d400000|100%| E|CS|TAMS 0x000000070d300000, 0x000000070d300000| Complete 
| 180|0x000000070d400000, 0x000000070d500000, 0x000000070d500000|100%| E|CS|TAMS 0x000000070d400000, 0x000000070d400000| Complete 
| 181|0x000000070d500000, 0x000000070d600000, 0x000000070d600000|100%| E|CS|TAMS 0x000000070d500000, 0x000000070d500000| Complete 
| 182|0x000000070d600000, 0x000000070d700000, 0x000000070d700000|100%| E|CS|TAMS 0x000000070d600000, 0x000000070d600000| Complete 
| 183|0x000000070d700000, 0x000000070d800000, 0x000000070d800000|100%| E|CS|TAMS 0x000000070d700000, 0x000000070d700000| Complete 
| 184|0x000000070d800000, 0x000000070d900000, 0x000000070d900000|100%| E|CS|TAMS 0x000000070d800000, 0x000000070d800000| Complete 
| 185|0x000000070d900000, 0x000000070da00000, 0x000000070da00000|100%| E|CS|TAMS 0x000000070d900000, 0x000000070d900000| Complete 
| 186|0x000000070da00000, 0x000000070db00000, 0x000000070db00000|100%| E|CS|TAMS 0x000000070da00000, 0x000000070da00000| Complete 
| 187|0x000000070db00000, 0x000000070dc00000, 0x000000070dc00000|100%| E|CS|TAMS 0x000000070db00000, 0x000000070db00000| Complete 
| 188|0x000000070dc00000, 0x000000070dd00000, 0x000000070dd00000|100%| E|CS|TAMS 0x000000070dc00000, 0x000000070dc00000| Complete 
| 189|0x000000070dd00000, 0x000000070de00000, 0x000000070de00000|100%| E|CS|TAMS 0x000000070dd00000, 0x000000070dd00000| Complete 
| 190|0x000000070de00000, 0x000000070df00000, 0x000000070df00000|100%| E|CS|TAMS 0x000000070de00000, 0x000000070de00000| Complete 
| 304|0x0000000715000000, 0x0000000715100000, 0x0000000715100000|100%| E|CS|TAMS 0x0000000715000000, 0x0000000715000000| Complete 

Card table byte_map: [0x00000136c9e20000,0x00000136ca610000] _byte_map_base: 0x00000136c6610000

Marking Bits (Prev, Next): (CMBitMap*) 0x00000136b1e84408, (CMBitMap*) 0x00000136b1e84448
 Prev Bits: [0x00000136cae00000, 0x00000136ced80000)
 Next Bits: [0x00000136ced80000, 0x00000136d2d00000)

Polling page: 0x00000136afdd0000

Metaspace:

Usage:
  Non-class:     64.26 MB capacity,    62.21 MB ( 97%) used,     1.68 MB (  3%) free+waste,   376.00 KB ( <1%) overhead. 
      Class:     11.57 MB capacity,    10.36 MB ( 90%) used,     1.02 MB (  9%) free+waste,   186.44 KB (  2%) overhead. 
       Both:     75.83 MB capacity,    72.58 MB ( 96%) used,     2.70 MB (  4%) free+waste,   562.44 KB ( <1%) overhead. 

Virtual space:
  Non-class space:       66.00 MB reserved,      64.50 MB ( 98%) committed 
      Class space:        1.00 GB reserved,      11.63 MB (  1%) committed 
             Both:        1.06 GB reserved,      76.13 MB (  7%) committed 

Chunk freelists:
   Non-Class:  53.00 KB
       Class:  1.00 KB
        Both:  54.00 KB

MaxMetaspaceSize: 17179869184.00 GB
CompressedClassSpaceSize: 1.00 GB

CodeHeap 'non-profiled nmethods': size=238336Kb used=16430Kb max_used=16430Kb free=221905Kb
 bounds [0x00000136baa40000, 0x00000136bba50000, 0x00000136c9300000]
CodeHeap 'non-nmethods': size=7424Kb used=1658Kb max_used=1658Kb free=5766Kb
 bounds [0x00000136ba300000, 0x00000136ba570000, 0x00000136baa40000]
 total_blobs=10258 nmethods=8980 adapters=868
 compilation: enabled
              stopped_count=0, restarted_count=0
 full_count=0

Compilation events (20 events):
Event: 13.010 Thread 0x00000136d6132800 9040       1       com.sun.javafx.geom.transform.Affine3D::getMzt (5 bytes)
Event: 13.010 Thread 0x00000136d6132800 nmethod 9040 0x00000136bba48290 code [0x00000136bba48420, 0x00000136bba48558]
Event: 13.113 Thread 0x00000136d6132800 9043       1       java.util.WeakHashMap$HashIterator::nextEntry (81 bytes)
Event: 13.113 Thread 0x00000136d6132800 nmethod 9043 0x00000136bba48610 code [0x00000136bba48800, 0x00000136bba48c50]
Event: 13.113 Thread 0x00000136d6132800 9044       1       java.util.WeakHashMap$Entry::getKey (8 bytes)
Event: 13.113 Thread 0x00000136d6132800 nmethod 9044 0x00000136bba48e10 code [0x00000136bba48fa0, 0x00000136bba49118]
Event: 13.113 Thread 0x00000136d6132800 9045       1       java.util.WeakHashMap::unmaskNull (13 bytes)
Event: 13.113 Thread 0x00000136d6132800 nmethod 9045 0x00000136bba49190 code [0x00000136bba49320, 0x00000136bba49438]
Event: 13.160 Thread 0x00000136d6132800 9046       1       java.util.WeakHashMap$Entry::getValue (5 bytes)
Event: 13.160 Thread 0x00000136d6132800 nmethod 9046 0x00000136bba49490 code [0x00000136bba49620, 0x00000136bba49758]
Event: 13.161 Thread 0x00000136d6132800 9047       1       java.util.concurrent.locks.ReentrantLock$Sync::isHeldExclusively (16 bytes)
Event: 13.161 Thread 0x00000136d6132800 nmethod 9047 0x00000136bba49810 code [0x00000136bba499a0, 0x00000136bba49af8]
Event: 13.288 Thread 0x00000136d6132800 9048       1       com.intellij.rt.debugger.agent.CaptureStorage$HardKey::hashCode (5 bytes)
Event: 13.288 Thread 0x00000136d6132800 nmethod 9048 0x00000136bba49b90 code [0x00000136bba49d20, 0x00000136bba49e58]
Event: 13.426 Thread 0x00000136d6132800 9049       1       javafx.scene.Node::localToScene (46 bytes)
Event: 13.426 Thread 0x00000136d6132800 nmethod 9049 0x00000136bba49f10 code [0x00000136bba4a160, 0x00000136bba4a7c0]
Event: 13.512 Thread 0x00000136d6132800 9050  s    1       com.sun.javafx.tk.quantum.QuantumToolkit::pauseTimer (93 bytes)
Event: 13.513 Thread 0x00000136d6132800 nmethod 9050 0x00000136bba4ab90 code [0x00000136bba4adc0, 0x00000136bba4b4d0]
Event: 14.456 Thread 0x00000136d6132800 9051       1       com.sun.glass.ui.win.WinTimer::_pause (1 bytes)
Event: 14.456 Thread 0x00000136d6132800 nmethod 9051 0x00000136bba4b710 code [0x00000136bba4b8a0, 0x00000136bba4b9d8]

GC Heap History (20 events):
Event: 3.894 GC heap before
{Heap before GC invocations=14 (full 0):
 garbage-first heap   total 158720K, used 65532K [0x0000000702000000, 0x0000000800000000)
  region size 1024K, 50 young (51200K), 9 survivors (9216K)
 Metaspace       used 34567K, capacity 35736K, committed 35840K, reserved 1079296K
  class space    used 4591K, capacity 5079K, committed 5120K, reserved 1048576K
}
Event: 3.908 GC heap after
{Heap after GC invocations=15 (full 0):
 garbage-first heap   total 158720K, used 25194K [0x0000000702000000, 0x0000000800000000)
  region size 1024K, 5 young (5120K), 5 survivors (5120K)
 Metaspace       used 34567K, capacity 35736K, committed 35840K, reserved 1079296K
  class space    used 4591K, capacity 5079K, committed 5120K, reserved 1048576K
}
Event: 4.370 GC heap before
{Heap before GC invocations=16 (full 0):
 garbage-first heap   total 92160K, used 75370K [0x0000000702000000, 0x0000000800000000)
  region size 1024K, 54 young (55296K), 5 survivors (5120K)
 Metaspace       used 38987K, capacity 40311K, committed 40576K, reserved 1083392K
  class space    used 5194K, capacity 5662K, committed 5760K, reserved 1048576K
}
Event: 4.381 GC heap after
{Heap after GC invocations=17 (full 0):
 garbage-first heap   total 128000K, used 27842K [0x0000000702000000, 0x0000000800000000)
  region size 1024K, 5 young (5120K), 5 survivors (5120K)
 Metaspace       used 38987K, capacity 40311K, committed 40576K, reserved 1083392K
  class space    used 5194K, capacity 5662K, committed 5760K, reserved 1048576K
}
Event: 4.947 GC heap before
{Heap before GC invocations=17 (full 0):
 garbage-first heap   total 128000K, used 96450K [0x0000000702000000, 0x0000000800000000)
  region size 1024K, 72 young (73728K), 5 survivors (5120K)
 Metaspace       used 48332K, capacity 49737K, committed 49920K, reserved 1091584K
  class space    used 6633K, capacity 7131K, committed 7168K, reserved 1048576K
}
Event: 4.956 GC heap after
{Heap after GC invocations=18 (full 0):
 garbage-first heap   total 128000K, used 30513K [0x0000000702000000, 0x0000000800000000)
  region size 1024K, 6 young (6144K), 6 survivors (6144K)
 Metaspace       used 48332K, capacity 49737K, committed 49920K, reserved 1091584K
  class space    used 6633K, capacity 7131K, committed 7168K, reserved 1048576K
}
Event: 5.448 GC heap before
{Heap before GC invocations=18 (full 0):
 garbage-first heap   total 128000K, used 98097K [0x0000000702000000, 0x0000000800000000)
  region size 1024K, 72 young (73728K), 6 survivors (6144K)
 Metaspace       used 53546K, capacity 55132K, committed 55424K, reserved 1097728K
  class space    used 7367K, capacity 7946K, committed 8064K, reserved 1048576K
}
Event: 5.457 GC heap after
{Heap after GC invocations=19 (full 0):
 garbage-first heap   total 128000K, used 33638K [0x0000000702000000, 0x0000000800000000)
  region size 1024K, 6 young (6144K), 6 survivors (6144K)
 Metaspace       used 53546K, capacity 55132K, committed 55424K, reserved 1097728K
  class space    used 7367K, capacity 7946K, committed 8064K, reserved 1048576K
}
Event: 5.892 GC heap before
{Heap before GC invocations=19 (full 0):
 garbage-first heap   total 128000K, used 100198K [0x0000000702000000, 0x0000000800000000)
  region size 1024K, 71 young (72704K), 6 survivors (6144K)
 Metaspace       used 54900K, capacity 56618K, committed 56832K, reserved 1097728K
  class space    used 7546K, capacity 8154K, committed 8192K, reserved 1048576K
}
Event: 5.899 GC heap after
{Heap after GC invocations=20 (full 0):
 garbage-first heap   total 128000K, used 36491K [0x0000000702000000, 0x0000000800000000)
  region size 1024K, 7 young (7168K), 7 survivors (7168K)
 Metaspace       used 54900K, capacity 56618K, committed 56832K, reserved 1097728K
  class space    used 7546K, capacity 8154K, committed 8192K, reserved 1048576K
}
Event: 6.237 GC heap before
{Heap before GC invocations=20 (full 0):
 garbage-first heap   total 128000K, used 101003K [0x0000000702000000, 0x0000000800000000)
  region size 1024K, 70 young (71680K), 7 survivors (7168K)
 Metaspace       used 56153K, capacity 57909K, committed 58112K, reserved 1099776K
  class space    used 7715K, capacity 8359K, committed 8448K, reserved 1048576K
}
Event: 6.245 GC heap after
{Heap after GC invocations=21 (full 0):
 garbage-first heap   total 163840K, used 39527K [0x0000000702000000, 0x0000000800000000)
  region size 1024K, 6 young (6144K), 6 survivors (6144K)
 Metaspace       used 56153K, capacity 57909K, committed 58112K, reserved 1099776K
  class space    used 7715K, capacity 8359K, committed 8448K, reserved 1048576K
}
Event: 6.701 GC heap before
{Heap before GC invocations=21 (full 0):
 garbage-first heap   total 163840K, used 118375K [0x0000000702000000, 0x0000000800000000)
  region size 1024K, 84 young (86016K), 6 survivors (6144K)
 Metaspace       used 58123K, capacity 60065K, committed 60160K, reserved 1101824K
  class space    used 8048K, capacity 8754K, committed 8832K, reserved 1048576K
}
Event: 6.709 GC heap after
{Heap after GC invocations=22 (full 0):
 garbage-first heap   total 163840K, used 43196K [0x0000000702000000, 0x0000000800000000)
  region size 1024K, 10 young (10240K), 10 survivors (10240K)
 Metaspace       used 58123K, capacity 60065K, committed 60160K, reserved 1101824K
  class space    used 8048K, capacity 8754K, committed 8832K, reserved 1048576K
}
Event: 7.196 GC heap before
{Heap before GC invocations=23 (full 0):
 garbage-first heap   total 163840K, used 126140K [0x0000000702000000, 0x0000000800000000)
  region size 1024K, 91 young (93184K), 10 survivors (10240K)
 Metaspace       used 59666K, capacity 61720K, committed 62080K, reserved 1101824K
  class space    used 8333K, capacity 9092K, committed 9216K, reserved 1048576K
}
Event: 7.208 GC heap after
{Heap after GC invocations=24 (full 0):
 garbage-first heap   total 163840K, used 46934K [0x0000000702000000, 0x0000000800000000)
  region size 1024K, 8 young (8192K), 8 survivors (8192K)
 Metaspace       used 59666K, capacity 61720K, committed 62080K, reserved 1101824K
  class space    used 8333K, capacity 9092K, committed 9216K, reserved 1048576K
}
Event: 7.772 GC heap before
{Heap before GC invocations=25 (full 0):
 garbage-first heap   total 163840K, used 128854K [0x0000000702000000, 0x0000000800000000)
  region size 1024K, 88 young (90112K), 8 survivors (8192K)
 Metaspace       used 62654K, capacity 65271K, committed 65408K, reserved 1105920K
  class space    used 8891K, capacity 9849K, committed 9856K, reserved 1048576K
}
Event: 7.783 GC heap after
{Heap after GC invocations=26 (full 0):
 garbage-first heap   total 163840K, used 51148K [0x0000000702000000, 0x0000000800000000)
  region size 1024K, 9 young (9216K), 9 survivors (9216K)
 Metaspace       used 62654K, capacity 65271K, committed 65408K, reserved 1105920K
  class space    used 8891K, capacity 9849K, committed 9856K, reserved 1048576K
}
Event: 8.409 GC heap before
{Heap before GC invocations=26 (full 0):
 garbage-first heap   total 163840K, used 129996K [0x0000000702000000, 0x0000000800000000)
  region size 1024K, 87 young (89088K), 9 survivors (9216K)
 Metaspace       used 65739K, capacity 68529K, committed 68736K, reserved 1107968K
  class space    used 9257K, capacity 10294K, committed 10368K, reserved 1048576K
}
Event: 8.416 GC heap after
{Heap after GC invocations=27 (full 0):
 garbage-first heap   total 196608K, used 52150K [0x0000000702000000, 0x0000000800000000)
  region size 1024K, 7 young (7168K), 7 survivors (7168K)
 Metaspace       used 65739K, capacity 68529K, committed 68736K, reserved 1107968K
  class space    used 9257K, capacity 10294K, committed 10368K, reserved 1048576K
}

Deoptimization events (20 events):
Event: 8.815 Thread 0x00000136d7908000 DEOPT PACKING pc=0x00000136bb18fe0c sp=0x0000002ba6bfa810
Event: 8.815 Thread 0x00000136d7908000 DEOPT UNPACKING pc=0x00000136ba34964e sp=0x0000002ba6bf9d78 mode 1
Event: 8.815 Thread 0x00000136d7908000 DEOPT PACKING pc=0x00000136bb18fe0c sp=0x0000002ba6bfa810
Event: 8.815 Thread 0x00000136d7908000 DEOPT UNPACKING pc=0x00000136ba34964e sp=0x0000002ba6bf9d78 mode 1
Event: 8.815 Thread 0x00000136d7908000 DEOPT PACKING pc=0x00000136bb18fe0c sp=0x0000002ba6bfa810
Event: 8.815 Thread 0x00000136d7908000 DEOPT UNPACKING pc=0x00000136ba34964e sp=0x0000002ba6bf9d78 mode 1
Event: 8.815 Thread 0x00000136d7908000 DEOPT PACKING pc=0x00000136bb18fe0c sp=0x0000002ba6bfa810
Event: 8.815 Thread 0x00000136d7908000 DEOPT UNPACKING pc=0x00000136ba34964e sp=0x0000002ba6bf9d78 mode 1
Event: 8.855 Thread 0x00000136dbf69000 DEOPT PACKING pc=0x00000136babd9ecc sp=0x0000002ba86fc590
Event: 8.855 Thread 0x00000136dbf69000 DEOPT UNPACKING pc=0x00000136ba34964e sp=0x0000002ba86fbbb8 mode 1
Event: 8.855 Thread 0x00000136dbf69000 DEOPT PACKING pc=0x00000136bace71bc sp=0x0000002ba86fc7c0
Event: 8.855 Thread 0x00000136dbf69000 DEOPT UNPACKING pc=0x00000136ba34964e sp=0x0000002ba86fbc28 mode 1
Event: 12.984 Thread 0x00000136dbf69000 DEOPT PACKING pc=0x00000136bb8bf23c sp=0x0000002ba86faba0
Event: 12.984 Thread 0x00000136dbf69000 DEOPT UNPACKING pc=0x00000136ba34964e sp=0x0000002ba86fa020 mode 1
Event: 12.986 Thread 0x00000136dbf69000 DEOPT PACKING pc=0x00000136bb8bf23c sp=0x0000002ba86faba0
Event: 12.986 Thread 0x00000136dbf69000 DEOPT UNPACKING pc=0x00000136ba34964e sp=0x0000002ba86fa020 mode 1
Event: 12.986 Thread 0x00000136dbf69000 DEOPT PACKING pc=0x00000136bb8bf23c sp=0x0000002ba86fb780
Event: 12.986 Thread 0x00000136dbf69000 DEOPT UNPACKING pc=0x00000136ba34964e sp=0x0000002ba86fac00 mode 1
Event: 12.988 Thread 0x00000136dbf69000 DEOPT PACKING pc=0x00000136bb8bf23c sp=0x0000002ba86fb780
Event: 12.988 Thread 0x00000136dbf69000 DEOPT UNPACKING pc=0x00000136ba34964e sp=0x0000002ba86fac00 mode 1

Classes unloaded (0 events):
No events

Classes redefined (0 events):
No events

Internal exceptions (20 events):
Event: 8.750 Thread 0x00000136dbf69800 Exception <a 'java/lang/ClassNotFoundException'{0x000000070b22c6b8}: java/lang/ObjectCustomizer> (0x000000070b22c6b8) 
thrown [t:/workspace/open/src/hotspot/share/classfile/systemDictionary.cpp, line 232]
Event: 8.751 Thread 0x00000136dbf69800 Exception <a 'java/lang/ClassNotFoundException'{0x000000070b2ca2d0}: org/springframework/web/servlet/theme/AbstractThemeResolverCustomizer> (0x000000070b2ca2d0) 
thrown [t:/workspace/open/src/hotspot/share/classfile/systemDictionary.cpp, line 232]
Event: 8.752 Thread 0x00000136dbf69800 Exception <a 'java/lang/ClassNotFoundException'{0x000000070b2e5260}: org/springframework/web/servlet/theme/FixedThemeResolverCustomizer> (0x000000070b2e5260) 
thrown [t:/workspace/open/src/hotspot/share/classfile/systemDictionary.cpp, line 232]
Event: 8.752 Thread 0x00000136dbf69800 Exception <a 'java/lang/ClassNotFoundException'{0x000000070b116408}: org/springframework/web/servlet/ThemeResolverCustomizer> (0x000000070b116408) 
thrown [t:/workspace/open/src/hotspot/share/classfile/systemDictionary.cpp, line 232]
Event: 8.756 Thread 0x00000136dbf69800 Exception <a 'java/lang/ClassNotFoundException'{0x000000070b1c9e18}: java/lang/ObjectCustomizer> (0x000000070b1c9e18) 
thrown [t:/workspace/open/src/hotspot/share/classfile/systemDictionary.cpp, line 232]
Event: 8.757 Thread 0x00000136dbf69800 Exception <a 'java/lang/ClassNotFoundException'{0x000000070b1e8400}: org/springframework/web/servlet/view/DefaultRequestToViewNameTranslatorCustomizer> (0x000000070b1e8400) 
thrown [t:/workspace/open/src/hotspot/share/classfile/systemDictionary.cpp, line 232]
Event: 8.757 Thread 0x00000136dbf69800 Exception <a 'java/lang/ClassNotFoundException'{0x000000070b08f7c0}: org/springframework/web/servlet/RequestToViewNameTranslatorCustomizer> (0x000000070b08f7c0) 
thrown [t:/workspace/open/src/hotspot/share/classfile/systemDictionary.cpp, line 232]
Event: 8.761 Thread 0x00000136dbf69800 Exception <a 'java/lang/ClassNotFoundException'{0x000000070af254c8}: java/lang/ObjectCustomizer> (0x000000070af254c8) 
thrown [t:/workspace/open/src/hotspot/share/classfile/systemDictionary.cpp, line 232]
Event: 8.761 Thread 0x00000136dbf69800 Exception <a 'java/lang/ClassNotFoundException'{0x000000070af42240}: org/springframework/web/servlet/support/AbstractFlashMapManagerCustomizer> (0x000000070af42240) 
thrown [t:/workspace/open/src/hotspot/share/classfile/systemDictionary.cpp, line 232]
Event: 8.762 Thread 0x00000136dbf69800 Exception <a 'java/lang/ClassNotFoundException'{0x000000070afd1170}: org/springframework/web/servlet/support/SessionFlashMapManagerCustomizer> (0x000000070afd1170) 
thrown [t:/workspace/open/src/hotspot/share/classfile/systemDictionary.cpp, line 232]
Event: 8.763 Thread 0x00000136dbf69800 Exception <a 'java/lang/ClassNotFoundException'{0x000000070aff9778}: org/springframework/web/servlet/FlashMapManagerCustomizer> (0x000000070aff9778) 
thrown [t:/workspace/open/src/hotspot/share/classfile/systemDictionary.cpp, line 232]
Event: 8.889 Thread 0x00000136dbf69000 Exception <a 'java/lang/NoSuchMethodError'{0x0000000709a33098}: 'java.lang.Object java.lang.invoke.DirectMethodHandle$Holder.invokeStatic(java.lang.Object, java.lang.Object, int, int)'> (0x0000000709a33098) 
thrown [t:/workspace/open/src/hotspot/share/interpreter/linkResolver.cpp, line 767]
Event: 8.890 Thread 0x00000136dbf69000 Exception <a 'java/lang/NoSuchMethodError'{0x0000000709a390c0}: 'java.lang.Object java.lang.invoke.Invokers$Holder.linkToTargetMethod(java.lang.Object, int, int, java.lang.Object)'> (0x0000000709a390c0) 
thrown [t:/workspace/open/src/hotspot/share/interpreter/linkResolver.cpp, line 767]
Event: 9.050 Thread 0x00000136dbf6e000 Exception <a 'java/lang/NoSuchMethodError'{0x0000000708ead898}: 'java.lang.Object java.lang.invoke.DirectMethodHandle$Holder.invokeStaticInit(java.lang.Object, int)'> (0x0000000708ead898) 
thrown [t:/workspace/open/src/hotspot/share/interpreter/linkResolver.cpp, line 767]
Event: 12.873 Thread 0x00000136dbf69000 Exception <a 'java/lang/NoSuchMethodError'{0x0000000708b92c70}: 'long java.lang.invoke.DirectMethodHandle$Holder.invokeStatic(java.lang.Object, java.lang.Object, java.lang.Object)'> (0x0000000708b92c70) 
thrown [t:/workspace/open/src/hotspot/share/interpreter/linkResolver.cpp, line 767]
Event: 12.874 Thread 0x00000136dbf69000 Exception <a 'java/lang/NoSuchMethodError'{0x0000000708b95918}: 'long java.lang.invoke.DirectMethodHandle$Holder.invokeStaticInit(java.lang.Object, java.lang.Object, java.lang.Object)'> (0x0000000708b95918) 
thrown [t:/workspace/open/src/hotspot/share/interpreter/linkResolver.cpp, line 767]
Event: 12.984 Thread 0x00000136dbf69000 Exception <a 'java/io/FileNotFoundException'{0x0000000708a1da38}> (0x0000000708a1da38) 
thrown [t:/workspace/open/src/hotspot/share/prims/jni.cpp, line 598]
Event: 12.986 Thread 0x00000136dbf69000 Exception <a 'java/io/FileNotFoundException'{0x0000000708a2fb48}> (0x0000000708a2fb48) 
thrown [t:/workspace/open/src/hotspot/share/prims/jni.cpp, line 598]
Event: 12.986 Thread 0x00000136dbf69000 Exception <a 'java/io/FileNotFoundException'{0x0000000708a3e590}> (0x0000000708a3e590) 
thrown [t:/workspace/open/src/hotspot/share/prims/jni.cpp, line 598]
Event: 12.988 Thread 0x00000136dbf69000 Exception <a 'java/io/FileNotFoundException'{0x0000000708a501b0}> (0x0000000708a501b0) 
thrown [t:/workspace/open/src/hotspot/share/prims/jni.cpp, line 598]

Events (20 events):
Event: 12.983 loading class gnu/io/RXTXVersion done
Event: 12.988 loading class gnu/io/CommPortEnumerator
Event: 12.988 loading class gnu/io/CommPortEnumerator done
Event: 12.988 loading class gnu/io/RXTXPort
Event: 12.988 loading class gnu/io/RXTXPort done
Event: 12.989 loading class gnu/io/Zystem
Event: 12.989 loading class gnu/io/Zystem done
Event: 12.990 loading class gnu/io/RXTXPort$SerialOutputStream
Event: 12.990 loading class gnu/io/RXTXPort$SerialOutputStream done
Event: 12.990 loading class gnu/io/RXTXPort$SerialInputStream
Event: 12.990 loading class gnu/io/RXTXPort$SerialInputStream done
Event: 12.999 loading class gnu/io/RXTXPort$MonitorThread
Event: 12.999 loading class gnu/io/RXTXPort$MonitorThread done
Event: 13.000 Thread 0x00000136dbf72800 Thread added: 0x00000136dbf72800
Event: 13.008 loading class com/electronicvoting/ArduinoFingerprint/Controller$1
Event: 13.008 loading class com/electronicvoting/ArduinoFingerprint/Controller$1 done
Event: 13.008 loading class gnu/io/SerialPortEventListener
Event: 13.008 loading class gnu/io/SerialPortEventListener done
Event: 14.736 loading class gnu/io/SerialPortEvent
Event: 14.736 loading class gnu/io/SerialPortEvent done


Dynamic libraries:
0x00007ff658730000 - 0x00007ff65873f000 	C:\Program Files\Java\jdk-13.0.1\bin\java.exe
0x00007ff978e50000 - 0x00007ff979045000 	C:\WINDOWS\SYSTEM32\ntdll.dll
0x00007ff977790000 - 0x00007ff97784d000 	C:\WINDOWS\System32\KERNEL32.DLL
0x00007ff9768d0000 - 0x00007ff976b97000 	C:\WINDOWS\System32\KERNELBASE.dll
0x00007ff9738c0000 - 0x00007ff973950000 	C:\WINDOWS\SYSTEM32\apphelp.dll
0x00007ff9766a0000 - 0x00007ff9767a0000 	C:\WINDOWS\System32\ucrtbase.dll
0x00007ff971ee0000 - 0x00007ff971ef8000 	C:\Program Files\Java\jdk-13.0.1\bin\jli.dll
0x00007ff95e910000 - 0x00007ff95e925000 	C:\Program Files\Java\jdk-13.0.1\bin\VCRUNTIME140.dll
0x00007ff9779a0000 - 0x00007ff977a4a000 	C:\WINDOWS\System32\ADVAPI32.dll
0x00007ff977f90000 - 0x00007ff97802e000 	C:\WINDOWS\System32\msvcrt.dll
0x00007ff978600000 - 0x00007ff97869b000 	C:\WINDOWS\System32\sechost.dll
0x00007ff978390000 - 0x00007ff9784b3000 	C:\WINDOWS\System32\RPCRT4.dll
0x00007ff977a50000 - 0x00007ff977bf0000 	C:\WINDOWS\System32\USER32.dll
0x00007ff976e10000 - 0x00007ff976e32000 	C:\WINDOWS\System32\win32u.dll
0x00007ff976ec0000 - 0x00007ff976eea000 	C:\WINDOWS\System32\GDI32.dll
0x00007ff95b4b0000 - 0x00007ff95b74a000 	C:\WINDOWS\WinSxS\amd64_microsoft.windows.common-controls_6595b64144ccf1df_6.0.19041.1_none_b555e41d4684ddec\COMCTL32.dll
0x00007ff976d00000 - 0x00007ff976e0a000 	C:\WINDOWS\System32\gdi32full.dll
0x00007ff9767a0000 - 0x00007ff97683d000 	C:\WINDOWS\System32\msvcp_win.dll
0x00007ff9702d0000 - 0x00007ff9702da000 	C:\WINDOWS\SYSTEM32\VERSION.dll
0x00007ff978de0000 - 0x00007ff978e10000 	C:\WINDOWS\System32\IMM32.DLL
0x00007ff95e710000 - 0x00007ff95e7ab000 	C:\Program Files\Java\jdk-13.0.1\bin\msvcp140.dll
0x00007ff8fd220000 - 0x00007ff8fdd86000 	C:\Program Files\Java\jdk-13.0.1\bin\server\jvm.dll
0x00007ff977860000 - 0x00007ff977868000 	C:\WINDOWS\System32\PSAPI.DLL
0x00007ff95b4a0000 - 0x00007ff95b4a9000 	C:\WINDOWS\SYSTEM32\WSOCK32.dll
0x00007ff960980000 - 0x00007ff9609a7000 	C:\WINDOWS\SYSTEM32\WINMM.dll
0x00007ff977bf0000 - 0x00007ff977c5b000 	C:\WINDOWS\System32\WS2_32.dll
0x00007ff974520000 - 0x00007ff974533000 	C:\WINDOWS\SYSTEM32\kernel.appcore.dll
0x00007ff95ead0000 - 0x00007ff95eae0000 	C:\Program Files\Java\jdk-13.0.1\bin\verify.dll
0x00007ff973d40000 - 0x00007ff973f24000 	C:\WINDOWS\SYSTEM32\DBGHELP.DLL
0x00007ff959100000 - 0x00007ff95912c000 	C:\WINDOWS\SYSTEM32\dbgcore.DLL
0x00007ff976e40000 - 0x00007ff976ebf000 	C:\WINDOWS\System32\bcryptPrimitives.dll
0x00007ff95e8e0000 - 0x00007ff95e906000 	C:\Program Files\Java\jdk-13.0.1\bin\java.dll
0x00007ff95e690000 - 0x00007ff95e6c8000 	C:\Program Files\Java\jdk-13.0.1\bin\jdwp.dll
0x00007ff95e700000 - 0x00007ff95e70e000 	C:\Program Files\Java\jdk-13.0.1\bin\instrument.dll
0x00007ff95e8c0000 - 0x00007ff95e8d7000 	C:\Program Files\Java\jdk-13.0.1\bin\zip.dll
0x00007ff95e860000 - 0x00007ff95e86a000 	C:\Program Files\Java\jdk-13.0.1\bin\jimage.dll
0x00007ff9786a0000 - 0x00007ff978de0000 	C:\WINDOWS\System32\SHELL32.dll
0x00007ff974720000 - 0x00007ff974eb1000 	C:\WINDOWS\SYSTEM32\windows.storage.dll
0x00007ff978030000 - 0x00007ff978383000 	C:\WINDOWS\System32\combase.dll
0x00007ff976020000 - 0x00007ff97604c000 	C:\WINDOWS\SYSTEM32\Wldp.dll
0x00007ff9784f0000 - 0x00007ff97859e000 	C:\WINDOWS\System32\SHCORE.dll
0x00007ff977730000 - 0x00007ff977785000 	C:\WINDOWS\System32\shlwapi.dll
0x00007ff9764e0000 - 0x00007ff9764ff000 	C:\WINDOWS\SYSTEM32\profapi.dll
0x00007ff95e5f0000 - 0x00007ff95e5fb000 	C:\Program Files\Java\jdk-13.0.1\bin\dt_socket.dll
0x00007ff975d30000 - 0x00007ff975d9a000 	C:\WINDOWS\system32\mswsock.dll
0x00007ff95e670000 - 0x00007ff95e689000 	C:\Program Files\Java\jdk-13.0.1\bin\net.dll
0x00007ff96c680000 - 0x00007ff96c780000 	C:\WINDOWS\SYSTEM32\WINHTTP.dll
0x00007ff95e650000 - 0x00007ff95e663000 	C:\Program Files\Java\jdk-13.0.1\bin\nio.dll
0x00007ff975a60000 - 0x00007ff975b2a000 	C:\WINDOWS\SYSTEM32\DNSAPI.dll
0x00007ff975a20000 - 0x00007ff975a5b000 	C:\WINDOWS\SYSTEM32\IPHLPAPI.DLL
0x00007ff9784c0000 - 0x00007ff9784c9000 	C:\WINDOWS\System32\NSI.dll
0x00007ff96dbe0000 - 0x00007ff96dbea000 	C:\Windows\System32\rasadhlp.dll
0x00007ff970fa0000 - 0x00007ff97101f000 	C:\WINDOWS\System32\fwpuclnt.dll
0x00007ff976840000 - 0x00007ff976867000 	C:\WINDOWS\System32\bcrypt.dll
0x00007ff95e5e0000 - 0x00007ff95e5e9000 	C:\Program Files\Java\jdk-13.0.1\bin\management.dll
0x00007ff95e5d0000 - 0x00007ff95e5db000 	C:\Program Files\Java\jdk-13.0.1\bin\management_ext.dll
0x00007ff975f00000 - 0x00007ff975f18000 	C:\WINDOWS\SYSTEM32\CRYPTSP.dll
0x00007ff975660000 - 0x00007ff975694000 	C:\WINDOWS\system32\rsaenh.dll
0x00007ff9764a0000 - 0x00007ff9764ce000 	C:\WINDOWS\SYSTEM32\USERENV.dll
0x00007ff975f20000 - 0x00007ff975f2c000 	C:\WINDOWS\SYSTEM32\CRYPTBASE.dll
0x00007ff970f80000 - 0x00007ff970f97000 	C:\WINDOWS\SYSTEM32\dhcpcsvc6.DLL
0x00007ff970aa0000 - 0x00007ff970abd000 	C:\WINDOWS\SYSTEM32\dhcpcsvc.DLL
0x00007ff94cd40000 - 0x00007ff94cd57000 	C:\WINDOWS\system32\napinsp.dll
0x00007ff94cd20000 - 0x00007ff94cd3b000 	C:\WINDOWS\system32\pnrpnsp.dll
0x00007ff94cd00000 - 0x00007ff94cd15000 	C:\WINDOWS\system32\wshbth.dll
0x00007ff971dd0000 - 0x00007ff971ded000 	C:\WINDOWS\system32\NLAapi.dll
0x00007ff94cce0000 - 0x00007ff94ccf2000 	C:\WINDOWS\System32\winrnr.dll
0x00000136b1d30000 - 0x00000136b1d33000 	C:\Users\aminoiu\.openjfx\cache\14\api-ms-win-core-console-l1-1-0.dll
0x00000136b1d40000 - 0x00000136b1d43000 	C:\Users\aminoiu\.openjfx\cache\14\api-ms-win-core-datetime-l1-1-0.dll
0x00000136b1d50000 - 0x00000136b1d53000 	C:\Users\aminoiu\.openjfx\cache\14\api-ms-win-core-debug-l1-1-0.dll
0x00000136b1d60000 - 0x00000136b1d63000 	C:\Users\aminoiu\.openjfx\cache\14\api-ms-win-core-errorhandling-l1-1-0.dll
0x00000136b1d70000 - 0x00000136b1d74000 	C:\Users\aminoiu\.openjfx\cache\14\api-ms-win-core-file-l1-1-0.dll
0x00000136b1d80000 - 0x00000136b1d83000 	C:\Users\aminoiu\.openjfx\cache\14\api-ms-win-core-file-l1-2-0.dll
0x00000136b1d90000 - 0x00000136b1d93000 	C:\Users\aminoiu\.openjfx\cache\14\api-ms-win-core-file-l2-1-0.dll
0x00000136b1da0000 - 0x00000136b1da3000 	C:\Users\aminoiu\.openjfx\cache\14\api-ms-win-core-handle-l1-1-0.dll
0x00000136b1db0000 - 0x00000136b1db3000 	C:\Users\aminoiu\.openjfx\cache\14\api-ms-win-core-heap-l1-1-0.dll
0x00000136b1dc0000 - 0x00000136b1dc3000 	C:\Users\aminoiu\.openjfx\cache\14\api-ms-win-core-interlocked-l1-1-0.dll
0x00000136dd280000 - 0x00000136dd283000 	C:\Users\aminoiu\.openjfx\cache\14\api-ms-win-core-libraryloader-l1-1-0.dll
0x00000136dd290000 - 0x00000136dd293000 	C:\Users\aminoiu\.openjfx\cache\14\api-ms-win-core-localization-l1-2-0.dll
0x00000136dd2a0000 - 0x00000136dd2a3000 	C:\Users\aminoiu\.openjfx\cache\14\api-ms-win-core-memory-l1-1-0.dll
0x00000136dd2b0000 - 0x00000136dd2b3000 	C:\Users\aminoiu\.openjfx\cache\14\api-ms-win-core-namedpipe-l1-1-0.dll
0x00000136dd2c0000 - 0x00000136dd2c3000 	C:\Users\aminoiu\.openjfx\cache\14\api-ms-win-core-processenvironment-l1-1-0.dll
0x00000136dd2d0000 - 0x00000136dd2d3000 	C:\Users\aminoiu\.openjfx\cache\14\api-ms-win-core-processthreads-l1-1-0.dll
0x00000136dd2e0000 - 0x00000136dd2e3000 	C:\Users\aminoiu\.openjfx\cache\14\api-ms-win-core-processthreads-l1-1-1.dll
0x00000136dd2f0000 - 0x00000136dd2f3000 	C:\Users\aminoiu\.openjfx\cache\14\api-ms-win-core-profile-l1-1-0.dll
0x00000136dd300000 - 0x00000136dd303000 	C:\Users\aminoiu\.openjfx\cache\14\api-ms-win-core-rtlsupport-l1-1-0.dll
0x00000136dd310000 - 0x00000136dd313000 	C:\Users\aminoiu\.openjfx\cache\14\api-ms-win-core-string-l1-1-0.dll
0x00000136dd320000 - 0x00000136dd323000 	C:\Users\aminoiu\.openjfx\cache\14\api-ms-win-core-synch-l1-1-0.dll
0x00000136dd330000 - 0x00000136dd333000 	C:\Users\aminoiu\.openjfx\cache\14\api-ms-win-core-synch-l1-2-0.dll
0x00000136dd340000 - 0x00000136dd343000 	C:\Users\aminoiu\.openjfx\cache\14\api-ms-win-core-sysinfo-l1-1-0.dll
0x00000136dd350000 - 0x00000136dd353000 	C:\Users\aminoiu\.openjfx\cache\14\api-ms-win-core-timezone-l1-1-0.dll
0x00000136dd360000 - 0x00000136dd363000 	C:\Users\aminoiu\.openjfx\cache\14\api-ms-win-core-util-l1-1-0.dll
0x00000136dd370000 - 0x00000136dd373000 	C:\Users\aminoiu\.openjfx\cache\14\api-ms-win-crt-conio-l1-1-0.dll
0x00000136dd380000 - 0x00000136dd384000 	C:\Users\aminoiu\.openjfx\cache\14\api-ms-win-crt-convert-l1-1-0.dll
0x00000136dd390000 - 0x00000136dd393000 	C:\Users\aminoiu\.openjfx\cache\14\api-ms-win-crt-environment-l1-1-0.dll
0x00000136dd3a0000 - 0x00000136dd3a3000 	C:\Users\aminoiu\.openjfx\cache\14\api-ms-win-crt-filesystem-l1-1-0.dll
0x00000136dd3b0000 - 0x00000136dd3b3000 	C:\Users\aminoiu\.openjfx\cache\14\api-ms-win-crt-heap-l1-1-0.dll
0x00000136dd3c0000 - 0x00000136dd3c3000 	C:\Users\aminoiu\.openjfx\cache\14\api-ms-win-crt-locale-l1-1-0.dll
0x00000136dd3d0000 - 0x00000136dd3d5000 	C:\Users\aminoiu\.openjfx\cache\14\api-ms-win-crt-math-l1-1-0.dll
0x00000136dd3e0000 - 0x00000136dd3e5000 	C:\Users\aminoiu\.openjfx\cache\14\api-ms-win-crt-multibyte-l1-1-0.dll
0x00000136dd3f0000 - 0x00000136dd400000 	C:\Users\aminoiu\.openjfx\cache\14\api-ms-win-crt-private-l1-1-0.dll
0x00000136dd400000 - 0x00000136dd403000 	C:\Users\aminoiu\.openjfx\cache\14\api-ms-win-crt-process-l1-1-0.dll
0x00000136dd410000 - 0x00000136dd414000 	C:\Users\aminoiu\.openjfx\cache\14\api-ms-win-crt-runtime-l1-1-0.dll
0x00000136dd420000 - 0x00000136dd424000 	C:\Users\aminoiu\.openjfx\cache\14\api-ms-win-crt-stdio-l1-1-0.dll
0x00000136dd430000 - 0x00000136dd434000 	C:\Users\aminoiu\.openjfx\cache\14\api-ms-win-crt-string-l1-1-0.dll
0x00000136dd440000 - 0x00000136dd443000 	C:\Users\aminoiu\.openjfx\cache\14\api-ms-win-crt-time-l1-1-0.dll
0x00000136dd450000 - 0x00000136dd453000 	C:\Users\aminoiu\.openjfx\cache\14\api-ms-win-crt-utility-l1-1-0.dll
0x00007ff95d9a0000 - 0x00007ff95da9c000 	C:\Users\aminoiu\.openjfx\cache\14\ucrtbase.dll
0x00007ff95e550000 - 0x00007ff95e565000 	C:\Users\aminoiu\.openjfx\cache\14\vcruntime140.dll
0x00007ff95d750000 - 0x00007ff95d7eb000 	C:\Users\aminoiu\.openjfx\cache\14\msvcp140.dll
0x00007ff95e360000 - 0x00007ff95e3b1000 	C:\Users\aminoiu\.openjfx\cache\14\concrt140.dll
0x00007ff95e1d0000 - 0x00007ff95e1f3000 	C:\Users\aminoiu\.openjfx\cache\14\prism_d3d.dll
0x00007ff92e1d0000 - 0x00007ff92e39d000 	C:\WINDOWS\system32\d3d9.dll
0x00007ff974230000 - 0x00007ff97425f000 	C:\WINDOWS\SYSTEM32\dwmapi.dll
0x00007ff974060000 - 0x00007ff9740ff000 	C:\WINDOWS\system32\uxtheme.dll
0x00007ff95e200000 - 0x00007ff95e35d000 	C:\WINDOWS\System32\DriverStore\FileRepository\iigd_dch.inf_amd64_97abf3bd13eb713d\igdumdim64.dll
0x00007ff905690000 - 0x00007ff908f99000 	C:\WINDOWS\System32\DriverStore\FileRepository\iigd_dch.inf_amd64_97abf3bd13eb713d\igd9dxva64.dll
0x00007ff977870000 - 0x00007ff977999000 	C:\WINDOWS\System32\ole32.dll
0x00007ff977660000 - 0x00007ff97772d000 	C:\WINDOWS\System32\OLEAUT32.dll
0x00007ff9770a0000 - 0x00007ff977507000 	C:\WINDOWS\System32\SETUPAPI.dll
0x00007ff976650000 - 0x00007ff97669d000 	C:\WINDOWS\System32\cfgmgr32.dll
0x00007ff966780000 - 0x00007ff966924000 	C:\WINDOWS\System32\DriverStore\FileRepository\iigd_dch.inf_amd64_97abf3bd13eb713d\igdgmm64.dll
0x00007ff95d900000 - 0x00007ff95d945000 	C:\Users\aminoiu\.openjfx\cache\14\glass.dll
0x00007ff977d90000 - 0x00007ff977e6a000 	C:\WINDOWS\System32\COMDLG32.dll
0x00007ff977e70000 - 0x00007ff977f85000 	C:\WINDOWS\System32\MSCTF.dll
0x00007ff949320000 - 0x00007ff949346000 	C:\WINDOWS\System32\DriverStore\FileRepository\iigd_dch.inf_amd64_97abf3bd13eb713d\igdinfo64.dll
0x00007ff964170000 - 0x00007ff966774000 	C:\WINDOWS\System32\DriverStore\FileRepository\iigd_dch.inf_amd64_97abf3bd13eb713d\igc64.dll
0x00007ff969430000 - 0x00007ff96946b000 	C:\WINDOWS\SYSTEM32\dxcore.dll

dbghelp: loaded successfully - version: 4.0.5 - missing functions: none
symbol engine: initialized successfully - sym options: 0x614 - pdb path: .;C:\Program Files\Java\jdk-13.0.1\bin;C:\WINDOWS\SYSTEM32;C:\WINDOWS\WinSxS\amd64_microsoft.windows.common-controls_6595b64144ccf1df_6.0.19041.1_none_b555e41d4684ddec;C:\Program Files\Java\jdk-13.0.1\bin\server;C:\Users\aminoiu\.openjfx\cache\14;C:\WINDOWS\System32\DriverStore\FileRepository\iigd_dch.inf_amd64_97abf3bd13eb713d;C:\Program Files\Common Files\Microsoft Shared\Ink;C:\Users\aminoiu\Desktop\mfz-rxtx-2.2-20081207-win-x64\mfz-rxtx-2.2-20081207-win-x64

VM Arguments:
jvm_args: -agentlib:jdwp=transport=dt_socket,address=127.0.0.1:50747,suspend=y,server=n -Djava.library.path=C:\Users\aminoiu\Desktop\mfz-rxtx-2.2-20081207-win-x64\mfz-rxtx-2.2-20081207-win-x64 -XX:TieredStopAtLevel=1 -Xverify:none -Dspring.output.ansi.enabled=always -Dcom.sun.management.jmxremote -Dspring.jmx.enabled=true -Dspring.liveBeansView.mbeanDomain -Dspring.application.admin.enabled=true -javaagent:C:\Users\aminoiu\AppData\Local\JetBrains\IntelliJIdea2020.1\captureAgent\debugger-agent.jar -Dfile.encoding=UTF-8 
java_command: com.electronicvoting.BackendApplication
java_class_path (initial): D:\ISD\JTOM\Project\e-voting\Backend\target\classes;C:\apache-maven-3.5.4\.m2\repository\org\springframework\boot\spring-boot-starter-data-jpa\2.2.6.RELEASE\spring-boot-starter-data-jpa-2.2.6.RELEASE.jar;C:\apache-maven-3.5.4\.m2\repository\org\springframework\boot\spring-boot-starter-aop\2.2.6.RELEASE\spring-boot-starter-aop-2.2.6.RELEASE.jar;C:\apache-maven-3.5.4\.m2\repository\org\aspectj\aspectjweaver\1.9.5\aspectjweaver-1.9.5.jar;C:\apache-maven-3.5.4\.m2\repository\org\springframework\boot\spring-boot-starter-jdbc\2.2.6.RELEASE\spring-boot-starter-jdbc-2.2.6.RELEASE.jar;C:\apache-maven-3.5.4\.m2\repository\com\zaxxer\HikariCP\3.4.2\HikariCP-3.4.2.jar;C:\apache-maven-3.5.4\.m2\repository\org\springframework\spring-jdbc\5.2.5.RELEASE\spring-jdbc-5.2.5.RELEASE.jar;C:\apache-maven-3.5.4\.m2\repository\jakarta\activation\jakarta.activation-api\1.2.2\jakarta.activation-api-1.2.2.jar;C:\apache-maven-3.5.4\.m2\repository\jakarta\persistence\jakarta.persistence-api\2.2.3\jakarta.persistence-api-2.2.3.jar;C:\apache-maven-3.5.4\.m2\repository\jakarta\transaction\jakarta.transaction-api\1.3.3\jakarta.transaction-api-1.3.3.jar;C:\apache-maven-3.5.4\.m2\repository\org\hibernate\hibernate-core\5.4.12.Final\hibernate-core-5.4.12.Final.jar;C:\apache-maven-3.5.4\.m2\repository\org\jboss\logging\jboss-logging\3.4.1.Final\jboss-logging-3.4.1.Final.jar;C:\apache-maven-3.5.4\.m2\repository\org\javassist\javassist\3.24.0-GA\javassist-3.24.0-GA.jar;C:\apache-maven-3.5.4\.m2\repository\net\bytebuddy\byte-buddy\1.10.8\byte-buddy-1.10.8.jar;C:\apache-maven-3.5.4\.m2\repository\antlr\antlr\2.7.7\antlr-2.7.7.jar;C:\apache-maven-3.5.4\.m2\repository\org\jboss\jandex\2.1.1.Final\jandex-2.1.1.Final.jar;C:\apache-maven-3.5.4\.m2\repository\org\dom4j\dom4j\2.1.1\dom4j-2.1.1.jar;C:\apache-maven-3.5.4\.m2\repository\org\hibernate\common\hibernate-commons-annotations\5.1.0.Final\hibernate-commons-annotations-5.1.0.Final.jar;C:\apache-maven-3.5.4\.m2\repository\org\gla
Launcher Type: SUN_STANDARD

[Global flags]
     intx CICompilerCount                          = 4                                         {product} {ergonomic}
     uint ConcGCThreads                            = 2                                         {product} {ergonomic}
     uint G1ConcRefinementThreads                  = 8                                         {product} {ergonomic}
   size_t G1HeapRegionSize                         = 1048576                                   {product} {ergonomic}
    uintx GCDrainStackTargetSize                   = 64                                        {product} {ergonomic}
   size_t InitialHeapSize                          = 266338304                                 {product} {ergonomic}
     bool ManagementServer                         = true                                      {product} {command line}
   size_t MarkStackSize                            = 4194304                                   {product} {ergonomic}
   size_t MaxHeapSize                              = 4261412864                                {product} {ergonomic}
   size_t MaxNewSize                               = 2556428288                                {product} {ergonomic}
   size_t MinHeapDeltaBytes                        = 1048576                                   {product} {ergonomic}
   size_t MinHeapSize                              = 8388608                                   {product} {ergonomic}
    uintx NonNMethodCodeHeapSize                   = 7549744                                {pd product} {ergonomic}
    uintx NonProfiledCodeHeapSize                  = 244108496                              {pd product} {ergonomic}
    uintx ProfiledCodeHeapSize                     = 0                                      {pd product} {ergonomic}
    uintx ReservedCodeCacheSize                    = 251658240                              {pd product} {ergonomic}
     bool SegmentedCodeCache                       = true                                      {product} {ergonomic}
   size_t SoftMaxHeapSize                          = 4261412864                             {manageable} {ergonomic}
     intx TieredStopAtLevel                        = 1                                         {product} {command line}
     bool UseCompressedClassPointers               = true                                 {lp64_product} {ergonomic}
     bool UseCompressedOops                        = true                                 {lp64_product} {ergonomic}
     bool UseG1GC                                  = true                                      {product} {ergonomic}
     bool UseLargePagesIndividualAllocation        = false                                  {pd product} {ergonomic}

Logging:
Log output configuration:
 #0: stdout all=warning uptime,level,tags
 #1: stderr all=off uptime,level,tags

Environment Variables:
JAVA_HOME=C:\Program Files\Java\jdk-11.0.6
PATH=D:\oracledatabase\product\12.2.0\dbhome_1\bin;D:\oracleclient1\product\11.2.0\client_1\bin;D:\oracledatabase\product\12.2.0\dbhome_1\bin;C:\Program Files\Kerio\Outlook Connector (Offline Edition)\;C:\Program Files (x86)\Common Files\Oracle\Java\javapath;C:\WINDOWS\system32;C:\WINDOWS;C:\WINDOWS\System32\Wbem;C:\WINDOWS\System32\WindowsPowerShell\v1.0\;C:\WINDOWS\System32\OpenSSH\;C:\Program Files\Symantec.cloud\PlatformAgent\;C:\Program Files\TortoiseSVN\bin;C:\Program Files\Java\jdk-11.0.6\bin;C:\apache-maven-3.5.4\bin;C:\Program Files\PostgreSQL\10\bin;C:\Program Files\PostgreSQL\10\lib;D:\intherlc;C:\Program Files\Git\cmd;C:\Program Files (x86)\Yarn\bin\;C:\Program Files\nodejs\;C:\Program Files\liquibase;C:\Program Files (x86)\Intel\Intel(R) Management Engine Components\DAL;C:\Program Files\Intel\Intel(R) Management Engine Components\DAL;C:\Program Files\TortoiseGit\bin;C:\Program Files\nodejs\node_modules\npm\bin;C:\Users\aminoiu\AppData\Local\Microsoft\WindowsApps;C:\Program Files (x86)\Sophos\Sophos SSL VPN Client\bin;C:\Users\aminoiu\AppData\Local\GitHubDesktop\bin;C:\Program Files\JetBrains\IntelliJ IDEA 2020.1\bin;;C:\Users\aminoiu\AppData\Local\Yarn\bin;C:\Users\aminoiu\AppData\Roaming\npm;;C:\Users\aminoiu\AppData\Local\Microsoft\WindowsApps
USERNAME=aminoiu
OS=Windows_NT
PROCESSOR_IDENTIFIER=Intel64 Family 6 Model 142 Stepping 12, GenuineIntel



---------------  S Y S T E M  ---------------

OS: Windows 10 , 64 bit Build 19041 (10.0.19041.292)

CPU:total 8 (initial active 8) (4 cores per cpu, 2 threads per core) family 6 model 142 stepping 12, cmov, cx8, fxsr, mmx, sse, sse2, sse3, ssse3, sse4.1, sse4.2, popcnt, avx, avx2, aes, clmul, erms, 3dnowpref, lzcnt, ht, tsc, tscinvbit, bmi1, bmi2, adx, fma

Memory: 4k page, system-wide physical 16254M (4926M free)
TotalPageFile size 34686M (AvailPageFile size 14808M)
current process WorkingSet (physical memory assigned to process): 415M, peak: 415M
current process commit charge ("private bytes"): 456M, peak: 456M

vm_info: Java HotSpot(TM) 64-Bit Server VM (13.0.1+9) for windows-amd64 JRE (13.0.1+9), built on Oct  6 2019 12:37:49 by "mach5one" with unknown MS VC++:1916

END.
