#
# A fatal error has been detected by the Java Runtime Environment:
#
#  EXCEPTION_ACCESS_VIOLATION (0xc0000005) at pc=0x0000000180005b00, pid=16488, tid=17056
#
# JRE version: Java(TM) SE Runtime Environment (11.0.6+8) (build 11.0.6+8-LTS)
# Java VM: Java HotSpot(TM) 64-Bit Server VM (11.0.6+8-LTS, mixed mode, tiered, compressed oops, g1 gc, windows-amd64)
# Problematic frame:
# C  0x0000000180005b00
#
# No core dump will be written. Minidumps are not enabled by default on client versions of Windows
#
# If you would like to submit a bug report, please visit:
#   http://bugreport.java.com/bugreport/crash.jsp
# The crash happened outside the Java Virtual Machine in native code.
# See problematic frame for where to report the bug.
#

---------------  S U M M A R Y ------------

Command Line: -agentlib:jdwp=transport=dt_socket,address=127.0.0.1:50558,suspend=y,server=n -Djava.library.path=C:\Users\aminoiu\Desktop\mfz-rxtx-2.2-20081207-win-x64\mfz-rxtx-2.2-20081207-win-x64 -XX:TieredStopAtLevel=1 -Xverify:none -Dspring.output.ansi.enabled=always -Dcom.sun.management.jmxremote -Dspring.jmx.enabled=true -Dspring.liveBeansView.mbeanDomain -Dspring.application.admin.enabled=true -javaagent:C:\Users\aminoiu\AppData\Local\JetBrains\IntelliJIdea2020.1\captureAgent\debugger-agent.jar -Dfile.encoding=UTF-8 com.electronicvoting.BackendApplication

Host: Intel(R) Core(TM) i5-8265U CPU @ 1.60GHz, 8 cores, 15G,  Windows 10 , 64 bit Build 19041 (10.0.19041.292)
Time: Wed Aug  5 22:03:24 2020 E. Europe Daylight Time elapsed time: 11 seconds (0d 0h 0m 11s)

---------------  T H R E A D  ---------------

Current thread (0x000001434da26000):  JavaThread "Thread-6" [_thread_in_native, id=17056, stack(0x0000001e26000000,0x0000001e26100000)]

Stack: [0x0000001e26000000,0x0000001e26100000],  sp=0x0000001e260fda10,  free space=1014k
Native frames: (J=compiled Java code, j=interpreted, Vv=VM code, C=native code)
C  0x0000000180005b00

Java frames: (J=compiled Java code, j=interpreted, Vv=VM code)
j  gnu.io.RXTXPort.readArray([BII)I+0
j  gnu.io.RXTXPort$SerialInputStream.read([BII)I+212
j  sun.nio.cs.StreamDecoder.readBytes()I+135 java.base@11.0.6
j  sun.nio.cs.StreamDecoder.implRead([CII)I+112 java.base@11.0.6
j  sun.nio.cs.StreamDecoder.read([CII)I+180 java.base@11.0.6
j  java.io.InputStreamReader.read([CII)I+7 java.base@11.0.6
j  java.io.BufferedReader.fill()V+145 java.base@11.0.6
j  java.io.BufferedReader.readLine(Z)Ljava/lang/String;+44 java.base@11.0.6
j  java.io.BufferedReader.readLine()Ljava/lang/String;+2 java.base@11.0.6
j  com.electronicvoting.ArduinoFingerprint.Controller$1.serialEvent(Lgnu/io/SerialPortEvent;)V+30
j  gnu.io.RXTXPort.sendEvent(IZ)Z+382
v  ~StubRoutines::call_stub
j  gnu.io.RXTXPort.eventLoop()V+0
j  gnu.io.RXTXPort$MonitorThread.run()V+12
v  ~StubRoutines::call_stub

siginfo: EXCEPTION_ACCESS_VIOLATION (0xc0000005), reading address 0x00000000260fe848


Register to memory mapping:

RIP=0x0000000180005b00 points into unknown readable memory: 45 8b 74 24 08 41 89 5c
RAX=0x0000000000000001 is an unknown value
RBX=0x0 is NULL
RCX=0x000000018001d4d5 points into unknown readable memory: 64 00 00
RDX=0xfffffffffffff665 is an unknown value
RSP=0x0000001e260fda10 is pointing into the stack for thread: 0x000001434da26000
RBP=0x00000000ffffffff is an unknown value
RSI=0x0 is NULL
RDI=0x000001434da26340 points into unknown readable memory: 90 5d bb 0b f9 7f 00 00
R8 =0x0000000000000002 is an unknown value
R9 =0xfffffffffffff63c is an unknown value
R10=0x000001434d885940 points into unknown readable memory: 04 00 00 00 1e 00 00 00
R11=0x8101010101010100 is an unknown value
R12=0x00000000260fe840 is an unknown value
R13=0x0000000000000002 is an unknown value
R14=0x0000001e260fdc00 is pointing into the stack for thread: 0x000001434da26000
R15=0x0 is NULL


Registers:
RAX=0x0000000000000001, RBX=0x0000000000000000, RCX=0x000000018001d4d5, RDX=0xfffffffffffff665
RSP=0x0000001e260fda10, RBP=0x00000000ffffffff, RSI=0x0000000000000000, RDI=0x000001434da26340
R8 =0x0000000000000002, R9 =0xfffffffffffff63c, R10=0x000001434d885940, R11=0x8101010101010100
R12=0x00000000260fe840, R13=0x0000000000000002, R14=0x0000001e260fdc00, R15=0x0000000000000000
RIP=0x0000000180005b00, EFLAGS=0x0000000000010202

Top of Stack: (sp=0x0000001e260fda10)
0x0000001e260fda10:   0000000000000000 0000000000000000
0x0000001e260fda20:   0000000000000000 000001434da26340
0x0000001e260fda30:   0000000000000000 0000001e260fdc00
0x0000001e260fda40:   00000143554346e0 0000000000000001
0x0000001e260fda50:   000001434da26340 0000000000000002
0x0000001e260fda60:   ffffffffffffffff 0000000180006211
0x0000001e260fda70:   000001434cb5c130 ffffffffffffffff
0x0000001e260fda80:   0000000000000001 000001434cb5c130
0x0000001e260fda90:   0000014300000002 00007ff9ffffffff
0x0000001e260fdaa0:   0000001e260fdc08 0000001e260fdc08
0x0000001e260fdab0:   00000143554346e0 000001434da26000
0x0000001e260fdac0:   000001434d894dc0 00007ff90b54a1c3
0x0000001e260fdad0:   0000001e260fe4a0 0000000000000000
0x0000001e260fdae0:   0000000000000000 00006b663edf150e
0x0000001e260fdaf0:   00000143554346e8 00000143554346e0
0x0000001e260fdb00:   000001434da26000 0000001e260fdc08 

Instructions: (pc=0x0000000180005b00)
0x0000000180005ae0:   15 23 7a 01 00 48 8d 48 60 e8 3a 5d 00 00 4c 8b
0x0000000180005af0:   e5 8b ac 24 88 00 00 00 44 8b ac 24 80 00 00 00
0x0000000180005b00:   45 8b 74 24 08 41 89 5c 24 08 41 8b fd 85 ed 78
0x0000000180005b10:   09 ff 15 e9 14 01 00 44 8b f8 45 85 ed 7e 4a 90 


Stack slot to memory mapping:
stack at sp + 0 slots: 0x0 is NULL
stack at sp + 1 slots: 0x0 is NULL
stack at sp + 2 slots: 0x0 is NULL
stack at sp + 3 slots: 0x000001434da26340 points into unknown readable memory: 90 5d bb 0b f9 7f 00 00
stack at sp + 4 slots: 0x0 is NULL
stack at sp + 5 slots: 0x0000001e260fdc00 is pointing into the stack for thread: 0x000001434da26000
stack at sp + 6 slots: 0x00000143554346e0 is pointing into metadata
stack at sp + 7 slots: 0x0000000000000001 is an unknown value


---------------  P R O C E S S  ---------------

Threads class SMR info:
_java_thread_list=0x000001434d8854c0, length=42, elements={
0x0000014322838800, 0x00000143469b4800, 0x00000143469b5800, 0x0000014346a36800,
0x0000014346a37800, 0x0000014346a38800, 0x0000014346a48800, 0x00000143460eb800,
0x0000014346c53000, 0x0000014346c6a000, 0x0000014346c6e000, 0x000001434731e000,
0x00000143474b9000, 0x000001434862a000, 0x0000014348831800, 0x000001434a4cb800,
0x000001434a52a800, 0x000001434cd00800, 0x000001434cd01000, 0x000001434cd12800,
0x000001434d004000, 0x000001434d005000, 0x000001434d006000, 0x000001434d00a000,
0x000001434d006800, 0x000001434d00c800, 0x000001434d008000, 0x000001434d00a800,
0x000001434d00d000, 0x000001434d009000, 0x000001434d007800, 0x000001434d00b800,
0x000001434d04b800, 0x000001434d04c800, 0x000001434d04d000, 0x000001434d04a000,
0x000001434d048000, 0x000001434d04e000, 0x000001434d049000, 0x000001434d04f000,
0x000001434d04a800, 0x000001434da26000
}

Java Threads: ( => current thread )
  0x0000014322838800 JavaThread "main" [_thread_blocked, id=3568, stack(0x0000001e23f00000,0x0000001e24000000)]
  0x00000143469b4800 JavaThread "Reference Handler" daemon [_thread_blocked, id=5724, stack(0x0000001e24600000,0x0000001e24700000)]
  0x00000143469b5800 JavaThread "Finalizer" daemon [_thread_blocked, id=16504, stack(0x0000001e24700000,0x0000001e24800000)]
  0x0000014346a36800 JavaThread "Signal Dispatcher" daemon [_thread_blocked, id=18152, stack(0x0000001e24800000,0x0000001e24900000)]
  0x0000014346a37800 JavaThread "Attach Listener" daemon [_thread_blocked, id=4420, stack(0x0000001e24900000,0x0000001e24a00000)]
  0x0000014346a38800 JavaThread "C1 CompilerThread0" daemon [_thread_blocked, id=17988, stack(0x0000001e24a00000,0x0000001e24b00000)]
  0x0000014346a48800 JavaThread "Sweeper thread" daemon [_thread_blocked, id=18140, stack(0x0000001e24b00000,0x0000001e24c00000)]
  0x00000143460eb800 JavaThread "Common-Cleaner" daemon [_thread_blocked, id=7604, stack(0x0000001e24c00000,0x0000001e24d00000)]
  0x0000014346c53000 JavaThread "JDWP Transport Listener: dt_socket" daemon [_thread_blocked, id=3856, stack(0x0000001e24d00000,0x0000001e24e00000)]
  0x0000014346c6a000 JavaThread "JDWP Event Helper Thread" daemon [_thread_blocked, id=1632, stack(0x0000001e24e00000,0x0000001e24f00000)]
  0x0000014346c6e000 JavaThread "JDWP Command Reader" daemon [_thread_in_native, id=7624, stack(0x0000001e24f00000,0x0000001e25000000)]
  0x000001434731e000 JavaThread "Service Thread" daemon [_thread_blocked, id=17468, stack(0x0000001e25000000,0x0000001e25100000)]
  0x00000143474b9000 JavaThread "RMI TCP Accept-0" daemon [_thread_in_native, id=1576, stack(0x0000001e25100000,0x0000001e25200000)]
  0x000001434862a000 JavaThread "RMI TCP Connection(1)-192.168.100.23" daemon [_thread_in_native, id=18372, stack(0x0000001e25a00000,0x0000001e25b00000)]
  0x0000014348831800 JavaThread "RMI Scheduler(0)" daemon [_thread_blocked, id=16160, stack(0x0000001e25b00000,0x0000001e25c00000)]
  0x000001434a4cb800 JavaThread "PostgreSQL-JDBC-SharedTimer-1" daemon [_thread_blocked, id=2124, stack(0x0000001e25e00000,0x0000001e25f00000)]
  0x000001434a52a800 JavaThread "HikariPool-1 housekeeper" daemon [_thread_blocked, id=4860, stack(0x0000001e25f00000,0x0000001e26000000)]
  0x000001434cd00800 JavaThread "Catalina-utility-1" [_thread_blocked, id=17936, stack(0x0000001e26100000,0x0000001e26200000)]
  0x000001434cd01000 JavaThread "Catalina-utility-2" [_thread_blocked, id=15900, stack(0x0000001e26200000,0x0000001e26300000)]
  0x000001434cd12800 JavaThread "container-0" [_thread_blocked, id=1564, stack(0x0000001e26300000,0x0000001e26400000)]
  0x000001434d004000 JavaThread "http-nio-8080-BlockPoller" daemon [_thread_in_native, id=16904, stack(0x0000001e26500000,0x0000001e26600000)]
  0x000001434d005000 JavaThread "http-nio-8080-exec-1" daemon [_thread_blocked, id=1480, stack(0x0000001e26600000,0x0000001e26700000)]
  0x000001434d006000 JavaThread "http-nio-8080-exec-2" daemon [_thread_blocked, id=12748, stack(0x0000001e26700000,0x0000001e26800000)]
  0x000001434d00a000 JavaThread "http-nio-8080-exec-3" daemon [_thread_blocked, id=10196, stack(0x0000001e26800000,0x0000001e26900000)]
  0x000001434d006800 JavaThread "http-nio-8080-exec-4" daemon [_thread_blocked, id=10916, stack(0x0000001e26900000,0x0000001e26a00000)]
  0x000001434d00c800 JavaThread "http-nio-8080-exec-5" daemon [_thread_blocked, id=17832, stack(0x0000001e26a00000,0x0000001e26b00000)]
  0x000001434d008000 JavaThread "http-nio-8080-exec-6" daemon [_thread_blocked, id=8260, stack(0x0000001e26b00000,0x0000001e26c00000)]
  0x000001434d00a800 JavaThread "http-nio-8080-exec-7" daemon [_thread_blocked, id=18196, stack(0x0000001e26c00000,0x0000001e26d00000)]
  0x000001434d00d000 JavaThread "http-nio-8080-exec-8" daemon [_thread_blocked, id=17024, stack(0x0000001e26d00000,0x0000001e26e00000)]
  0x000001434d009000 JavaThread "http-nio-8080-exec-9" daemon [_thread_blocked, id=17724, stack(0x0000001e26e00000,0x0000001e26f00000)]
  0x000001434d007800 JavaThread "http-nio-8080-exec-10" daemon [_thread_blocked, id=11208, stack(0x0000001e26f00000,0x0000001e27000000)]
  0x000001434d00b800 JavaThread "http-nio-8080-ClientPoller" daemon [_thread_in_native, id=16736, stack(0x0000001e27000000,0x0000001e27100000)]
  0x000001434d04b800 JavaThread "http-nio-8080-Acceptor" daemon [_thread_in_native, id=13828, stack(0x0000001e27100000,0x0000001e27200000)]
  0x000001434d04c800 JavaThread "JavaFX-Launcher" [_thread_blocked, id=17780, stack(0x0000001e27200000,0x0000001e27300000)]
  0x000001434d04d000 JavaThread "QuantumRenderer-0" daemon [_thread_blocked, id=7328, stack(0x0000001e27300000,0x0000001e27400000)]
  0x000001434d04a000 JavaThread "InvokeLaterDispatcher" daemon [_thread_blocked, id=14520, stack(0x0000001e27400000,0x0000001e27500000)]
  0x000001434d048000 JavaThread "JavaFX Application Thread" [_thread_in_native, id=4636, stack(0x0000001e27500000,0x0000001e27600000)]
  0x000001434d04e000 JavaThread "RMI TCP Connection(2)-192.168.100.23" daemon [_thread_in_native, id=15260, stack(0x0000001e27600000,0x0000001e27700000)]
  0x000001434d049000 JavaThread "Thread-5" daemon [_thread_in_native, id=13580, stack(0x0000001e27c00000,0x0000001e27d00000)]
  0x000001434d04f000 JavaThread "Prism Font Disposer" daemon [_thread_blocked, id=11736, stack(0x0000001e27e00000,0x0000001e27f00000)]
  0x000001434d04a800 JavaThread "Cleaner-0" daemon [_thread_blocked, id=16652, stack(0x0000001e27f00000,0x0000001e28000000)]
=>0x000001434da26000 JavaThread "Thread-6" [_thread_in_native, id=17056, stack(0x0000001e26000000,0x0000001e26100000)]

Other Threads:
  0x000001434612d000 VMThread "VM Thread" [stack: 0x0000001e24500000,0x0000001e24600000] [id=18176]
  0x00000143474df000 WatcherThread [stack: 0x0000001e25200000,0x0000001e25300000] [id=16336]
  0x000001432284e000 GCTaskThread "GC Thread#0" [stack: 0x0000001e24000000,0x0000001e24100000] [id=1240]
  0x00000143475d5800 GCTaskThread "GC Thread#1" [stack: 0x0000001e25300000,0x0000001e25400000] [id=17700]
  0x00000143475d6800 GCTaskThread "GC Thread#2" [stack: 0x0000001e25400000,0x0000001e25500000] [id=12692]
  0x00000143475a0800 GCTaskThread "GC Thread#3" [stack: 0x0000001e25500000,0x0000001e25600000] [id=13916]
  0x00000143475a1000 GCTaskThread "GC Thread#4" [stack: 0x0000001e25600000,0x0000001e25700000] [id=14820]
  0x00000143475e1800 GCTaskThread "GC Thread#5" [stack: 0x0000001e25700000,0x0000001e25800000] [id=16660]
  0x000001434a3df800 GCTaskThread "GC Thread#6" [stack: 0x0000001e25900000,0x0000001e25a00000] [id=17088]
  0x000001434ccf2800 GCTaskThread "GC Thread#7" [stack: 0x0000001e26400000,0x0000001e26500000] [id=18228]
  0x00000143228ab000 ConcurrentGCThread "G1 Main Marker" [stack: 0x0000001e24100000,0x0000001e24200000] [id=10592]
  0x00000143228ac000 ConcurrentGCThread "G1 Conc#0" [stack: 0x0000001e24200000,0x0000001e24300000] [id=16444]
  0x0000014348857800 ConcurrentGCThread "G1 Conc#1" [stack: 0x0000001e25d00000,0x0000001e25e00000] [id=16244]
  0x000001434600c800 ConcurrentGCThread "G1 Refine#0" [stack: 0x0000001e24300000,0x0000001e24400000] [id=764]
  0x0000014346fc3000 ConcurrentGCThread "G1 Refine#1" [stack: 0x0000001e25800000,0x0000001e25900000] [id=17532]
  0x000001434600d800 ConcurrentGCThread "G1 Young RemSet Sampling" [stack: 0x0000001e24400000,0x0000001e24500000] [id=18180]

Threads with active compile tasks:

VM state:not at safepoint (normal execution)

VM Mutex/Monitor currently owned by a thread: None

Heap address: 0x0000000702000000, size: 4064 MB, Compressed Oops mode: Zero based, Oop shift amount: 3
Narrow klass base: 0x0000000800000000, Narrow klass shift: 0
Compressed class space size: 1073741824 Address: 0x0000000800000000

Heap:
 garbage-first heap   total 374784K, used 212018K [0x0000000702000000, 0x0000000800000000)
  region size 1024K, 179 young (183296K), 21 survivors (21504K)
 Metaspace       used 83947K, capacity 87419K, committed 87552K, reserved 1124352K
  class space    used 11571K, capacity 12935K, committed 13056K, reserved 1048576K
Heap Regions: E=young(eden), S=young(survivor), O=old, HS=humongous(starts), HC=humongous(continues), CS=collection set, F=free, A=archive, TAMS=top-at-mark-start (previous, next)
|   0|0x0000000702000000, 0x0000000702100000, 0x0000000702100000|100%|HS|  |TAMS 0x0000000702100000, 0x0000000702000000| Complete 
|   1|0x0000000702100000, 0x0000000702200000, 0x0000000702200000|100%| O|  |TAMS 0x0000000702200000, 0x0000000702100000| Untracked 
|   2|0x0000000702200000, 0x0000000702300000, 0x0000000702300000|100%| O|  |TAMS 0x0000000702300000, 0x0000000702200000| Untracked 
|   3|0x0000000702300000, 0x0000000702400000, 0x0000000702400000|100%| O|  |TAMS 0x0000000702400000, 0x0000000702300000| Untracked 
|   4|0x0000000702400000, 0x0000000702500000, 0x0000000702500000|100%| O|  |TAMS 0x0000000702500000, 0x0000000702400000| Untracked 
|   5|0x0000000702500000, 0x0000000702600000, 0x0000000702600000|100%| O|  |TAMS 0x0000000702600000, 0x0000000702500000| Untracked 
|   6|0x0000000702600000, 0x0000000702700000, 0x0000000702700000|100%| O|  |TAMS 0x0000000702700000, 0x0000000702600000| Untracked 
|   7|0x0000000702700000, 0x0000000702800000, 0x0000000702800000|100%| O|  |TAMS 0x0000000702800000, 0x0000000702700000| Untracked 
|   8|0x0000000702800000, 0x0000000702900000, 0x0000000702900000|100%| O|  |TAMS 0x0000000702900000, 0x0000000702800000| Untracked 
|   9|0x0000000702900000, 0x0000000702a00000, 0x0000000702a00000|100%| O|  |TAMS 0x0000000702a00000, 0x0000000702900000| Untracked 
|  10|0x0000000702a00000, 0x0000000702b00000, 0x0000000702b00000|100%| O|  |TAMS 0x0000000702b00000, 0x0000000702a00000| Untracked 
|  11|0x0000000702b00000, 0x0000000702c00000, 0x0000000702c00000|100%| O|  |TAMS 0x0000000702c00000, 0x0000000702b00000| Untracked 
|  12|0x0000000702c00000, 0x0000000702d00000, 0x0000000702d00000|100%| O|  |TAMS 0x0000000702d00000, 0x0000000702c00000| Untracked 
|  13|0x0000000702d00000, 0x0000000702e00000, 0x0000000702e00000|100%| O|  |TAMS 0x0000000702d64e00, 0x0000000702d00000| Untracked 
|  14|0x0000000702e00000, 0x0000000702f00000, 0x0000000702f00000|100%| O|  |TAMS 0x0000000702e00000, 0x0000000702e00000| Untracked 
|  15|0x0000000702f00000, 0x0000000703000000, 0x0000000703000000|100%| O|  |TAMS 0x0000000702f00000, 0x0000000702f00000| Untracked 
|  16|0x0000000703000000, 0x0000000703100000, 0x0000000703100000|100%| O|  |TAMS 0x0000000703000000, 0x0000000703000000| Untracked 
|  17|0x0000000703100000, 0x0000000703200000, 0x0000000703200000|100%| O|  |TAMS 0x0000000703100000, 0x0000000703100000| Untracked 
|  18|0x0000000703200000, 0x0000000703300000, 0x0000000703300000|100%| O|  |TAMS 0x0000000703200000, 0x0000000703200000| Untracked 
|  19|0x0000000703300000, 0x0000000703400000, 0x0000000703400000|100%| O|  |TAMS 0x0000000703300000, 0x0000000703300000| Untracked 
|  20|0x0000000703400000, 0x0000000703500000, 0x0000000703500000|100%| O|  |TAMS 0x0000000703400000, 0x0000000703400000| Untracked 
|  21|0x0000000703500000, 0x0000000703600000, 0x0000000703600000|100%| O|  |TAMS 0x0000000703500000, 0x0000000703500000| Untracked 
|  22|0x0000000703600000, 0x0000000703700000, 0x0000000703700000|100%| O|  |TAMS 0x0000000703600000, 0x0000000703600000| Untracked 
|  23|0x0000000703700000, 0x0000000703800000, 0x0000000703800000|100%| O|  |TAMS 0x0000000703700000, 0x0000000703700000| Untracked 
|  24|0x0000000703800000, 0x0000000703900000, 0x0000000703900000|100%| O|  |TAMS 0x0000000703800000, 0x0000000703800000| Untracked 
|  25|0x0000000703900000, 0x0000000703a00000, 0x0000000703a00000|100%| O|  |TAMS 0x0000000703900000, 0x0000000703900000| Untracked 
|  26|0x0000000703a00000, 0x0000000703b00000, 0x0000000703b00000|100%| O|  |TAMS 0x0000000703a00000, 0x0000000703a00000| Untracked 
|  27|0x0000000703b00000, 0x0000000703c00000, 0x0000000703c00000|100%| O|  |TAMS 0x0000000703b00000, 0x0000000703b00000| Untracked 
|  28|0x0000000703c00000, 0x0000000703c8e600, 0x0000000703d00000| 55%| O|  |TAMS 0x0000000703c00000, 0x0000000703c00000| Untracked 
|  29|0x0000000703d00000, 0x0000000703e00000, 0x0000000703e00000|100%|HS|  |TAMS 0x0000000703d00000, 0x0000000703d00000| Complete 
|  30|0x0000000703e00000, 0x0000000703f00000, 0x0000000703f00000|100%|HC|  |TAMS 0x0000000703e00000, 0x0000000703e00000| Complete 
|  31|0x0000000703f00000, 0x0000000703f00000, 0x0000000704000000|  0%| F|  |TAMS 0x0000000703f00000, 0x0000000703f00000| Untracked 
|  32|0x0000000704000000, 0x0000000704000000, 0x0000000704100000|  0%| F|  |TAMS 0x0000000704000000, 0x0000000704000000| Untracked 
|  33|0x0000000704100000, 0x0000000704100000, 0x0000000704200000|  0%| F|  |TAMS 0x0000000704100000, 0x0000000704100000| Untracked 
|  34|0x0000000704200000, 0x0000000704200000, 0x0000000704300000|  0%| F|  |TAMS 0x0000000704200000, 0x0000000704200000| Untracked 
|  35|0x0000000704300000, 0x0000000704300000, 0x0000000704400000|  0%| F|  |TAMS 0x0000000704300000, 0x0000000704300000| Untracked 
|  36|0x0000000704400000, 0x0000000704400000, 0x0000000704500000|  0%| F|  |TAMS 0x0000000704400000, 0x0000000704400000| Untracked 
|  37|0x0000000704500000, 0x0000000704500000, 0x0000000704600000|  0%| F|  |TAMS 0x0000000704500000, 0x0000000704500000| Untracked 
|  38|0x0000000704600000, 0x0000000704600000, 0x0000000704700000|  0%| F|  |TAMS 0x0000000704600000, 0x0000000704600000| Untracked 
|  39|0x0000000704700000, 0x0000000704700000, 0x0000000704800000|  0%| F|  |TAMS 0x0000000704700000, 0x0000000704700000| Untracked 
|  40|0x0000000704800000, 0x0000000704800000, 0x0000000704900000|  0%| F|  |TAMS 0x0000000704800000, 0x0000000704800000| Untracked 
|  41|0x0000000704900000, 0x0000000704900000, 0x0000000704a00000|  0%| F|  |TAMS 0x0000000704900000, 0x0000000704900000| Untracked 
|  42|0x0000000704a00000, 0x0000000704a00000, 0x0000000704b00000|  0%| F|  |TAMS 0x0000000704a00000, 0x0000000704a00000| Untracked 
|  43|0x0000000704b00000, 0x0000000704b00000, 0x0000000704c00000|  0%| F|  |TAMS 0x0000000704b00000, 0x0000000704b00000| Untracked 
|  44|0x0000000704c00000, 0x0000000704c00000, 0x0000000704d00000|  0%| F|  |TAMS 0x0000000704c00000, 0x0000000704c00000| Untracked 
|  45|0x0000000704d00000, 0x0000000704d00000, 0x0000000704e00000|  0%| F|  |TAMS 0x0000000704d00000, 0x0000000704d00000| Untracked 
|  46|0x0000000704e00000, 0x0000000704e00000, 0x0000000704f00000|  0%| F|  |TAMS 0x0000000704e00000, 0x0000000704e00000| Untracked 
|  47|0x0000000704f00000, 0x0000000704f00000, 0x0000000705000000|  0%| F|  |TAMS 0x0000000704f00000, 0x0000000704f00000| Untracked 
|  48|0x0000000705000000, 0x0000000705000000, 0x0000000705100000|  0%| F|  |TAMS 0x0000000705000000, 0x0000000705000000| Untracked 
|  49|0x0000000705100000, 0x0000000705100000, 0x0000000705200000|  0%| F|  |TAMS 0x0000000705100000, 0x0000000705100000| Untracked 
|  50|0x0000000705200000, 0x0000000705200000, 0x0000000705300000|  0%| F|  |TAMS 0x0000000705200000, 0x0000000705200000| Untracked 
|  51|0x0000000705300000, 0x0000000705300000, 0x0000000705400000|  0%| F|  |TAMS 0x0000000705300000, 0x0000000705300000| Untracked 
|  52|0x0000000705400000, 0x0000000705400000, 0x0000000705500000|  0%| F|  |TAMS 0x0000000705400000, 0x0000000705400000| Untracked 
|  53|0x0000000705500000, 0x0000000705500000, 0x0000000705600000|  0%| F|  |TAMS 0x0000000705500000, 0x0000000705500000| Untracked 
|  54|0x0000000705600000, 0x0000000705600000, 0x0000000705700000|  0%| F|  |TAMS 0x0000000705600000, 0x0000000705600000| Untracked 
|  55|0x0000000705700000, 0x0000000705700000, 0x0000000705800000|  0%| F|  |TAMS 0x0000000705700000, 0x0000000705700000| Untracked 
|  56|0x0000000705800000, 0x0000000705800000, 0x0000000705900000|  0%| F|  |TAMS 0x0000000705800000, 0x0000000705800000| Untracked 
|  57|0x0000000705900000, 0x0000000705900000, 0x0000000705a00000|  0%| F|  |TAMS 0x0000000705900000, 0x0000000705900000| Untracked 
|  58|0x0000000705a00000, 0x0000000705a00000, 0x0000000705b00000|  0%| F|  |TAMS 0x0000000705a00000, 0x0000000705a00000| Untracked 
|  59|0x0000000705b00000, 0x0000000705b00000, 0x0000000705c00000|  0%| F|  |TAMS 0x0000000705b00000, 0x0000000705b00000| Untracked 
|  60|0x0000000705c00000, 0x0000000705c00000, 0x0000000705d00000|  0%| F|  |TAMS 0x0000000705c00000, 0x0000000705c00000| Untracked 
|  61|0x0000000705d00000, 0x0000000705d00000, 0x0000000705e00000|  0%| F|  |TAMS 0x0000000705d00000, 0x0000000705d00000| Untracked 
|  62|0x0000000705e00000, 0x0000000705e00000, 0x0000000705f00000|  0%| F|  |TAMS 0x0000000705e00000, 0x0000000705e00000| Untracked 
|  63|0x0000000705f00000, 0x0000000705f00000, 0x0000000706000000|  0%| F|  |TAMS 0x0000000705f00000, 0x0000000705f00000| Untracked 
|  64|0x0000000706000000, 0x0000000706000000, 0x0000000706100000|  0%| F|  |TAMS 0x0000000706000000, 0x0000000706000000| Untracked 
|  65|0x0000000706100000, 0x0000000706100000, 0x0000000706200000|  0%| F|  |TAMS 0x0000000706100000, 0x0000000706100000| Untracked 
|  66|0x0000000706200000, 0x0000000706200000, 0x0000000706300000|  0%| F|  |TAMS 0x0000000706200000, 0x0000000706200000| Untracked 
|  67|0x0000000706300000, 0x0000000706300000, 0x0000000706400000|  0%| F|  |TAMS 0x0000000706300000, 0x0000000706300000| Untracked 
|  68|0x0000000706400000, 0x0000000706400000, 0x0000000706500000|  0%| F|  |TAMS 0x0000000706400000, 0x0000000706400000| Untracked 
|  69|0x0000000706500000, 0x0000000706500000, 0x0000000706600000|  0%| F|  |TAMS 0x0000000706500000, 0x0000000706500000| Untracked 
|  70|0x0000000706600000, 0x0000000706600000, 0x0000000706700000|  0%| F|  |TAMS 0x0000000706600000, 0x0000000706600000| Untracked 
|  71|0x0000000706700000, 0x0000000706700000, 0x0000000706800000|  0%| F|  |TAMS 0x0000000706700000, 0x0000000706700000| Untracked 
|  72|0x0000000706800000, 0x0000000706800000, 0x0000000706900000|  0%| F|  |TAMS 0x0000000706800000, 0x0000000706800000| Untracked 
|  73|0x0000000706900000, 0x0000000706900000, 0x0000000706a00000|  0%| F|  |TAMS 0x0000000706900000, 0x0000000706900000| Untracked 
|  74|0x0000000706a00000, 0x0000000706a00000, 0x0000000706b00000|  0%| F|  |TAMS 0x0000000706a00000, 0x0000000706a00000| Untracked 
|  75|0x0000000706b00000, 0x0000000706b00000, 0x0000000706c00000|  0%| F|  |TAMS 0x0000000706b00000, 0x0000000706b00000| Untracked 
|  76|0x0000000706c00000, 0x0000000706c00000, 0x0000000706d00000|  0%| F|  |TAMS 0x0000000706c00000, 0x0000000706c00000| Untracked 
|  77|0x0000000706d00000, 0x0000000706d00000, 0x0000000706e00000|  0%| F|  |TAMS 0x0000000706d00000, 0x0000000706d00000| Untracked 
|  78|0x0000000706e00000, 0x0000000706e00000, 0x0000000706f00000|  0%| F|  |TAMS 0x0000000706e00000, 0x0000000706e00000| Untracked 
|  79|0x0000000706f00000, 0x0000000706f00000, 0x0000000707000000|  0%| F|  |TAMS 0x0000000706f00000, 0x0000000706f00000| Untracked 
|  80|0x0000000707000000, 0x0000000707000000, 0x0000000707100000|  0%| F|  |TAMS 0x0000000707000000, 0x0000000707000000| Untracked 
|  81|0x0000000707100000, 0x0000000707100000, 0x0000000707200000|  0%| F|  |TAMS 0x0000000707100000, 0x0000000707100000| Untracked 
|  82|0x0000000707200000, 0x0000000707200000, 0x0000000707300000|  0%| F|  |TAMS 0x0000000707200000, 0x0000000707200000| Untracked 
|  83|0x0000000707300000, 0x0000000707300000, 0x0000000707400000|  0%| F|  |TAMS 0x0000000707300000, 0x0000000707300000| Untracked 
|  84|0x0000000707400000, 0x0000000707400000, 0x0000000707500000|  0%| F|  |TAMS 0x0000000707400000, 0x0000000707400000| Untracked 
|  85|0x0000000707500000, 0x0000000707500000, 0x0000000707600000|  0%| F|  |TAMS 0x0000000707500000, 0x0000000707500000| Untracked 
|  86|0x0000000707600000, 0x0000000707600000, 0x0000000707700000|  0%| F|  |TAMS 0x0000000707600000, 0x0000000707600000| Untracked 
|  87|0x0000000707700000, 0x0000000707700000, 0x0000000707800000|  0%| F|  |TAMS 0x0000000707700000, 0x0000000707700000| Untracked 
|  88|0x0000000707800000, 0x0000000707800000, 0x0000000707900000|  0%| F|  |TAMS 0x0000000707800000, 0x0000000707800000| Untracked 
|  89|0x0000000707900000, 0x0000000707900000, 0x0000000707a00000|  0%| F|  |TAMS 0x0000000707900000, 0x0000000707900000| Untracked 
|  90|0x0000000707a00000, 0x0000000707a00000, 0x0000000707b00000|  0%| F|  |TAMS 0x0000000707a00000, 0x0000000707a00000| Untracked 
|  91|0x0000000707b00000, 0x0000000707b00000, 0x0000000707c00000|  0%| F|  |TAMS 0x0000000707b00000, 0x0000000707b00000| Untracked 
|  92|0x0000000707c00000, 0x0000000707c00000, 0x0000000707d00000|  0%| F|  |TAMS 0x0000000707c00000, 0x0000000707c00000| Untracked 
|  93|0x0000000707d00000, 0x0000000707d00000, 0x0000000707e00000|  0%| F|  |TAMS 0x0000000707d00000, 0x0000000707d00000| Untracked 
|  94|0x0000000707e00000, 0x0000000707e00000, 0x0000000707f00000|  0%| F|  |TAMS 0x0000000707e00000, 0x0000000707e00000| Untracked 
|  95|0x0000000707f00000, 0x0000000707f00000, 0x0000000708000000|  0%| F|  |TAMS 0x0000000707f00000, 0x0000000707f00000| Untracked 
|  96|0x0000000708000000, 0x0000000708000000, 0x0000000708100000|  0%| F|  |TAMS 0x0000000708000000, 0x0000000708000000| Untracked 
|  97|0x0000000708100000, 0x0000000708100000, 0x0000000708200000|  0%| F|  |TAMS 0x0000000708100000, 0x0000000708100000| Untracked 
|  98|0x0000000708200000, 0x0000000708200000, 0x0000000708300000|  0%| F|  |TAMS 0x0000000708200000, 0x0000000708200000| Untracked 
|  99|0x0000000708300000, 0x0000000708300000, 0x0000000708400000|  0%| F|  |TAMS 0x0000000708300000, 0x0000000708300000| Untracked 
| 100|0x0000000708400000, 0x0000000708400000, 0x0000000708500000|  0%| F|  |TAMS 0x0000000708400000, 0x0000000708400000| Untracked 
| 101|0x0000000708500000, 0x0000000708500000, 0x0000000708600000|  0%| F|  |TAMS 0x0000000708500000, 0x0000000708500000| Untracked 
| 102|0x0000000708600000, 0x0000000708600000, 0x0000000708700000|  0%| F|  |TAMS 0x0000000708600000, 0x0000000708600000| Untracked 
| 103|0x0000000708700000, 0x0000000708700000, 0x0000000708800000|  0%| F|  |TAMS 0x0000000708700000, 0x0000000708700000| Untracked 
| 104|0x0000000708800000, 0x0000000708800000, 0x0000000708900000|  0%| F|  |TAMS 0x0000000708800000, 0x0000000708800000| Untracked 
| 105|0x0000000708900000, 0x0000000708900000, 0x0000000708a00000|  0%| F|  |TAMS 0x0000000708900000, 0x0000000708900000| Untracked 
| 106|0x0000000708a00000, 0x0000000708a00000, 0x0000000708b00000|  0%| F|  |TAMS 0x0000000708a00000, 0x0000000708a00000| Untracked 
| 107|0x0000000708b00000, 0x0000000708b00000, 0x0000000708c00000|  0%| F|  |TAMS 0x0000000708b00000, 0x0000000708b00000| Untracked 
| 108|0x0000000708c00000, 0x0000000708c00000, 0x0000000708d00000|  0%| F|  |TAMS 0x0000000708c00000, 0x0000000708c00000| Untracked 
| 109|0x0000000708d00000, 0x0000000708d00000, 0x0000000708e00000|  0%| F|  |TAMS 0x0000000708d00000, 0x0000000708d00000| Untracked 
| 110|0x0000000708e00000, 0x0000000708e00000, 0x0000000708f00000|  0%| F|  |TAMS 0x0000000708e00000, 0x0000000708e00000| Untracked 
| 111|0x0000000708f00000, 0x0000000708f00000, 0x0000000709000000|  0%| F|  |TAMS 0x0000000708f00000, 0x0000000708f00000| Untracked 
| 112|0x0000000709000000, 0x0000000709000000, 0x0000000709100000|  0%| F|  |TAMS 0x0000000709000000, 0x0000000709000000| Untracked 
| 113|0x0000000709100000, 0x0000000709100000, 0x0000000709200000|  0%| F|  |TAMS 0x0000000709100000, 0x0000000709100000| Untracked 
| 114|0x0000000709200000, 0x0000000709200000, 0x0000000709300000|  0%| F|  |TAMS 0x0000000709200000, 0x0000000709200000| Untracked 
| 115|0x0000000709300000, 0x0000000709300000, 0x0000000709400000|  0%| F|  |TAMS 0x0000000709300000, 0x0000000709300000| Untracked 
| 116|0x0000000709400000, 0x0000000709400000, 0x0000000709500000|  0%| F|  |TAMS 0x0000000709400000, 0x0000000709400000| Untracked 
| 117|0x0000000709500000, 0x0000000709500000, 0x0000000709600000|  0%| F|  |TAMS 0x0000000709500000, 0x0000000709500000| Untracked 
| 118|0x0000000709600000, 0x0000000709600000, 0x0000000709700000|  0%| F|  |TAMS 0x0000000709600000, 0x0000000709600000| Untracked 
| 119|0x0000000709700000, 0x0000000709700000, 0x0000000709800000|  0%| F|  |TAMS 0x0000000709700000, 0x0000000709700000| Untracked 
| 120|0x0000000709800000, 0x0000000709800000, 0x0000000709900000|  0%| F|  |TAMS 0x0000000709800000, 0x0000000709800000| Untracked 
| 121|0x0000000709900000, 0x0000000709900000, 0x0000000709a00000|  0%| F|  |TAMS 0x0000000709900000, 0x0000000709900000| Untracked 
| 122|0x0000000709a00000, 0x0000000709a00000, 0x0000000709b00000|  0%| F|  |TAMS 0x0000000709a00000, 0x0000000709a00000| Untracked 
| 123|0x0000000709b00000, 0x0000000709b00000, 0x0000000709c00000|  0%| F|  |TAMS 0x0000000709b00000, 0x0000000709b00000| Untracked 
| 124|0x0000000709c00000, 0x0000000709c00000, 0x0000000709d00000|  0%| F|  |TAMS 0x0000000709c00000, 0x0000000709c00000| Untracked 
| 125|0x0000000709d00000, 0x0000000709d00000, 0x0000000709e00000|  0%| F|  |TAMS 0x0000000709d00000, 0x0000000709d00000| Untracked 
| 126|0x0000000709e00000, 0x0000000709e00000, 0x0000000709f00000|  0%| F|  |TAMS 0x0000000709e00000, 0x0000000709e00000| Untracked 
| 127|0x0000000709f00000, 0x0000000709f00000, 0x000000070a000000|  0%| F|  |TAMS 0x0000000709f00000, 0x0000000709f00000| Untracked 
| 128|0x000000070a000000, 0x000000070a000000, 0x000000070a100000|  0%| F|  |TAMS 0x000000070a000000, 0x000000070a000000| Untracked 
| 129|0x000000070a100000, 0x000000070a100000, 0x000000070a200000|  0%| F|  |TAMS 0x000000070a100000, 0x000000070a100000| Untracked 
| 130|0x000000070a200000, 0x000000070a200000, 0x000000070a300000|  0%| F|  |TAMS 0x000000070a200000, 0x000000070a200000| Untracked 
| 131|0x000000070a300000, 0x000000070a300000, 0x000000070a400000|  0%| F|  |TAMS 0x000000070a300000, 0x000000070a300000| Untracked 
| 132|0x000000070a400000, 0x000000070a400000, 0x000000070a500000|  0%| F|  |TAMS 0x000000070a400000, 0x000000070a400000| Untracked 
| 133|0x000000070a500000, 0x000000070a500000, 0x000000070a600000|  0%| F|  |TAMS 0x000000070a500000, 0x000000070a500000| Untracked 
| 134|0x000000070a600000, 0x000000070a600000, 0x000000070a700000|  0%| F|  |TAMS 0x000000070a600000, 0x000000070a600000| Untracked 
| 135|0x000000070a700000, 0x000000070a700000, 0x000000070a800000|  0%| F|  |TAMS 0x000000070a700000, 0x000000070a700000| Untracked 
| 136|0x000000070a800000, 0x000000070a800000, 0x000000070a900000|  0%| F|  |TAMS 0x000000070a800000, 0x000000070a800000| Untracked 
| 137|0x000000070a900000, 0x000000070a900000, 0x000000070aa00000|  0%| F|  |TAMS 0x000000070a900000, 0x000000070a900000| Untracked 
| 138|0x000000070aa00000, 0x000000070aa00000, 0x000000070ab00000|  0%| F|  |TAMS 0x000000070aa00000, 0x000000070aa00000| Untracked 
| 139|0x000000070ab00000, 0x000000070ab00000, 0x000000070ac00000|  0%| F|  |TAMS 0x000000070ab00000, 0x000000070ab00000| Untracked 
| 140|0x000000070ac00000, 0x000000070ac00000, 0x000000070ad00000|  0%| F|  |TAMS 0x000000070ac00000, 0x000000070ac00000| Untracked 
| 141|0x000000070ad00000, 0x000000070ad00000, 0x000000070ae00000|  0%| F|  |TAMS 0x000000070ad00000, 0x000000070ad00000| Untracked 
| 142|0x000000070ae00000, 0x000000070ae00000, 0x000000070af00000|  0%| F|  |TAMS 0x000000070ae00000, 0x000000070ae00000| Untracked 
| 143|0x000000070af00000, 0x000000070af00000, 0x000000070b000000|  0%| F|  |TAMS 0x000000070af00000, 0x000000070af00000| Untracked 
| 144|0x000000070b000000, 0x000000070b000000, 0x000000070b100000|  0%| F|  |TAMS 0x000000070b000000, 0x000000070b000000| Untracked 
| 145|0x000000070b100000, 0x000000070b100000, 0x000000070b200000|  0%| F|  |TAMS 0x000000070b100000, 0x000000070b100000| Untracked 
| 146|0x000000070b200000, 0x000000070b200000, 0x000000070b300000|  0%| F|  |TAMS 0x000000070b200000, 0x000000070b200000| Untracked 
| 147|0x000000070b300000, 0x000000070b300000, 0x000000070b400000|  0%| F|  |TAMS 0x000000070b300000, 0x000000070b300000| Untracked 
| 148|0x000000070b400000, 0x000000070b400000, 0x000000070b500000|  0%| F|  |TAMS 0x000000070b400000, 0x000000070b400000| Untracked 
| 149|0x000000070b500000, 0x000000070b57e4a0, 0x000000070b600000| 49%| S|CS|TAMS 0x000000070b500000, 0x000000070b500000| Complete 
| 150|0x000000070b600000, 0x000000070b700000, 0x000000070b700000|100%| S|CS|TAMS 0x000000070b600000, 0x000000070b600000| Complete 
| 151|0x000000070b700000, 0x000000070b800000, 0x000000070b800000|100%| S|CS|TAMS 0x000000070b700000, 0x000000070b700000| Complete 
| 152|0x000000070b800000, 0x000000070b900000, 0x000000070b900000|100%| S|CS|TAMS 0x000000070b800000, 0x000000070b800000| Complete 
| 153|0x000000070b900000, 0x000000070ba00000, 0x000000070ba00000|100%| S|CS|TAMS 0x000000070b900000, 0x000000070b900000| Complete 
| 154|0x000000070ba00000, 0x000000070bb00000, 0x000000070bb00000|100%| S|CS|TAMS 0x000000070ba00000, 0x000000070ba00000| Complete 
| 155|0x000000070bb00000, 0x000000070bc00000, 0x000000070bc00000|100%| S|CS|TAMS 0x000000070bb00000, 0x000000070bb00000| Complete 
| 156|0x000000070bc00000, 0x000000070bd00000, 0x000000070bd00000|100%| S|CS|TAMS 0x000000070bc00000, 0x000000070bc00000| Complete 
| 157|0x000000070bd00000, 0x000000070be00000, 0x000000070be00000|100%| S|CS|TAMS 0x000000070bd00000, 0x000000070bd00000| Complete 
| 158|0x000000070be00000, 0x000000070bf00000, 0x000000070bf00000|100%| S|CS|TAMS 0x000000070be00000, 0x000000070be00000| Complete 
| 159|0x000000070bf00000, 0x000000070c000000, 0x000000070c000000|100%| S|CS|TAMS 0x000000070bf00000, 0x000000070bf00000| Complete 
| 160|0x000000070c000000, 0x000000070c100000, 0x000000070c100000|100%| S|CS|TAMS 0x000000070c000000, 0x000000070c000000| Complete 
| 161|0x000000070c100000, 0x000000070c200000, 0x000000070c200000|100%| S|CS|TAMS 0x000000070c100000, 0x000000070c100000| Complete 
| 162|0x000000070c200000, 0x000000070c300000, 0x000000070c300000|100%| S|CS|TAMS 0x000000070c200000, 0x000000070c200000| Complete 
| 163|0x000000070c300000, 0x000000070c400000, 0x000000070c400000|100%| S|CS|TAMS 0x000000070c300000, 0x000000070c300000| Complete 
| 164|0x000000070c400000, 0x000000070c500000, 0x000000070c500000|100%| S|CS|TAMS 0x000000070c400000, 0x000000070c400000| Complete 
| 165|0x000000070c500000, 0x000000070c600000, 0x000000070c600000|100%| S|CS|TAMS 0x000000070c500000, 0x000000070c500000| Complete 
| 166|0x000000070c600000, 0x000000070c700000, 0x000000070c700000|100%| S|CS|TAMS 0x000000070c600000, 0x000000070c600000| Complete 
| 167|0x000000070c700000, 0x000000070c800000, 0x000000070c800000|100%| S|CS|TAMS 0x000000070c700000, 0x000000070c700000| Complete 
| 168|0x000000070c800000, 0x000000070c900000, 0x000000070c900000|100%| S|CS|TAMS 0x000000070c800000, 0x000000070c800000| Complete 
| 169|0x000000070c900000, 0x000000070ca00000, 0x000000070ca00000|100%| S|CS|TAMS 0x000000070c900000, 0x000000070c900000| Complete 
| 170|0x000000070ca00000, 0x000000070ca00000, 0x000000070cb00000|  0%| F|  |TAMS 0x000000070ca00000, 0x000000070ca00000| Untracked 
| 171|0x000000070cb00000, 0x000000070cb00000, 0x000000070cc00000|  0%| F|  |TAMS 0x000000070cb00000, 0x000000070cb00000| Untracked 
| 172|0x000000070cc00000, 0x000000070cc00000, 0x000000070cd00000|  0%| F|  |TAMS 0x000000070cc00000, 0x000000070cc00000| Untracked 
| 173|0x000000070cd00000, 0x000000070cd00000, 0x000000070ce00000|  0%| F|  |TAMS 0x000000070cd00000, 0x000000070cd00000| Untracked 
| 174|0x000000070ce00000, 0x000000070ce00000, 0x000000070cf00000|  0%| F|  |TAMS 0x000000070ce00000, 0x000000070ce00000| Untracked 
| 175|0x000000070cf00000, 0x000000070cf00000, 0x000000070d000000|  0%| F|  |TAMS 0x000000070cf00000, 0x000000070cf00000| Untracked 
| 176|0x000000070d000000, 0x000000070d000000, 0x000000070d100000|  0%| F|  |TAMS 0x000000070d000000, 0x000000070d000000| Untracked 
| 177|0x000000070d100000, 0x000000070d100000, 0x000000070d200000|  0%| F|  |TAMS 0x000000070d100000, 0x000000070d100000| Untracked 
| 178|0x000000070d200000, 0x000000070d200000, 0x000000070d300000|  0%| F|  |TAMS 0x000000070d200000, 0x000000070d200000| Untracked 
| 179|0x000000070d300000, 0x000000070d300000, 0x000000070d400000|  0%| F|  |TAMS 0x000000070d300000, 0x000000070d300000| Untracked 
| 180|0x000000070d400000, 0x000000070d400000, 0x000000070d500000|  0%| F|  |TAMS 0x000000070d400000, 0x000000070d400000| Untracked 
| 181|0x000000070d500000, 0x000000070d500000, 0x000000070d600000|  0%| F|  |TAMS 0x000000070d500000, 0x000000070d500000| Untracked 
| 182|0x000000070d600000, 0x000000070d600000, 0x000000070d700000|  0%| F|  |TAMS 0x000000070d600000, 0x000000070d600000| Untracked 
| 183|0x000000070d700000, 0x000000070d700000, 0x000000070d800000|  0%| F|  |TAMS 0x000000070d700000, 0x000000070d700000| Untracked 
| 184|0x000000070d800000, 0x000000070d800000, 0x000000070d900000|  0%| F|  |TAMS 0x000000070d800000, 0x000000070d800000| Untracked 
| 185|0x000000070d900000, 0x000000070d900000, 0x000000070da00000|  0%| F|  |TAMS 0x000000070d900000, 0x000000070d900000| Untracked 
| 186|0x000000070da00000, 0x000000070da00000, 0x000000070db00000|  0%| F|  |TAMS 0x000000070da00000, 0x000000070da00000| Untracked 
| 187|0x000000070db00000, 0x000000070db00000, 0x000000070dc00000|  0%| F|  |TAMS 0x000000070db00000, 0x000000070db00000| Untracked 
| 188|0x000000070dc00000, 0x000000070dc00000, 0x000000070dd00000|  0%| F|  |TAMS 0x000000070dc00000, 0x000000070dc00000| Untracked 
| 189|0x000000070dd00000, 0x000000070dd00000, 0x000000070de00000|  0%| F|  |TAMS 0x000000070dd00000, 0x000000070dd00000| Untracked 
| 190|0x000000070de00000, 0x000000070de00000, 0x000000070df00000|  0%| F|  |TAMS 0x000000070de00000, 0x000000070de00000| Untracked 
| 191|0x000000070df00000, 0x000000070df00000, 0x000000070e000000|  0%| F|  |TAMS 0x000000070df00000, 0x000000070df00000| Untracked 
| 192|0x000000070e000000, 0x000000070e000000, 0x000000070e100000|  0%| F|  |TAMS 0x000000070e000000, 0x000000070e000000| Untracked 
| 193|0x000000070e100000, 0x000000070e100000, 0x000000070e200000|  0%| F|  |TAMS 0x000000070e100000, 0x000000070e100000| Untracked 
| 194|0x000000070e200000, 0x000000070e200000, 0x000000070e300000|  0%| F|  |TAMS 0x000000070e200000, 0x000000070e200000| Untracked 
| 195|0x000000070e300000, 0x000000070e300000, 0x000000070e400000|  0%| F|  |TAMS 0x000000070e300000, 0x000000070e300000| Untracked 
| 196|0x000000070e400000, 0x000000070e400000, 0x000000070e500000|  0%| F|  |TAMS 0x000000070e400000, 0x000000070e400000| Untracked 
| 197|0x000000070e500000, 0x000000070e500000, 0x000000070e600000|  0%| F|  |TAMS 0x000000070e500000, 0x000000070e500000| Untracked 
| 198|0x000000070e600000, 0x000000070e600000, 0x000000070e700000|  0%| F|  |TAMS 0x000000070e600000, 0x000000070e600000| Untracked 
| 199|0x000000070e700000, 0x000000070e700000, 0x000000070e800000|  0%| F|  |TAMS 0x000000070e700000, 0x000000070e700000| Untracked 
| 200|0x000000070e800000, 0x000000070e800000, 0x000000070e900000|  0%| F|  |TAMS 0x000000070e800000, 0x000000070e800000| Untracked 
| 201|0x000000070e900000, 0x000000070e900000, 0x000000070ea00000|  0%| F|  |TAMS 0x000000070e900000, 0x000000070e900000| Untracked 
| 202|0x000000070ea00000, 0x000000070ea00000, 0x000000070eb00000|  0%| F|  |TAMS 0x000000070ea00000, 0x000000070ea00000| Untracked 
| 203|0x000000070eb00000, 0x000000070eb00000, 0x000000070ec00000|  0%| F|  |TAMS 0x000000070eb00000, 0x000000070eb00000| Untracked 
| 204|0x000000070ec00000, 0x000000070ec00000, 0x000000070ed00000|  0%| F|  |TAMS 0x000000070ec00000, 0x000000070ec00000| Untracked 
| 205|0x000000070ed00000, 0x000000070ed00000, 0x000000070ee00000|  0%| F|  |TAMS 0x000000070ed00000, 0x000000070ed00000| Untracked 
| 206|0x000000070ee00000, 0x000000070ee00000, 0x000000070ef00000|  0%| F|  |TAMS 0x000000070ee00000, 0x000000070ee00000| Untracked 
| 207|0x000000070ef00000, 0x000000070ef00000, 0x000000070f000000|  0%| F|  |TAMS 0x000000070ef00000, 0x000000070ef00000| Untracked 
| 208|0x000000070f000000, 0x000000070f080800, 0x000000070f100000| 50%| E|  |TAMS 0x000000070f000000, 0x000000070f000000| Complete 
| 209|0x000000070f100000, 0x000000070f200000, 0x000000070f200000|100%| E|CS|TAMS 0x000000070f100000, 0x000000070f100000| Complete 
| 210|0x000000070f200000, 0x000000070f300000, 0x000000070f300000|100%| E|CS|TAMS 0x000000070f200000, 0x000000070f200000| Complete 
| 211|0x000000070f300000, 0x000000070f400000, 0x000000070f400000|100%| E|CS|TAMS 0x000000070f300000, 0x000000070f300000| Complete 
| 212|0x000000070f400000, 0x000000070f500000, 0x000000070f500000|100%| E|CS|TAMS 0x000000070f400000, 0x000000070f400000| Complete 
| 213|0x000000070f500000, 0x000000070f600000, 0x000000070f600000|100%| E|CS|TAMS 0x000000070f500000, 0x000000070f500000| Complete 
| 214|0x000000070f600000, 0x000000070f700000, 0x000000070f700000|100%| E|CS|TAMS 0x000000070f600000, 0x000000070f600000| Complete 
| 215|0x000000070f700000, 0x000000070f800000, 0x000000070f800000|100%| E|CS|TAMS 0x000000070f700000, 0x000000070f700000| Complete 
| 216|0x000000070f800000, 0x000000070f900000, 0x000000070f900000|100%| E|CS|TAMS 0x000000070f800000, 0x000000070f800000| Complete 
| 217|0x000000070f900000, 0x000000070fa00000, 0x000000070fa00000|100%| E|CS|TAMS 0x000000070f900000, 0x000000070f900000| Complete 
| 218|0x000000070fa00000, 0x000000070fb00000, 0x000000070fb00000|100%| E|CS|TAMS 0x000000070fa00000, 0x000000070fa00000| Complete 
| 219|0x000000070fb00000, 0x000000070fc00000, 0x000000070fc00000|100%| E|CS|TAMS 0x000000070fb00000, 0x000000070fb00000| Complete 
| 220|0x000000070fc00000, 0x000000070fd00000, 0x000000070fd00000|100%| E|CS|TAMS 0x000000070fc00000, 0x000000070fc00000| Complete 
| 221|0x000000070fd00000, 0x000000070fe00000, 0x000000070fe00000|100%| E|CS|TAMS 0x000000070fd00000, 0x000000070fd00000| Complete 
| 222|0x000000070fe00000, 0x000000070ff00000, 0x000000070ff00000|100%| E|CS|TAMS 0x000000070fe00000, 0x000000070fe00000| Complete 
| 223|0x000000070ff00000, 0x0000000710000000, 0x0000000710000000|100%| E|CS|TAMS 0x000000070ff00000, 0x000000070ff00000| Complete 
| 224|0x0000000710000000, 0x0000000710100000, 0x0000000710100000|100%| E|CS|TAMS 0x0000000710000000, 0x0000000710000000| Complete 
| 225|0x0000000710100000, 0x0000000710200000, 0x0000000710200000|100%| E|CS|TAMS 0x0000000710100000, 0x0000000710100000| Complete 
| 226|0x0000000710200000, 0x0000000710300000, 0x0000000710300000|100%| E|CS|TAMS 0x0000000710200000, 0x0000000710200000| Complete 
| 227|0x0000000710300000, 0x0000000710400000, 0x0000000710400000|100%| E|CS|TAMS 0x0000000710300000, 0x0000000710300000| Complete 
| 228|0x0000000710400000, 0x0000000710500000, 0x0000000710500000|100%| E|CS|TAMS 0x0000000710400000, 0x0000000710400000| Complete 
| 229|0x0000000710500000, 0x0000000710600000, 0x0000000710600000|100%| E|CS|TAMS 0x0000000710500000, 0x0000000710500000| Complete 
| 230|0x0000000710600000, 0x0000000710700000, 0x0000000710700000|100%| E|CS|TAMS 0x0000000710600000, 0x0000000710600000| Complete 
| 231|0x0000000710700000, 0x0000000710800000, 0x0000000710800000|100%| E|CS|TAMS 0x0000000710700000, 0x0000000710700000| Complete 
| 232|0x0000000710800000, 0x0000000710900000, 0x0000000710900000|100%| E|CS|TAMS 0x0000000710800000, 0x0000000710800000| Complete 
| 233|0x0000000710900000, 0x0000000710a00000, 0x0000000710a00000|100%| E|CS|TAMS 0x0000000710900000, 0x0000000710900000| Complete 
| 234|0x0000000710a00000, 0x0000000710b00000, 0x0000000710b00000|100%| E|CS|TAMS 0x0000000710a00000, 0x0000000710a00000| Complete 
| 235|0x0000000710b00000, 0x0000000710c00000, 0x0000000710c00000|100%| E|CS|TAMS 0x0000000710b00000, 0x0000000710b00000| Complete 
| 236|0x0000000710c00000, 0x0000000710d00000, 0x0000000710d00000|100%| E|CS|TAMS 0x0000000710c00000, 0x0000000710c00000| Complete 
| 237|0x0000000710d00000, 0x0000000710e00000, 0x0000000710e00000|100%| E|CS|TAMS 0x0000000710d00000, 0x0000000710d00000| Complete 
| 238|0x0000000710e00000, 0x0000000710f00000, 0x0000000710f00000|100%| E|CS|TAMS 0x0000000710e00000, 0x0000000710e00000| Complete 
| 239|0x0000000710f00000, 0x0000000711000000, 0x0000000711000000|100%| E|CS|TAMS 0x0000000710f00000, 0x0000000710f00000| Complete 
| 240|0x0000000711000000, 0x0000000711100000, 0x0000000711100000|100%| E|CS|TAMS 0x0000000711000000, 0x0000000711000000| Complete 
| 241|0x0000000711100000, 0x0000000711200000, 0x0000000711200000|100%| E|CS|TAMS 0x0000000711100000, 0x0000000711100000| Complete 
| 242|0x0000000711200000, 0x0000000711300000, 0x0000000711300000|100%| E|CS|TAMS 0x0000000711200000, 0x0000000711200000| Complete 
| 243|0x0000000711300000, 0x0000000711400000, 0x0000000711400000|100%| E|CS|TAMS 0x0000000711300000, 0x0000000711300000| Complete 
| 244|0x0000000711400000, 0x0000000711500000, 0x0000000711500000|100%| E|CS|TAMS 0x0000000711400000, 0x0000000711400000| Complete 
| 245|0x0000000711500000, 0x0000000711600000, 0x0000000711600000|100%| E|CS|TAMS 0x0000000711500000, 0x0000000711500000| Complete 
| 246|0x0000000711600000, 0x0000000711700000, 0x0000000711700000|100%| E|CS|TAMS 0x0000000711600000, 0x0000000711600000| Complete 
| 247|0x0000000711700000, 0x0000000711800000, 0x0000000711800000|100%| E|CS|TAMS 0x0000000711700000, 0x0000000711700000| Complete 
| 248|0x0000000711800000, 0x0000000711900000, 0x0000000711900000|100%| E|CS|TAMS 0x0000000711800000, 0x0000000711800000| Complete 
| 249|0x0000000711900000, 0x0000000711a00000, 0x0000000711a00000|100%| E|CS|TAMS 0x0000000711900000, 0x0000000711900000| Complete 
| 250|0x0000000711a00000, 0x0000000711b00000, 0x0000000711b00000|100%| E|CS|TAMS 0x0000000711a00000, 0x0000000711a00000| Complete 
| 251|0x0000000711b00000, 0x0000000711c00000, 0x0000000711c00000|100%| E|CS|TAMS 0x0000000711b00000, 0x0000000711b00000| Complete 
| 252|0x0000000711c00000, 0x0000000711d00000, 0x0000000711d00000|100%| E|CS|TAMS 0x0000000711c00000, 0x0000000711c00000| Complete 
| 253|0x0000000711d00000, 0x0000000711e00000, 0x0000000711e00000|100%| E|CS|TAMS 0x0000000711d00000, 0x0000000711d00000| Complete 
| 254|0x0000000711e00000, 0x0000000711f00000, 0x0000000711f00000|100%| E|CS|TAMS 0x0000000711e00000, 0x0000000711e00000| Complete 
| 255|0x0000000711f00000, 0x0000000712000000, 0x0000000712000000|100%| E|CS|TAMS 0x0000000711f00000, 0x0000000711f00000| Complete 
| 256|0x0000000712000000, 0x0000000712100000, 0x0000000712100000|100%| E|CS|TAMS 0x0000000712000000, 0x0000000712000000| Complete 
| 257|0x0000000712100000, 0x0000000712200000, 0x0000000712200000|100%| E|CS|TAMS 0x0000000712100000, 0x0000000712100000| Complete 
| 258|0x0000000712200000, 0x0000000712300000, 0x0000000712300000|100%| E|CS|TAMS 0x0000000712200000, 0x0000000712200000| Complete 
| 259|0x0000000712300000, 0x0000000712400000, 0x0000000712400000|100%| E|CS|TAMS 0x0000000712300000, 0x0000000712300000| Complete 
| 260|0x0000000712400000, 0x0000000712500000, 0x0000000712500000|100%| E|CS|TAMS 0x0000000712400000, 0x0000000712400000| Complete 
| 261|0x0000000712500000, 0x0000000712600000, 0x0000000712600000|100%| E|CS|TAMS 0x0000000712500000, 0x0000000712500000| Complete 
| 262|0x0000000712600000, 0x0000000712700000, 0x0000000712700000|100%| E|CS|TAMS 0x0000000712600000, 0x0000000712600000| Complete 
| 263|0x0000000712700000, 0x0000000712800000, 0x0000000712800000|100%| E|CS|TAMS 0x0000000712700000, 0x0000000712700000| Complete 
| 264|0x0000000712800000, 0x0000000712900000, 0x0000000712900000|100%| E|CS|TAMS 0x0000000712800000, 0x0000000712800000| Complete 
| 265|0x0000000712900000, 0x0000000712a00000, 0x0000000712a00000|100%| E|CS|TAMS 0x0000000712900000, 0x0000000712900000| Complete 
| 266|0x0000000712a00000, 0x0000000712b00000, 0x0000000712b00000|100%| E|CS|TAMS 0x0000000712a00000, 0x0000000712a00000| Complete 
| 267|0x0000000712b00000, 0x0000000712c00000, 0x0000000712c00000|100%| E|CS|TAMS 0x0000000712b00000, 0x0000000712b00000| Complete 
| 268|0x0000000712c00000, 0x0000000712d00000, 0x0000000712d00000|100%| E|CS|TAMS 0x0000000712c00000, 0x0000000712c00000| Complete 
| 269|0x0000000712d00000, 0x0000000712e00000, 0x0000000712e00000|100%| E|CS|TAMS 0x0000000712d00000, 0x0000000712d00000| Complete 
| 270|0x0000000712e00000, 0x0000000712f00000, 0x0000000712f00000|100%| E|CS|TAMS 0x0000000712e00000, 0x0000000712e00000| Complete 
| 271|0x0000000712f00000, 0x0000000713000000, 0x0000000713000000|100%| E|CS|TAMS 0x0000000712f00000, 0x0000000712f00000| Complete 
| 272|0x0000000713000000, 0x0000000713100000, 0x0000000713100000|100%| E|CS|TAMS 0x0000000713000000, 0x0000000713000000| Complete 
| 273|0x0000000713100000, 0x0000000713200000, 0x0000000713200000|100%| E|CS|TAMS 0x0000000713100000, 0x0000000713100000| Complete 
| 274|0x0000000713200000, 0x0000000713300000, 0x0000000713300000|100%| E|CS|TAMS 0x0000000713200000, 0x0000000713200000| Complete 
| 275|0x0000000713300000, 0x0000000713400000, 0x0000000713400000|100%| E|CS|TAMS 0x0000000713300000, 0x0000000713300000| Complete 
| 276|0x0000000713400000, 0x0000000713500000, 0x0000000713500000|100%| E|CS|TAMS 0x0000000713400000, 0x0000000713400000| Complete 
| 277|0x0000000713500000, 0x0000000713600000, 0x0000000713600000|100%| E|CS|TAMS 0x0000000713500000, 0x0000000713500000| Complete 
| 278|0x0000000713600000, 0x0000000713700000, 0x0000000713700000|100%| E|CS|TAMS 0x0000000713600000, 0x0000000713600000| Complete 
| 279|0x0000000713700000, 0x0000000713800000, 0x0000000713800000|100%| E|CS|TAMS 0x0000000713700000, 0x0000000713700000| Complete 
| 280|0x0000000713800000, 0x0000000713900000, 0x0000000713900000|100%| E|CS|TAMS 0x0000000713800000, 0x0000000713800000| Complete 
| 281|0x0000000713900000, 0x0000000713a00000, 0x0000000713a00000|100%| E|CS|TAMS 0x0000000713900000, 0x0000000713900000| Complete 
| 282|0x0000000713a00000, 0x0000000713b00000, 0x0000000713b00000|100%| E|CS|TAMS 0x0000000713a00000, 0x0000000713a00000| Complete 
| 283|0x0000000713b00000, 0x0000000713c00000, 0x0000000713c00000|100%| E|CS|TAMS 0x0000000713b00000, 0x0000000713b00000| Complete 
| 284|0x0000000713c00000, 0x0000000713d00000, 0x0000000713d00000|100%| E|CS|TAMS 0x0000000713c00000, 0x0000000713c00000| Complete 
| 285|0x0000000713d00000, 0x0000000713e00000, 0x0000000713e00000|100%| E|CS|TAMS 0x0000000713d00000, 0x0000000713d00000| Complete 
| 286|0x0000000713e00000, 0x0000000713f00000, 0x0000000713f00000|100%| E|CS|TAMS 0x0000000713e00000, 0x0000000713e00000| Complete 
| 287|0x0000000713f00000, 0x0000000714000000, 0x0000000714000000|100%| E|CS|TAMS 0x0000000713f00000, 0x0000000713f00000| Complete 
| 288|0x0000000714000000, 0x0000000714100000, 0x0000000714100000|100%| E|CS|TAMS 0x0000000714000000, 0x0000000714000000| Complete 
| 289|0x0000000714100000, 0x0000000714200000, 0x0000000714200000|100%| E|CS|TAMS 0x0000000714100000, 0x0000000714100000| Complete 
| 290|0x0000000714200000, 0x0000000714300000, 0x0000000714300000|100%| E|CS|TAMS 0x0000000714200000, 0x0000000714200000| Complete 
| 291|0x0000000714300000, 0x0000000714400000, 0x0000000714400000|100%| E|CS|TAMS 0x0000000714300000, 0x0000000714300000| Complete 
| 292|0x0000000714400000, 0x0000000714500000, 0x0000000714500000|100%| E|CS|TAMS 0x0000000714400000, 0x0000000714400000| Complete 
| 293|0x0000000714500000, 0x0000000714600000, 0x0000000714600000|100%| E|CS|TAMS 0x0000000714500000, 0x0000000714500000| Complete 
| 294|0x0000000714600000, 0x0000000714700000, 0x0000000714700000|100%| E|CS|TAMS 0x0000000714600000, 0x0000000714600000| Complete 
| 295|0x0000000714700000, 0x0000000714800000, 0x0000000714800000|100%| E|CS|TAMS 0x0000000714700000, 0x0000000714700000| Complete 
| 296|0x0000000714800000, 0x0000000714900000, 0x0000000714900000|100%| E|CS|TAMS 0x0000000714800000, 0x0000000714800000| Complete 
| 297|0x0000000714900000, 0x0000000714a00000, 0x0000000714a00000|100%| E|CS|TAMS 0x0000000714900000, 0x0000000714900000| Complete 
| 298|0x0000000714a00000, 0x0000000714b00000, 0x0000000714b00000|100%| E|CS|TAMS 0x0000000714a00000, 0x0000000714a00000| Complete 
| 299|0x0000000714b00000, 0x0000000714c00000, 0x0000000714c00000|100%| E|CS|TAMS 0x0000000714b00000, 0x0000000714b00000| Complete 
| 300|0x0000000714c00000, 0x0000000714d00000, 0x0000000714d00000|100%| E|CS|TAMS 0x0000000714c00000, 0x0000000714c00000| Complete 
| 301|0x0000000714d00000, 0x0000000714e00000, 0x0000000714e00000|100%| E|CS|TAMS 0x0000000714d00000, 0x0000000714d00000| Complete 
| 302|0x0000000714e00000, 0x0000000714f00000, 0x0000000714f00000|100%| E|CS|TAMS 0x0000000714e00000, 0x0000000714e00000| Complete 
| 303|0x0000000714f00000, 0x0000000715000000, 0x0000000715000000|100%| E|CS|TAMS 0x0000000714f00000, 0x0000000714f00000| Complete 
| 304|0x0000000715000000, 0x0000000715100000, 0x0000000715100000|100%| E|CS|TAMS 0x0000000715000000, 0x0000000715000000| Complete 
| 305|0x0000000715100000, 0x0000000715200000, 0x0000000715200000|100%| E|CS|TAMS 0x0000000715100000, 0x0000000715100000| Complete 
| 306|0x0000000715200000, 0x0000000715300000, 0x0000000715300000|100%| E|CS|TAMS 0x0000000715200000, 0x0000000715200000| Complete 
| 307|0x0000000715300000, 0x0000000715400000, 0x0000000715400000|100%| E|CS|TAMS 0x0000000715300000, 0x0000000715300000| Complete 
| 308|0x0000000715400000, 0x0000000715500000, 0x0000000715500000|100%| E|CS|TAMS 0x0000000715400000, 0x0000000715400000| Complete 
| 309|0x0000000715500000, 0x0000000715600000, 0x0000000715600000|100%| E|  |TAMS 0x0000000715500000, 0x0000000715500000| Complete 
| 310|0x0000000715600000, 0x0000000715700000, 0x0000000715700000|100%| E|CS|TAMS 0x0000000715600000, 0x0000000715600000| Complete 
| 311|0x0000000715700000, 0x0000000715800000, 0x0000000715800000|100%| E|CS|TAMS 0x0000000715700000, 0x0000000715700000| Complete 
| 312|0x0000000715800000, 0x0000000715900000, 0x0000000715900000|100%| E|CS|TAMS 0x0000000715800000, 0x0000000715800000| Complete 
| 313|0x0000000715900000, 0x0000000715a00000, 0x0000000715a00000|100%| E|CS|TAMS 0x0000000715900000, 0x0000000715900000| Complete 
| 314|0x0000000715a00000, 0x0000000715b00000, 0x0000000715b00000|100%| E|CS|TAMS 0x0000000715a00000, 0x0000000715a00000| Complete 
| 315|0x0000000715b00000, 0x0000000715c00000, 0x0000000715c00000|100%| E|CS|TAMS 0x0000000715b00000, 0x0000000715b00000| Complete 
| 316|0x0000000715c00000, 0x0000000715d00000, 0x0000000715d00000|100%| E|CS|TAMS 0x0000000715c00000, 0x0000000715c00000| Complete 
| 317|0x0000000715d00000, 0x0000000715e00000, 0x0000000715e00000|100%| E|CS|TAMS 0x0000000715d00000, 0x0000000715d00000| Complete 
| 318|0x0000000715e00000, 0x0000000715f00000, 0x0000000715f00000|100%| E|CS|TAMS 0x0000000715e00000, 0x0000000715e00000| Complete 
| 319|0x0000000715f00000, 0x0000000716000000, 0x0000000716000000|100%| E|CS|TAMS 0x0000000715f00000, 0x0000000715f00000| Complete 
| 320|0x0000000716000000, 0x0000000716100000, 0x0000000716100000|100%| E|CS|TAMS 0x0000000716000000, 0x0000000716000000| Complete 
| 321|0x0000000716100000, 0x0000000716200000, 0x0000000716200000|100%| E|CS|TAMS 0x0000000716100000, 0x0000000716100000| Complete 
| 322|0x0000000716200000, 0x0000000716300000, 0x0000000716300000|100%| E|CS|TAMS 0x0000000716200000, 0x0000000716200000| Complete 
| 323|0x0000000716300000, 0x0000000716400000, 0x0000000716400000|100%| E|CS|TAMS 0x0000000716300000, 0x0000000716300000| Complete 
| 324|0x0000000716400000, 0x0000000716500000, 0x0000000716500000|100%| E|CS|TAMS 0x0000000716400000, 0x0000000716400000| Complete 
| 325|0x0000000716500000, 0x0000000716600000, 0x0000000716600000|100%| E|CS|TAMS 0x0000000716500000, 0x0000000716500000| Complete 
| 326|0x0000000716600000, 0x0000000716700000, 0x0000000716700000|100%| E|CS|TAMS 0x0000000716600000, 0x0000000716600000| Complete 
| 327|0x0000000716700000, 0x0000000716800000, 0x0000000716800000|100%| E|CS|TAMS 0x0000000716700000, 0x0000000716700000| Complete 
| 328|0x0000000716800000, 0x0000000716900000, 0x0000000716900000|100%| E|CS|TAMS 0x0000000716800000, 0x0000000716800000| Complete 
| 329|0x0000000716900000, 0x0000000716a00000, 0x0000000716a00000|100%| E|CS|TAMS 0x0000000716900000, 0x0000000716900000| Complete 
| 330|0x0000000716a00000, 0x0000000716b00000, 0x0000000716b00000|100%| E|CS|TAMS 0x0000000716a00000, 0x0000000716a00000| Complete 
| 331|0x0000000716b00000, 0x0000000716c00000, 0x0000000716c00000|100%| E|CS|TAMS 0x0000000716b00000, 0x0000000716b00000| Complete 
| 332|0x0000000716c00000, 0x0000000716d00000, 0x0000000716d00000|100%| E|CS|TAMS 0x0000000716c00000, 0x0000000716c00000| Complete 
| 333|0x0000000716d00000, 0x0000000716e00000, 0x0000000716e00000|100%| E|CS|TAMS 0x0000000716d00000, 0x0000000716d00000| Complete 
| 334|0x0000000716e00000, 0x0000000716f00000, 0x0000000716f00000|100%| E|CS|TAMS 0x0000000716e00000, 0x0000000716e00000| Complete 
| 335|0x0000000716f00000, 0x0000000717000000, 0x0000000717000000|100%| E|CS|TAMS 0x0000000716f00000, 0x0000000716f00000| Complete 
| 336|0x0000000717000000, 0x0000000717100000, 0x0000000717100000|100%| E|CS|TAMS 0x0000000717000000, 0x0000000717000000| Complete 
| 337|0x0000000717100000, 0x0000000717200000, 0x0000000717200000|100%| E|CS|TAMS 0x0000000717100000, 0x0000000717100000| Complete 
| 338|0x0000000717200000, 0x0000000717300000, 0x0000000717300000|100%| E|CS|TAMS 0x0000000717200000, 0x0000000717200000| Complete 
| 339|0x0000000717300000, 0x0000000717400000, 0x0000000717400000|100%| E|CS|TAMS 0x0000000717300000, 0x0000000717300000| Complete 
| 340|0x0000000717400000, 0x0000000717500000, 0x0000000717500000|100%| E|CS|TAMS 0x0000000717400000, 0x0000000717400000| Complete 
| 341|0x0000000717500000, 0x0000000717600000, 0x0000000717600000|100%| E|CS|TAMS 0x0000000717500000, 0x0000000717500000| Complete 
| 342|0x0000000717600000, 0x0000000717700000, 0x0000000717700000|100%| E|CS|TAMS 0x0000000717600000, 0x0000000717600000| Complete 
| 343|0x0000000717700000, 0x0000000717800000, 0x0000000717800000|100%| E|CS|TAMS 0x0000000717700000, 0x0000000717700000| Complete 
| 344|0x0000000717800000, 0x0000000717900000, 0x0000000717900000|100%| E|CS|TAMS 0x0000000717800000, 0x0000000717800000| Complete 
| 345|0x0000000717900000, 0x0000000717a00000, 0x0000000717a00000|100%| E|CS|TAMS 0x0000000717900000, 0x0000000717900000| Complete 
| 346|0x0000000717a00000, 0x0000000717b00000, 0x0000000717b00000|100%| E|CS|TAMS 0x0000000717a00000, 0x0000000717a00000| Complete 
| 347|0x0000000717b00000, 0x0000000717c00000, 0x0000000717c00000|100%| E|CS|TAMS 0x0000000717b00000, 0x0000000717b00000| Complete 
| 348|0x0000000717c00000, 0x0000000717d00000, 0x0000000717d00000|100%| E|CS|TAMS 0x0000000717c00000, 0x0000000717c00000| Complete 
| 349|0x0000000717d00000, 0x0000000717e00000, 0x0000000717e00000|100%| E|CS|TAMS 0x0000000717d00000, 0x0000000717d00000| Complete 
| 350|0x0000000717e00000, 0x0000000717f00000, 0x0000000717f00000|100%| E|CS|TAMS 0x0000000717e00000, 0x0000000717e00000| Complete 
| 351|0x0000000717f00000, 0x0000000718000000, 0x0000000718000000|100%| E|CS|TAMS 0x0000000717f00000, 0x0000000717f00000| Complete 
| 352|0x0000000718000000, 0x0000000718100000, 0x0000000718100000|100%| E|CS|TAMS 0x0000000718000000, 0x0000000718000000| Complete 
| 353|0x0000000718100000, 0x0000000718200000, 0x0000000718200000|100%| E|CS|TAMS 0x0000000718100000, 0x0000000718100000| Complete 
| 354|0x0000000718200000, 0x0000000718300000, 0x0000000718300000|100%| E|CS|TAMS 0x0000000718200000, 0x0000000718200000| Complete 
| 355|0x0000000718300000, 0x0000000718400000, 0x0000000718400000|100%| E|CS|TAMS 0x0000000718300000, 0x0000000718300000| Complete 
| 356|0x0000000718400000, 0x0000000718500000, 0x0000000718500000|100%| E|CS|TAMS 0x0000000718400000, 0x0000000718400000| Complete 
| 357|0x0000000718500000, 0x0000000718600000, 0x0000000718600000|100%| E|CS|TAMS 0x0000000718500000, 0x0000000718500000| Complete 
| 358|0x0000000718600000, 0x0000000718700000, 0x0000000718700000|100%| E|CS|TAMS 0x0000000718600000, 0x0000000718600000| Complete 
| 359|0x0000000718700000, 0x0000000718800000, 0x0000000718800000|100%| E|CS|TAMS 0x0000000718700000, 0x0000000718700000| Complete 
| 360|0x0000000718800000, 0x0000000718900000, 0x0000000718900000|100%| E|CS|TAMS 0x0000000718800000, 0x0000000718800000| Complete 
| 361|0x0000000718900000, 0x0000000718a00000, 0x0000000718a00000|100%| E|CS|TAMS 0x0000000718900000, 0x0000000718900000| Complete 
| 362|0x0000000718a00000, 0x0000000718b00000, 0x0000000718b00000|100%| E|CS|TAMS 0x0000000718a00000, 0x0000000718a00000| Complete 
| 363|0x0000000718b00000, 0x0000000718c00000, 0x0000000718c00000|100%| E|CS|TAMS 0x0000000718b00000, 0x0000000718b00000| Complete 
| 364|0x0000000718c00000, 0x0000000718d00000, 0x0000000718d00000|100%| E|CS|TAMS 0x0000000718c00000, 0x0000000718c00000| Complete 
| 365|0x0000000718d00000, 0x0000000718e00000, 0x0000000718e00000|100%| E|CS|TAMS 0x0000000718d00000, 0x0000000718d00000| Complete 

Card table byte_map: [0x000001433a6c0000,0x000001433aeb0000] _byte_map_base: 0x0000014336eb0000

Marking Bits (Prev, Next): (CMBitMap*) 0x000001432289a320, (CMBitMap*) 0x000001432289a2e8
 Prev Bits: [0x000001433f620000, 0x00000143435a0000)
 Next Bits: [0x000001433b6a0000, 0x000001433f620000)

Polling page: 0x0000014320750000

Metaspace:

Usage:
  Non-class:     72.74 MB capacity,    70.68 MB ( 97%) used,     1.66 MB (  2%) free+waste,   410.81 KB ( <1%) overhead. 
      Class:     12.63 MB capacity,    11.30 MB ( 89%) used,     1.13 MB (  9%) free+waste,   202.25 KB (  2%) overhead. 
       Both:     85.37 MB capacity,    81.98 MB ( 96%) used,     2.79 MB (  3%) free+waste,   613.06 KB ( <1%) overhead. 

Virtual space:
  Non-class space:       74.00 MB reserved,      72.75 MB ( 98%) committed 
      Class space:        1.00 GB reserved,      12.75 MB (  1%) committed 
             Both:        1.07 GB reserved,      85.50 MB (  8%) committed 

Chunk freelists:
   Non-Class:  1.50 KB
       Class:  128 bytes
        Both:  1.63 KB

CodeHeap 'non-profiled nmethods': size=238336Kb used=16439Kb max_used=16439Kb free=221896Kb
 bounds [0x000001432b2e0000, 0x000001432c2f0000, 0x0000014339ba0000]
CodeHeap 'non-nmethods': size=7424Kb used=1566Kb max_used=1566Kb free=5857Kb
 bounds [0x000001432aba0000, 0x000001432ae10000, 0x000001432b2e0000]
 total_blobs=10094 nmethods=9064 adapters=894
 compilation: enabled
              stopped_count=0, restarted_count=0
 full_count=0

Compilation events (10 events):
Event: 10.013 Thread 0x0000014346a38800 9113       1       java.util.WeakHashMap$Entry::getKey (8 bytes)
Event: 10.013 Thread 0x0000014346a38800 nmethod 9113 0x000001432c2ecd90 code [0x000001432c2ecf40, 0x000001432c2ed098]
Event: 10.013 Thread 0x0000014346a38800 9114       1       java.util.WeakHashMap::unmaskNull (13 bytes)
Event: 10.013 Thread 0x0000014346a38800 nmethod 9114 0x000001432c2ed110 code [0x000001432c2ed2c0, 0x000001432c2ed3d8]
Event: 10.061 Thread 0x0000014346a38800 9115       1       java.util.WeakHashMap$Entry::getValue (5 bytes)
Event: 10.061 Thread 0x0000014346a38800 nmethod 9115 0x000001432c2ed490 code [0x000001432c2ed640, 0x000001432c2ed758]
Event: 10.236 Thread 0x0000014346a38800 9116       1       java.util.concurrent.locks.ReentrantLock$Sync::isHeldExclusively (16 bytes)
Event: 10.236 Thread 0x0000014346a38800 nmethod 9116 0x000001432c2ed810 code [0x000001432c2ed9c0, 0x000001432c2edaf8]
Event: 10.268 Thread 0x0000014346a38800 9117       1       com.intellij.rt.debugger.agent.CaptureStorage$HardKey::hashCode (5 bytes)
Event: 10.268 Thread 0x0000014346a38800 nmethod 9117 0x000001432c2edb90 code [0x000001432c2edd40, 0x000001432c2ede58]

GC Heap History (10 events):
Event: 2.955 GC heap before
{Heap before GC invocations=7 (full 0):
 garbage-first heap   total 312320K, used 43782K [0x0000000702000000, 0x0000000800000000)
  region size 1024K, 35 young (35840K), 9 survivors (9216K)
 Metaspace       used 34878K, capacity 35786K, committed 35840K, reserved 1081344K
  class space    used 4329K, capacity 4682K, committed 4736K, reserved 1048576K
}
Event: 2.962 GC heap after
{Heap after GC invocations=8 (full 0):
 garbage-first heap   total 312320K, used 18724K [0x0000000702000000, 0x0000000800000000)
  region size 1024K, 10 young (10240K), 10 survivors (10240K)
 Metaspace       used 34878K, capacity 35786K, committed 35840K, reserved 1081344K
  class space    used 4329K, capacity 4682K, committed 4736K, reserved 1048576K
}
Event: 4.078 GC heap before
{Heap before GC invocations=9 (full 0):
 garbage-first heap   total 312320K, used 195876K [0x0000000702000000, 0x0000000800000000)
  region size 1024K, 183 young (187392K), 10 survivors (10240K)
 Metaspace       used 44842K, capacity 46183K, committed 46336K, reserved 1089536K
  class space    used 5577K, capacity 6117K, committed 6144K, reserved 1048576K
}
Event: 4.089 GC heap after
{Heap after GC invocations=10 (full 0):
 garbage-first heap   total 312320K, used 25688K [0x0000000702000000, 0x0000000800000000)
  region size 1024K, 17 young (17408K), 17 survivors (17408K)
 Metaspace       used 44842K, capacity 46183K, committed 46336K, reserved 1089536K
  class space    used 5577K, capacity 6117K, committed 6144K, reserved 1048576K
}
Event: 5.062 GC heap before
{Heap before GC invocations=10 (full 0):
 garbage-first heap   total 312320K, used 137304K [0x0000000702000000, 0x0000000800000000)
  region size 1024K, 127 young (130048K), 17 survivors (17408K)
 Metaspace       used 58545K, capacity 60066K, committed 60160K, reserved 1101824K
  class space    used 7634K, capacity 8236K, committed 8320K, reserved 1048576K
}
Event: 5.084 GC heap after
{Heap after GC invocations=11 (full 0):
 garbage-first heap   total 374784K, used 30495K [0x0000000702000000, 0x0000000800000000)
  region size 1024K, 17 young (17408K), 17 survivors (17408K)
 Metaspace       used 58545K, capacity 60066K, committed 60160K, reserved 1101824K
  class space    used 7634K, capacity 8236K, committed 8320K, reserved 1048576K
}
Event: 6.413 GC heap before
{Heap before GC invocations=12 (full 0):
 garbage-first heap   total 374784K, used 237343K [0x0000000702000000, 0x0000000800000000)
  region size 1024K, 219 young (224256K), 17 survivors (17408K)
 Metaspace       used 65964K, capacity 68026K, committed 68224K, reserved 1107968K
  class space    used 8709K, capacity 9478K, committed 9600K, reserved 1048576K
}
Event: 6.429 GC heap after
{Heap after GC invocations=13 (full 0):
 garbage-first heap   total 374784K, used 40152K [0x0000000702000000, 0x0000000800000000)
  region size 1024K, 23 young (23552K), 23 survivors (23552K)
 Metaspace       used 65964K, capacity 68026K, committed 68224K, reserved 1107968K
  class space    used 8709K, capacity 9478K, committed 9600K, reserved 1048576K
}
Event: 7.747 GC heap before
{Heap before GC invocations=13 (full 0):
 garbage-first heap   total 374784K, used 240856K [0x0000000702000000, 0x0000000800000000)
  region size 1024K, 219 young (224256K), 23 survivors (23552K)
 Metaspace       used 71950K, capacity 74752K, committed 74880K, reserved 1114112K
  class space    used 9753K, capacity 10821K, committed 10880K, reserved 1048576K
}
Event: 7.769 GC heap after
{Heap after GC invocations=14 (full 0):
 garbage-first heap   total 374784K, used 50226K [0x0000000702000000, 0x0000000800000000)
  region size 1024K, 21 young (21504K), 21 survivors (21504K)
 Metaspace       used 71950K, capacity 74752K, committed 74880K, reserved 1114112K
  class space    used 9753K, capacity 10821K, committed 10880K, reserved 1048576K
}

Deoptimization events (0 events):
No events

Classes redefined (0 events):
No events

Internal exceptions (10 events):
Event: 8.344 Thread 0x000001434d048000 Exception <a 'java/lang/NullPointerException'{0x0000000713199ab0}> (0x0000000713199ab0) thrown at [t:/workspace/open/src/hotspot/share/prims/jvm.cpp, line 1300]
Event: 8.641 Thread 0x000001434d048000 Exception <a 'java/lang/IncompatibleClassChangeError'{0x0000000710f621f0}: Found class java.lang.Object, but interface was expected> (0x0000000710f621f0) thrown at [t:/workspace/open/src/hotspot/share/interpreter/linkResolver.cpp, line 838]
Event: 8.792 Thread 0x000001434d048000 Exception <a 'java/lang/NoSuchMethodError'{0x000000070ff22838}: java.lang.invoke.Invokers$Holder.linkToTargetMethod(Ljava/lang/Object;IILjava/lang/Object;)Ljava/lang/Object;> (0x000000070ff22838) thrown at [t:/workspace/open/src/hotspot/share/interpreter/
Event: 8.952 Thread 0x000001434d04d000 Exception <a 'java/lang/NoSuchMethodError'{0x000000070f5a6128}: java.lang.invoke.DirectMethodHandle$Holder.invokeStaticInit(Ljava/lang/Object;I)Ljava/lang/Object;> (0x000000070f5a6128) thrown at [t:/workspace/open/src/hotspot/share/interpreter/linkResolve
Event: 9.774 Thread 0x000001434d048000 Exception <a 'java/lang/NoSuchMethodError'{0x000000070f26a348}: java.lang.invoke.DirectMethodHandle$Holder.invokeStaticInit(Ljava/lang/Object;Ljava/lang/Object;Ljava/lang/Object;)J> (0x000000070f26a348) thrown at [t:/workspace/open/src/hotspot/share/inter
Event: 9.775 Thread 0x000001434d048000 Exception <a 'java/lang/NoSuchMethodError'{0x000000070f27f860}: java.lang.invoke.DirectMethodHandle$Holder.invokeStatic(Ljava/lang/Object;Ljava/lang/Object;J)Ljava/lang/Object;> (0x000000070f27f860) thrown at [t:/workspace/open/src/hotspot/share/interpret
Event: 9.873 Thread 0x000001434d048000 Exception <a 'java/io/FileNotFoundException'{0x000000070f2eb1e0}> (0x000000070f2eb1e0) thrown at [t:/workspace/open/src/hotspot/share/prims/jni.cpp, line 615]
Event: 9.874 Thread 0x000001434d048000 Exception <a 'java/io/FileNotFoundException'{0x000000070f2fd2f8}> (0x000000070f2fd2f8) thrown at [t:/workspace/open/src/hotspot/share/prims/jni.cpp, line 615]
Event: 9.875 Thread 0x000001434d048000 Exception <a 'java/io/FileNotFoundException'{0x000000070f10c160}> (0x000000070f10c160) thrown at [t:/workspace/open/src/hotspot/share/prims/jni.cpp, line 615]
Event: 9.876 Thread 0x000001434d048000 Exception <a 'java/io/FileNotFoundException'{0x000000070f11dd88}> (0x000000070f11dd88) thrown at [t:/workspace/open/src/hotspot/share/prims/jni.cpp, line 615]

Events (10 events):
Event: 9.878 loading class gnu/io/RXTXPort$SerialInputStream done
Event: 9.888 loading class gnu/io/RXTXPort$MonitorThread
Event: 9.888 loading class gnu/io/RXTXPort$MonitorThread done
Event: 9.889 Thread 0x000001434da26000 Thread added: 0x000001434da26000
Event: 9.897 loading class com/electronicvoting/ArduinoFingerprint/Controller$1
Event: 9.897 loading class com/electronicvoting/ArduinoFingerprint/Controller$1 done
Event: 9.897 loading class gnu/io/SerialPortEventListener
Event: 9.897 loading class gnu/io/SerialPortEventListener done
Event: 11.626 loading class gnu/io/SerialPortEvent
Event: 11.626 loading class gnu/io/SerialPortEvent done


Dynamic libraries:
0x00007ff7131d0000 - 0x00007ff713217000 	C:\Program Files\Java\jdk-11.0.6\bin\java.exe
0x00007ff978e50000 - 0x00007ff979045000 	C:\WINDOWS\SYSTEM32\ntdll.dll
0x00007ff977790000 - 0x00007ff97784d000 	C:\WINDOWS\System32\KERNEL32.DLL
0x00007ff9768d0000 - 0x00007ff976b97000 	C:\WINDOWS\System32\KERNELBASE.dll
0x00007ff9738c0000 - 0x00007ff973950000 	C:\WINDOWS\SYSTEM32\apphelp.dll
0x00007ff9779a0000 - 0x00007ff977a4a000 	C:\WINDOWS\System32\ADVAPI32.dll
0x00007ff977f90000 - 0x00007ff97802e000 	C:\WINDOWS\System32\msvcrt.dll
0x00007ff978600000 - 0x00007ff97869b000 	C:\WINDOWS\System32\sechost.dll
0x00007ff978390000 - 0x00007ff9784b3000 	C:\WINDOWS\System32\RPCRT4.dll
0x00007ff977a50000 - 0x00007ff977bf0000 	C:\WINDOWS\System32\USER32.dll
0x00007ff976e10000 - 0x00007ff976e32000 	C:\WINDOWS\System32\win32u.dll
0x00007ff976ec0000 - 0x00007ff976eea000 	C:\WINDOWS\System32\GDI32.dll
0x00007ff976d00000 - 0x00007ff976e0a000 	C:\WINDOWS\System32\gdi32full.dll
0x00007ff9767a0000 - 0x00007ff97683d000 	C:\WINDOWS\System32\msvcp_win.dll
0x00007ff9766a0000 - 0x00007ff9767a0000 	C:\WINDOWS\System32\ucrtbase.dll
0x00007ff95b4b0000 - 0x00007ff95b74a000 	C:\WINDOWS\WinSxS\amd64_microsoft.windows.common-controls_6595b64144ccf1df_6.0.19041.1_none_b555e41d4684ddec\COMCTL32.dll
0x00007ff9702d0000 - 0x00007ff9702da000 	C:\WINDOWS\SYSTEM32\VERSION.dll
0x00007ff978de0000 - 0x00007ff978e10000 	C:\WINDOWS\System32\IMM32.DLL
0x00007ff971ee0000 - 0x00007ff971ef6000 	C:\Program Files\Java\jdk-11.0.6\bin\vcruntime140.dll
0x00007ff95e700000 - 0x00007ff95e7aa000 	C:\Program Files\Java\jdk-11.0.6\bin\msvcp140.dll
0x00007ff90b1c0000 - 0x00007ff90bce9000 	C:\Program Files\Java\jdk-11.0.6\bin\server\jvm.dll
0x00007ff977860000 - 0x00007ff977868000 	C:\WINDOWS\System32\PSAPI.DLL
0x00007ff95b4a0000 - 0x00007ff95b4a9000 	C:\WINDOWS\SYSTEM32\WSOCK32.dll
0x00007ff960980000 - 0x00007ff9609a7000 	C:\WINDOWS\SYSTEM32\WINMM.dll
0x00007ff977bf0000 - 0x00007ff977c5b000 	C:\WINDOWS\System32\WS2_32.dll
0x00007ff974520000 - 0x00007ff974533000 	C:\WINDOWS\SYSTEM32\kernel.appcore.dll
0x00007ff95e910000 - 0x00007ff95e921000 	C:\Program Files\Java\jdk-11.0.6\bin\verify.dll
0x00007ff973d40000 - 0x00007ff973f24000 	C:\WINDOWS\SYSTEM32\DBGHELP.DLL
0x00007ff959100000 - 0x00007ff95912c000 	C:\WINDOWS\SYSTEM32\dbgcore.DLL
0x00007ff976e40000 - 0x00007ff976ebf000 	C:\WINDOWS\System32\bcryptPrimitives.dll
0x00007ff95e8e0000 - 0x00007ff95e909000 	C:\Program Files\Java\jdk-11.0.6\bin\java.dll
0x00007ff95e690000 - 0x00007ff95e6c7000 	C:\Program Files\Java\jdk-11.0.6\bin\jdwp.dll
0x00007ff95e660000 - 0x00007ff95e68f000 	C:\Program Files\Java\jdk-11.0.6\bin\instrument.dll
0x00007ff95e8c0000 - 0x00007ff95e8d6000 	C:\Program Files\Java\jdk-11.0.6\bin\zip.dll
0x00007ff95ead0000 - 0x00007ff95eada000 	C:\Program Files\Java\jdk-11.0.6\bin\jimage.dll
0x00007ff9786a0000 - 0x00007ff978de0000 	C:\WINDOWS\System32\SHELL32.dll
0x00007ff974720000 - 0x00007ff974eb1000 	C:\WINDOWS\SYSTEM32\windows.storage.dll
0x00007ff978030000 - 0x00007ff978383000 	C:\WINDOWS\System32\combase.dll
0x00007ff976020000 - 0x00007ff97604c000 	C:\WINDOWS\SYSTEM32\Wldp.dll
0x00007ff9784f0000 - 0x00007ff97859e000 	C:\WINDOWS\System32\SHCORE.dll
0x00007ff977730000 - 0x00007ff977785000 	C:\WINDOWS\System32\shlwapi.dll
0x00007ff9764e0000 - 0x00007ff9764ff000 	C:\WINDOWS\SYSTEM32\profapi.dll
0x00007ff95e860000 - 0x00007ff95e86a000 	C:\Program Files\Java\jdk-11.0.6\bin\dt_socket.dll
0x00007ff975d30000 - 0x00007ff975d9a000 	C:\WINDOWS\system32\mswsock.dll
0x00007ff95e5a0000 - 0x00007ff95e5b9000 	C:\Program Files\Java\jdk-11.0.6\bin\net.dll
0x00007ff96c680000 - 0x00007ff96c780000 	C:\WINDOWS\SYSTEM32\WINHTTP.dll
0x00007ff95e580000 - 0x00007ff95e593000 	C:\Program Files\Java\jdk-11.0.6\bin\nio.dll
0x00007ff975a60000 - 0x00007ff975b2a000 	C:\WINDOWS\SYSTEM32\DNSAPI.dll
0x00007ff975a20000 - 0x00007ff975a5b000 	C:\WINDOWS\SYSTEM32\IPHLPAPI.DLL
0x00007ff9784c0000 - 0x00007ff9784c9000 	C:\WINDOWS\System32\NSI.dll
0x00007ff96dbe0000 - 0x00007ff96dbea000 	C:\Windows\System32\rasadhlp.dll
0x00007ff970fa0000 - 0x00007ff97101f000 	C:\WINDOWS\System32\fwpuclnt.dll
0x00007ff976840000 - 0x00007ff976867000 	C:\WINDOWS\System32\bcrypt.dll
0x00007ff95e650000 - 0x00007ff95e659000 	C:\Program Files\Java\jdk-11.0.6\bin\management.dll
0x00007ff95e570000 - 0x00007ff95e57c000 	C:\Program Files\Java\jdk-11.0.6\bin\management_ext.dll
0x00007ff975f00000 - 0x00007ff975f18000 	C:\WINDOWS\SYSTEM32\CRYPTSP.dll
0x00007ff975660000 - 0x00007ff975694000 	C:\WINDOWS\system32\rsaenh.dll
0x00007ff9764a0000 - 0x00007ff9764ce000 	C:\WINDOWS\SYSTEM32\USERENV.dll
0x00007ff975f20000 - 0x00007ff975f2c000 	C:\WINDOWS\SYSTEM32\CRYPTBASE.dll
0x00007ff970f80000 - 0x00007ff970f97000 	C:\WINDOWS\SYSTEM32\dhcpcsvc6.DLL
0x00007ff970aa0000 - 0x00007ff970abd000 	C:\WINDOWS\SYSTEM32\dhcpcsvc.DLL
0x00007ff94cd40000 - 0x00007ff94cd57000 	C:\WINDOWS\system32\napinsp.dll
0x00007ff94cd20000 - 0x00007ff94cd3b000 	C:\WINDOWS\system32\pnrpnsp.dll
0x00007ff94cd00000 - 0x00007ff94cd15000 	C:\WINDOWS\system32\wshbth.dll
0x00007ff971dd0000 - 0x00007ff971ded000 	C:\WINDOWS\system32\NLAapi.dll
0x00007ff94cce0000 - 0x00007ff94ccf2000 	C:\WINDOWS\System32\winrnr.dll
0x0000014320790000 - 0x0000014320793000 	C:\Users\aminoiu\.openjfx\cache\14\api-ms-win-core-console-l1-1-0.dll
0x00000143207a0000 - 0x00000143207a3000 	C:\Users\aminoiu\.openjfx\cache\14\api-ms-win-core-datetime-l1-1-0.dll
0x00000143207b0000 - 0x00000143207b3000 	C:\Users\aminoiu\.openjfx\cache\14\api-ms-win-core-debug-l1-1-0.dll
0x00000143207c0000 - 0x00000143207c3000 	C:\Users\aminoiu\.openjfx\cache\14\api-ms-win-core-errorhandling-l1-1-0.dll
0x00000143207d0000 - 0x00000143207d4000 	C:\Users\aminoiu\.openjfx\cache\14\api-ms-win-core-file-l1-1-0.dll
0x00000143207e0000 - 0x00000143207e3000 	C:\Users\aminoiu\.openjfx\cache\14\api-ms-win-core-file-l1-2-0.dll
0x00000143207f0000 - 0x00000143207f3000 	C:\Users\aminoiu\.openjfx\cache\14\api-ms-win-core-file-l2-1-0.dll
0x0000014320800000 - 0x0000014320803000 	C:\Users\aminoiu\.openjfx\cache\14\api-ms-win-core-handle-l1-1-0.dll
0x0000014320810000 - 0x0000014320813000 	C:\Users\aminoiu\.openjfx\cache\14\api-ms-win-core-heap-l1-1-0.dll
0x0000014320820000 - 0x0000014320823000 	C:\Users\aminoiu\.openjfx\cache\14\api-ms-win-core-interlocked-l1-1-0.dll
0x0000014320830000 - 0x0000014320833000 	C:\Users\aminoiu\.openjfx\cache\14\api-ms-win-core-libraryloader-l1-1-0.dll
0x0000014322720000 - 0x0000014322723000 	C:\Users\aminoiu\.openjfx\cache\14\api-ms-win-core-localization-l1-2-0.dll
0x0000014322730000 - 0x0000014322733000 	C:\Users\aminoiu\.openjfx\cache\14\api-ms-win-core-memory-l1-1-0.dll
0x0000014322740000 - 0x0000014322743000 	C:\Users\aminoiu\.openjfx\cache\14\api-ms-win-core-namedpipe-l1-1-0.dll
0x0000014322750000 - 0x0000014322753000 	C:\Users\aminoiu\.openjfx\cache\14\api-ms-win-core-processenvironment-l1-1-0.dll
0x0000014322760000 - 0x0000014322763000 	C:\Users\aminoiu\.openjfx\cache\14\api-ms-win-core-processthreads-l1-1-0.dll
0x0000014322770000 - 0x0000014322773000 	C:\Users\aminoiu\.openjfx\cache\14\api-ms-win-core-processthreads-l1-1-1.dll
0x0000014322780000 - 0x0000014322783000 	C:\Users\aminoiu\.openjfx\cache\14\api-ms-win-core-profile-l1-1-0.dll
0x0000014322790000 - 0x0000014322793000 	C:\Users\aminoiu\.openjfx\cache\14\api-ms-win-core-rtlsupport-l1-1-0.dll
0x00000143227a0000 - 0x00000143227a3000 	C:\Users\aminoiu\.openjfx\cache\14\api-ms-win-core-string-l1-1-0.dll
0x00000143227b0000 - 0x00000143227b3000 	C:\Users\aminoiu\.openjfx\cache\14\api-ms-win-core-synch-l1-1-0.dll
0x00000143227c0000 - 0x00000143227c3000 	C:\Users\aminoiu\.openjfx\cache\14\api-ms-win-core-synch-l1-2-0.dll
0x00000143227d0000 - 0x00000143227d3000 	C:\Users\aminoiu\.openjfx\cache\14\api-ms-win-core-sysinfo-l1-1-0.dll
0x00000143227e0000 - 0x00000143227e3000 	C:\Users\aminoiu\.openjfx\cache\14\api-ms-win-core-timezone-l1-1-0.dll
0x000001434e320000 - 0x000001434e323000 	C:\Users\aminoiu\.openjfx\cache\14\api-ms-win-core-util-l1-1-0.dll
0x000001434e330000 - 0x000001434e333000 	C:\Users\aminoiu\.openjfx\cache\14\api-ms-win-crt-conio-l1-1-0.dll
0x000001434e340000 - 0x000001434e344000 	C:\Users\aminoiu\.openjfx\cache\14\api-ms-win-crt-convert-l1-1-0.dll
0x000001434e350000 - 0x000001434e353000 	C:\Users\aminoiu\.openjfx\cache\14\api-ms-win-crt-environment-l1-1-0.dll
0x000001434e360000 - 0x000001434e363000 	C:\Users\aminoiu\.openjfx\cache\14\api-ms-win-crt-filesystem-l1-1-0.dll
0x000001434e370000 - 0x000001434e373000 	C:\Users\aminoiu\.openjfx\cache\14\api-ms-win-crt-heap-l1-1-0.dll
0x000001434e380000 - 0x000001434e383000 	C:\Users\aminoiu\.openjfx\cache\14\api-ms-win-crt-locale-l1-1-0.dll
0x000001434e390000 - 0x000001434e395000 	C:\Users\aminoiu\.openjfx\cache\14\api-ms-win-crt-math-l1-1-0.dll
0x000001434e3a0000 - 0x000001434e3a5000 	C:\Users\aminoiu\.openjfx\cache\14\api-ms-win-crt-multibyte-l1-1-0.dll
0x000001434e3b0000 - 0x000001434e3c0000 	C:\Users\aminoiu\.openjfx\cache\14\api-ms-win-crt-private-l1-1-0.dll
0x000001434e3c0000 - 0x000001434e3c3000 	C:\Users\aminoiu\.openjfx\cache\14\api-ms-win-crt-process-l1-1-0.dll
0x000001434e3d0000 - 0x000001434e3d4000 	C:\Users\aminoiu\.openjfx\cache\14\api-ms-win-crt-runtime-l1-1-0.dll
0x000001434e3e0000 - 0x000001434e3e4000 	C:\Users\aminoiu\.openjfx\cache\14\api-ms-win-crt-stdio-l1-1-0.dll
0x000001434e3f0000 - 0x000001434e3f4000 	C:\Users\aminoiu\.openjfx\cache\14\api-ms-win-crt-string-l1-1-0.dll
0x000001434e400000 - 0x000001434e403000 	C:\Users\aminoiu\.openjfx\cache\14\api-ms-win-crt-time-l1-1-0.dll
0x000001434e410000 - 0x000001434e413000 	C:\Users\aminoiu\.openjfx\cache\14\api-ms-win-crt-utility-l1-1-0.dll
0x00007ff95d9a0000 - 0x00007ff95da9c000 	C:\Users\aminoiu\.openjfx\cache\14\ucrtbase.dll
0x00007ff95e550000 - 0x00007ff95e565000 	C:\Users\aminoiu\.openjfx\cache\14\vcruntime140.dll
0x00007ff95d750000 - 0x00007ff95d7eb000 	C:\Users\aminoiu\.openjfx\cache\14\msvcp140.dll
0x00007ff95e360000 - 0x00007ff95e3b1000 	C:\Users\aminoiu\.openjfx\cache\14\concrt140.dll
0x00007ff95e1d0000 - 0x00007ff95e1f3000 	C:\Users\aminoiu\.openjfx\cache\14\prism_d3d.dll
0x00007ff92e1d0000 - 0x00007ff92e39d000 	C:\WINDOWS\system32\d3d9.dll
0x00007ff974230000 - 0x00007ff97425f000 	C:\WINDOWS\SYSTEM32\dwmapi.dll
0x00007ff974060000 - 0x00007ff9740ff000 	C:\WINDOWS\system32\uxtheme.dll
0x00007ff95e200000 - 0x00007ff95e35d000 	C:\WINDOWS\System32\DriverStore\FileRepository\iigd_dch.inf_amd64_97abf3bd13eb713d\igdumdim64.dll
0x00007ff905690000 - 0x00007ff908f99000 	C:\WINDOWS\System32\DriverStore\FileRepository\iigd_dch.inf_amd64_97abf3bd13eb713d\igd9dxva64.dll
0x00007ff977870000 - 0x00007ff977999000 	C:\WINDOWS\System32\ole32.dll
0x00007ff977660000 - 0x00007ff97772d000 	C:\WINDOWS\System32\OLEAUT32.dll
0x00007ff9770a0000 - 0x00007ff977507000 	C:\WINDOWS\System32\SETUPAPI.dll
0x00007ff976650000 - 0x00007ff97669d000 	C:\WINDOWS\System32\cfgmgr32.dll
0x00007ff966780000 - 0x00007ff966924000 	C:\WINDOWS\System32\DriverStore\FileRepository\iigd_dch.inf_amd64_97abf3bd13eb713d\igdgmm64.dll
0x00007ff95d900000 - 0x00007ff95d945000 	C:\Users\aminoiu\.openjfx\cache\14\glass.dll
0x00007ff977d90000 - 0x00007ff977e6a000 	C:\WINDOWS\System32\COMDLG32.dll
0x00007ff977e70000 - 0x00007ff977f85000 	C:\WINDOWS\System32\MSCTF.dll
0x00007ff949320000 - 0x00007ff949346000 	C:\WINDOWS\System32\DriverStore\FileRepository\iigd_dch.inf_amd64_97abf3bd13eb713d\igdinfo64.dll
0x00007ff964170000 - 0x00007ff966774000 	C:\WINDOWS\System32\DriverStore\FileRepository\iigd_dch.inf_amd64_97abf3bd13eb713d\igc64.dll
0x00007ff969430000 - 0x00007ff96946b000 	C:\WINDOWS\SYSTEM32\dxcore.dll
0x00007ff95d8e0000 - 0x00007ff95d8f4000 	C:\Users\aminoiu\.openjfx\cache\14\javafx_font.dll

dbghelp: loaded successfully - version: 4.0.5 - missing functions: none
symbol engine: initialized successfully - sym options: 0x614 - pdb path: .;C:\Program Files\Java\jdk-11.0.6\bin;C:\WINDOWS\SYSTEM32;C:\WINDOWS\WinSxS\amd64_microsoft.windows.common-controls_6595b64144ccf1df_6.0.19041.1_none_b555e41d4684ddec;C:\Program Files\Java\jdk-11.0.6\bin\server;C:\Users\aminoiu\.openjfx\cache\14;C:\WINDOWS\System32\DriverStore\FileRepository\iigd_dch.inf_amd64_97abf3bd13eb713d;C:\Program Files\Common Files\Microsoft Shared\Ink;C:\Users\aminoiu\Desktop\mfz-rxtx-2.2-20081207-win-x64\mfz-rxtx-2.2-20081207-win-x64

VM Arguments:
jvm_args: -agentlib:jdwp=transport=dt_socket,address=127.0.0.1:50558,suspend=y,server=n -Djava.library.path=C:\Users\aminoiu\Desktop\mfz-rxtx-2.2-20081207-win-x64\mfz-rxtx-2.2-20081207-win-x64 -XX:TieredStopAtLevel=1 -Xverify:none -Dspring.output.ansi.enabled=always -Dcom.sun.management.jmxremote -Dspring.jmx.enabled=true -Dspring.liveBeansView.mbeanDomain -Dspring.application.admin.enabled=true -javaagent:C:\Users\aminoiu\AppData\Local\JetBrains\IntelliJIdea2020.1\captureAgent\debugger-agent.jar -Dfile.encoding=UTF-8 
java_command: com.electronicvoting.BackendApplication
java_class_path (initial): D:\ISD\JTOM\Project\e-voting\Backend\target\classes;C:\apache-maven-3.5.4\.m2\repository\org\springframework\boot\spring-boot-starter-data-jpa\2.2.6.RELEASE\spring-boot-starter-data-jpa-2.2.6.RELEASE.jar;C:\apache-maven-3.5.4\.m2\repository\org\springframework\boot\spring-boot-starter-aop\2.2.6.RELEASE\spring-boot-starter-aop-2.2.6.RELEASE.jar;C:\apache-maven-3.5.4\.m2\repository\org\aspectj\aspectjweaver\1.9.5\aspectjweaver-1.9.5.jar;C:\apache-maven-3.5.4\.m2\repository\org\springframework\boot\spring-boot-starter-jdbc\2.2.6.RELEASE\spring-boot-starter-jdbc-2.2.6.RELEASE.jar;C:\apache-maven-3.5.4\.m2\repository\com\zaxxer\HikariCP\3.4.2\HikariCP-3.4.2.jar;C:\apache-maven-3.5.4\.m2\repository\org\springframework\spring-jdbc\5.2.5.RELEASE\spring-jdbc-5.2.5.RELEASE.jar;C:\apache-maven-3.5.4\.m2\repository\jakarta\activation\jakarta.activation-api\1.2.2\jakarta.activation-api-1.2.2.jar;C:\apache-maven-3.5.4\.m2\repository\jakarta\persistence\jakarta.persistence-api\2.2.3\jakarta.persistence-api-2.2.3.jar;C:\apache-maven-3.5.4\.m2\repository\jakarta\transaction\jakarta.transaction-api\1.3.3\jakarta.transaction-api-1.3.3.jar;C:\apache-maven-3.5.4\.m2\repository\org\hibernate\hibernate-core\5.4.12.Final\hibernate-core-5.4.12.Final.jar;C:\apache-maven-3.5.4\.m2\repository\org\jboss\logging\jboss-logging\3.4.1.Final\jboss-logging-3.4.1.Final.jar;C:\apache-maven-3.5.4\.m2\repository\org\javassist\javassist\3.24.0-GA\javassist-3.24.0-GA.jar;C:\apache-maven-3.5.4\.m2\repository\net\bytebuddy\byte-buddy\1.10.8\byte-buddy-1.10.8.jar;C:\apache-maven-3.5.4\.m2\repository\antlr\antlr\2.7.7\antlr-2.7.7.jar;C:\apache-maven-3.5.4\.m2\repository\org\jboss\jandex\2.1.1.Final\jandex-2.1.1.Final.jar;C:\apache-maven-3.5.4\.m2\repository\org\dom4j\dom4j\2.1.1\dom4j-2.1.1.jar;C:\apache-maven-3.5.4\.m2\repository\org\hibernate\common\hibernate-commons-annotations\5.1.0.Final\hibernate-commons-annotations-5.1.0.Final.jar;C:\apache-maven-3.5.4\.m2\repository\org\gla
Launcher Type: SUN_STANDARD

[Global flags]
     bool BytecodeVerificationLocal                = false                                     {product} {command line}
     bool BytecodeVerificationRemote               = false                                     {product} {command line}
     intx CICompilerCount                          = 4                                         {product} {ergonomic}
     uint ConcGCThreads                            = 2                                         {product} {ergonomic}
     uint G1ConcRefinementThreads                  = 8                                         {product} {ergonomic}
   size_t G1HeapRegionSize                         = 1048576                                   {product} {ergonomic}
    uintx GCDrainStackTargetSize                   = 64                                        {product} {ergonomic}
   size_t InitialHeapSize                          = 266338304                                 {product} {ergonomic}
     bool ManagementServer                         = true                                      {product} {command line}
   size_t MarkStackSize                            = 4194304                                   {product} {ergonomic}
   size_t MaxHeapSize                              = 4261412864                                {product} {ergonomic}
   size_t MaxNewSize                               = 2556428288                                {product} {ergonomic}
   size_t MinHeapDeltaBytes                        = 1048576                                   {product} {ergonomic}
    uintx NonNMethodCodeHeapSize                   = 7549744                                {pd product} {ergonomic}
    uintx NonProfiledCodeHeapSize                  = 244108496                              {pd product} {ergonomic}
    uintx ProfiledCodeHeapSize                     = 0                                      {pd product} {ergonomic}
    uintx ReservedCodeCacheSize                    = 251658240                              {pd product} {ergonomic}
     bool SegmentedCodeCache                       = true                                      {product} {ergonomic}
     intx TieredStopAtLevel                        = 1                                         {product} {command line}
     bool UseCompressedClassPointers               = true                                 {lp64_product} {ergonomic}
     bool UseCompressedOops                        = true                                 {lp64_product} {ergonomic}
     bool UseG1GC                                  = true                                      {product} {ergonomic}
     bool UseLargePagesIndividualAllocation        = false                                  {pd product} {ergonomic}

Logging:
Log output configuration:
 #0: stdout all=warning uptime,level,tags
 #1: stderr all=off uptime,level,tags

Environment Variables:
JAVA_HOME=C:\Program Files\Java\jdk-11.0.6
PATH=D:\oracledatabase\product\12.2.0\dbhome_1\bin;D:\oracleclient1\product\11.2.0\client_1\bin;D:\oracledatabase\product\12.2.0\dbhome_1\bin;C:\Program Files\Kerio\Outlook Connector (Offline Edition)\;C:\Program Files (x86)\Common Files\Oracle\Java\javapath;C:\WINDOWS\system32;C:\WINDOWS;C:\WINDOWS\System32\Wbem;C:\WINDOWS\System32\WindowsPowerShell\v1.0\;C:\WINDOWS\System32\OpenSSH\;C:\Program Files\Symantec.cloud\PlatformAgent\;C:\Program Files\TortoiseSVN\bin;C:\Program Files\Java\jdk-11.0.6\bin;C:\apache-maven-3.5.4\bin;C:\Program Files\PostgreSQL\10\bin;C:\Program Files\PostgreSQL\10\lib;D:\intherlc;C:\Program Files\Git\cmd;C:\Program Files (x86)\Yarn\bin\;C:\Program Files\nodejs\;C:\Program Files\liquibase;C:\Program Files (x86)\Intel\Intel(R) Management Engine Components\DAL;C:\Program Files\Intel\Intel(R) Management Engine Components\DAL;C:\Program Files\TortoiseGit\bin;C:\Program Files\nodejs\node_modules\npm\bin;C:\Users\aminoiu\AppData\Local\Microsoft\WindowsApps;C:\Program Files (x86)\Sophos\Sophos SSL VPN Client\bin;C:\Users\aminoiu\AppData\Local\GitHubDesktop\bin;C:\Program Files\JetBrains\IntelliJ IDEA 2020.1\bin;;C:\Users\aminoiu\AppData\Local\Yarn\bin;C:\Users\aminoiu\AppData\Roaming\npm;;C:\Users\aminoiu\AppData\Local\Microsoft\WindowsApps
USERNAME=aminoiu
OS=Windows_NT
PROCESSOR_IDENTIFIER=Intel64 Family 6 Model 142 Stepping 12, GenuineIntel



---------------  S Y S T E M  ---------------

OS: Windows 10 , 64 bit Build 19041 (10.0.19041.292)

CPU:total 8 (initial active 8) (4 cores per cpu, 2 threads per core) family 6 model 142 stepping 12, cmov, cx8, fxsr, mmx, sse, sse2, sse3, ssse3, sse4.1, sse4.2, popcnt, avx, avx2, aes, clmul, erms, 3dnowpref, lzcnt, ht, tsc, tscinvbit, bmi1, bmi2, adx, fma

Memory: 4k page, system-wide physical 16254M (4742M free)
TotalPageFile size 34686M (AvailPageFile size 14701M)
current process WorkingSet (physical memory assigned to process): 529M, peak: 533M
current process commit charge ("private bytes"): 633M, peak: 636M

vm_info: Java HotSpot(TM) 64-Bit Server VM (11.0.6+8-LTS) for windows-amd64 JRE (11.0.6+8-LTS), built on Dec 11 2019 09:17:57 by "mach5one" with MS VC++ 15.5 (VS2017)

END.
