#
# A fatal error has been detected by the Java Runtime Environment:
#
#  EXCEPTION_ACCESS_VIOLATION (0xc0000005) at pc=0x0000000180005b00, pid=17716, tid=1900
#
# JRE version: Java(TM) SE Runtime Environment (13.0.1+9) (build 13.0.1+9)
# Java VM: Java HotSpot(TM) 64-Bit Server VM (13.0.1+9, mixed mode, sharing, tiered, compressed oops, g1 gc, windows-amd64)
# Problematic frame:
# C  0x0000000180005b00
#
# No core dump will be written. Minidumps are not enabled by default on client versions of Windows
#
# If you would like to submit a bug report, please visit:
#   http://bugreport.java.com/bugreport/crash.jsp
# The crash happened outside the Java Virtual Machine in native code.
# See problematic frame for where to report the bug.
#

---------------  S U M M A R Y ------------

Command Line: -agentlib:jdwp=transport=dt_socket,address=127.0.0.1:50703,suspend=y,server=n -Djava.library.path=C:\Users\aminoiu\Desktop\mfz-rxtx-2.2-20081207-win-x64\mfz-rxtx-2.2-20081207-win-x64 -XX:TieredStopAtLevel=1 -Xverify:none -Dspring.output.ansi.enabled=always -Dcom.sun.management.jmxremote -Dspring.jmx.enabled=true -Dspring.liveBeansView.mbeanDomain -Dspring.application.admin.enabled=true -javaagent:C:\Users\aminoiu\AppData\Local\JetBrains\IntelliJIdea2020.1\captureAgent\debugger-agent.jar -Dfile.encoding=UTF-8 com.electronicvoting.BackendApplication

Host: Intel(R) Core(TM) i5-8265U CPU @ 1.60GHz, 8 cores, 15G,  Windows 10 , 64 bit Build 19041 (10.0.19041.292)
Time: Wed Aug  5 22:08:02 2020 E. Europe Daylight Time elapsed time: 11 seconds (0d 0h 0m 11s)

---------------  T H R E A D  ---------------

Current thread (0x000002084dc17800):  JavaThread "Thread-6" [_thread_in_native, id=1900, stack(0x000000f668700000,0x000000f668800000)]

Stack: [0x000000f668700000,0x000000f668800000],  sp=0x000000f6687fdf80,  free space=1015k
Native frames: (J=compiled Java code, j=interpreted, Vv=VM code, C=native code)
C  0x0000000180005b00

Java frames: (J=compiled Java code, j=interpreted, Vv=VM code)
j  gnu.io.RXTXPort.readArray([BII)I+0
j  gnu.io.RXTXPort$SerialInputStream.read([BII)I+212
j  sun.nio.cs.StreamDecoder.readBytes()I+135 java.base@13.0.1
j  sun.nio.cs.StreamDecoder.implRead([CII)I+112 java.base@13.0.1
j  sun.nio.cs.StreamDecoder.read([CII)I+180 java.base@13.0.1
j  java.io.InputStreamReader.read([CII)I+7 java.base@13.0.1
j  java.io.BufferedReader.fill()V+145 java.base@13.0.1
j  java.io.BufferedReader.readLine(Z)Ljava/lang/String;+44 java.base@13.0.1
j  java.io.BufferedReader.readLine()Ljava/lang/String;+2 java.base@13.0.1
j  com.electronicvoting.ArduinoFingerprint.Controller$1.serialEvent(Lgnu/io/SerialPortEvent;)V+30
j  gnu.io.RXTXPort.sendEvent(IZ)Z+382
v  ~StubRoutines::call_stub
j  gnu.io.RXTXPort.eventLoop()V+0
j  gnu.io.RXTXPort$MonitorThread.run()V+12
v  ~StubRoutines::call_stub

siginfo: EXCEPTION_ACCESS_VIOLATION (0xc0000005), reading address 0x00000000687fedb8


Register to memory mapping:

RIP=0x0000000180005b00 points into unknown readable memory: 45 8b 74 24 08 41 89 5c
RAX=0x0000000000000001 is an unknown value
RBX=0x0 is NULL
RCX=0x000000018001d4d5 points into unknown readable memory: 64 00 00
RDX=0xfffffffffffff665 is an unknown value
RSP=0x000000f6687fdf80 is pointing into the stack for thread: 0x000002084dc17800
RBP=0x00000000ffffffff is an unknown value
RSI=0x0 is NULL
RDI=0x000002084dc17b10 points into unknown readable memory: 50 e8 c1 fd f8 7f 00 00
R8 =0x0000000000000002 is an unknown value
R9 =0xfffffffffffff63c is an unknown value
R10=0x000002084e2709f0 points into unknown readable memory: 04 00 00 00 1e 00 00 00
R11=0x8101010101010100 is an unknown value
R12=0x00000000687fedb0 is an unknown value
R13=0x0000000000000001 is an unknown value
R14=0x000000f6687fe170 is pointing into the stack for thread: 0x000002084dc17800
R15=0x0 is NULL


Registers:
RAX=0x0000000000000001, RBX=0x0000000000000000, RCX=0x000000018001d4d5, RDX=0xfffffffffffff665
RSP=0x000000f6687fdf80, RBP=0x00000000ffffffff, RSI=0x0000000000000000, RDI=0x000002084dc17b10
R8 =0x0000000000000002, R9 =0xfffffffffffff63c, R10=0x000002084e2709f0, R11=0x8101010101010100
R12=0x00000000687fedb0, R13=0x0000000000000001, R14=0x000000f6687fe170, R15=0x0000000000000000
RIP=0x0000000180005b00, EFLAGS=0x0000000000010202

Top of Stack: (sp=0x000000f6687fdf80)
0x000000f6687fdf80:   0000000000000000 00000000687fedb0
0x000000f6687fdf90:   0000000000000000 000002084dc17b10
0x000000f6687fdfa0:   0000000000000000 000000f6687fe170
0x000000f6687fdfb0:   00000208560f7bd0 0000000000000001
0x000000f6687fdfc0:   000002084dc17b10 0000000000000001
0x000000f6687fdfd0:   ffffffffffffffff 0000000180006211
0x000000f6687fdfe0:   000002084b209020 ffffffffffffffff
0x000000f6687fdff0:   0000000000000001 000002084b209020
0x000000f6687fe000:   0000020800000001 00007ff8ffffffff
0x000000f6687fe010:   000000f6687fe178 000000f6687fe178
0x000000f6687fe020:   000002084dc17800 000000f6687fe178
0x000000f6687fe030:   000000f6687fe140 00007ff8fd59af27
0x000000f6687fe040:   000000f6687fe060 000002084dc17800
0x000000f6687fe050:   000000000014ab34 00006b8e609894e3
0x000000f6687fe060:   00000208560f7bd8 00000208560f7bd0
0x000000f6687fe070:   000002084dc17800 000000f6687fe178 

Instructions: (pc=0x0000000180005b00)
0x0000000180005a00:   5d c3 cc cc cc cc cc cc cc cc cc cc cc cc cc cc
0x0000000180005a10:   48 89 5c 24 08 4c 89 4c 24 20 44 89 44 24 18 55
0x0000000180005a20:   56 57 41 54 41 55 41 56 41 57 48 83 ec 20 48 8b
0x0000000180005a30:   2a 48 8b 01 33 db 48 8b d5 48 8b f9 44 8b fb 8b
0x0000000180005a40:   f3 ff 90 f8 00 00 00 4c 8d 0d 9e 70 01 00 4c 8b
0x0000000180005a50:   e0 48 8b 07 4c 8d 05 b5 70 01 00 49 8b d4 48 8b
0x0000000180005a60:   cf ff 90 f0 02 00 00 48 8b cf 4c 8b c0 48 85 c0
0x0000000180005a70:   48 8b 07 75 28 ff 90 80 00 00 00 4c 8b 1f 48 8b
0x0000000180005a80:   cf 41 ff 93 88 00 00 00 4c 8b 1f 49 8b d4 48 8b
0x0000000180005a90:   cf 41 ff 93 b8 00 00 00 4c 8b e3 eb 54 48 8b d5
0x0000000180005aa0:   ff 90 20 03 00 00 49 8b d4 48 8b cf 48 63 e8 48
0x0000000180005ab0:   8b 07 ff 90 b8 00 00 00 48 8d 15 51 70 01 00 48
0x0000000180005ac0:   8d 0d 0e 7a 01 00 41 b8 02 00 00 00 e8 6f 62 00
0x0000000180005ad0:   00 85 c0 75 19 85 ed 75 15 e8 c2 5e 00 00 48 8d
0x0000000180005ae0:   15 23 7a 01 00 48 8d 48 60 e8 3a 5d 00 00 4c 8b
0x0000000180005af0:   e5 8b ac 24 88 00 00 00 44 8b ac 24 80 00 00 00
0x0000000180005b00:   45 8b 74 24 08 41 89 5c 24 08 41 8b fd 85 ed 78
0x0000000180005b10:   09 ff 15 e9 14 01 00 44 8b f8 45 85 ed 7e 4a 90
0x0000000180005b20:   8b c6 ff c6 83 f8 14 7d 40 85 ed 78 0d ff 15 cd
0x0000000180005b30:   14 01 00 41 2b c7 3b c5 7d 2f 8b 4c 24 70 48 63
0x0000000180005b40:   d3 44 8b c7 48 03 54 24 78 e8 a2 31 00 00 85 c0
0x0000000180005b50:   78 33 74 06 03 d8 2b f8 eb 0a b9 e8 03 00 00 e8
0x0000000180005b60:   1c 1c 00 00 41 3b dd 7c b7 8b c3 45 89 74 24 08
0x0000000180005b70:   48 8b 5c 24 60 48 83 c4 20 41 5f 41 5e 41 5d 41
0x0000000180005b80:   5c 5f 5e 5d c3 e8 1e 61 00 00 83 38 04 74 05 e8
0x0000000180005b90:   14 61 00 00 83 c8 ff eb d2 cc cc cc cc cc cc cc
0x0000000180005ba0:   40 53 55 56 57 41 54 41 55 48 81 ec b8 00 00 00
0x0000000180005bb0:   48 8b 05 71 85 01 00 48 33 c4 48 89 84 24 a0 00
0x0000000180005bc0:   00 00 48 8b 01 45 8b e9 41 8b f8 48 8b f2 48 8b
0x0000000180005bd0:   d9 ff 90 f8 00 00 00 4c 8b 13 4c 8d 0d 33 6f 01
0x0000000180005be0:   00 4c 8d 05 7c 6f 01 00 48 8b d0 48 8b cb 4c 8b
0x0000000180005bf0:   e0 41 ff 92 f0 02 00 00 33 ed 48 8b cb 4c 8b c0 


Stack slot to memory mapping:
stack at sp + 0 slots: 0x0 is NULL
stack at sp + 1 slots: 0x00000000687fedb0 is an unknown value
stack at sp + 2 slots: 0x0 is NULL
stack at sp + 3 slots: 0x000002084dc17b10 points into unknown readable memory: 50 e8 c1 fd f8 7f 00 00
stack at sp + 4 slots: 0x0 is NULL
stack at sp + 5 slots: 0x000000f6687fe170 is pointing into the stack for thread: 0x000002084dc17800
stack at sp + 6 slots: 0x00000208560f7bd0 is pointing into metadata
stack at sp + 7 slots: 0x0000000000000001 is an unknown value


---------------  P R O C E S S  ---------------

Threads class SMR info:
_java_thread_list=0x000002084e270c00, length=43, elements={
0x0000020823b2c800, 0x0000020847e42000, 0x0000020847e45800, 0x0000020847e5a800,
0x0000020847e5d800, 0x0000020847e64000, 0x0000020847e6b800, 0x0000020848018800,
0x000002084804d800, 0x0000020848066800, 0x0000020848069800, 0x00000208486aa800,
0x00000208487b6800, 0x00000208493c1000, 0x0000020849155800, 0x000002084affc800,
0x000002084b073800, 0x00000208475a0000, 0x000002084d8b0000, 0x000002084d8b1000,
0x000002084dbb5000, 0x000002084dbb3800, 0x000002084dbb1000, 0x000002084dbb4000,
0x000002084dbaf800, 0x000002084dbb0000, 0x000002084dbb6000, 0x000002084dbb2000,
0x000002084dbb2800, 0x000002084dc0e800, 0x000002084dc0d800, 0x000002084dc0a800,
0x000002084dc0f800, 0x000002084dc11000, 0x000002084dc10000, 0x000002084dc0b000,
0x000002084dc11800, 0x000002084dc0d000, 0x000002084dc0c000, 0x000002084dc16000,
0x000002084dc15000, 0x000002084dc16800, 0x000002084dc17800
}

Java Threads: ( => current thread )
  0x0000020823b2c800 JavaThread "main" [_thread_blocked, id=16908, stack(0x000000f666700000,0x000000f666800000)]
  0x0000020847e42000 JavaThread "Reference Handler" daemon [_thread_blocked, id=17088, stack(0x000000f666e00000,0x000000f666f00000)]
  0x0000020847e45800 JavaThread "Finalizer" daemon [_thread_blocked, id=13668, stack(0x000000f666f00000,0x000000f667000000)]
  0x0000020847e5a800 JavaThread "Signal Dispatcher" daemon [_thread_blocked, id=16512, stack(0x000000f667000000,0x000000f667100000)]
  0x0000020847e5d800 JavaThread "Attach Listener" daemon [_thread_blocked, id=10536, stack(0x000000f667100000,0x000000f667200000)]
  0x0000020847e64000 JavaThread "C1 CompilerThread0" daemon [_thread_blocked, id=17696, stack(0x000000f667200000,0x000000f667300000)]
  0x0000020847e6b800 JavaThread "Sweeper thread" daemon [_thread_blocked, id=11724, stack(0x000000f667300000,0x000000f667400000)]
  0x0000020848018800 JavaThread "Common-Cleaner" daemon [_thread_blocked, id=18172, stack(0x000000f667400000,0x000000f667500000)]
  0x000002084804d800 JavaThread "JDWP Transport Listener: dt_socket" daemon [_thread_blocked, id=15004, stack(0x000000f667500000,0x000000f667600000)]
  0x0000020848066800 JavaThread "JDWP Event Helper Thread" daemon [_thread_blocked, id=17548, stack(0x000000f667600000,0x000000f667700000)]
  0x0000020848069800 JavaThread "JDWP Command Reader" daemon [_thread_in_native, id=13628, stack(0x000000f667700000,0x000000f667800000)]
  0x00000208486aa800 JavaThread "Service Thread" daemon [_thread_blocked, id=18272, stack(0x000000f667800000,0x000000f667900000)]
  0x00000208487b6800 JavaThread "RMI TCP Accept-0" daemon [_thread_in_native, id=8684, stack(0x000000f667900000,0x000000f667a00000)]
  0x00000208493c1000 JavaThread "RMI TCP Connection(1)-192.168.100.23" daemon [_thread_in_native, id=15536, stack(0x000000f668200000,0x000000f668300000)]
  0x0000020849155800 JavaThread "RMI Scheduler(0)" daemon [_thread_blocked, id=18100, stack(0x000000f668300000,0x000000f668400000)]
  0x000002084affc800 JavaThread "PostgreSQL-JDBC-SharedTimer-1" daemon [_thread_blocked, id=1352, stack(0x000000f668400000,0x000000f668500000)]
  0x000002084b073800 JavaThread "HikariPool-1 housekeeper" daemon [_thread_blocked, id=17260, stack(0x000000f668600000,0x000000f668700000)]
  0x00000208475a0000 JavaThread "Catalina-utility-1" [_thread_blocked, id=16160, stack(0x000000f668800000,0x000000f668900000)]
  0x000002084d8b0000 JavaThread "Catalina-utility-2" [_thread_blocked, id=16244, stack(0x000000f668900000,0x000000f668a00000)]
  0x000002084d8b1000 JavaThread "container-0" [_thread_blocked, id=17700, stack(0x000000f668a00000,0x000000f668b00000)]
  0x000002084dbb5000 JavaThread "http-nio-8080-BlockPoller" daemon [_thread_in_native, id=6420, stack(0x000000f668d00000,0x000000f668e00000)]
  0x000002084dbb3800 JavaThread "http-nio-8080-exec-1" daemon [_thread_blocked, id=16992, stack(0x000000f668e00000,0x000000f668f00000)]
  0x000002084dbb1000 JavaThread "http-nio-8080-exec-2" daemon [_thread_blocked, id=9400, stack(0x000000f668f00000,0x000000f669000000)]
  0x000002084dbb4000 JavaThread "http-nio-8080-exec-3" daemon [_thread_blocked, id=2124, stack(0x000000f669000000,0x000000f669100000)]
  0x000002084dbaf800 JavaThread "http-nio-8080-exec-4" daemon [_thread_blocked, id=18024, stack(0x000000f669100000,0x000000f669200000)]
  0x000002084dbb0000 JavaThread "http-nio-8080-exec-5" daemon [_thread_blocked, id=17616, stack(0x000000f669200000,0x000000f669300000)]
  0x000002084dbb6000 JavaThread "http-nio-8080-exec-6" daemon [_thread_blocked, id=13196, stack(0x000000f669300000,0x000000f669400000)]
  0x000002084dbb2000 JavaThread "http-nio-8080-exec-7" daemon [_thread_blocked, id=17744, stack(0x000000f669400000,0x000000f669500000)]
  0x000002084dbb2800 JavaThread "http-nio-8080-exec-8" daemon [_thread_blocked, id=15984, stack(0x000000f669500000,0x000000f669600000)]
  0x000002084dc0e800 JavaThread "http-nio-8080-exec-9" daemon [_thread_blocked, id=17828, stack(0x000000f669600000,0x000000f669700000)]
  0x000002084dc0d800 JavaThread "http-nio-8080-exec-10" daemon [_thread_blocked, id=11128, stack(0x000000f669700000,0x000000f669800000)]
  0x000002084dc0a800 JavaThread "http-nio-8080-ClientPoller" daemon [_thread_in_native, id=1892, stack(0x000000f669800000,0x000000f669900000)]
  0x000002084dc0f800 JavaThread "http-nio-8080-Acceptor" daemon [_thread_in_native, id=15456, stack(0x000000f669900000,0x000000f669a00000)]
  0x000002084dc11000 JavaThread "JavaFX-Launcher" [_thread_blocked, id=10256, stack(0x000000f669a00000,0x000000f669b00000)]
  0x000002084dc10000 JavaThread "QuantumRenderer-0" daemon [_thread_blocked, id=16496, stack(0x000000f669b00000,0x000000f669c00000)]
  0x000002084dc0b000 JavaThread "InvokeLaterDispatcher" daemon [_thread_blocked, id=5364, stack(0x000000f669c00000,0x000000f669d00000)]
  0x000002084dc11800 JavaThread "JavaFX Application Thread" [_thread_in_native, id=16932, stack(0x000000f669d00000,0x000000f669e00000)]
  0x000002084dc0d000 JavaThread "Thread-5" daemon [_thread_in_native, id=648, stack(0x000000f66a100000,0x000000f66a200000)]
  0x000002084dc0c000 JavaThread "RMI TCP Connection(2)-192.168.100.23" daemon [_thread_in_native, id=17236, stack(0x000000f66a200000,0x000000f66a300000)]
  0x000002084dc16000 JavaThread "Prism Font Disposer" daemon [_thread_blocked, id=10192, stack(0x000000f66a600000,0x000000f66a700000)]
  0x000002084dc15000 JavaThread "RMI TCP Connection(3)-192.168.100.23" daemon [_thread_in_native, id=14948, stack(0x000000f66a700000,0x000000f66a800000)]
  0x000002084dc16800 JavaThread "Cleaner-0" daemon [_thread_blocked, id=17948, stack(0x000000f66a800000,0x000000f66a900000)]
=>0x000002084dc17800 JavaThread "Thread-6" [_thread_in_native, id=1900, stack(0x000000f668700000,0x000000f668800000)]

Other Threads:
  0x00000208475bd000 VMThread "VM Thread" [stack: 0x000000f666d00000,0x000000f666e00000] [id=16664]
  0x00000208487fd800 WatcherThread [stack: 0x000000f667a00000,0x000000f667b00000] [id=16452]
  0x0000020823b93800 GCTaskThread "GC Thread#0" [stack: 0x000000f666800000,0x000000f666900000] [id=17708]
  0x00000208488d3800 GCTaskThread "GC Thread#1" [stack: 0x000000f667b00000,0x000000f667c00000] [id=17508]
  0x0000020848abc000 GCTaskThread "GC Thread#2" [stack: 0x000000f667c00000,0x000000f667d00000] [id=16676]
  0x0000020848abc800 GCTaskThread "GC Thread#3" [stack: 0x000000f667d00000,0x000000f667e00000] [id=4892]
  0x0000020848abd000 GCTaskThread "GC Thread#4" [stack: 0x000000f667e00000,0x000000f667f00000] [id=15752]
  0x0000020848abe000 GCTaskThread "GC Thread#5" [stack: 0x000000f667f00000,0x000000f668000000] [id=16720]
  0x0000020848f4e000 GCTaskThread "GC Thread#6" [stack: 0x000000f668b00000,0x000000f668c00000] [id=17460]
  0x0000020848f4f000 GCTaskThread "GC Thread#7" [stack: 0x000000f668c00000,0x000000f668d00000] [id=16616]
  0x0000020823bb5000 ConcurrentGCThread "G1 Main Marker" [stack: 0x000000f666900000,0x000000f666a00000] [id=10052]
  0x0000020823bb6800 ConcurrentGCThread "G1 Conc#0" [stack: 0x000000f666a00000,0x000000f666b00000] [id=17488]
  0x00000208498af000 ConcurrentGCThread "G1 Conc#1" [stack: 0x000000f668100000,0x000000f668200000] [id=10272]
  0x00000208474ad800 ConcurrentGCThread "G1 Refine#0" [stack: 0x000000f666b00000,0x000000f666c00000] [id=16392]
  0x00000208482e0800 ConcurrentGCThread "G1 Refine#1" [stack: 0x000000f668000000,0x000000f668100000] [id=17456]
  0x00000208474af800 ConcurrentGCThread "G1 Young RemSet Sampling" [stack: 0x000000f666c00000,0x000000f666d00000] [id=6452]

Threads with active compile tasks:

VM state:not at safepoint (normal execution)

VM Mutex/Monitor currently owned by a thread: None

Heap address: 0x0000000702000000, size: 4064 MB, Compressed Oops mode: Zero based, Oop shift amount: 3
Narrow klass base: 0x0000000800000000, Narrow klass shift: 3
Compressed class space size: 1073741824 Address: 0x0000000800b40000

Heap:
 garbage-first heap   total 193536K, used 61662K [0x0000000702000000, 0x0000000800000000)
  region size 1024K, 15 young (15360K), 11 survivors (11264K)
 Metaspace       used 74310K, capacity 77593K, committed 77820K, reserved 1116160K
  class space    used 10611K, capacity 11843K, committed 11904K, reserved 1048576K
Heap Regions: E=young(eden), S=young(survivor), O=old, HS=humongous(starts), HC=humongous(continues), CS=collection set, F=free, A=archive, TAMS=top-at-mark-start (previous, next)
|   0|0x0000000702000000, 0x0000000702100000, 0x0000000702100000|100%|HS|  |TAMS 0x0000000702100000, 0x0000000702000000| Complete 
|   1|0x0000000702100000, 0x0000000702200000, 0x0000000702200000|100%| O|  |TAMS 0x0000000702200000, 0x0000000702100000| Untracked 
|   2|0x0000000702200000, 0x0000000702300000, 0x0000000702300000|100%| O|  |TAMS 0x0000000702300000, 0x0000000702200000| Untracked 
|   3|0x0000000702300000, 0x0000000702400000, 0x0000000702400000|100%| O|  |TAMS 0x0000000702400000, 0x0000000702300000| Untracked 
|   4|0x0000000702400000, 0x0000000702500000, 0x0000000702500000|100%| O|  |TAMS 0x0000000702500000, 0x0000000702400000| Untracked 
|   5|0x0000000702500000, 0x0000000702600000, 0x0000000702600000|100%| O|  |TAMS 0x0000000702600000, 0x0000000702500000| Untracked 
|   6|0x0000000702600000, 0x0000000702700000, 0x0000000702700000|100%| O|  |TAMS 0x0000000702700000, 0x0000000702600000| Untracked 
|   7|0x0000000702700000, 0x0000000702800000, 0x0000000702800000|100%| O|  |TAMS 0x0000000702800000, 0x0000000702700000| Untracked 
|   8|0x0000000702800000, 0x00000007028f0600, 0x0000000702900000| 93%| O|  |TAMS 0x00000007028f0600, 0x0000000702800000| Untracked 
|   9|0x0000000702900000, 0x0000000702a00000, 0x0000000702a00000|100%| O|  |TAMS 0x0000000702a00000, 0x0000000702900000| Untracked 
|  10|0x0000000702a00000, 0x0000000702b00000, 0x0000000702b00000|100%| O|  |TAMS 0x0000000702b00000, 0x0000000702a00000| Untracked 
|  11|0x0000000702b00000, 0x0000000702c00000, 0x0000000702c00000|100%| O|  |TAMS 0x0000000702c00000, 0x0000000702b00000| Untracked 
|  12|0x0000000702c00000, 0x0000000702d00000, 0x0000000702d00000|100%| O|  |TAMS 0x0000000702d00000, 0x0000000702c00000| Untracked 
|  13|0x0000000702d00000, 0x0000000702e00000, 0x0000000702e00000|100%| O|  |TAMS 0x0000000702e00000, 0x0000000702d00000| Untracked 
|  14|0x0000000702e00000, 0x0000000702f00000, 0x0000000702f00000|100%| O|  |TAMS 0x0000000702f00000, 0x0000000702e00000| Untracked 
|  15|0x0000000702f00000, 0x0000000703000000, 0x0000000703000000|100%| O|  |TAMS 0x0000000703000000, 0x0000000702f00000| Untracked 
|  16|0x0000000703000000, 0x0000000703100000, 0x0000000703100000|100%| O|  |TAMS 0x0000000703100000, 0x0000000703000000| Untracked 
|  17|0x0000000703100000, 0x0000000703186c00, 0x0000000703200000| 52%| O|  |TAMS 0x0000000703186c00, 0x0000000703100000| Untracked 
|  18|0x0000000703200000, 0x0000000703300000, 0x0000000703300000|100%| O|  |TAMS 0x0000000703300000, 0x0000000703200000| Untracked 
|  19|0x0000000703300000, 0x0000000703400000, 0x0000000703400000|100%| O|  |TAMS 0x0000000703400000, 0x0000000703300000| Untracked 
|  20|0x0000000703400000, 0x0000000703500000, 0x0000000703500000|100%| O|  |TAMS 0x0000000703500000, 0x0000000703400000| Untracked 
|  21|0x0000000703500000, 0x0000000703600000, 0x0000000703600000|100%| O|  |TAMS 0x0000000703600000, 0x0000000703500000| Untracked 
|  22|0x0000000703600000, 0x0000000703700000, 0x0000000703700000|100%| O|  |TAMS 0x0000000703700000, 0x0000000703600000| Untracked 
|  23|0x0000000703700000, 0x0000000703800000, 0x0000000703800000|100%| O|  |TAMS 0x0000000703800000, 0x0000000703700000| Untracked 
|  24|0x0000000703800000, 0x0000000703900000, 0x0000000703900000|100%| O|  |TAMS 0x0000000703900000, 0x0000000703800000| Untracked 
|  25|0x0000000703900000, 0x0000000703a00000, 0x0000000703a00000|100%| O|  |TAMS 0x0000000703a00000, 0x0000000703900000| Untracked 
|  26|0x0000000703a00000, 0x0000000703b00000, 0x0000000703b00000|100%| O|  |TAMS 0x0000000703b00000, 0x0000000703a00000| Untracked 
|  27|0x0000000703b00000, 0x0000000703c00000, 0x0000000703c00000|100%| O|  |TAMS 0x0000000703c00000, 0x0000000703b00000| Untracked 
|  28|0x0000000703c00000, 0x0000000703d00000, 0x0000000703d00000|100%| O|  |TAMS 0x0000000703d00000, 0x0000000703c00000| Untracked 
|  29|0x0000000703d00000, 0x0000000703e00000, 0x0000000703e00000|100%| O|  |TAMS 0x0000000703e00000, 0x0000000703d00000| Untracked 
|  30|0x0000000703e00000, 0x0000000703f00000, 0x0000000703f00000|100%| O|  |TAMS 0x0000000703f00000, 0x0000000703e00000| Untracked 
|  31|0x0000000703f00000, 0x0000000704000000, 0x0000000704000000|100%| O|  |TAMS 0x0000000704000000, 0x0000000703f00000| Untracked 
|  32|0x0000000704000000, 0x0000000704100000, 0x0000000704100000|100%| O|  |TAMS 0x0000000704100000, 0x0000000704000000| Untracked 
|  33|0x0000000704100000, 0x0000000704153600, 0x0000000704200000| 32%| O|  |TAMS 0x0000000704153600, 0x0000000704100000| Untracked 
|  34|0x0000000704200000, 0x0000000704300000, 0x0000000704300000|100%| O|  |TAMS 0x0000000704200000, 0x0000000704200000| Untracked 
|  35|0x0000000704300000, 0x0000000704400000, 0x0000000704400000|100%| O|  |TAMS 0x0000000704300000, 0x0000000704300000| Untracked 
|  36|0x0000000704400000, 0x0000000704500000, 0x0000000704500000|100%| O|  |TAMS 0x0000000704400000, 0x0000000704400000| Untracked 
|  37|0x0000000704500000, 0x0000000704600000, 0x0000000704600000|100%| O|  |TAMS 0x0000000704500000, 0x0000000704500000| Untracked 
|  38|0x0000000704600000, 0x0000000704700000, 0x0000000704700000|100%| O|  |TAMS 0x0000000704600000, 0x0000000704600000| Untracked 
|  39|0x0000000704700000, 0x0000000704800000, 0x0000000704800000|100%| O|  |TAMS 0x0000000704700000, 0x0000000704700000| Untracked 
|  40|0x0000000704800000, 0x0000000704900000, 0x0000000704900000|100%| O|  |TAMS 0x0000000704800000, 0x0000000704800000| Untracked 
|  41|0x0000000704900000, 0x0000000704a00000, 0x0000000704a00000|100%| O|  |TAMS 0x0000000704900000, 0x0000000704900000| Untracked 
|  42|0x0000000704a00000, 0x0000000704b00000, 0x0000000704b00000|100%| O|  |TAMS 0x0000000704a00000, 0x0000000704a00000| Untracked 
|  43|0x0000000704b00000, 0x0000000704c00000, 0x0000000704c00000|100%| O|  |TAMS 0x0000000704b00000, 0x0000000704b00000| Untracked 
|  44|0x0000000704c00000, 0x0000000704d00000, 0x0000000704d00000|100%| O|  |TAMS 0x0000000704c00000, 0x0000000704c00000| Untracked 
|  45|0x0000000704d00000, 0x0000000704e00000, 0x0000000704e00000|100%| O|  |TAMS 0x0000000704d00000, 0x0000000704d00000| Untracked 
|  46|0x0000000704e00000, 0x0000000704f00000, 0x0000000704f00000|100%|HS|  |TAMS 0x0000000704e00000, 0x0000000704e00000| Complete 
|  47|0x0000000704f00000, 0x0000000705000000, 0x0000000705000000|100%|HC|  |TAMS 0x0000000704f00000, 0x0000000704f00000| Complete 
|  48|0x0000000705000000, 0x0000000705000000, 0x0000000705100000|  0%| F|  |TAMS 0x0000000705000000, 0x0000000705000000| Untracked 
|  49|0x0000000705100000, 0x0000000705100000, 0x0000000705200000|  0%| F|  |TAMS 0x0000000705100000, 0x0000000705100000| Untracked 
|  50|0x0000000705200000, 0x0000000705200000, 0x0000000705300000|  0%| F|  |TAMS 0x0000000705200000, 0x0000000705200000| Untracked 
|  51|0x0000000705300000, 0x0000000705300000, 0x0000000705400000|  0%| F|  |TAMS 0x0000000705300000, 0x0000000705300000| Untracked 
|  52|0x0000000705400000, 0x0000000705400000, 0x0000000705500000|  0%| F|  |TAMS 0x0000000705400000, 0x0000000705400000| Untracked 
|  53|0x0000000705500000, 0x0000000705500000, 0x0000000705600000|  0%| F|  |TAMS 0x0000000705500000, 0x0000000705500000| Untracked 
|  54|0x0000000705600000, 0x0000000705600000, 0x0000000705700000|  0%| F|  |TAMS 0x0000000705600000, 0x0000000705600000| Untracked 
|  55|0x0000000705700000, 0x0000000705700000, 0x0000000705800000|  0%| F|  |TAMS 0x0000000705700000, 0x0000000705700000| Untracked 
|  56|0x0000000705800000, 0x0000000705800000, 0x0000000705900000|  0%| F|  |TAMS 0x0000000705800000, 0x0000000705800000| Untracked 
|  57|0x0000000705900000, 0x0000000705900000, 0x0000000705a00000|  0%| F|  |TAMS 0x0000000705900000, 0x0000000705900000| Untracked 
|  58|0x0000000705a00000, 0x0000000705a00000, 0x0000000705b00000|  0%| F|  |TAMS 0x0000000705a00000, 0x0000000705a00000| Untracked 
|  59|0x0000000705b00000, 0x0000000705b00000, 0x0000000705c00000|  0%| F|  |TAMS 0x0000000705b00000, 0x0000000705b00000| Untracked 
|  60|0x0000000705c00000, 0x0000000705c00000, 0x0000000705d00000|  0%| F|  |TAMS 0x0000000705c00000, 0x0000000705c00000| Untracked 
|  61|0x0000000705d00000, 0x0000000705d00000, 0x0000000705e00000|  0%| F|  |TAMS 0x0000000705d00000, 0x0000000705d00000| Untracked 
|  62|0x0000000705e00000, 0x0000000705e00000, 0x0000000705f00000|  0%| F|  |TAMS 0x0000000705e00000, 0x0000000705e00000| Untracked 
|  63|0x0000000705f00000, 0x0000000705f00000, 0x0000000706000000|  0%| F|  |TAMS 0x0000000705f00000, 0x0000000705f00000| Untracked 
|  64|0x0000000706000000, 0x0000000706000000, 0x0000000706100000|  0%| F|  |TAMS 0x0000000706000000, 0x0000000706000000| Untracked 
|  65|0x0000000706100000, 0x0000000706100000, 0x0000000706200000|  0%| F|  |TAMS 0x0000000706100000, 0x0000000706100000| Untracked 
|  66|0x0000000706200000, 0x0000000706200000, 0x0000000706300000|  0%| F|  |TAMS 0x0000000706200000, 0x0000000706200000| Untracked 
|  67|0x0000000706300000, 0x0000000706300000, 0x0000000706400000|  0%| F|  |TAMS 0x0000000706300000, 0x0000000706300000| Untracked 
|  68|0x0000000706400000, 0x0000000706400000, 0x0000000706500000|  0%| F|  |TAMS 0x0000000706400000, 0x0000000706400000| Untracked 
|  69|0x0000000706500000, 0x0000000706500000, 0x0000000706600000|  0%| F|  |TAMS 0x0000000706500000, 0x0000000706500000| Untracked 
|  70|0x0000000706600000, 0x0000000706600000, 0x0000000706700000|  0%| F|  |TAMS 0x0000000706600000, 0x0000000706600000| Untracked 
|  71|0x0000000706700000, 0x0000000706700000, 0x0000000706800000|  0%| F|  |TAMS 0x0000000706700000, 0x0000000706700000| Untracked 
|  72|0x0000000706800000, 0x0000000706800000, 0x0000000706900000|  0%| F|  |TAMS 0x0000000706800000, 0x0000000706800000| Untracked 
|  73|0x0000000706900000, 0x0000000706900000, 0x0000000706a00000|  0%| F|  |TAMS 0x0000000706900000, 0x0000000706900000| Untracked 
|  74|0x0000000706a00000, 0x0000000706a00000, 0x0000000706b00000|  0%| F|  |TAMS 0x0000000706a00000, 0x0000000706a00000| Untracked 
|  75|0x0000000706b00000, 0x0000000706b00000, 0x0000000706c00000|  0%| F|  |TAMS 0x0000000706b00000, 0x0000000706b00000| Untracked 
|  76|0x0000000706c00000, 0x0000000706c00000, 0x0000000706d00000|  0%| F|  |TAMS 0x0000000706c00000, 0x0000000706c00000| Untracked 
|  77|0x0000000706d00000, 0x0000000706d00000, 0x0000000706e00000|  0%| F|  |TAMS 0x0000000706d00000, 0x0000000706d00000| Untracked 
|  78|0x0000000706e00000, 0x0000000706e00000, 0x0000000706f00000|  0%| F|  |TAMS 0x0000000706e00000, 0x0000000706e00000| Untracked 
|  79|0x0000000706f00000, 0x0000000706f00000, 0x0000000707000000|  0%| F|  |TAMS 0x0000000706f00000, 0x0000000706f00000| Untracked 
|  80|0x0000000707000000, 0x0000000707000000, 0x0000000707100000|  0%| F|  |TAMS 0x0000000707000000, 0x0000000707000000| Untracked 
|  81|0x0000000707100000, 0x0000000707100000, 0x0000000707200000|  0%| F|  |TAMS 0x0000000707100000, 0x0000000707100000| Untracked 
|  82|0x0000000707200000, 0x0000000707200000, 0x0000000707300000|  0%| F|  |TAMS 0x0000000707200000, 0x0000000707200000| Untracked 
|  83|0x0000000707300000, 0x0000000707300000, 0x0000000707400000|  0%| F|  |TAMS 0x0000000707300000, 0x0000000707300000| Untracked 
|  84|0x0000000707400000, 0x000000070746d038, 0x0000000707500000| 42%| S|CS|TAMS 0x0000000707400000, 0x0000000707400000| Complete 
|  85|0x0000000707500000, 0x0000000707600000, 0x0000000707600000|100%| S|CS|TAMS 0x0000000707500000, 0x0000000707500000| Complete 
|  86|0x0000000707600000, 0x0000000707700000, 0x0000000707700000|100%| S|CS|TAMS 0x0000000707600000, 0x0000000707600000| Complete 
|  87|0x0000000707700000, 0x0000000707800000, 0x0000000707800000|100%| S|CS|TAMS 0x0000000707700000, 0x0000000707700000| Complete 
|  88|0x0000000707800000, 0x0000000707900000, 0x0000000707900000|100%| S|CS|TAMS 0x0000000707800000, 0x0000000707800000| Complete 
|  89|0x0000000707900000, 0x0000000707a00000, 0x0000000707a00000|100%| S|CS|TAMS 0x0000000707900000, 0x0000000707900000| Complete 
|  90|0x0000000707a00000, 0x0000000707b00000, 0x0000000707b00000|100%| S|CS|TAMS 0x0000000707a00000, 0x0000000707a00000| Complete 
|  91|0x0000000707b00000, 0x0000000707c00000, 0x0000000707c00000|100%| S|CS|TAMS 0x0000000707b00000, 0x0000000707b00000| Complete 
|  92|0x0000000707c00000, 0x0000000707d00000, 0x0000000707d00000|100%| S|CS|TAMS 0x0000000707c00000, 0x0000000707c00000| Complete 
|  93|0x0000000707d00000, 0x0000000707e00000, 0x0000000707e00000|100%| S|CS|TAMS 0x0000000707d00000, 0x0000000707d00000| Complete 
|  94|0x0000000707e00000, 0x0000000707f00000, 0x0000000707f00000|100%| S|CS|TAMS 0x0000000707e00000, 0x0000000707e00000| Complete 
|  95|0x0000000707f00000, 0x0000000707f00000, 0x0000000708000000|  0%| F|  |TAMS 0x0000000707f00000, 0x0000000707f00000| Untracked 
|  96|0x0000000708000000, 0x0000000708000000, 0x0000000708100000|  0%| F|  |TAMS 0x0000000708000000, 0x0000000708000000| Untracked 
|  97|0x0000000708100000, 0x0000000708100000, 0x0000000708200000|  0%| F|  |TAMS 0x0000000708100000, 0x0000000708100000| Untracked 
|  98|0x0000000708200000, 0x0000000708200000, 0x0000000708300000|  0%| F|  |TAMS 0x0000000708200000, 0x0000000708200000| Untracked 
|  99|0x0000000708300000, 0x0000000708300000, 0x0000000708400000|  0%| F|  |TAMS 0x0000000708300000, 0x0000000708300000| Untracked 
| 100|0x0000000708400000, 0x0000000708400000, 0x0000000708500000|  0%| F|  |TAMS 0x0000000708400000, 0x0000000708400000| Untracked 
| 101|0x0000000708500000, 0x0000000708500000, 0x0000000708600000|  0%| F|  |TAMS 0x0000000708500000, 0x0000000708500000| Untracked 
| 102|0x0000000708600000, 0x0000000708600000, 0x0000000708700000|  0%| F|  |TAMS 0x0000000708600000, 0x0000000708600000| Untracked 
| 103|0x0000000708700000, 0x0000000708700000, 0x0000000708800000|  0%| F|  |TAMS 0x0000000708700000, 0x0000000708700000| Untracked 
| 104|0x0000000708800000, 0x0000000708800000, 0x0000000708900000|  0%| F|  |TAMS 0x0000000708800000, 0x0000000708800000| Untracked 
| 105|0x0000000708900000, 0x0000000708900000, 0x0000000708a00000|  0%| F|  |TAMS 0x0000000708900000, 0x0000000708900000| Untracked 
| 106|0x0000000708a00000, 0x0000000708a00000, 0x0000000708b00000|  0%| F|  |TAMS 0x0000000708a00000, 0x0000000708a00000| Untracked 
| 107|0x0000000708b00000, 0x0000000708b00000, 0x0000000708c00000|  0%| F|  |TAMS 0x0000000708b00000, 0x0000000708b00000| Untracked 
| 108|0x0000000708c00000, 0x0000000708c00000, 0x0000000708d00000|  0%| F|  |TAMS 0x0000000708c00000, 0x0000000708c00000| Untracked 
| 109|0x0000000708d00000, 0x0000000708d00000, 0x0000000708e00000|  0%| F|  |TAMS 0x0000000708d00000, 0x0000000708d00000| Untracked 
| 110|0x0000000708e00000, 0x0000000708e00000, 0x0000000708f00000|  0%| F|  |TAMS 0x0000000708e00000, 0x0000000708e00000| Untracked 
| 111|0x0000000708f00000, 0x0000000708f00000, 0x0000000709000000|  0%| F|  |TAMS 0x0000000708f00000, 0x0000000708f00000| Untracked 
| 112|0x0000000709000000, 0x0000000709000000, 0x0000000709100000|  0%| F|  |TAMS 0x0000000709000000, 0x0000000709000000| Untracked 
| 113|0x0000000709100000, 0x0000000709100000, 0x0000000709200000|  0%| F|  |TAMS 0x0000000709100000, 0x0000000709100000| Untracked 
| 114|0x0000000709200000, 0x0000000709200000, 0x0000000709300000|  0%| F|  |TAMS 0x0000000709200000, 0x0000000709200000| Untracked 
| 115|0x0000000709300000, 0x0000000709300000, 0x0000000709400000|  0%| F|  |TAMS 0x0000000709300000, 0x0000000709300000| Untracked 
| 116|0x0000000709400000, 0x0000000709400000, 0x0000000709500000|  0%| F|  |TAMS 0x0000000709400000, 0x0000000709400000| Untracked 
| 117|0x0000000709500000, 0x0000000709500000, 0x0000000709600000|  0%| F|  |TAMS 0x0000000709500000, 0x0000000709500000| Untracked 
| 118|0x0000000709600000, 0x0000000709600000, 0x0000000709700000|  0%| F|  |TAMS 0x0000000709600000, 0x0000000709600000| Untracked 
| 119|0x0000000709700000, 0x0000000709700000, 0x0000000709800000|  0%| F|  |TAMS 0x0000000709700000, 0x0000000709700000| Untracked 
| 120|0x0000000709800000, 0x0000000709800000, 0x0000000709900000|  0%| F|  |TAMS 0x0000000709800000, 0x0000000709800000| Untracked 
| 121|0x0000000709900000, 0x0000000709900000, 0x0000000709a00000|  0%| F|  |TAMS 0x0000000709900000, 0x0000000709900000| Untracked 
| 122|0x0000000709a00000, 0x0000000709a00000, 0x0000000709b00000|  0%| F|  |TAMS 0x0000000709a00000, 0x0000000709a00000| Untracked 
| 123|0x0000000709b00000, 0x0000000709b00000, 0x0000000709c00000|  0%| F|  |TAMS 0x0000000709b00000, 0x0000000709b00000| Untracked 
| 124|0x0000000709c00000, 0x0000000709c00000, 0x0000000709d00000|  0%| F|  |TAMS 0x0000000709c00000, 0x0000000709c00000| Untracked 
| 125|0x0000000709d00000, 0x0000000709d00000, 0x0000000709e00000|  0%| F|  |TAMS 0x0000000709d00000, 0x0000000709d00000| Untracked 
| 126|0x0000000709e00000, 0x0000000709e00000, 0x0000000709f00000|  0%| F|  |TAMS 0x0000000709e00000, 0x0000000709e00000| Untracked 
| 127|0x0000000709f00000, 0x0000000709f00000, 0x000000070a000000|  0%| F|  |TAMS 0x0000000709f00000, 0x0000000709f00000| Untracked 
| 128|0x000000070a000000, 0x000000070a000000, 0x000000070a100000|  0%| F|  |TAMS 0x000000070a000000, 0x000000070a000000| Untracked 
| 129|0x000000070a100000, 0x000000070a100000, 0x000000070a200000|  0%| F|  |TAMS 0x000000070a100000, 0x000000070a100000| Untracked 
| 130|0x000000070a200000, 0x000000070a200000, 0x000000070a300000|  0%| F|  |TAMS 0x000000070a200000, 0x000000070a200000| Untracked 
| 131|0x000000070a300000, 0x000000070a300000, 0x000000070a400000|  0%| F|  |TAMS 0x000000070a300000, 0x000000070a300000| Untracked 
| 132|0x000000070a400000, 0x000000070a400000, 0x000000070a500000|  0%| F|  |TAMS 0x000000070a400000, 0x000000070a400000| Untracked 
| 133|0x000000070a500000, 0x000000070a500000, 0x000000070a600000|  0%| F|  |TAMS 0x000000070a500000, 0x000000070a500000| Untracked 
| 134|0x000000070a600000, 0x000000070a600000, 0x000000070a700000|  0%| F|  |TAMS 0x000000070a600000, 0x000000070a600000| Untracked 
| 135|0x000000070a700000, 0x000000070a700000, 0x000000070a800000|  0%| F|  |TAMS 0x000000070a700000, 0x000000070a700000| Untracked 
| 136|0x000000070a800000, 0x000000070a800000, 0x000000070a900000|  0%| F|  |TAMS 0x000000070a800000, 0x000000070a800000| Untracked 
| 137|0x000000070a900000, 0x000000070a900000, 0x000000070aa00000|  0%| F|  |TAMS 0x000000070a900000, 0x000000070a900000| Untracked 
| 138|0x000000070aa00000, 0x000000070aa00000, 0x000000070ab00000|  0%| F|  |TAMS 0x000000070aa00000, 0x000000070aa00000| Untracked 
| 139|0x000000070ab00000, 0x000000070ab00000, 0x000000070ac00000|  0%| F|  |TAMS 0x000000070ab00000, 0x000000070ab00000| Untracked 
| 140|0x000000070ac00000, 0x000000070ac00000, 0x000000070ad00000|  0%| F|  |TAMS 0x000000070ac00000, 0x000000070ac00000| Untracked 
| 141|0x000000070ad00000, 0x000000070ad00000, 0x000000070ae00000|  0%| F|  |TAMS 0x000000070ad00000, 0x000000070ad00000| Untracked 
| 142|0x000000070ae00000, 0x000000070ae00000, 0x000000070af00000|  0%| F|  |TAMS 0x000000070ae00000, 0x000000070ae00000| Untracked 
| 143|0x000000070af00000, 0x000000070af00000, 0x000000070b000000|  0%| F|  |TAMS 0x000000070af00000, 0x000000070af00000| Untracked 
| 144|0x000000070b000000, 0x000000070b000000, 0x000000070b100000|  0%| F|  |TAMS 0x000000070b000000, 0x000000070b000000| Untracked 
| 145|0x000000070b100000, 0x000000070b100000, 0x000000070b200000|  0%| F|  |TAMS 0x000000070b100000, 0x000000070b100000| Untracked 
| 146|0x000000070b200000, 0x000000070b200000, 0x000000070b300000|  0%| F|  |TAMS 0x000000070b200000, 0x000000070b200000| Untracked 
| 147|0x000000070b300000, 0x000000070b300000, 0x000000070b400000|  0%| F|  |TAMS 0x000000070b300000, 0x000000070b300000| Untracked 
| 148|0x000000070b400000, 0x000000070b400000, 0x000000070b500000|  0%| F|  |TAMS 0x000000070b400000, 0x000000070b400000| Untracked 
| 149|0x000000070b500000, 0x000000070b500000, 0x000000070b600000|  0%| F|  |TAMS 0x000000070b500000, 0x000000070b500000| Untracked 
| 150|0x000000070b600000, 0x000000070b600000, 0x000000070b700000|  0%| F|  |TAMS 0x000000070b600000, 0x000000070b600000| Untracked 
| 151|0x000000070b700000, 0x000000070b700000, 0x000000070b800000|  0%| F|  |TAMS 0x000000070b700000, 0x000000070b700000| Untracked 
| 152|0x000000070b800000, 0x000000070b800000, 0x000000070b900000|  0%| F|  |TAMS 0x000000070b800000, 0x000000070b800000| Untracked 
| 153|0x000000070b900000, 0x000000070b900000, 0x000000070ba00000|  0%| F|  |TAMS 0x000000070b900000, 0x000000070b900000| Untracked 
| 154|0x000000070ba00000, 0x000000070ba00000, 0x000000070bb00000|  0%| F|  |TAMS 0x000000070ba00000, 0x000000070ba00000| Untracked 
| 155|0x000000070bb00000, 0x000000070bb00000, 0x000000070bc00000|  0%| F|  |TAMS 0x000000070bb00000, 0x000000070bb00000| Untracked 
| 156|0x000000070bc00000, 0x000000070bc00000, 0x000000070bd00000|  0%| F|  |TAMS 0x000000070bc00000, 0x000000070bc00000| Untracked 
| 157|0x000000070bd00000, 0x000000070bd00000, 0x000000070be00000|  0%| F|  |TAMS 0x000000070bd00000, 0x000000070bd00000| Untracked 
| 158|0x000000070be00000, 0x000000070be00000, 0x000000070bf00000|  0%| F|  |TAMS 0x000000070be00000, 0x000000070be00000| Untracked 
| 159|0x000000070bf00000, 0x000000070bf00000, 0x000000070c000000|  0%| F|  |TAMS 0x000000070bf00000, 0x000000070bf00000| Untracked 
| 160|0x000000070c000000, 0x000000070c000000, 0x000000070c100000|  0%| F|  |TAMS 0x000000070c000000, 0x000000070c000000| Untracked 
| 161|0x000000070c100000, 0x000000070c100000, 0x000000070c200000|  0%| F|  |TAMS 0x000000070c100000, 0x000000070c100000| Untracked 
| 162|0x000000070c200000, 0x000000070c200000, 0x000000070c300000|  0%| F|  |TAMS 0x000000070c200000, 0x000000070c200000| Untracked 
| 163|0x000000070c300000, 0x000000070c300000, 0x000000070c400000|  0%| F|  |TAMS 0x000000070c300000, 0x000000070c300000| Untracked 
| 164|0x000000070c400000, 0x000000070c400000, 0x000000070c500000|  0%| F|  |TAMS 0x000000070c400000, 0x000000070c400000| Untracked 
| 165|0x000000070c500000, 0x000000070c500000, 0x000000070c600000|  0%| F|  |TAMS 0x000000070c500000, 0x000000070c500000| Untracked 
| 166|0x000000070c600000, 0x000000070c600000, 0x000000070c700000|  0%| F|  |TAMS 0x000000070c600000, 0x000000070c600000| Untracked 
| 167|0x000000070c700000, 0x000000070c700000, 0x000000070c800000|  0%| F|  |TAMS 0x000000070c700000, 0x000000070c700000| Untracked 
| 168|0x000000070c800000, 0x000000070c800000, 0x000000070c900000|  0%| F|  |TAMS 0x000000070c800000, 0x000000070c800000| Untracked 
| 169|0x000000070c900000, 0x000000070c900000, 0x000000070ca00000|  0%| F|  |TAMS 0x000000070c900000, 0x000000070c900000| Untracked 
| 170|0x000000070ca00000, 0x000000070ca00000, 0x000000070cb00000|  0%| F|  |TAMS 0x000000070ca00000, 0x000000070ca00000| Untracked 
| 171|0x000000070cb00000, 0x000000070cb00000, 0x000000070cc00000|  0%| F|  |TAMS 0x000000070cb00000, 0x000000070cb00000| Untracked 
| 172|0x000000070cc00000, 0x000000070cc00000, 0x000000070cd00000|  0%| F|  |TAMS 0x000000070cc00000, 0x000000070cc00000| Untracked 
| 173|0x000000070cd00000, 0x000000070cd00000, 0x000000070ce00000|  0%| F|  |TAMS 0x000000070cd00000, 0x000000070cd00000| Untracked 
| 174|0x000000070ce00000, 0x000000070ce00000, 0x000000070cf00000|  0%| F|  |TAMS 0x000000070ce00000, 0x000000070ce00000| Untracked 
| 175|0x000000070cf00000, 0x000000070cf00000, 0x000000070d000000|  0%| F|  |TAMS 0x000000070cf00000, 0x000000070cf00000| Untracked 
| 176|0x000000070d000000, 0x000000070d000000, 0x000000070d100000|  0%| F|  |TAMS 0x000000070d000000, 0x000000070d000000| Untracked 
| 177|0x000000070d100000, 0x000000070d100000, 0x000000070d200000|  0%| F|  |TAMS 0x000000070d100000, 0x000000070d100000| Untracked 
| 178|0x000000070d200000, 0x000000070d200000, 0x000000070d300000|  0%| F|  |TAMS 0x000000070d200000, 0x000000070d200000| Untracked 
| 179|0x000000070d300000, 0x000000070d300000, 0x000000070d400000|  0%| F|  |TAMS 0x000000070d300000, 0x000000070d300000| Untracked 
| 180|0x000000070d400000, 0x000000070d400000, 0x000000070d500000|  0%| F|  |TAMS 0x000000070d400000, 0x000000070d400000| Untracked 
| 181|0x000000070d500000, 0x000000070d500000, 0x000000070d600000|  0%| F|  |TAMS 0x000000070d500000, 0x000000070d500000| Untracked 
| 182|0x000000070d600000, 0x000000070d600000, 0x000000070d700000|  0%| F|  |TAMS 0x000000070d600000, 0x000000070d600000| Untracked 
| 183|0x000000070d700000, 0x000000070d700000, 0x000000070d800000|  0%| F|  |TAMS 0x000000070d700000, 0x000000070d700000| Untracked 
| 184|0x000000070d800000, 0x000000070d800000, 0x000000070d900000|  0%| F|  |TAMS 0x000000070d800000, 0x000000070d800000| Untracked 
| 185|0x000000070d900000, 0x000000070da00000, 0x000000070da00000|100%| E|  |TAMS 0x000000070d900000, 0x000000070d900000| Complete 
| 186|0x000000070da00000, 0x000000070db00000, 0x000000070db00000|100%| E|CS|TAMS 0x000000070da00000, 0x000000070da00000| Complete 
| 187|0x000000070db00000, 0x000000070dc00000, 0x000000070dc00000|100%| E|CS|TAMS 0x000000070db00000, 0x000000070db00000| Complete 
| 304|0x0000000715000000, 0x0000000715100000, 0x0000000715100000|100%| E|CS|TAMS 0x0000000715000000, 0x0000000715000000| Complete 

Card table byte_map: [0x000002083bb30000,0x000002083c320000] _byte_map_base: 0x0000020838320000

Marking Bits (Prev, Next): (CMBitMap*) 0x0000020823b94448, (CMBitMap*) 0x0000020823b94408
 Prev Bits: [0x0000020840a90000, 0x0000020844a10000)
 Next Bits: [0x000002083cb10000, 0x0000020840a90000)

Polling page: 0x0000020821a00000

Metaspace:

Usage:
  Non-class:     64.21 MB capacity,    62.21 MB ( 97%) used,     1.64 MB (  3%) free+waste,   376.06 KB ( <1%) overhead. 
      Class:     11.57 MB capacity,    10.36 MB ( 90%) used,     1.02 MB (  9%) free+waste,   186.31 KB (  2%) overhead. 
       Both:     75.77 MB capacity,    72.57 MB ( 96%) used,     2.66 MB (  4%) free+waste,   562.38 KB ( <1%) overhead. 

Virtual space:
  Non-class space:       66.00 MB reserved,      64.37 MB ( 98%) committed 
      Class space:        1.00 GB reserved,      11.63 MB (  1%) committed 
             Both:        1.06 GB reserved,      76.00 MB (  7%) committed 

Chunk freelists:
   Non-Class:  38.00 KB
       Class:  1.00 KB
        Both:  39.00 KB

MaxMetaspaceSize: 17179869184.00 GB
CompressedClassSpaceSize: 1.00 GB

CodeHeap 'non-profiled nmethods': size=238336Kb used=16391Kb max_used=16391Kb free=221944Kb
 bounds [0x000002082c750000, 0x000002082d760000, 0x000002083b010000]
CodeHeap 'non-nmethods': size=7424Kb used=1658Kb max_used=1658Kb free=5766Kb
 bounds [0x000002082c010000, 0x000002082c280000, 0x000002082c750000]
 total_blobs=10229 nmethods=8950 adapters=868
 compilation: enabled
              stopped_count=0, restarted_count=0
 full_count=0

Compilation events (20 events):
Event: 10.078 Thread 0x0000020847e64000 9014       1       com.sun.javafx.geom.transform.Affine3D::getMzz (5 bytes)
Event: 10.078 Thread 0x0000020847e64000 nmethod 9014 0x000002082d74f590 code [0x000002082d74f720, 0x000002082d74f858]
Event: 10.078 Thread 0x0000020847e64000 9015       1       com.sun.javafx.geom.transform.Affine3D::getMzt (5 bytes)
Event: 10.078 Thread 0x0000020847e64000 nmethod 9015 0x000002082d74f910 code [0x000002082d74faa0, 0x000002082d74fbd8]
Event: 10.078 Thread 0x0000020847e64000 9003       1       com.sun.javafx.geom.transform.Identity::transform (20 bytes)
Event: 10.079 Thread 0x0000020847e64000 nmethod 9003 0x000002082d74fc90 code [0x000002082d74fe40, 0x000002082d750058]
Event: 10.215 Thread 0x0000020847e64000 9016       1       java.util.WeakHashMap$HashIterator::nextEntry (81 bytes)
Event: 10.215 Thread 0x0000020847e64000 nmethod 9016 0x000002082d750190 code [0x000002082d750380, 0x000002082d7507d0]
Event: 10.215 Thread 0x0000020847e64000 9017       1       java.util.WeakHashMap$Entry::getKey (8 bytes)
Event: 10.215 Thread 0x0000020847e64000 nmethod 9017 0x000002082d750990 code [0x000002082d750b20, 0x000002082d750c98]
Event: 10.215 Thread 0x0000020847e64000 9018       1       java.util.WeakHashMap::unmaskNull (13 bytes)
Event: 10.215 Thread 0x0000020847e64000 nmethod 9018 0x000002082d750d10 code [0x000002082d750ea0, 0x000002082d750fb8]
Event: 10.263 Thread 0x0000020847e64000 9019       1       java.util.WeakHashMap$Entry::getValue (5 bytes)
Event: 10.263 Thread 0x0000020847e64000 nmethod 9019 0x000002082d751010 code [0x000002082d7511a0, 0x000002082d7512d8]
Event: 10.375 Thread 0x0000020847e64000 9020       1       com.sun.glass.ui.Application::GetApplication (4 bytes)
Event: 10.375 Thread 0x0000020847e64000 nmethod 9020 0x000002082d751390 code [0x000002082d751520, 0x000002082d751638]
Event: 10.455 Thread 0x0000020847e64000 9021       1       java.util.concurrent.locks.ReentrantLock$Sync::isHeldExclusively (16 bytes)
Event: 10.455 Thread 0x0000020847e64000 nmethod 9021 0x000002082d751690 code [0x000002082d751820, 0x000002082d751978]
Event: 10.471 Thread 0x0000020847e64000 9022       1       com.intellij.rt.debugger.agent.CaptureStorage$HardKey::hashCode (5 bytes)
Event: 10.471 Thread 0x0000020847e64000 nmethod 9022 0x000002082d751a10 code [0x000002082d751ba0, 0x000002082d751cd8]

GC Heap History (20 events):
Event: 4.453 GC heap before
{Heap before GC invocations=16 (full 0):
 garbage-first heap   total 96256K, used 73648K [0x0000000702000000, 0x0000000800000000)
  region size 1024K, 56 young (57344K), 9 survivors (9216K)
 Metaspace       used 38529K, capacity 39812K, committed 40060K, reserved 1083392K
  class space    used 5109K, capacity 5597K, committed 5632K, reserved 1048576K
}
Event: 4.468 GC heap after
{Heap after GC invocations=17 (full 0):
 garbage-first heap   total 132096K, used 27926K [0x0000000702000000, 0x0000000800000000)
  region size 1024K, 5 young (5120K), 5 survivors (5120K)
 Metaspace       used 38529K, capacity 39812K, committed 40060K, reserved 1083392K
  class space    used 5109K, capacity 5597K, committed 5632K, reserved 1048576K
}
Event: 5.023 GC heap before
{Heap before GC invocations=17 (full 0):
 garbage-first heap   total 132096K, used 95510K [0x0000000702000000, 0x0000000800000000)
  region size 1024K, 71 young (72704K), 5 survivors (5120K)
 Metaspace       used 48303K, capacity 49621K, committed 49788K, reserved 1091584K
  class space    used 6628K, capacity 7130K, committed 7168K, reserved 1048576K
}
Event: 5.031 GC heap after
{Heap after GC invocations=18 (full 0):
 garbage-first heap   total 132096K, used 30430K [0x0000000702000000, 0x0000000800000000)
  region size 1024K, 6 young (6144K), 6 survivors (6144K)
 Metaspace       used 48303K, capacity 49621K, committed 49788K, reserved 1091584K
  class space    used 6628K, capacity 7130K, committed 7168K, reserved 1048576K
}
Event: 5.543 GC heap before
{Heap before GC invocations=18 (full 0):
 garbage-first heap   total 132096K, used 98014K [0x0000000702000000, 0x0000000800000000)
  region size 1024K, 72 young (73728K), 6 survivors (6144K)
 Metaspace       used 53546K, capacity 55215K, committed 55548K, reserved 1097728K
  class space    used 7365K, capacity 7946K, committed 8064K, reserved 1048576K
}
Event: 5.553 GC heap after
{Heap after GC invocations=19 (full 0):
 garbage-first heap   total 132096K, used 33412K [0x0000000702000000, 0x0000000800000000)
  region size 1024K, 6 young (6144K), 6 survivors (6144K)
 Metaspace       used 53546K, capacity 55215K, committed 55548K, reserved 1097728K
  class space    used 7365K, capacity 7946K, committed 8064K, reserved 1048576K
}
Event: 5.959 GC heap before
{Heap before GC invocations=19 (full 0):
 garbage-first heap   total 132096K, used 99972K [0x0000000702000000, 0x0000000800000000)
  region size 1024K, 71 young (72704K), 6 survivors (6144K)
 Metaspace       used 54862K, capacity 56567K, committed 56700K, reserved 1097728K
  class space    used 7541K, capacity 8153K, committed 8192K, reserved 1048576K
}
Event: 5.966 GC heap after
{Heap after GC invocations=20 (full 0):
 garbage-first heap   total 132096K, used 36520K [0x0000000702000000, 0x0000000800000000)
  region size 1024K, 6 young (6144K), 6 survivors (6144K)
 Metaspace       used 54862K, capacity 56567K, committed 56700K, reserved 1097728K
  class space    used 7541K, capacity 8153K, committed 8192K, reserved 1048576K
}
Event: 6.341 GC heap before
{Heap before GC invocations=20 (full 0):
 garbage-first heap   total 132096K, used 103080K [0x0000000702000000, 0x0000000800000000)
  region size 1024K, 71 young (72704K), 6 survivors (6144K)
 Metaspace       used 56157K, capacity 57928K, committed 58236K, reserved 1099776K
  class space    used 7713K, capacity 8359K, committed 8448K, reserved 1048576K
}
Event: 6.349 GC heap after
{Heap after GC invocations=21 (full 0):
 garbage-first heap   total 174080K, used 39653K [0x0000000702000000, 0x0000000800000000)
  region size 1024K, 6 young (6144K), 6 survivors (6144K)
 Metaspace       used 56157K, capacity 57928K, committed 58236K, reserved 1099776K
  class space    used 7713K, capacity 8359K, committed 8448K, reserved 1048576K
}
Event: 6.774 GC heap before
{Heap before GC invocations=21 (full 0):
 garbage-first heap   total 174080K, used 113381K [0x0000000702000000, 0x0000000800000000)
  region size 1024K, 79 young (80896K), 6 survivors (6144K)
 Metaspace       used 57806K, capacity 59726K, committed 59900K, reserved 1099776K
  class space    used 7995K, capacity 8720K, committed 8832K, reserved 1048576K
}
Event: 6.782 GC heap after
{Heap after GC invocations=22 (full 0):
 garbage-first heap   total 174080K, used 42931K [0x0000000702000000, 0x0000000800000000)
  region size 1024K, 10 young (10240K), 10 survivors (10240K)
 Metaspace       used 57806K, capacity 59726K, committed 59900K, reserved 1099776K
  class space    used 7995K, capacity 8720K, committed 8832K, reserved 1048576K
}
Event: 7.285 GC heap before
{Heap before GC invocations=23 (full 0):
 garbage-first heap   total 160768K, used 127923K [0x0000000702000000, 0x0000000800000000)
  region size 1024K, 93 young (95232K), 10 survivors (10240K)
 Metaspace       used 59617K, capacity 61633K, committed 61692K, reserved 1101824K
  class space    used 8324K, capacity 9057K, committed 9088K, reserved 1048576K
}
Event: 7.296 GC heap after
{Heap after GC invocations=24 (full 0):
 garbage-first heap   total 160768K, used 46916K [0x0000000702000000, 0x0000000800000000)
  region size 1024K, 8 young (8192K), 8 survivors (8192K)
 Metaspace       used 59617K, capacity 61633K, committed 61692K, reserved 1101824K
  class space    used 8324K, capacity 9057K, committed 9088K, reserved 1048576K
}
Event: 7.792 GC heap before
{Heap before GC invocations=24 (full 0):
 garbage-first heap   total 160768K, used 123716K [0x0000000702000000, 0x0000000800000000)
  region size 1024K, 83 young (84992K), 8 survivors (8192K)
 Metaspace       used 62430K, capacity 64943K, committed 65276K, reserved 1105920K
  class space    used 8839K, capacity 9777K, committed 9856K, reserved 1048576K
}
Event: 7.801 GC heap after
{Heap after GC invocations=25 (full 0):
 garbage-first heap   total 160768K, used 51167K [0x0000000702000000, 0x0000000800000000)
  region size 1024K, 9 young (9216K), 9 survivors (9216K)
 Metaspace       used 62430K, capacity 64943K, committed 65276K, reserved 1105920K
  class space    used 8839K, capacity 9777K, committed 9856K, reserved 1048576K
}
Event: 8.395 GC heap before
{Heap before GC invocations=25 (full 0):
 garbage-first heap   total 160768K, used 126943K [0x0000000702000000, 0x0000000800000000)
  region size 1024K, 83 young (84992K), 9 survivors (9216K)
 Metaspace       used 63830K, capacity 66551K, committed 66812K, reserved 1105920K
  class space    used 9037K, capacity 10032K, committed 10112K, reserved 1048576K
}
Event: 8.403 GC heap after
{Heap after GC invocations=26 (full 0):
 garbage-first heap   total 193536K, used 51550K [0x0000000702000000, 0x0000000800000000)
  region size 1024K, 6 young (6144K), 6 survivors (6144K)
 Metaspace       used 63830K, capacity 66551K, committed 66812K, reserved 1105920K
  class space    used 9037K, capacity 10032K, committed 10112K, reserved 1048576K
}
Event: 9.247 GC heap before
{Heap before GC invocations=26 (full 0):
 garbage-first heap   total 193536K, used 148830K [0x0000000702000000, 0x0000000800000000)
  region size 1024K, 100 young (102400K), 6 survivors (6144K)
 Metaspace       used 74013K, capacity 77261K, committed 77564K, reserved 1116160K
  class space    used 10573K, capacity 11793K, committed 11904K, reserved 1048576K
}
Event: 9.258 GC heap after
{Heap after GC invocations=27 (full 0):
 garbage-first heap   total 193536K, used 58590K [0x0000000702000000, 0x0000000800000000)
  region size 1024K, 11 young (11264K), 11 survivors (11264K)
 Metaspace       used 74013K, capacity 77261K, committed 77564K, reserved 1116160K
  class space    used 10573K, capacity 11793K, committed 11904K, reserved 1048576K
}

Deoptimization events (20 events):
Event: 8.929 Thread 0x000002084dc15000 DEOPT UNPACKING pc=0x000002082c05964e sp=0x000000f66a7f9d78 mode 1
Event: 8.929 Thread 0x000002084dc0c000 DEOPT UNPACKING pc=0x000002082c05964e sp=0x000000f66a2f8a48 mode 1
Event: 8.929 Thread 0x000002084dc15000 DEOPT PACKING pc=0x000002082ce9bb8c sp=0x000000f66a7fa810
Event: 8.929 Thread 0x000002084dc15000 DEOPT UNPACKING pc=0x000002082c05964e sp=0x000000f66a7f9d78 mode 1
Event: 8.929 Thread 0x000002084dc15000 DEOPT PACKING pc=0x000002082ce9bb8c sp=0x000000f66a7fa810
Event: 8.929 Thread 0x000002084dc15000 DEOPT UNPACKING pc=0x000002082c05964e sp=0x000000f66a7f9d78 mode 1
Event: 8.929 Thread 0x000002084dc15000 DEOPT PACKING pc=0x000002082ce9bb8c sp=0x000000f66a7fa810
Event: 8.929 Thread 0x000002084dc15000 DEOPT UNPACKING pc=0x000002082c05964e sp=0x000000f66a7f9d78 mode 1
Event: 8.929 Thread 0x000002084dc15000 DEOPT PACKING pc=0x000002082ce9bb8c sp=0x000000f66a7fa810
Event: 8.929 Thread 0x000002084dc15000 DEOPT UNPACKING pc=0x000002082c05964e sp=0x000000f66a7f9d78 mode 1
Event: 8.929 Thread 0x000002084dc15000 DEOPT PACKING pc=0x000002082ce9bb8c sp=0x000000f66a7fa810
Event: 8.929 Thread 0x000002084dc15000 DEOPT UNPACKING pc=0x000002082c05964e sp=0x000000f66a7f9d78 mode 1
Event: 10.055 Thread 0x000002084dc11800 DEOPT PACKING pc=0x000002082d5cd43c sp=0x000000f669dfaab0
Event: 10.055 Thread 0x000002084dc11800 DEOPT UNPACKING pc=0x000002082c05964e sp=0x000000f669df9f30 mode 1
Event: 10.057 Thread 0x000002084dc11800 DEOPT PACKING pc=0x000002082d5cd43c sp=0x000000f669dfaab0
Event: 10.057 Thread 0x000002084dc11800 DEOPT UNPACKING pc=0x000002082c05964e sp=0x000000f669df9f30 mode 1
Event: 10.057 Thread 0x000002084dc11800 DEOPT PACKING pc=0x000002082d5cd43c sp=0x000000f669dfb690
Event: 10.057 Thread 0x000002084dc11800 DEOPT UNPACKING pc=0x000002082c05964e sp=0x000000f669dfab10 mode 1
Event: 10.059 Thread 0x000002084dc11800 DEOPT PACKING pc=0x000002082d5cd43c sp=0x000000f669dfb690
Event: 10.059 Thread 0x000002084dc11800 DEOPT UNPACKING pc=0x000002082c05964e sp=0x000000f669dfab10 mode 1

Classes unloaded (0 events):
No events

Classes redefined (0 events):
No events

Internal exceptions (20 events):
Event: 8.879 Thread 0x000002084dc0c000 Exception <a 'java/lang/ClassNotFoundException'{0x0000000709ce9a20}: java/lang/ObjectCustomizer> (0x0000000709ce9a20) 
thrown [t:/workspace/open/src/hotspot/share/classfile/systemDictionary.cpp, line 232]
Event: 8.879 Thread 0x000002084dc0c000 Exception <a 'java/lang/ClassNotFoundException'{0x0000000709b89438}: org/springframework/web/servlet/theme/AbstractThemeResolverCustomizer> (0x0000000709b89438) 
thrown [t:/workspace/open/src/hotspot/share/classfile/systemDictionary.cpp, line 232]
Event: 8.880 Thread 0x000002084dc0c000 Exception <a 'java/lang/ClassNotFoundException'{0x0000000709ba43c8}: org/springframework/web/servlet/theme/FixedThemeResolverCustomizer> (0x0000000709ba43c8) 
thrown [t:/workspace/open/src/hotspot/share/classfile/systemDictionary.cpp, line 232]
Event: 8.881 Thread 0x000002084dc0c000 Exception <a 'java/lang/ClassNotFoundException'{0x0000000709bbdd28}: org/springframework/web/servlet/ThemeResolverCustomizer> (0x0000000709bbdd28) 
thrown [t:/workspace/open/src/hotspot/share/classfile/systemDictionary.cpp, line 232]
Event: 8.883 Thread 0x000002084dc0c000 Exception <a 'java/lang/ClassNotFoundException'{0x0000000709a6ba58}: java/lang/ObjectCustomizer> (0x0000000709a6ba58) 
thrown [t:/workspace/open/src/hotspot/share/classfile/systemDictionary.cpp, line 232]
Event: 8.884 Thread 0x000002084dc0c000 Exception <a 'java/lang/ClassNotFoundException'{0x0000000709a8a040}: org/springframework/web/servlet/view/DefaultRequestToViewNameTranslatorCustomizer> (0x0000000709a8a040) 
thrown [t:/workspace/open/src/hotspot/share/classfile/systemDictionary.cpp, line 232]
Event: 8.885 Thread 0x000002084dc0c000 Exception <a 'java/lang/ClassNotFoundException'{0x0000000709944048}: org/springframework/web/servlet/RequestToViewNameTranslatorCustomizer> (0x0000000709944048) 
thrown [t:/workspace/open/src/hotspot/share/classfile/systemDictionary.cpp, line 232]
Event: 8.888 Thread 0x000002084dc0c000 Exception <a 'java/lang/ClassNotFoundException'{0x00000007099e4208}: java/lang/ObjectCustomizer> (0x00000007099e4208) 
thrown [t:/workspace/open/src/hotspot/share/classfile/systemDictionary.cpp, line 232]
Event: 8.888 Thread 0x000002084dc0c000 Exception <a 'java/lang/ClassNotFoundException'{0x00000007098118d8}: org/springframework/web/servlet/support/AbstractFlashMapManagerCustomizer> (0x00000007098118d8) 
thrown [t:/workspace/open/src/hotspot/share/classfile/systemDictionary.cpp, line 232]
Event: 8.889 Thread 0x000002084dc0c000 Exception <a 'java/lang/ClassNotFoundException'{0x000000070982fd38}: org/springframework/web/servlet/support/SessionFlashMapManagerCustomizer> (0x000000070982fd38) 
thrown [t:/workspace/open/src/hotspot/share/classfile/systemDictionary.cpp, line 232]
Event: 8.889 Thread 0x000002084dc0c000 Exception <a 'java/lang/ClassNotFoundException'{0x00000007098a9270}: org/springframework/web/servlet/FlashMapManagerCustomizer> (0x00000007098a9270) 
thrown [t:/workspace/open/src/hotspot/share/classfile/systemDictionary.cpp, line 232]
Event: 8.954 Thread 0x000002084dc11800 Exception <a 'java/lang/NoSuchMethodError'{0x0000000708b26de8}: 'java.lang.Object java.lang.invoke.DirectMethodHandle$Holder.invokeStatic(java.lang.Object, java.lang.Object, int, int)'> (0x0000000708b26de8) 
thrown [t:/workspace/open/src/hotspot/share/interpreter/linkResolver.cpp, line 767]
Event: 8.955 Thread 0x000002084dc11800 Exception <a 'java/lang/NoSuchMethodError'{0x0000000708b2ce10}: 'java.lang.Object java.lang.invoke.Invokers$Holder.linkToTargetMethod(java.lang.Object, int, int, java.lang.Object)'> (0x0000000708b2ce10) 
thrown [t:/workspace/open/src/hotspot/share/interpreter/linkResolver.cpp, line 767]
Event: 9.138 Thread 0x000002084dc10000 Exception <a 'java/lang/NoSuchMethodError'{0x00000007080b2f98}: 'java.lang.Object java.lang.invoke.DirectMethodHandle$Holder.invokeStaticInit(java.lang.Object, int)'> (0x00000007080b2f98) 
thrown [t:/workspace/open/src/hotspot/share/interpreter/linkResolver.cpp, line 767]
Event: 9.977 Thread 0x000002084dc11800 Exception <a 'java/lang/NoSuchMethodError'{0x000000070da4ed40}: 'long java.lang.invoke.DirectMethodHandle$Holder.invokeStatic(java.lang.Object, java.lang.Object, java.lang.Object)'> (0x000000070da4ed40) 
thrown [t:/workspace/open/src/hotspot/share/interpreter/linkResolver.cpp, line 767]
Event: 9.977 Thread 0x000002084dc11800 Exception <a 'java/lang/NoSuchMethodError'{0x000000070da519e8}: 'long java.lang.invoke.DirectMethodHandle$Holder.invokeStaticInit(java.lang.Object, java.lang.Object, java.lang.Object)'> (0x000000070da519e8) 
thrown [t:/workspace/open/src/hotspot/share/interpreter/linkResolver.cpp, line 767]
Event: 10.055 Thread 0x000002084dc11800 Exception <a 'java/io/FileNotFoundException'{0x000000070dad8cf8}> (0x000000070dad8cf8) 
thrown [t:/workspace/open/src/hotspot/share/prims/jni.cpp, line 598]
Event: 10.057 Thread 0x000002084dc11800 Exception <a 'java/io/FileNotFoundException'{0x000000070daeae08}> (0x000000070daeae08) 
thrown [t:/workspace/open/src/hotspot/share/prims/jni.cpp, line 598]
Event: 10.057 Thread 0x000002084dc11800 Exception <a 'java/io/FileNotFoundException'{0x000000070daf9850}> (0x000000070daf9850) 
thrown [t:/workspace/open/src/hotspot/share/prims/jni.cpp, line 598]
Event: 10.059 Thread 0x000002084dc11800 Exception <a 'java/io/FileNotFoundException'{0x000000070d90b900}> (0x000000070d90b900) 
thrown [t:/workspace/open/src/hotspot/share/prims/jni.cpp, line 598]

Events (20 events):
Event: 10.054 loading class gnu/io/RXTXVersion done
Event: 10.059 loading class gnu/io/CommPortEnumerator
Event: 10.059 loading class gnu/io/CommPortEnumerator done
Event: 10.059 loading class gnu/io/RXTXPort
Event: 10.059 loading class gnu/io/RXTXPort done
Event: 10.060 loading class gnu/io/Zystem
Event: 10.060 loading class gnu/io/Zystem done
Event: 10.060 loading class gnu/io/RXTXPort$SerialOutputStream
Event: 10.060 loading class gnu/io/RXTXPort$SerialOutputStream done
Event: 10.061 loading class gnu/io/RXTXPort$SerialInputStream
Event: 10.061 loading class gnu/io/RXTXPort$SerialInputStream done
Event: 10.066 loading class gnu/io/RXTXPort$MonitorThread
Event: 10.066 loading class gnu/io/RXTXPort$MonitorThread done
Event: 10.067 Thread 0x000002084dc17800 Thread added: 0x000002084dc17800
Event: 10.076 loading class com/electronicvoting/ArduinoFingerprint/Controller$1
Event: 10.076 loading class com/electronicvoting/ArduinoFingerprint/Controller$1 done
Event: 10.076 loading class gnu/io/SerialPortEventListener
Event: 10.076 loading class gnu/io/SerialPortEventListener done
Event: 11.805 loading class gnu/io/SerialPortEvent
Event: 11.805 loading class gnu/io/SerialPortEvent done


Dynamic libraries:
0x00007ff658730000 - 0x00007ff65873f000 	C:\Program Files\Java\jdk-13.0.1\bin\java.exe
0x00007ff978e50000 - 0x00007ff979045000 	C:\WINDOWS\SYSTEM32\ntdll.dll
0x00007ff977790000 - 0x00007ff97784d000 	C:\WINDOWS\System32\KERNEL32.DLL
0x00007ff9768d0000 - 0x00007ff976b97000 	C:\WINDOWS\System32\KERNELBASE.dll
0x00007ff9738c0000 - 0x00007ff973950000 	C:\WINDOWS\SYSTEM32\apphelp.dll
0x00007ff9766a0000 - 0x00007ff9767a0000 	C:\WINDOWS\System32\ucrtbase.dll
0x00007ff971ee0000 - 0x00007ff971ef8000 	C:\Program Files\Java\jdk-13.0.1\bin\jli.dll
0x00007ff95e910000 - 0x00007ff95e925000 	C:\Program Files\Java\jdk-13.0.1\bin\VCRUNTIME140.dll
0x00007ff9779a0000 - 0x00007ff977a4a000 	C:\WINDOWS\System32\ADVAPI32.dll
0x00007ff977f90000 - 0x00007ff97802e000 	C:\WINDOWS\System32\msvcrt.dll
0x00007ff978600000 - 0x00007ff97869b000 	C:\WINDOWS\System32\sechost.dll
0x00007ff978390000 - 0x00007ff9784b3000 	C:\WINDOWS\System32\RPCRT4.dll
0x00007ff977a50000 - 0x00007ff977bf0000 	C:\WINDOWS\System32\USER32.dll
0x00007ff976e10000 - 0x00007ff976e32000 	C:\WINDOWS\System32\win32u.dll
0x00007ff976ec0000 - 0x00007ff976eea000 	C:\WINDOWS\System32\GDI32.dll
0x00007ff95b4b0000 - 0x00007ff95b74a000 	C:\WINDOWS\WinSxS\amd64_microsoft.windows.common-controls_6595b64144ccf1df_6.0.19041.1_none_b555e41d4684ddec\COMCTL32.dll
0x00007ff976d00000 - 0x00007ff976e0a000 	C:\WINDOWS\System32\gdi32full.dll
0x00007ff9767a0000 - 0x00007ff97683d000 	C:\WINDOWS\System32\msvcp_win.dll
0x00007ff9702d0000 - 0x00007ff9702da000 	C:\WINDOWS\SYSTEM32\VERSION.dll
0x00007ff978de0000 - 0x00007ff978e10000 	C:\WINDOWS\System32\IMM32.DLL
0x00007ff95e710000 - 0x00007ff95e7ab000 	C:\Program Files\Java\jdk-13.0.1\bin\msvcp140.dll
0x00007ff8fd220000 - 0x00007ff8fdd86000 	C:\Program Files\Java\jdk-13.0.1\bin\server\jvm.dll
0x00007ff977860000 - 0x00007ff977868000 	C:\WINDOWS\System32\PSAPI.DLL
0x00007ff95b4a0000 - 0x00007ff95b4a9000 	C:\WINDOWS\SYSTEM32\WSOCK32.dll
0x00007ff960980000 - 0x00007ff9609a7000 	C:\WINDOWS\SYSTEM32\WINMM.dll
0x00007ff977bf0000 - 0x00007ff977c5b000 	C:\WINDOWS\System32\WS2_32.dll
0x00007ff974520000 - 0x00007ff974533000 	C:\WINDOWS\SYSTEM32\kernel.appcore.dll
0x00007ff95ead0000 - 0x00007ff95eae0000 	C:\Program Files\Java\jdk-13.0.1\bin\verify.dll
0x00007ff973d40000 - 0x00007ff973f24000 	C:\WINDOWS\SYSTEM32\DBGHELP.DLL
0x00007ff959100000 - 0x00007ff95912c000 	C:\WINDOWS\SYSTEM32\dbgcore.DLL
0x00007ff976e40000 - 0x00007ff976ebf000 	C:\WINDOWS\System32\bcryptPrimitives.dll
0x00007ff95e8e0000 - 0x00007ff95e906000 	C:\Program Files\Java\jdk-13.0.1\bin\java.dll
0x00007ff95e660000 - 0x00007ff95e698000 	C:\Program Files\Java\jdk-13.0.1\bin\jdwp.dll
0x00007ff95e650000 - 0x00007ff95e65e000 	C:\Program Files\Java\jdk-13.0.1\bin\instrument.dll
0x00007ff95e8c0000 - 0x00007ff95e8d7000 	C:\Program Files\Java\jdk-13.0.1\bin\zip.dll
0x00007ff95e860000 - 0x00007ff95e86a000 	C:\Program Files\Java\jdk-13.0.1\bin\jimage.dll
0x00007ff9786a0000 - 0x00007ff978de0000 	C:\WINDOWS\System32\SHELL32.dll
0x00007ff974720000 - 0x00007ff974eb1000 	C:\WINDOWS\SYSTEM32\windows.storage.dll
0x00007ff978030000 - 0x00007ff978383000 	C:\WINDOWS\System32\combase.dll
0x00007ff976020000 - 0x00007ff97604c000 	C:\WINDOWS\SYSTEM32\Wldp.dll
0x00007ff9784f0000 - 0x00007ff97859e000 	C:\WINDOWS\System32\SHCORE.dll
0x00007ff977730000 - 0x00007ff977785000 	C:\WINDOWS\System32\shlwapi.dll
0x00007ff9764e0000 - 0x00007ff9764ff000 	C:\WINDOWS\SYSTEM32\profapi.dll
0x00007ff95e5d0000 - 0x00007ff95e5db000 	C:\Program Files\Java\jdk-13.0.1\bin\dt_socket.dll
0x00007ff975d30000 - 0x00007ff975d9a000 	C:\WINDOWS\system32\mswsock.dll
0x00007ff95e5e0000 - 0x00007ff95e5f9000 	C:\Program Files\Java\jdk-13.0.1\bin\net.dll
0x00007ff96c680000 - 0x00007ff96c780000 	C:\WINDOWS\SYSTEM32\WINHTTP.dll
0x00007ff95e550000 - 0x00007ff95e563000 	C:\Program Files\Java\jdk-13.0.1\bin\nio.dll
0x00007ff975a60000 - 0x00007ff975b2a000 	C:\WINDOWS\SYSTEM32\DNSAPI.dll
0x00007ff975a20000 - 0x00007ff975a5b000 	C:\WINDOWS\SYSTEM32\IPHLPAPI.DLL
0x00007ff9784c0000 - 0x00007ff9784c9000 	C:\WINDOWS\System32\NSI.dll
0x00007ff96dbe0000 - 0x00007ff96dbea000 	C:\Windows\System32\rasadhlp.dll
0x00007ff970fa0000 - 0x00007ff97101f000 	C:\WINDOWS\System32\fwpuclnt.dll
0x00007ff976840000 - 0x00007ff976867000 	C:\WINDOWS\System32\bcrypt.dll
0x00007ff95e3b0000 - 0x00007ff95e3b9000 	C:\Program Files\Java\jdk-13.0.1\bin\management.dll
0x00007ff95e3a0000 - 0x00007ff95e3ab000 	C:\Program Files\Java\jdk-13.0.1\bin\management_ext.dll
0x00007ff975f00000 - 0x00007ff975f18000 	C:\WINDOWS\SYSTEM32\CRYPTSP.dll
0x00007ff975660000 - 0x00007ff975694000 	C:\WINDOWS\system32\rsaenh.dll
0x00007ff9764a0000 - 0x00007ff9764ce000 	C:\WINDOWS\SYSTEM32\USERENV.dll
0x00007ff975f20000 - 0x00007ff975f2c000 	C:\WINDOWS\SYSTEM32\CRYPTBASE.dll
0x00007ff970f80000 - 0x00007ff970f97000 	C:\WINDOWS\SYSTEM32\dhcpcsvc6.DLL
0x00007ff970aa0000 - 0x00007ff970abd000 	C:\WINDOWS\SYSTEM32\dhcpcsvc.DLL
0x00007ff94cd40000 - 0x00007ff94cd57000 	C:\WINDOWS\system32\napinsp.dll
0x00007ff94cd20000 - 0x00007ff94cd3b000 	C:\WINDOWS\system32\pnrpnsp.dll
0x00007ff94cd00000 - 0x00007ff94cd15000 	C:\WINDOWS\system32\wshbth.dll
0x00007ff971dd0000 - 0x00007ff971ded000 	C:\WINDOWS\system32\NLAapi.dll
0x00007ff94cce0000 - 0x00007ff94ccf2000 	C:\WINDOWS\System32\winrnr.dll
0x0000020823a20000 - 0x0000020823a23000 	C:\Users\aminoiu\.openjfx\cache\14\api-ms-win-core-console-l1-1-0.dll
0x0000020823a30000 - 0x0000020823a33000 	C:\Users\aminoiu\.openjfx\cache\14\api-ms-win-core-datetime-l1-1-0.dll
0x0000020823a40000 - 0x0000020823a43000 	C:\Users\aminoiu\.openjfx\cache\14\api-ms-win-core-debug-l1-1-0.dll
0x0000020823a50000 - 0x0000020823a53000 	C:\Users\aminoiu\.openjfx\cache\14\api-ms-win-core-errorhandling-l1-1-0.dll
0x0000020823a60000 - 0x0000020823a64000 	C:\Users\aminoiu\.openjfx\cache\14\api-ms-win-core-file-l1-1-0.dll
0x0000020823a70000 - 0x0000020823a73000 	C:\Users\aminoiu\.openjfx\cache\14\api-ms-win-core-file-l1-2-0.dll
0x0000020823a80000 - 0x0000020823a83000 	C:\Users\aminoiu\.openjfx\cache\14\api-ms-win-core-file-l2-1-0.dll
0x0000020823a90000 - 0x0000020823a93000 	C:\Users\aminoiu\.openjfx\cache\14\api-ms-win-core-handle-l1-1-0.dll
0x0000020823aa0000 - 0x0000020823aa3000 	C:\Users\aminoiu\.openjfx\cache\14\api-ms-win-core-heap-l1-1-0.dll
0x0000020823ab0000 - 0x0000020823ab3000 	C:\Users\aminoiu\.openjfx\cache\14\api-ms-win-core-interlocked-l1-1-0.dll
0x0000020823ac0000 - 0x0000020823ac3000 	C:\Users\aminoiu\.openjfx\cache\14\api-ms-win-core-libraryloader-l1-1-0.dll
0x0000020823ad0000 - 0x0000020823ad3000 	C:\Users\aminoiu\.openjfx\cache\14\api-ms-win-core-localization-l1-2-0.dll
0x000002084efb0000 - 0x000002084efb3000 	C:\Users\aminoiu\.openjfx\cache\14\api-ms-win-core-memory-l1-1-0.dll
0x000002084efc0000 - 0x000002084efc3000 	C:\Users\aminoiu\.openjfx\cache\14\api-ms-win-core-namedpipe-l1-1-0.dll
0x000002084efd0000 - 0x000002084efd3000 	C:\Users\aminoiu\.openjfx\cache\14\api-ms-win-core-processenvironment-l1-1-0.dll
0x000002084efe0000 - 0x000002084efe3000 	C:\Users\aminoiu\.openjfx\cache\14\api-ms-win-core-processthreads-l1-1-0.dll
0x000002084eff0000 - 0x000002084eff3000 	C:\Users\aminoiu\.openjfx\cache\14\api-ms-win-core-processthreads-l1-1-1.dll
0x000002084f000000 - 0x000002084f003000 	C:\Users\aminoiu\.openjfx\cache\14\api-ms-win-core-profile-l1-1-0.dll
0x000002084f010000 - 0x000002084f013000 	C:\Users\aminoiu\.openjfx\cache\14\api-ms-win-core-rtlsupport-l1-1-0.dll
0x000002084f020000 - 0x000002084f023000 	C:\Users\aminoiu\.openjfx\cache\14\api-ms-win-core-string-l1-1-0.dll
0x000002084f030000 - 0x000002084f033000 	C:\Users\aminoiu\.openjfx\cache\14\api-ms-win-core-synch-l1-1-0.dll
0x000002084f040000 - 0x000002084f043000 	C:\Users\aminoiu\.openjfx\cache\14\api-ms-win-core-synch-l1-2-0.dll
0x000002084f050000 - 0x000002084f053000 	C:\Users\aminoiu\.openjfx\cache\14\api-ms-win-core-sysinfo-l1-1-0.dll
0x000002084f060000 - 0x000002084f063000 	C:\Users\aminoiu\.openjfx\cache\14\api-ms-win-core-timezone-l1-1-0.dll
0x000002084f070000 - 0x000002084f073000 	C:\Users\aminoiu\.openjfx\cache\14\api-ms-win-core-util-l1-1-0.dll
0x000002084f080000 - 0x000002084f083000 	C:\Users\aminoiu\.openjfx\cache\14\api-ms-win-crt-conio-l1-1-0.dll
0x000002084f090000 - 0x000002084f094000 	C:\Users\aminoiu\.openjfx\cache\14\api-ms-win-crt-convert-l1-1-0.dll
0x000002084f0a0000 - 0x000002084f0a3000 	C:\Users\aminoiu\.openjfx\cache\14\api-ms-win-crt-environment-l1-1-0.dll
0x000002084f0b0000 - 0x000002084f0b3000 	C:\Users\aminoiu\.openjfx\cache\14\api-ms-win-crt-filesystem-l1-1-0.dll
0x000002084f0c0000 - 0x000002084f0c3000 	C:\Users\aminoiu\.openjfx\cache\14\api-ms-win-crt-heap-l1-1-0.dll
0x000002084f0d0000 - 0x000002084f0d3000 	C:\Users\aminoiu\.openjfx\cache\14\api-ms-win-crt-locale-l1-1-0.dll
0x000002084f0e0000 - 0x000002084f0e5000 	C:\Users\aminoiu\.openjfx\cache\14\api-ms-win-crt-math-l1-1-0.dll
0x000002084f0f0000 - 0x000002084f0f5000 	C:\Users\aminoiu\.openjfx\cache\14\api-ms-win-crt-multibyte-l1-1-0.dll
0x000002084f100000 - 0x000002084f110000 	C:\Users\aminoiu\.openjfx\cache\14\api-ms-win-crt-private-l1-1-0.dll
0x000002084f110000 - 0x000002084f113000 	C:\Users\aminoiu\.openjfx\cache\14\api-ms-win-crt-process-l1-1-0.dll
0x000002084f120000 - 0x000002084f124000 	C:\Users\aminoiu\.openjfx\cache\14\api-ms-win-crt-runtime-l1-1-0.dll
0x000002084f130000 - 0x000002084f134000 	C:\Users\aminoiu\.openjfx\cache\14\api-ms-win-crt-stdio-l1-1-0.dll
0x000002084f140000 - 0x000002084f144000 	C:\Users\aminoiu\.openjfx\cache\14\api-ms-win-crt-string-l1-1-0.dll
0x000002084f150000 - 0x000002084f153000 	C:\Users\aminoiu\.openjfx\cache\14\api-ms-win-crt-time-l1-1-0.dll
0x000002084f160000 - 0x000002084f163000 	C:\Users\aminoiu\.openjfx\cache\14\api-ms-win-crt-utility-l1-1-0.dll
0x00007ff95d9a0000 - 0x00007ff95da9c000 	C:\Users\aminoiu\.openjfx\cache\14\ucrtbase.dll
0x00007ff95e380000 - 0x00007ff95e395000 	C:\Users\aminoiu\.openjfx\cache\14\vcruntime140.dll
0x00007ff95d750000 - 0x00007ff95d7eb000 	C:\Users\aminoiu\.openjfx\cache\14\msvcp140.dll
0x00007ff95d8f0000 - 0x00007ff95d941000 	C:\Users\aminoiu\.openjfx\cache\14\concrt140.dll
0x00007ff95e1d0000 - 0x00007ff95e1f3000 	C:\Users\aminoiu\.openjfx\cache\14\prism_d3d.dll
0x00007ff92e1d0000 - 0x00007ff92e39d000 	C:\WINDOWS\system32\d3d9.dll
0x00007ff974230000 - 0x00007ff97425f000 	C:\WINDOWS\SYSTEM32\dwmapi.dll
0x00007ff974060000 - 0x00007ff9740ff000 	C:\WINDOWS\system32\uxtheme.dll
0x00007ff95e200000 - 0x00007ff95e35d000 	C:\WINDOWS\System32\DriverStore\FileRepository\iigd_dch.inf_amd64_97abf3bd13eb713d\igdumdim64.dll
0x00007ff905690000 - 0x00007ff908f99000 	C:\WINDOWS\System32\DriverStore\FileRepository\iigd_dch.inf_amd64_97abf3bd13eb713d\igd9dxva64.dll
0x00007ff977870000 - 0x00007ff977999000 	C:\WINDOWS\System32\ole32.dll
0x00007ff977660000 - 0x00007ff97772d000 	C:\WINDOWS\System32\OLEAUT32.dll
0x00007ff9770a0000 - 0x00007ff977507000 	C:\WINDOWS\System32\SETUPAPI.dll
0x00007ff976650000 - 0x00007ff97669d000 	C:\WINDOWS\System32\cfgmgr32.dll
0x00007ff966780000 - 0x00007ff966924000 	C:\WINDOWS\System32\DriverStore\FileRepository\iigd_dch.inf_amd64_97abf3bd13eb713d\igdgmm64.dll
0x00007ff95d850000 - 0x00007ff95d895000 	C:\Users\aminoiu\.openjfx\cache\14\glass.dll
0x00007ff977d90000 - 0x00007ff977e6a000 	C:\WINDOWS\System32\COMDLG32.dll
0x00007ff977e70000 - 0x00007ff977f85000 	C:\WINDOWS\System32\MSCTF.dll
0x00007ff949320000 - 0x00007ff949346000 	C:\WINDOWS\System32\DriverStore\FileRepository\iigd_dch.inf_amd64_97abf3bd13eb713d\igdinfo64.dll
0x00007ff964170000 - 0x00007ff966774000 	C:\WINDOWS\System32\DriverStore\FileRepository\iigd_dch.inf_amd64_97abf3bd13eb713d\igc64.dll
0x00007ff969430000 - 0x00007ff96946b000 	C:\WINDOWS\SYSTEM32\dxcore.dll

dbghelp: loaded successfully - version: 4.0.5 - missing functions: none
symbol engine: initialized successfully - sym options: 0x614 - pdb path: .;C:\Program Files\Java\jdk-13.0.1\bin;C:\WINDOWS\SYSTEM32;C:\WINDOWS\WinSxS\amd64_microsoft.windows.common-controls_6595b64144ccf1df_6.0.19041.1_none_b555e41d4684ddec;C:\Program Files\Java\jdk-13.0.1\bin\server;C:\Users\aminoiu\.openjfx\cache\14;C:\WINDOWS\System32\DriverStore\FileRepository\iigd_dch.inf_amd64_97abf3bd13eb713d;C:\Program Files\Common Files\Microsoft Shared\Ink;C:\Users\aminoiu\Desktop\mfz-rxtx-2.2-20081207-win-x64\mfz-rxtx-2.2-20081207-win-x64

VM Arguments:
jvm_args: -agentlib:jdwp=transport=dt_socket,address=127.0.0.1:50703,suspend=y,server=n -Djava.library.path=C:\Users\aminoiu\Desktop\mfz-rxtx-2.2-20081207-win-x64\mfz-rxtx-2.2-20081207-win-x64 -XX:TieredStopAtLevel=1 -Xverify:none -Dspring.output.ansi.enabled=always -Dcom.sun.management.jmxremote -Dspring.jmx.enabled=true -Dspring.liveBeansView.mbeanDomain -Dspring.application.admin.enabled=true -javaagent:C:\Users\aminoiu\AppData\Local\JetBrains\IntelliJIdea2020.1\captureAgent\debugger-agent.jar -Dfile.encoding=UTF-8 
java_command: com.electronicvoting.BackendApplication
java_class_path (initial): D:\ISD\JTOM\Project\e-voting\Backend\target\classes;C:\apache-maven-3.5.4\.m2\repository\org\springframework\boot\spring-boot-starter-data-jpa\2.2.6.RELEASE\spring-boot-starter-data-jpa-2.2.6.RELEASE.jar;C:\apache-maven-3.5.4\.m2\repository\org\springframework\boot\spring-boot-starter-aop\2.2.6.RELEASE\spring-boot-starter-aop-2.2.6.RELEASE.jar;C:\apache-maven-3.5.4\.m2\repository\org\aspectj\aspectjweaver\1.9.5\aspectjweaver-1.9.5.jar;C:\apache-maven-3.5.4\.m2\repository\org\springframework\boot\spring-boot-starter-jdbc\2.2.6.RELEASE\spring-boot-starter-jdbc-2.2.6.RELEASE.jar;C:\apache-maven-3.5.4\.m2\repository\com\zaxxer\HikariCP\3.4.2\HikariCP-3.4.2.jar;C:\apache-maven-3.5.4\.m2\repository\org\springframework\spring-jdbc\5.2.5.RELEASE\spring-jdbc-5.2.5.RELEASE.jar;C:\apache-maven-3.5.4\.m2\repository\jakarta\activation\jakarta.activation-api\1.2.2\jakarta.activation-api-1.2.2.jar;C:\apache-maven-3.5.4\.m2\repository\jakarta\persistence\jakarta.persistence-api\2.2.3\jakarta.persistence-api-2.2.3.jar;C:\apache-maven-3.5.4\.m2\repository\jakarta\transaction\jakarta.transaction-api\1.3.3\jakarta.transaction-api-1.3.3.jar;C:\apache-maven-3.5.4\.m2\repository\org\hibernate\hibernate-core\5.4.12.Final\hibernate-core-5.4.12.Final.jar;C:\apache-maven-3.5.4\.m2\repository\org\jboss\logging\jboss-logging\3.4.1.Final\jboss-logging-3.4.1.Final.jar;C:\apache-maven-3.5.4\.m2\repository\org\javassist\javassist\3.24.0-GA\javassist-3.24.0-GA.jar;C:\apache-maven-3.5.4\.m2\repository\net\bytebuddy\byte-buddy\1.10.8\byte-buddy-1.10.8.jar;C:\apache-maven-3.5.4\.m2\repository\antlr\antlr\2.7.7\antlr-2.7.7.jar;C:\apache-maven-3.5.4\.m2\repository\org\jboss\jandex\2.1.1.Final\jandex-2.1.1.Final.jar;C:\apache-maven-3.5.4\.m2\repository\org\dom4j\dom4j\2.1.1\dom4j-2.1.1.jar;C:\apache-maven-3.5.4\.m2\repository\org\hibernate\common\hibernate-commons-annotations\5.1.0.Final\hibernate-commons-annotations-5.1.0.Final.jar;C:\apache-maven-3.5.4\.m2\repository\org\gla
Launcher Type: SUN_STANDARD

[Global flags]
     intx CICompilerCount                          = 4                                         {product} {ergonomic}
     uint ConcGCThreads                            = 2                                         {product} {ergonomic}
     uint G1ConcRefinementThreads                  = 8                                         {product} {ergonomic}
   size_t G1HeapRegionSize                         = 1048576                                   {product} {ergonomic}
    uintx GCDrainStackTargetSize                   = 64                                        {product} {ergonomic}
   size_t InitialHeapSize                          = 266338304                                 {product} {ergonomic}
     bool ManagementServer                         = true                                      {product} {command line}
   size_t MarkStackSize                            = 4194304                                   {product} {ergonomic}
   size_t MaxHeapSize                              = 4261412864                                {product} {ergonomic}
   size_t MaxNewSize                               = 2556428288                                {product} {ergonomic}
   size_t MinHeapDeltaBytes                        = 1048576                                   {product} {ergonomic}
   size_t MinHeapSize                              = 8388608                                   {product} {ergonomic}
    uintx NonNMethodCodeHeapSize                   = 7549744                                {pd product} {ergonomic}
    uintx NonProfiledCodeHeapSize                  = 244108496                              {pd product} {ergonomic}
    uintx ProfiledCodeHeapSize                     = 0                                      {pd product} {ergonomic}
    uintx ReservedCodeCacheSize                    = 251658240                              {pd product} {ergonomic}
     bool SegmentedCodeCache                       = true                                      {product} {ergonomic}
   size_t SoftMaxHeapSize                          = 4261412864                             {manageable} {ergonomic}
     intx TieredStopAtLevel                        = 1                                         {product} {command line}
     bool UseCompressedClassPointers               = true                                 {lp64_product} {ergonomic}
     bool UseCompressedOops                        = true                                 {lp64_product} {ergonomic}
     bool UseG1GC                                  = true                                      {product} {ergonomic}
     bool UseLargePagesIndividualAllocation        = false                                  {pd product} {ergonomic}

Logging:
Log output configuration:
 #0: stdout all=warning uptime,level,tags
 #1: stderr all=off uptime,level,tags

Environment Variables:
JAVA_HOME=C:\Program Files\Java\jdk-11.0.6
PATH=D:\oracledatabase\product\12.2.0\dbhome_1\bin;D:\oracleclient1\product\11.2.0\client_1\bin;D:\oracledatabase\product\12.2.0\dbhome_1\bin;C:\Program Files\Kerio\Outlook Connector (Offline Edition)\;C:\Program Files (x86)\Common Files\Oracle\Java\javapath;C:\WINDOWS\system32;C:\WINDOWS;C:\WINDOWS\System32\Wbem;C:\WINDOWS\System32\WindowsPowerShell\v1.0\;C:\WINDOWS\System32\OpenSSH\;C:\Program Files\Symantec.cloud\PlatformAgent\;C:\Program Files\TortoiseSVN\bin;C:\Program Files\Java\jdk-11.0.6\bin;C:\apache-maven-3.5.4\bin;C:\Program Files\PostgreSQL\10\bin;C:\Program Files\PostgreSQL\10\lib;D:\intherlc;C:\Program Files\Git\cmd;C:\Program Files (x86)\Yarn\bin\;C:\Program Files\nodejs\;C:\Program Files\liquibase;C:\Program Files (x86)\Intel\Intel(R) Management Engine Components\DAL;C:\Program Files\Intel\Intel(R) Management Engine Components\DAL;C:\Program Files\TortoiseGit\bin;C:\Program Files\nodejs\node_modules\npm\bin;C:\Users\aminoiu\AppData\Local\Microsoft\WindowsApps;C:\Program Files (x86)\Sophos\Sophos SSL VPN Client\bin;C:\Users\aminoiu\AppData\Local\GitHubDesktop\bin;C:\Program Files\JetBrains\IntelliJ IDEA 2020.1\bin;;C:\Users\aminoiu\AppData\Local\Yarn\bin;C:\Users\aminoiu\AppData\Roaming\npm;;C:\Users\aminoiu\AppData\Local\Microsoft\WindowsApps
USERNAME=aminoiu
OS=Windows_NT
PROCESSOR_IDENTIFIER=Intel64 Family 6 Model 142 Stepping 12, GenuineIntel



---------------  S Y S T E M  ---------------

OS: Windows 10 , 64 bit Build 19041 (10.0.19041.292)

CPU:total 8 (initial active 8) (4 cores per cpu, 2 threads per core) family 6 model 142 stepping 12, cmov, cx8, fxsr, mmx, sse, sse2, sse3, ssse3, sse4.1, sse4.2, popcnt, avx, avx2, aes, clmul, erms, 3dnowpref, lzcnt, ht, tsc, tscinvbit, bmi1, bmi2, adx, fma

Memory: 4k page, system-wide physical 16254M (4907M free)
TotalPageFile size 34686M (AvailPageFile size 14776M)
current process WorkingSet (physical memory assigned to process): 408M, peak: 412M
current process commit charge ("private bytes"): 450M, peak: 453M

vm_info: Java HotSpot(TM) 64-Bit Server VM (13.0.1+9) for windows-amd64 JRE (13.0.1+9), built on Oct  6 2019 12:37:49 by "mach5one" with unknown MS VC++:1916

END.
