#
# A fatal error has been detected by the Java Runtime Environment:
#
#  EXCEPTION_ACCESS_VIOLATION (0xc0000005) at pc=0x0000000180005b00, pid=14180, tid=608
#
# JRE version: Java(TM) SE Runtime Environment (11.0.6+8) (build 11.0.6+8-LTS)
# Java VM: Java HotSpot(TM) 64-Bit Server VM (11.0.6+8-LTS, mixed mode, tiered, compressed oops, g1 gc, windows-amd64)
# Problematic frame:
# C  0x0000000180005b00
#
# No core dump will be written. Minidumps are not enabled by default on client versions of Windows
#
# If you would like to submit a bug report, please visit:
#   http://bugreport.java.com/bugreport/crash.jsp
# The crash happened outside the Java Virtual Machine in native code.
# See problematic frame for where to report the bug.
#

---------------  S U M M A R Y ------------

Command Line: -agentlib:jdwp=transport=dt_socket,address=127.0.0.1:50500,suspend=y,server=n -Djava.library.path=C:\Users\aminoiu\Desktop\mfz-rxtx-2.2-20081207-win-x64\mfz-rxtx-2.2-20081207-win-x64 -XX:TieredStopAtLevel=1 -Xverify:none -Dspring.output.ansi.enabled=always -Dcom.sun.management.jmxremote -Dspring.jmx.enabled=true -Dspring.liveBeansView.mbeanDomain -Dspring.application.admin.enabled=true -javaagent:C:\Users\aminoiu\AppData\Local\JetBrains\IntelliJIdea2020.1\captureAgent\debugger-agent.jar -Dfile.encoding=UTF-8 com.electronicvoting.BackendApplication

Host: Intel(R) Core(TM) i5-8265U CPU @ 1.60GHz, 8 cores, 15G,  Windows 10 , 64 bit Build 19041 (10.0.19041.292)
Time: Wed Aug  5 22:00:24 2020 E. Europe Daylight Time elapsed time: 12 seconds (0d 0h 0m 12s)

---------------  T H R E A D  ---------------

Current thread (0x000002b7ef6a5800):  JavaThread "Thread-6" [_thread_in_native, id=608, stack(0x000000db12500000,0x000000db12600000)]

Stack: [0x000000db12500000,0x000000db12600000],  sp=0x000000db125fddc0,  free space=1015k
Native frames: (J=compiled Java code, j=interpreted, Vv=VM code, C=native code)
C  0x0000000180005b00

Java frames: (J=compiled Java code, j=interpreted, Vv=VM code)
j  gnu.io.RXTXPort.readArray([BII)I+0
j  gnu.io.RXTXPort$SerialInputStream.read([BII)I+187
j  sun.nio.cs.StreamDecoder.readBytes()I+135 java.base@11.0.6
j  sun.nio.cs.StreamDecoder.implRead([CII)I+112 java.base@11.0.6
j  sun.nio.cs.StreamDecoder.read([CII)I+180 java.base@11.0.6
j  java.io.InputStreamReader.read([CII)I+7 java.base@11.0.6
j  java.io.BufferedReader.fill()V+145 java.base@11.0.6
j  java.io.BufferedReader.readLine(Z)Ljava/lang/String;+44 java.base@11.0.6
j  java.io.BufferedReader.readLine()Ljava/lang/String;+2 java.base@11.0.6
j  com.electronicvoting.ArduinoFingerprint.Controller$1.serialEvent(Lgnu/io/SerialPortEvent;)V+30
j  gnu.io.RXTXPort.sendEvent(IZ)Z+382
v  ~StubRoutines::call_stub
j  gnu.io.RXTXPort.eventLoop()V+0
j  gnu.io.RXTXPort$MonitorThread.run()V+12
v  ~StubRoutines::call_stub

siginfo: EXCEPTION_ACCESS_VIOLATION (0xc0000005), reading address 0x00000000125fec08


Register to memory mapping:

RIP=0x0000000180005b00 points into unknown readable memory: 45 8b 74 24 08 41 89 5c
RAX=0x0000000000000001 is an unknown value
RBX=0x0 is NULL
RCX=0x000000018001d4d5 points into unknown readable memory: 64 00 00
RDX=0xfffffffffffff665 is an unknown value
RSP=0x000000db125fddc0 is pointing into the stack for thread: 0x000002b7ef6a5800
RBP=0x00000000ffffffff is an unknown value
RSI=0x0 is NULL
RDI=0x000002b7ef6a5b40 points into unknown readable memory: 90 5d bb 0b f9 7f 00 00
R8 =0x0000000000000002 is an unknown value
R9 =0xfffffffffffff63c is an unknown value
R10=0x000002b7efe4f8e0 points into unknown readable memory: 04 00 00 00 1e 00 00 00
R11=0x8101010101010100 is an unknown value
R12=0x00000000125fec00 is an unknown value
R13=0x0000000000000002 is an unknown value
R14=0x000000db125fdfb0 is pointing into the stack for thread: 0x000002b7ef6a5800
R15=0x0 is NULL


Registers:
RAX=0x0000000000000001, RBX=0x0000000000000000, RCX=0x000000018001d4d5, RDX=0xfffffffffffff665
RSP=0x000000db125fddc0, RBP=0x00000000ffffffff, RSI=0x0000000000000000, RDI=0x000002b7ef6a5b40
R8 =0x0000000000000002, R9 =0xfffffffffffff63c, R10=0x000002b7efe4f8e0, R11=0x8101010101010100
R12=0x00000000125fec00, R13=0x0000000000000002, R14=0x000000db125fdfb0, R15=0x0000000000000000
RIP=0x0000000180005b00, EFLAGS=0x0000000000010202

Top of Stack: (sp=0x000000db125fddc0)
0x000000db125fddc0:   0000000000000000 0000000000000000
0x000000db125fddd0:   0000000000000000 000002b7ef6a5b40
0x000000db125fdde0:   0000000000000000 000000db125fdfb0
0x000000db125fddf0:   000002b7f7ccc380 0000000000000001
0x000000db125fde00:   000002b7ef6a5b40 0000000000000002
0x000000db125fde10:   ffffffffffffffff 0000000180006211
0x000000db125fde20:   000002b7efdd1090 ffffffffffffffff
0x000000db125fde30:   0000000000000001 000002b7efdd1090
0x000000db125fde40:   000002b700000002 00007ff9ffffffff
0x000000db125fde50:   000000db125fdfb8 000000db125fdfb8
0x000000db125fde60:   000002b7f7ccc380 000002b7ef6a5800
0x000000db125fde70:   000002b7efe64340 00007ff90b54a1c3
0x000000db125fde80:   000000db125fe820 0000000000000000
0x000000db125fde90:   0000000000000000 00006ba31ab064ec
0x000000db125fdea0:   000002b7f7ccc388 000002b7f7ccc380
0x000000db125fdeb0:   000002b7ef6a5800 000000db125fdfb8 

Instructions: (pc=0x0000000180005b00)
0x0000000180005ae0:   15 23 7a 01 00 48 8d 48 60 e8 3a 5d 00 00 4c 8b
0x0000000180005af0:   e5 8b ac 24 88 00 00 00 44 8b ac 24 80 00 00 00
0x0000000180005b00:   45 8b 74 24 08 41 89 5c 24 08 41 8b fd 85 ed 78
0x0000000180005b10:   09 ff 15 e9 14 01 00 44 8b f8 45 85 ed 7e 4a 90 


Stack slot to memory mapping:
stack at sp + 0 slots: 0x0 is NULL
stack at sp + 1 slots: 0x0 is NULL
stack at sp + 2 slots: 0x0 is NULL
stack at sp + 3 slots: 0x000002b7ef6a5b40 points into unknown readable memory: 90 5d bb 0b f9 7f 00 00
stack at sp + 4 slots: 0x0 is NULL
stack at sp + 5 slots: 0x000000db125fdfb0 is pointing into the stack for thread: 0x000002b7ef6a5800
stack at sp + 6 slots: 0x000002b7f7ccc380 is pointing into metadata
stack at sp + 7 slots: 0x0000000000000001 is an unknown value


---------------  P R O C E S S  ---------------

Threads class SMR info:
_java_thread_list=0x000002b7efe501b0, length=43, elements={
0x000002b7c2fc9000, 0x000002b7e87ea800, 0x000002b7e87eb800, 0x000002b7e90f8800,
0x000002b7e90f9800, 0x000002b7e90fa800, 0x000002b7e90fd800, 0x000002b7e92da000,
0x000002b7e9324000, 0x000002b7e9329000, 0x000002b7e932c000, 0x000002b7e9a35000,
0x000002b7e9ba1800, 0x000002b7eaebc000, 0x000002b7eacaa000, 0x000002b7ec5c5000,
0x000002b7ec5c7800, 0x000002b7ece61800, 0x000002b7ed355800, 0x000002b7e91a4000,
0x000002b7ef68e000, 0x000002b7ef693000, 0x000002b7ef33c000, 0x000002b7ef33d000,
0x000002b7ef33a800, 0x000002b7ef33b000, 0x000002b7ef69c800, 0x000002b7ef69e000,
0x000002b7ef6a1000, 0x000002b7ef6a0800, 0x000002b7ef6a2000, 0x000002b7ef69f000,
0x000002b7ef69f800, 0x000002b7ef6a3000, 0x000002b7ef69d000, 0x000002b7ef6a7000,
0x000002b7ef6a7800, 0x000002b7ef6a8800, 0x000002b7ef6a9800, 0x000002b7ef6a3800,
0x000002b7ef6a6000, 0x000002b7ef6aa000, 0x000002b7ef6a5800
}

Java Threads: ( => current thread )
  0x000002b7c2fc9000 JavaThread "main" [_thread_blocked, id=17448, stack(0x000000db10400000,0x000000db10500000)]
  0x000002b7e87ea800 JavaThread "Reference Handler" daemon [_thread_blocked, id=17104, stack(0x000000db10b00000,0x000000db10c00000)]
  0x000002b7e87eb800 JavaThread "Finalizer" daemon [_thread_blocked, id=18056, stack(0x000000db10c00000,0x000000db10d00000)]
  0x000002b7e90f8800 JavaThread "Signal Dispatcher" daemon [_thread_blocked, id=16596, stack(0x000000db10d00000,0x000000db10e00000)]
  0x000002b7e90f9800 JavaThread "Attach Listener" daemon [_thread_blocked, id=5988, stack(0x000000db10e00000,0x000000db10f00000)]
  0x000002b7e90fa800 JavaThread "C1 CompilerThread0" daemon [_thread_blocked, id=17664, stack(0x000000db10f00000,0x000000db11000000)]
  0x000002b7e90fd800 JavaThread "Sweeper thread" daemon [_thread_blocked, id=13084, stack(0x000000db11000000,0x000000db11100000)]
  0x000002b7e92da000 JavaThread "Common-Cleaner" daemon [_thread_blocked, id=17248, stack(0x000000db11100000,0x000000db11200000)]
  0x000002b7e9324000 JavaThread "JDWP Transport Listener: dt_socket" daemon [_thread_blocked, id=18352, stack(0x000000db11200000,0x000000db11300000)]
  0x000002b7e9329000 JavaThread "JDWP Event Helper Thread" daemon [_thread_blocked, id=11444, stack(0x000000db11300000,0x000000db11400000)]
  0x000002b7e932c000 JavaThread "JDWP Command Reader" daemon [_thread_in_native, id=17348, stack(0x000000db11400000,0x000000db11500000)]
  0x000002b7e9a35000 JavaThread "Service Thread" daemon [_thread_blocked, id=17108, stack(0x000000db11500000,0x000000db11600000)]
  0x000002b7e9ba1800 JavaThread "RMI TCP Accept-0" daemon [_thread_in_native, id=16580, stack(0x000000db11600000,0x000000db11700000)]
  0x000002b7eaebc000 JavaThread "RMI TCP Connection(idle)" daemon [_thread_blocked, id=7920, stack(0x000000db11f00000,0x000000db12000000)]
  0x000002b7eacaa000 JavaThread "RMI Scheduler(0)" daemon [_thread_blocked, id=17228, stack(0x000000db12000000,0x000000db12100000)]
  0x000002b7ec5c5000 JavaThread "PostgreSQL-JDBC-SharedTimer-1" daemon [_thread_blocked, id=17636, stack(0x000000db12300000,0x000000db12400000)]
  0x000002b7ec5c7800 JavaThread "HikariPool-1 housekeeper" daemon [_thread_blocked, id=18080, stack(0x000000db12400000,0x000000db12500000)]
  0x000002b7ece61800 JavaThread "Catalina-utility-1" [_thread_blocked, id=15924, stack(0x000000db12600000,0x000000db12700000)]
  0x000002b7ed355800 JavaThread "Catalina-utility-2" [_thread_blocked, id=17848, stack(0x000000db12700000,0x000000db12800000)]
  0x000002b7e91a4000 JavaThread "container-0" [_thread_blocked, id=8244, stack(0x000000db12800000,0x000000db12900000)]
  0x000002b7ef68e000 JavaThread "http-nio-8080-BlockPoller" daemon [_thread_in_native, id=18008, stack(0x000000db12a00000,0x000000db12b00000)]
  0x000002b7ef693000 JavaThread "http-nio-8080-exec-1" daemon [_thread_blocked, id=8260, stack(0x000000db12b00000,0x000000db12c00000)]
  0x000002b7ef33c000 JavaThread "http-nio-8080-exec-2" daemon [_thread_blocked, id=15656, stack(0x000000db12c00000,0x000000db12d00000)]
  0x000002b7ef33d000 JavaThread "http-nio-8080-exec-3" daemon [_thread_blocked, id=8228, stack(0x000000db12d00000,0x000000db12e00000)]
  0x000002b7ef33a800 JavaThread "http-nio-8080-exec-4" daemon [_thread_blocked, id=8440, stack(0x000000db12e00000,0x000000db12f00000)]
  0x000002b7ef33b000 JavaThread "http-nio-8080-exec-5" daemon [_thread_blocked, id=17588, stack(0x000000db12f00000,0x000000db13000000)]
  0x000002b7ef69c800 JavaThread "http-nio-8080-exec-6" daemon [_thread_blocked, id=16960, stack(0x000000db13000000,0x000000db13100000)]
  0x000002b7ef69e000 JavaThread "http-nio-8080-exec-7" daemon [_thread_blocked, id=14320, stack(0x000000db13100000,0x000000db13200000)]
  0x000002b7ef6a1000 JavaThread "http-nio-8080-exec-8" daemon [_thread_blocked, id=17760, stack(0x000000db13200000,0x000000db13300000)]
  0x000002b7ef6a0800 JavaThread "http-nio-8080-exec-9" daemon [_thread_blocked, id=4924, stack(0x000000db13300000,0x000000db13400000)]
  0x000002b7ef6a2000 JavaThread "http-nio-8080-exec-10" daemon [_thread_blocked, id=14144, stack(0x000000db13400000,0x000000db13500000)]
  0x000002b7ef69f000 JavaThread "http-nio-8080-ClientPoller" daemon [_thread_in_native, id=17708, stack(0x000000db13500000,0x000000db13600000)]
  0x000002b7ef69f800 JavaThread "http-nio-8080-Acceptor" daemon [_thread_in_native, id=17668, stack(0x000000db13600000,0x000000db13700000)]
  0x000002b7ef6a3000 JavaThread "JavaFX-Launcher" [_thread_blocked, id=10164, stack(0x000000db13700000,0x000000db13800000)]
  0x000002b7ef69d000 JavaThread "QuantumRenderer-0" daemon [_thread_blocked, id=18428, stack(0x000000db13800000,0x000000db13900000)]
  0x000002b7ef6a7000 JavaThread "InvokeLaterDispatcher" daemon [_thread_blocked, id=16652, stack(0x000000db13900000,0x000000db13a00000)]
  0x000002b7ef6a7800 JavaThread "JavaFX Application Thread" [_thread_in_native, id=17564, stack(0x000000db13a00000,0x000000db13b00000)]
  0x000002b7ef6a8800 JavaThread "Thread-5" daemon [_thread_in_native, id=15724, stack(0x000000db13e00000,0x000000db13f00000)]
  0x000002b7ef6a9800 JavaThread "RMI TCP Connection(4)-192.168.100.23" daemon [_thread_in_native, id=848, stack(0x000000db14200000,0x000000db14300000)]
  0x000002b7ef6a3800 JavaThread "Prism Font Disposer" daemon [_thread_blocked, id=16700, stack(0x000000db14300000,0x000000db14400000)]
  0x000002b7ef6a6000 JavaThread "RMI TCP Connection(idle)" daemon [_thread_blocked, id=16468, stack(0x000000db14400000,0x000000db14500000)]
  0x000002b7ef6aa000 JavaThread "Cleaner-0" daemon [_thread_blocked, id=18424, stack(0x000000db14500000,0x000000db14600000)]
=>0x000002b7ef6a5800 JavaThread "Thread-6" [_thread_in_native, id=608, stack(0x000000db12500000,0x000000db12600000)]

Other Threads:
  0x000002b7e87e5800 VMThread "VM Thread" [stack: 0x000000db10a00000,0x000000db10b00000] [id=17480]
  0x000002b7e9bd0800 WatcherThread [stack: 0x000000db11700000,0x000000db11800000] [id=6704]
  0x000002b7c2fde800 GCTaskThread "GC Thread#0" [stack: 0x000000db10500000,0x000000db10600000] [id=11736]
  0x000002b7e9c87800 GCTaskThread "GC Thread#1" [stack: 0x000000db11800000,0x000000db11900000] [id=17820]
  0x000002b7e9c88800 GCTaskThread "GC Thread#2" [stack: 0x000000db11900000,0x000000db11a00000] [id=16728]
  0x000002b7e9ce4000 GCTaskThread "GC Thread#3" [stack: 0x000000db11a00000,0x000000db11b00000] [id=17304]
  0x000002b7e9ce4800 GCTaskThread "GC Thread#4" [stack: 0x000000db11b00000,0x000000db11c00000] [id=17432]
  0x000002b7e9ce7000 GCTaskThread "GC Thread#5" [stack: 0x000000db11c00000,0x000000db11d00000] [id=16436]
  0x000002b7eb51b800 GCTaskThread "GC Thread#6" [stack: 0x000000db11e00000,0x000000db11f00000] [id=16736]
  0x000002b7ec68c800 GCTaskThread "GC Thread#7" [stack: 0x000000db12900000,0x000000db12a00000] [id=3208]
  0x000002b7c3039800 ConcurrentGCThread "G1 Main Marker" [stack: 0x000000db10600000,0x000000db10700000] [id=1344]
  0x000002b7c303a800 ConcurrentGCThread "G1 Conc#0" [stack: 0x000000db10700000,0x000000db10800000] [id=2084]
  0x000002b7eaf0e800 ConcurrentGCThread "G1 Conc#1" [stack: 0x000000db12100000,0x000000db12200000] [id=11208]
  0x000002b7e86cb800 ConcurrentGCThread "G1 Refine#0" [stack: 0x000000db10800000,0x000000db10900000] [id=4276]
  0x000002b7e96b8800 ConcurrentGCThread "G1 Refine#1" [stack: 0x000000db11d00000,0x000000db11e00000] [id=6744]
  0x000002b7e86cc800 ConcurrentGCThread "G1 Young RemSet Sampling" [stack: 0x000000db10900000,0x000000db10a00000] [id=15420]

Threads with active compile tasks:

VM state:not at safepoint (normal execution)

VM Mutex/Monitor currently owned by a thread: None

Heap address: 0x0000000702000000, size: 4064 MB, Compressed Oops mode: Zero based, Oop shift amount: 3
Narrow klass base: 0x0000000800000000, Narrow klass shift: 0
Compressed class space size: 1073741824 Address: 0x0000000800000000

Heap:
 garbage-first heap   total 374784K, used 237487K [0x0000000702000000, 0x0000000800000000)
  region size 1024K, 208 young (212992K), 24 survivors (24576K)
 Metaspace       used 83912K, capacity 87422K, committed 87552K, reserved 1124352K
  class space    used 11567K, capacity 12935K, committed 13056K, reserved 1048576K
Heap Regions: E=young(eden), S=young(survivor), O=old, HS=humongous(starts), HC=humongous(continues), CS=collection set, F=free, A=archive, TAMS=top-at-mark-start (previous, next)
|   0|0x0000000702000000, 0x0000000702100000, 0x0000000702100000|100%|HS|  |TAMS 0x0000000702100000, 0x0000000702000000| Complete 
|   1|0x0000000702100000, 0x0000000702200000, 0x0000000702200000|100%| O|  |TAMS 0x0000000702200000, 0x0000000702100000| Untracked 
|   2|0x0000000702200000, 0x0000000702300000, 0x0000000702300000|100%| O|  |TAMS 0x0000000702300000, 0x0000000702200000| Untracked 
|   3|0x0000000702300000, 0x0000000702400000, 0x0000000702400000|100%| O|  |TAMS 0x0000000702400000, 0x0000000702300000| Untracked 
|   4|0x0000000702400000, 0x0000000702500000, 0x0000000702500000|100%| O|  |TAMS 0x0000000702500000, 0x0000000702400000| Untracked 
|   5|0x0000000702500000, 0x0000000702600000, 0x0000000702600000|100%| O|  |TAMS 0x0000000702600000, 0x0000000702500000| Untracked 
|   6|0x0000000702600000, 0x0000000702700000, 0x0000000702700000|100%| O|  |TAMS 0x0000000702700000, 0x0000000702600000| Untracked 
|   7|0x0000000702700000, 0x0000000702800000, 0x0000000702800000|100%| O|  |TAMS 0x0000000702800000, 0x0000000702700000| Untracked 
|   8|0x0000000702800000, 0x0000000702900000, 0x0000000702900000|100%| O|  |TAMS 0x0000000702900000, 0x0000000702800000| Untracked 
|   9|0x0000000702900000, 0x0000000702a00000, 0x0000000702a00000|100%| O|  |TAMS 0x0000000702a00000, 0x0000000702900000| Untracked 
|  10|0x0000000702a00000, 0x0000000702b00000, 0x0000000702b00000|100%| O|  |TAMS 0x0000000702b00000, 0x0000000702a00000| Untracked 
|  11|0x0000000702b00000, 0x0000000702c00000, 0x0000000702c00000|100%| O|  |TAMS 0x0000000702c00000, 0x0000000702b00000| Untracked 
|  12|0x0000000702c00000, 0x0000000702d00000, 0x0000000702d00000|100%| O|  |TAMS 0x0000000702d00000, 0x0000000702c00000| Untracked 
|  13|0x0000000702d00000, 0x0000000702e00000, 0x0000000702e00000|100%| O|  |TAMS 0x0000000702d86000, 0x0000000702d00000| Untracked 
|  14|0x0000000702e00000, 0x0000000702f00000, 0x0000000702f00000|100%| O|  |TAMS 0x0000000702e00000, 0x0000000702e00000| Untracked 
|  15|0x0000000702f00000, 0x0000000703000000, 0x0000000703000000|100%| O|  |TAMS 0x0000000702f00000, 0x0000000702f00000| Untracked 
|  16|0x0000000703000000, 0x0000000703100000, 0x0000000703100000|100%| O|  |TAMS 0x0000000703000000, 0x0000000703000000| Untracked 
|  17|0x0000000703100000, 0x0000000703200000, 0x0000000703200000|100%| O|  |TAMS 0x0000000703100000, 0x0000000703100000| Untracked 
|  18|0x0000000703200000, 0x0000000703300000, 0x0000000703300000|100%| O|  |TAMS 0x0000000703200000, 0x0000000703200000| Untracked 
|  19|0x0000000703300000, 0x0000000703400000, 0x0000000703400000|100%| O|  |TAMS 0x0000000703300000, 0x0000000703300000| Untracked 
|  20|0x0000000703400000, 0x0000000703500000, 0x0000000703500000|100%| O|  |TAMS 0x0000000703400000, 0x0000000703400000| Untracked 
|  21|0x0000000703500000, 0x0000000703600000, 0x0000000703600000|100%| O|  |TAMS 0x0000000703500000, 0x0000000703500000| Untracked 
|  22|0x0000000703600000, 0x0000000703700000, 0x0000000703700000|100%| O|  |TAMS 0x0000000703600000, 0x0000000703600000| Untracked 
|  23|0x0000000703700000, 0x00000007037f2a00, 0x0000000703800000| 94%| O|  |TAMS 0x0000000703700000, 0x0000000703700000| Untracked 
|  24|0x0000000703800000, 0x0000000703900000, 0x0000000703900000|100%|HS|  |TAMS 0x0000000703800000, 0x0000000703800000| Complete 
|  25|0x0000000703900000, 0x0000000703a00000, 0x0000000703a00000|100%|HC|  |TAMS 0x0000000703900000, 0x0000000703900000| Complete 
|  26|0x0000000703a00000, 0x0000000703a00000, 0x0000000703b00000|  0%| F|  |TAMS 0x0000000703a00000, 0x0000000703a00000| Untracked 
|  27|0x0000000703b00000, 0x0000000703b00000, 0x0000000703c00000|  0%| F|  |TAMS 0x0000000703b00000, 0x0000000703b00000| Untracked 
|  28|0x0000000703c00000, 0x0000000703c00000, 0x0000000703d00000|  0%| F|  |TAMS 0x0000000703c00000, 0x0000000703c00000| Untracked 
|  29|0x0000000703d00000, 0x0000000703d00000, 0x0000000703e00000|  0%| F|  |TAMS 0x0000000703d00000, 0x0000000703d00000| Untracked 
|  30|0x0000000703e00000, 0x0000000703e00000, 0x0000000703f00000|  0%| F|  |TAMS 0x0000000703e00000, 0x0000000703e00000| Untracked 
|  31|0x0000000703f00000, 0x0000000703f00000, 0x0000000704000000|  0%| F|  |TAMS 0x0000000703f00000, 0x0000000703f00000| Untracked 
|  32|0x0000000704000000, 0x0000000704000000, 0x0000000704100000|  0%| F|  |TAMS 0x0000000704000000, 0x0000000704000000| Untracked 
|  33|0x0000000704100000, 0x0000000704100000, 0x0000000704200000|  0%| F|  |TAMS 0x0000000704100000, 0x0000000704100000| Untracked 
|  34|0x0000000704200000, 0x0000000704200000, 0x0000000704300000|  0%| F|  |TAMS 0x0000000704200000, 0x0000000704200000| Untracked 
|  35|0x0000000704300000, 0x0000000704300000, 0x0000000704400000|  0%| F|  |TAMS 0x0000000704300000, 0x0000000704300000| Untracked 
|  36|0x0000000704400000, 0x0000000704400000, 0x0000000704500000|  0%| F|  |TAMS 0x0000000704400000, 0x0000000704400000| Untracked 
|  37|0x0000000704500000, 0x0000000704500000, 0x0000000704600000|  0%| F|  |TAMS 0x0000000704500000, 0x0000000704500000| Untracked 
|  38|0x0000000704600000, 0x0000000704600000, 0x0000000704700000|  0%| F|  |TAMS 0x0000000704600000, 0x0000000704600000| Untracked 
|  39|0x0000000704700000, 0x0000000704700000, 0x0000000704800000|  0%| F|  |TAMS 0x0000000704700000, 0x0000000704700000| Untracked 
|  40|0x0000000704800000, 0x0000000704800000, 0x0000000704900000|  0%| F|  |TAMS 0x0000000704800000, 0x0000000704800000| Untracked 
|  41|0x0000000704900000, 0x0000000704900000, 0x0000000704a00000|  0%| F|  |TAMS 0x0000000704900000, 0x0000000704900000| Untracked 
|  42|0x0000000704a00000, 0x0000000704a00000, 0x0000000704b00000|  0%| F|  |TAMS 0x0000000704a00000, 0x0000000704a00000| Untracked 
|  43|0x0000000704b00000, 0x0000000704b00000, 0x0000000704c00000|  0%| F|  |TAMS 0x0000000704b00000, 0x0000000704b00000| Untracked 
|  44|0x0000000704c00000, 0x0000000704c00000, 0x0000000704d00000|  0%| F|  |TAMS 0x0000000704c00000, 0x0000000704c00000| Untracked 
|  45|0x0000000704d00000, 0x0000000704d00000, 0x0000000704e00000|  0%| F|  |TAMS 0x0000000704d00000, 0x0000000704d00000| Untracked 
|  46|0x0000000704e00000, 0x0000000704e00000, 0x0000000704f00000|  0%| F|  |TAMS 0x0000000704e00000, 0x0000000704e00000| Untracked 
|  47|0x0000000704f00000, 0x0000000704f00000, 0x0000000705000000|  0%| F|  |TAMS 0x0000000704f00000, 0x0000000704f00000| Untracked 
|  48|0x0000000705000000, 0x0000000705000000, 0x0000000705100000|  0%| F|  |TAMS 0x0000000705000000, 0x0000000705000000| Untracked 
|  49|0x0000000705100000, 0x0000000705100000, 0x0000000705200000|  0%| F|  |TAMS 0x0000000705100000, 0x0000000705100000| Untracked 
|  50|0x0000000705200000, 0x0000000705200000, 0x0000000705300000|  0%| F|  |TAMS 0x0000000705200000, 0x0000000705200000| Untracked 
|  51|0x0000000705300000, 0x0000000705300000, 0x0000000705400000|  0%| F|  |TAMS 0x0000000705300000, 0x0000000705300000| Untracked 
|  52|0x0000000705400000, 0x0000000705400000, 0x0000000705500000|  0%| F|  |TAMS 0x0000000705400000, 0x0000000705400000| Untracked 
|  53|0x0000000705500000, 0x0000000705500000, 0x0000000705600000|  0%| F|  |TAMS 0x0000000705500000, 0x0000000705500000| Untracked 
|  54|0x0000000705600000, 0x0000000705600000, 0x0000000705700000|  0%| F|  |TAMS 0x0000000705600000, 0x0000000705600000| Untracked 
|  55|0x0000000705700000, 0x0000000705700000, 0x0000000705800000|  0%| F|  |TAMS 0x0000000705700000, 0x0000000705700000| Untracked 
|  56|0x0000000705800000, 0x0000000705800000, 0x0000000705900000|  0%| F|  |TAMS 0x0000000705800000, 0x0000000705800000| Untracked 
|  57|0x0000000705900000, 0x0000000705900000, 0x0000000705a00000|  0%| F|  |TAMS 0x0000000705900000, 0x0000000705900000| Untracked 
|  58|0x0000000705a00000, 0x0000000705a00000, 0x0000000705b00000|  0%| F|  |TAMS 0x0000000705a00000, 0x0000000705a00000| Untracked 
|  59|0x0000000705b00000, 0x0000000705b00000, 0x0000000705c00000|  0%| F|  |TAMS 0x0000000705b00000, 0x0000000705b00000| Untracked 
|  60|0x0000000705c00000, 0x0000000705c00000, 0x0000000705d00000|  0%| F|  |TAMS 0x0000000705c00000, 0x0000000705c00000| Untracked 
|  61|0x0000000705d00000, 0x0000000705d00000, 0x0000000705e00000|  0%| F|  |TAMS 0x0000000705d00000, 0x0000000705d00000| Untracked 
|  62|0x0000000705e00000, 0x0000000705e00000, 0x0000000705f00000|  0%| F|  |TAMS 0x0000000705e00000, 0x0000000705e00000| Untracked 
|  63|0x0000000705f00000, 0x0000000705f00000, 0x0000000706000000|  0%| F|  |TAMS 0x0000000705f00000, 0x0000000705f00000| Untracked 
|  64|0x0000000706000000, 0x0000000706000000, 0x0000000706100000|  0%| F|  |TAMS 0x0000000706000000, 0x0000000706000000| Untracked 
|  65|0x0000000706100000, 0x0000000706100000, 0x0000000706200000|  0%| F|  |TAMS 0x0000000706100000, 0x0000000706100000| Untracked 
|  66|0x0000000706200000, 0x0000000706200000, 0x0000000706300000|  0%| F|  |TAMS 0x0000000706200000, 0x0000000706200000| Untracked 
|  67|0x0000000706300000, 0x0000000706300000, 0x0000000706400000|  0%| F|  |TAMS 0x0000000706300000, 0x0000000706300000| Untracked 
|  68|0x0000000706400000, 0x0000000706400000, 0x0000000706500000|  0%| F|  |TAMS 0x0000000706400000, 0x0000000706400000| Untracked 
|  69|0x0000000706500000, 0x0000000706500000, 0x0000000706600000|  0%| F|  |TAMS 0x0000000706500000, 0x0000000706500000| Untracked 
|  70|0x0000000706600000, 0x0000000706600000, 0x0000000706700000|  0%| F|  |TAMS 0x0000000706600000, 0x0000000706600000| Untracked 
|  71|0x0000000706700000, 0x0000000706700000, 0x0000000706800000|  0%| F|  |TAMS 0x0000000706700000, 0x0000000706700000| Untracked 
|  72|0x0000000706800000, 0x0000000706800000, 0x0000000706900000|  0%| F|  |TAMS 0x0000000706800000, 0x0000000706800000| Untracked 
|  73|0x0000000706900000, 0x0000000706900000, 0x0000000706a00000|  0%| F|  |TAMS 0x0000000706900000, 0x0000000706900000| Untracked 
|  74|0x0000000706a00000, 0x0000000706a00000, 0x0000000706b00000|  0%| F|  |TAMS 0x0000000706a00000, 0x0000000706a00000| Untracked 
|  75|0x0000000706b00000, 0x0000000706b00000, 0x0000000706c00000|  0%| F|  |TAMS 0x0000000706b00000, 0x0000000706b00000| Untracked 
|  76|0x0000000706c00000, 0x0000000706c00000, 0x0000000706d00000|  0%| F|  |TAMS 0x0000000706c00000, 0x0000000706c00000| Untracked 
|  77|0x0000000706d00000, 0x0000000706d00000, 0x0000000706e00000|  0%| F|  |TAMS 0x0000000706d00000, 0x0000000706d00000| Untracked 
|  78|0x0000000706e00000, 0x0000000706e00000, 0x0000000706f00000|  0%| F|  |TAMS 0x0000000706e00000, 0x0000000706e00000| Untracked 
|  79|0x0000000706f00000, 0x0000000706f00000, 0x0000000707000000|  0%| F|  |TAMS 0x0000000706f00000, 0x0000000706f00000| Untracked 
|  80|0x0000000707000000, 0x0000000707000000, 0x0000000707100000|  0%| F|  |TAMS 0x0000000707000000, 0x0000000707000000| Untracked 
|  81|0x0000000707100000, 0x0000000707100000, 0x0000000707200000|  0%| F|  |TAMS 0x0000000707100000, 0x0000000707100000| Untracked 
|  82|0x0000000707200000, 0x0000000707200000, 0x0000000707300000|  0%| F|  |TAMS 0x0000000707200000, 0x0000000707200000| Untracked 
|  83|0x0000000707300000, 0x0000000707300000, 0x0000000707400000|  0%| F|  |TAMS 0x0000000707300000, 0x0000000707300000| Untracked 
|  84|0x0000000707400000, 0x0000000707400000, 0x0000000707500000|  0%| F|  |TAMS 0x0000000707400000, 0x0000000707400000| Untracked 
|  85|0x0000000707500000, 0x0000000707500000, 0x0000000707600000|  0%| F|  |TAMS 0x0000000707500000, 0x0000000707500000| Untracked 
|  86|0x0000000707600000, 0x0000000707600000, 0x0000000707700000|  0%| F|  |TAMS 0x0000000707600000, 0x0000000707600000| Untracked 
|  87|0x0000000707700000, 0x0000000707700000, 0x0000000707800000|  0%| F|  |TAMS 0x0000000707700000, 0x0000000707700000| Untracked 
|  88|0x0000000707800000, 0x0000000707800000, 0x0000000707900000|  0%| F|  |TAMS 0x0000000707800000, 0x0000000707800000| Untracked 
|  89|0x0000000707900000, 0x0000000707900000, 0x0000000707a00000|  0%| F|  |TAMS 0x0000000707900000, 0x0000000707900000| Untracked 
|  90|0x0000000707a00000, 0x0000000707a00000, 0x0000000707b00000|  0%| F|  |TAMS 0x0000000707a00000, 0x0000000707a00000| Untracked 
|  91|0x0000000707b00000, 0x0000000707b00000, 0x0000000707c00000|  0%| F|  |TAMS 0x0000000707b00000, 0x0000000707b00000| Untracked 
|  92|0x0000000707c00000, 0x0000000707c00000, 0x0000000707d00000|  0%| F|  |TAMS 0x0000000707c00000, 0x0000000707c00000| Untracked 
|  93|0x0000000707d00000, 0x0000000707d00000, 0x0000000707e00000|  0%| F|  |TAMS 0x0000000707d00000, 0x0000000707d00000| Untracked 
|  94|0x0000000707e00000, 0x0000000707e00000, 0x0000000707f00000|  0%| F|  |TAMS 0x0000000707e00000, 0x0000000707e00000| Untracked 
|  95|0x0000000707f00000, 0x0000000707f00000, 0x0000000708000000|  0%| F|  |TAMS 0x0000000707f00000, 0x0000000707f00000| Untracked 
|  96|0x0000000708000000, 0x0000000708000000, 0x0000000708100000|  0%| F|  |TAMS 0x0000000708000000, 0x0000000708000000| Untracked 
|  97|0x0000000708100000, 0x0000000708100000, 0x0000000708200000|  0%| F|  |TAMS 0x0000000708100000, 0x0000000708100000| Untracked 
|  98|0x0000000708200000, 0x0000000708200000, 0x0000000708300000|  0%| F|  |TAMS 0x0000000708200000, 0x0000000708200000| Untracked 
|  99|0x0000000708300000, 0x0000000708300000, 0x0000000708400000|  0%| F|  |TAMS 0x0000000708300000, 0x0000000708300000| Untracked 
| 100|0x0000000708400000, 0x0000000708400000, 0x0000000708500000|  0%| F|  |TAMS 0x0000000708400000, 0x0000000708400000| Untracked 
| 101|0x0000000708500000, 0x0000000708500000, 0x0000000708600000|  0%| F|  |TAMS 0x0000000708500000, 0x0000000708500000| Untracked 
| 102|0x0000000708600000, 0x0000000708600000, 0x0000000708700000|  0%| F|  |TAMS 0x0000000708600000, 0x0000000708600000| Untracked 
| 103|0x0000000708700000, 0x0000000708700000, 0x0000000708800000|  0%| F|  |TAMS 0x0000000708700000, 0x0000000708700000| Untracked 
| 104|0x0000000708800000, 0x0000000708800000, 0x0000000708900000|  0%| F|  |TAMS 0x0000000708800000, 0x0000000708800000| Untracked 
| 105|0x0000000708900000, 0x0000000708900000, 0x0000000708a00000|  0%| F|  |TAMS 0x0000000708900000, 0x0000000708900000| Untracked 
| 106|0x0000000708a00000, 0x0000000708a00000, 0x0000000708b00000|  0%| F|  |TAMS 0x0000000708a00000, 0x0000000708a00000| Untracked 
| 107|0x0000000708b00000, 0x0000000708b00000, 0x0000000708c00000|  0%| F|  |TAMS 0x0000000708b00000, 0x0000000708b00000| Untracked 
| 108|0x0000000708c00000, 0x0000000708c00000, 0x0000000708d00000|  0%| F|  |TAMS 0x0000000708c00000, 0x0000000708c00000| Untracked 
| 109|0x0000000708d00000, 0x0000000708d00000, 0x0000000708e00000|  0%| F|  |TAMS 0x0000000708d00000, 0x0000000708d00000| Untracked 
| 110|0x0000000708e00000, 0x0000000708e00000, 0x0000000708f00000|  0%| F|  |TAMS 0x0000000708e00000, 0x0000000708e00000| Untracked 
| 111|0x0000000708f00000, 0x0000000708f00000, 0x0000000709000000|  0%| F|  |TAMS 0x0000000708f00000, 0x0000000708f00000| Untracked 
| 112|0x0000000709000000, 0x0000000709000000, 0x0000000709100000|  0%| F|  |TAMS 0x0000000709000000, 0x0000000709000000| Untracked 
| 113|0x0000000709100000, 0x0000000709100000, 0x0000000709200000|  0%| F|  |TAMS 0x0000000709100000, 0x0000000709100000| Untracked 
| 114|0x0000000709200000, 0x0000000709200000, 0x0000000709300000|  0%| F|  |TAMS 0x0000000709200000, 0x0000000709200000| Untracked 
| 115|0x0000000709300000, 0x0000000709300000, 0x0000000709400000|  0%| F|  |TAMS 0x0000000709300000, 0x0000000709300000| Untracked 
| 116|0x0000000709400000, 0x0000000709400000, 0x0000000709500000|  0%| F|  |TAMS 0x0000000709400000, 0x0000000709400000| Untracked 
| 117|0x0000000709500000, 0x0000000709500000, 0x0000000709600000|  0%| F|  |TAMS 0x0000000709500000, 0x0000000709500000| Untracked 
| 118|0x0000000709600000, 0x0000000709600000, 0x0000000709700000|  0%| F|  |TAMS 0x0000000709600000, 0x0000000709600000| Untracked 
| 119|0x0000000709700000, 0x0000000709700000, 0x0000000709800000|  0%| F|  |TAMS 0x0000000709700000, 0x0000000709700000| Untracked 
| 120|0x0000000709800000, 0x0000000709800000, 0x0000000709900000|  0%| F|  |TAMS 0x0000000709800000, 0x0000000709800000| Untracked 
| 121|0x0000000709900000, 0x0000000709900000, 0x0000000709a00000|  0%| F|  |TAMS 0x0000000709900000, 0x0000000709900000| Untracked 
| 122|0x0000000709a00000, 0x0000000709a00000, 0x0000000709b00000|  0%| F|  |TAMS 0x0000000709a00000, 0x0000000709a00000| Untracked 
| 123|0x0000000709b00000, 0x0000000709b00000, 0x0000000709c00000|  0%| F|  |TAMS 0x0000000709b00000, 0x0000000709b00000| Untracked 
| 124|0x0000000709c00000, 0x0000000709c00000, 0x0000000709d00000|  0%| F|  |TAMS 0x0000000709c00000, 0x0000000709c00000| Untracked 
| 125|0x0000000709d00000, 0x0000000709d00000, 0x0000000709e00000|  0%| F|  |TAMS 0x0000000709d00000, 0x0000000709d00000| Untracked 
| 126|0x0000000709e00000, 0x0000000709e00000, 0x0000000709f00000|  0%| F|  |TAMS 0x0000000709e00000, 0x0000000709e00000| Untracked 
| 127|0x0000000709f00000, 0x0000000709f00000, 0x000000070a000000|  0%| F|  |TAMS 0x0000000709f00000, 0x0000000709f00000| Untracked 
| 128|0x000000070a000000, 0x000000070a000000, 0x000000070a100000|  0%| F|  |TAMS 0x000000070a000000, 0x000000070a000000| Untracked 
| 129|0x000000070a100000, 0x000000070a100000, 0x000000070a200000|  0%| F|  |TAMS 0x000000070a100000, 0x000000070a100000| Untracked 
| 130|0x000000070a200000, 0x000000070a200000, 0x000000070a300000|  0%| F|  |TAMS 0x000000070a200000, 0x000000070a200000| Untracked 
| 131|0x000000070a300000, 0x000000070a300000, 0x000000070a400000|  0%| F|  |TAMS 0x000000070a300000, 0x000000070a300000| Untracked 
| 132|0x000000070a400000, 0x000000070a400000, 0x000000070a500000|  0%| F|  |TAMS 0x000000070a400000, 0x000000070a400000| Untracked 
| 133|0x000000070a500000, 0x000000070a500000, 0x000000070a600000|  0%| F|  |TAMS 0x000000070a500000, 0x000000070a500000| Untracked 
| 134|0x000000070a600000, 0x000000070a600000, 0x000000070a700000|  0%| F|  |TAMS 0x000000070a600000, 0x000000070a600000| Untracked 
| 135|0x000000070a700000, 0x000000070a700000, 0x000000070a800000|  0%| F|  |TAMS 0x000000070a700000, 0x000000070a700000| Untracked 
| 136|0x000000070a800000, 0x000000070a800000, 0x000000070a900000|  0%| F|  |TAMS 0x000000070a800000, 0x000000070a800000| Untracked 
| 137|0x000000070a900000, 0x000000070a9f9270, 0x000000070aa00000| 97%| S|CS|TAMS 0x000000070a900000, 0x000000070a900000| Complete 
| 138|0x000000070aa00000, 0x000000070ab00000, 0x000000070ab00000|100%| S|CS|TAMS 0x000000070aa00000, 0x000000070aa00000| Complete 
| 139|0x000000070ab00000, 0x000000070ac00000, 0x000000070ac00000|100%| S|CS|TAMS 0x000000070ab00000, 0x000000070ab00000| Complete 
| 140|0x000000070ac00000, 0x000000070ad00000, 0x000000070ad00000|100%| S|CS|TAMS 0x000000070ac00000, 0x000000070ac00000| Complete 
| 141|0x000000070ad00000, 0x000000070ae00000, 0x000000070ae00000|100%| S|CS|TAMS 0x000000070ad00000, 0x000000070ad00000| Complete 
| 142|0x000000070ae00000, 0x000000070af00000, 0x000000070af00000|100%| S|CS|TAMS 0x000000070ae00000, 0x000000070ae00000| Complete 
| 143|0x000000070af00000, 0x000000070b000000, 0x000000070b000000|100%| S|CS|TAMS 0x000000070af00000, 0x000000070af00000| Complete 
| 144|0x000000070b000000, 0x000000070b100000, 0x000000070b100000|100%| S|CS|TAMS 0x000000070b000000, 0x000000070b000000| Complete 
| 145|0x000000070b100000, 0x000000070b200000, 0x000000070b200000|100%| S|CS|TAMS 0x000000070b100000, 0x000000070b100000| Complete 
| 146|0x000000070b200000, 0x000000070b300000, 0x000000070b300000|100%| S|CS|TAMS 0x000000070b200000, 0x000000070b200000| Complete 
| 147|0x000000070b300000, 0x000000070b400000, 0x000000070b400000|100%| S|CS|TAMS 0x000000070b300000, 0x000000070b300000| Complete 
| 148|0x000000070b400000, 0x000000070b500000, 0x000000070b500000|100%| S|CS|TAMS 0x000000070b400000, 0x000000070b400000| Complete 
| 149|0x000000070b500000, 0x000000070b600000, 0x000000070b600000|100%| S|CS|TAMS 0x000000070b500000, 0x000000070b500000| Complete 
| 150|0x000000070b600000, 0x000000070b700000, 0x000000070b700000|100%| S|CS|TAMS 0x000000070b600000, 0x000000070b600000| Complete 
| 151|0x000000070b700000, 0x000000070b800000, 0x000000070b800000|100%| S|CS|TAMS 0x000000070b700000, 0x000000070b700000| Complete 
| 152|0x000000070b800000, 0x000000070b900000, 0x000000070b900000|100%| S|CS|TAMS 0x000000070b800000, 0x000000070b800000| Complete 
| 153|0x000000070b900000, 0x000000070ba00000, 0x000000070ba00000|100%| S|CS|TAMS 0x000000070b900000, 0x000000070b900000| Complete 
| 154|0x000000070ba00000, 0x000000070bb00000, 0x000000070bb00000|100%| S|CS|TAMS 0x000000070ba00000, 0x000000070ba00000| Complete 
| 155|0x000000070bb00000, 0x000000070bc00000, 0x000000070bc00000|100%| S|CS|TAMS 0x000000070bb00000, 0x000000070bb00000| Complete 
| 156|0x000000070bc00000, 0x000000070bd00000, 0x000000070bd00000|100%| S|CS|TAMS 0x000000070bc00000, 0x000000070bc00000| Complete 
| 157|0x000000070bd00000, 0x000000070be00000, 0x000000070be00000|100%| S|CS|TAMS 0x000000070bd00000, 0x000000070bd00000| Complete 
| 158|0x000000070be00000, 0x000000070bf00000, 0x000000070bf00000|100%| S|CS|TAMS 0x000000070be00000, 0x000000070be00000| Complete 
| 159|0x000000070bf00000, 0x000000070c000000, 0x000000070c000000|100%| S|CS|TAMS 0x000000070bf00000, 0x000000070bf00000| Complete 
| 160|0x000000070c000000, 0x000000070c100000, 0x000000070c100000|100%| S|CS|TAMS 0x000000070c000000, 0x000000070c000000| Complete 
| 161|0x000000070c100000, 0x000000070c100000, 0x000000070c200000|  0%| F|  |TAMS 0x000000070c100000, 0x000000070c100000| Untracked 
| 162|0x000000070c200000, 0x000000070c200000, 0x000000070c300000|  0%| F|  |TAMS 0x000000070c200000, 0x000000070c200000| Untracked 
| 163|0x000000070c300000, 0x000000070c300000, 0x000000070c400000|  0%| F|  |TAMS 0x000000070c300000, 0x000000070c300000| Untracked 
| 164|0x000000070c400000, 0x000000070c400000, 0x000000070c500000|  0%| F|  |TAMS 0x000000070c400000, 0x000000070c400000| Untracked 
| 165|0x000000070c500000, 0x000000070c500000, 0x000000070c600000|  0%| F|  |TAMS 0x000000070c500000, 0x000000070c500000| Untracked 
| 166|0x000000070c600000, 0x000000070c600000, 0x000000070c700000|  0%| F|  |TAMS 0x000000070c600000, 0x000000070c600000| Untracked 
| 167|0x000000070c700000, 0x000000070c700000, 0x000000070c800000|  0%| F|  |TAMS 0x000000070c700000, 0x000000070c700000| Untracked 
| 168|0x000000070c800000, 0x000000070c800000, 0x000000070c900000|  0%| F|  |TAMS 0x000000070c800000, 0x000000070c800000| Untracked 
| 169|0x000000070c900000, 0x000000070c900000, 0x000000070ca00000|  0%| F|  |TAMS 0x000000070c900000, 0x000000070c900000| Untracked 
| 170|0x000000070ca00000, 0x000000070ca00000, 0x000000070cb00000|  0%| F|  |TAMS 0x000000070ca00000, 0x000000070ca00000| Untracked 
| 171|0x000000070cb00000, 0x000000070cb00000, 0x000000070cc00000|  0%| F|  |TAMS 0x000000070cb00000, 0x000000070cb00000| Untracked 
| 172|0x000000070cc00000, 0x000000070cc00000, 0x000000070cd00000|  0%| F|  |TAMS 0x000000070cc00000, 0x000000070cc00000| Untracked 
| 173|0x000000070cd00000, 0x000000070cd00000, 0x000000070ce00000|  0%| F|  |TAMS 0x000000070cd00000, 0x000000070cd00000| Untracked 
| 174|0x000000070ce00000, 0x000000070ce00000, 0x000000070cf00000|  0%| F|  |TAMS 0x000000070ce00000, 0x000000070ce00000| Untracked 
| 175|0x000000070cf00000, 0x000000070cf00000, 0x000000070d000000|  0%| F|  |TAMS 0x000000070cf00000, 0x000000070cf00000| Untracked 
| 176|0x000000070d000000, 0x000000070d000000, 0x000000070d100000|  0%| F|  |TAMS 0x000000070d000000, 0x000000070d000000| Untracked 
| 177|0x000000070d100000, 0x000000070d100000, 0x000000070d200000|  0%| F|  |TAMS 0x000000070d100000, 0x000000070d100000| Untracked 
| 178|0x000000070d200000, 0x000000070d200000, 0x000000070d300000|  0%| F|  |TAMS 0x000000070d200000, 0x000000070d200000| Untracked 
| 179|0x000000070d300000, 0x000000070d300000, 0x000000070d400000|  0%| F|  |TAMS 0x000000070d300000, 0x000000070d300000| Untracked 
| 180|0x000000070d400000, 0x000000070d400000, 0x000000070d500000|  0%| F|  |TAMS 0x000000070d400000, 0x000000070d400000| Untracked 
| 181|0x000000070d500000, 0x000000070d500000, 0x000000070d600000|  0%| F|  |TAMS 0x000000070d500000, 0x000000070d500000| Untracked 
| 182|0x000000070d600000, 0x000000070d68b270, 0x000000070d700000| 54%| E|  |TAMS 0x000000070d600000, 0x000000070d600000| Complete 
| 183|0x000000070d700000, 0x000000070d800000, 0x000000070d800000|100%| E|CS|TAMS 0x000000070d700000, 0x000000070d700000| Complete 
| 184|0x000000070d800000, 0x000000070d900000, 0x000000070d900000|100%| E|CS|TAMS 0x000000070d800000, 0x000000070d800000| Complete 
| 185|0x000000070d900000, 0x000000070da00000, 0x000000070da00000|100%| E|CS|TAMS 0x000000070d900000, 0x000000070d900000| Complete 
| 186|0x000000070da00000, 0x000000070db00000, 0x000000070db00000|100%| E|CS|TAMS 0x000000070da00000, 0x000000070da00000| Complete 
| 187|0x000000070db00000, 0x000000070dc00000, 0x000000070dc00000|100%| E|CS|TAMS 0x000000070db00000, 0x000000070db00000| Complete 
| 188|0x000000070dc00000, 0x000000070dd00000, 0x000000070dd00000|100%| E|CS|TAMS 0x000000070dc00000, 0x000000070dc00000| Complete 
| 189|0x000000070dd00000, 0x000000070de00000, 0x000000070de00000|100%| E|CS|TAMS 0x000000070dd00000, 0x000000070dd00000| Complete 
| 190|0x000000070de00000, 0x000000070df00000, 0x000000070df00000|100%| E|CS|TAMS 0x000000070de00000, 0x000000070de00000| Complete 
| 191|0x000000070df00000, 0x000000070e000000, 0x000000070e000000|100%| E|CS|TAMS 0x000000070df00000, 0x000000070df00000| Complete 
| 192|0x000000070e000000, 0x000000070e100000, 0x000000070e100000|100%| E|CS|TAMS 0x000000070e000000, 0x000000070e000000| Complete 
| 193|0x000000070e100000, 0x000000070e200000, 0x000000070e200000|100%| E|CS|TAMS 0x000000070e100000, 0x000000070e100000| Complete 
| 194|0x000000070e200000, 0x000000070e300000, 0x000000070e300000|100%| E|CS|TAMS 0x000000070e200000, 0x000000070e200000| Complete 
| 195|0x000000070e300000, 0x000000070e400000, 0x000000070e400000|100%| E|CS|TAMS 0x000000070e300000, 0x000000070e300000| Complete 
| 196|0x000000070e400000, 0x000000070e500000, 0x000000070e500000|100%| E|CS|TAMS 0x000000070e400000, 0x000000070e400000| Complete 
| 197|0x000000070e500000, 0x000000070e600000, 0x000000070e600000|100%| E|CS|TAMS 0x000000070e500000, 0x000000070e500000| Complete 
| 198|0x000000070e600000, 0x000000070e700000, 0x000000070e700000|100%| E|CS|TAMS 0x000000070e600000, 0x000000070e600000| Complete 
| 199|0x000000070e700000, 0x000000070e800000, 0x000000070e800000|100%| E|CS|TAMS 0x000000070e700000, 0x000000070e700000| Complete 
| 200|0x000000070e800000, 0x000000070e900000, 0x000000070e900000|100%| E|CS|TAMS 0x000000070e800000, 0x000000070e800000| Complete 
| 201|0x000000070e900000, 0x000000070ea00000, 0x000000070ea00000|100%| E|CS|TAMS 0x000000070e900000, 0x000000070e900000| Complete 
| 202|0x000000070ea00000, 0x000000070eb00000, 0x000000070eb00000|100%| E|CS|TAMS 0x000000070ea00000, 0x000000070ea00000| Complete 
| 203|0x000000070eb00000, 0x000000070ec00000, 0x000000070ec00000|100%| E|CS|TAMS 0x000000070eb00000, 0x000000070eb00000| Complete 
| 204|0x000000070ec00000, 0x000000070ed00000, 0x000000070ed00000|100%| E|CS|TAMS 0x000000070ec00000, 0x000000070ec00000| Complete 
| 205|0x000000070ed00000, 0x000000070ee00000, 0x000000070ee00000|100%| E|CS|TAMS 0x000000070ed00000, 0x000000070ed00000| Complete 
| 206|0x000000070ee00000, 0x000000070ef00000, 0x000000070ef00000|100%| E|  |TAMS 0x000000070ee00000, 0x000000070ee00000| Complete 
| 207|0x000000070ef00000, 0x000000070f000000, 0x000000070f000000|100%| E|CS|TAMS 0x000000070ef00000, 0x000000070ef00000| Complete 
| 208|0x000000070f000000, 0x000000070f100000, 0x000000070f100000|100%| E|CS|TAMS 0x000000070f000000, 0x000000070f000000| Complete 
| 209|0x000000070f100000, 0x000000070f200000, 0x000000070f200000|100%| E|CS|TAMS 0x000000070f100000, 0x000000070f100000| Complete 
| 210|0x000000070f200000, 0x000000070f300000, 0x000000070f300000|100%| E|CS|TAMS 0x000000070f200000, 0x000000070f200000| Complete 
| 211|0x000000070f300000, 0x000000070f400000, 0x000000070f400000|100%| E|CS|TAMS 0x000000070f300000, 0x000000070f300000| Complete 
| 212|0x000000070f400000, 0x000000070f500000, 0x000000070f500000|100%| E|CS|TAMS 0x000000070f400000, 0x000000070f400000| Complete 
| 213|0x000000070f500000, 0x000000070f600000, 0x000000070f600000|100%| E|CS|TAMS 0x000000070f500000, 0x000000070f500000| Complete 
| 214|0x000000070f600000, 0x000000070f700000, 0x000000070f700000|100%| E|CS|TAMS 0x000000070f600000, 0x000000070f600000| Complete 
| 215|0x000000070f700000, 0x000000070f800000, 0x000000070f800000|100%| E|CS|TAMS 0x000000070f700000, 0x000000070f700000| Complete 
| 216|0x000000070f800000, 0x000000070f900000, 0x000000070f900000|100%| E|CS|TAMS 0x000000070f800000, 0x000000070f800000| Complete 
| 217|0x000000070f900000, 0x000000070fa00000, 0x000000070fa00000|100%| E|CS|TAMS 0x000000070f900000, 0x000000070f900000| Complete 
| 218|0x000000070fa00000, 0x000000070fb00000, 0x000000070fb00000|100%| E|CS|TAMS 0x000000070fa00000, 0x000000070fa00000| Complete 
| 219|0x000000070fb00000, 0x000000070fc00000, 0x000000070fc00000|100%| E|CS|TAMS 0x000000070fb00000, 0x000000070fb00000| Complete 
| 220|0x000000070fc00000, 0x000000070fd00000, 0x000000070fd00000|100%| E|CS|TAMS 0x000000070fc00000, 0x000000070fc00000| Complete 
| 221|0x000000070fd00000, 0x000000070fe00000, 0x000000070fe00000|100%| E|CS|TAMS 0x000000070fd00000, 0x000000070fd00000| Complete 
| 222|0x000000070fe00000, 0x000000070ff00000, 0x000000070ff00000|100%| E|CS|TAMS 0x000000070fe00000, 0x000000070fe00000| Complete 
| 223|0x000000070ff00000, 0x0000000710000000, 0x0000000710000000|100%| E|CS|TAMS 0x000000070ff00000, 0x000000070ff00000| Complete 
| 224|0x0000000710000000, 0x0000000710100000, 0x0000000710100000|100%| E|CS|TAMS 0x0000000710000000, 0x0000000710000000| Complete 
| 225|0x0000000710100000, 0x0000000710200000, 0x0000000710200000|100%| E|CS|TAMS 0x0000000710100000, 0x0000000710100000| Complete 
| 226|0x0000000710200000, 0x0000000710300000, 0x0000000710300000|100%| E|CS|TAMS 0x0000000710200000, 0x0000000710200000| Complete 
| 227|0x0000000710300000, 0x0000000710400000, 0x0000000710400000|100%| E|CS|TAMS 0x0000000710300000, 0x0000000710300000| Complete 
| 228|0x0000000710400000, 0x0000000710500000, 0x0000000710500000|100%| E|CS|TAMS 0x0000000710400000, 0x0000000710400000| Complete 
| 229|0x0000000710500000, 0x0000000710600000, 0x0000000710600000|100%| E|CS|TAMS 0x0000000710500000, 0x0000000710500000| Complete 
| 230|0x0000000710600000, 0x0000000710700000, 0x0000000710700000|100%| E|CS|TAMS 0x0000000710600000, 0x0000000710600000| Complete 
| 231|0x0000000710700000, 0x0000000710800000, 0x0000000710800000|100%| E|CS|TAMS 0x0000000710700000, 0x0000000710700000| Complete 
| 232|0x0000000710800000, 0x0000000710900000, 0x0000000710900000|100%| E|CS|TAMS 0x0000000710800000, 0x0000000710800000| Complete 
| 233|0x0000000710900000, 0x0000000710a00000, 0x0000000710a00000|100%| E|CS|TAMS 0x0000000710900000, 0x0000000710900000| Complete 
| 234|0x0000000710a00000, 0x0000000710b00000, 0x0000000710b00000|100%| E|CS|TAMS 0x0000000710a00000, 0x0000000710a00000| Complete 
| 235|0x0000000710b00000, 0x0000000710c00000, 0x0000000710c00000|100%| E|CS|TAMS 0x0000000710b00000, 0x0000000710b00000| Complete 
| 236|0x0000000710c00000, 0x0000000710d00000, 0x0000000710d00000|100%| E|CS|TAMS 0x0000000710c00000, 0x0000000710c00000| Complete 
| 237|0x0000000710d00000, 0x0000000710e00000, 0x0000000710e00000|100%| E|CS|TAMS 0x0000000710d00000, 0x0000000710d00000| Complete 
| 238|0x0000000710e00000, 0x0000000710f00000, 0x0000000710f00000|100%| E|CS|TAMS 0x0000000710e00000, 0x0000000710e00000| Complete 
| 239|0x0000000710f00000, 0x0000000711000000, 0x0000000711000000|100%| E|CS|TAMS 0x0000000710f00000, 0x0000000710f00000| Complete 
| 240|0x0000000711000000, 0x0000000711100000, 0x0000000711100000|100%| E|CS|TAMS 0x0000000711000000, 0x0000000711000000| Complete 
| 241|0x0000000711100000, 0x0000000711200000, 0x0000000711200000|100%| E|CS|TAMS 0x0000000711100000, 0x0000000711100000| Complete 
| 242|0x0000000711200000, 0x0000000711300000, 0x0000000711300000|100%| E|CS|TAMS 0x0000000711200000, 0x0000000711200000| Complete 
| 243|0x0000000711300000, 0x0000000711400000, 0x0000000711400000|100%| E|CS|TAMS 0x0000000711300000, 0x0000000711300000| Complete 
| 244|0x0000000711400000, 0x0000000711500000, 0x0000000711500000|100%| E|CS|TAMS 0x0000000711400000, 0x0000000711400000| Complete 
| 245|0x0000000711500000, 0x0000000711600000, 0x0000000711600000|100%| E|CS|TAMS 0x0000000711500000, 0x0000000711500000| Complete 
| 246|0x0000000711600000, 0x0000000711700000, 0x0000000711700000|100%| E|CS|TAMS 0x0000000711600000, 0x0000000711600000| Complete 
| 247|0x0000000711700000, 0x0000000711800000, 0x0000000711800000|100%| E|CS|TAMS 0x0000000711700000, 0x0000000711700000| Complete 
| 248|0x0000000711800000, 0x0000000711900000, 0x0000000711900000|100%| E|CS|TAMS 0x0000000711800000, 0x0000000711800000| Complete 
| 249|0x0000000711900000, 0x0000000711a00000, 0x0000000711a00000|100%| E|CS|TAMS 0x0000000711900000, 0x0000000711900000| Complete 
| 250|0x0000000711a00000, 0x0000000711b00000, 0x0000000711b00000|100%| E|CS|TAMS 0x0000000711a00000, 0x0000000711a00000| Complete 
| 251|0x0000000711b00000, 0x0000000711c00000, 0x0000000711c00000|100%| E|CS|TAMS 0x0000000711b00000, 0x0000000711b00000| Complete 
| 252|0x0000000711c00000, 0x0000000711d00000, 0x0000000711d00000|100%| E|CS|TAMS 0x0000000711c00000, 0x0000000711c00000| Complete 
| 253|0x0000000711d00000, 0x0000000711e00000, 0x0000000711e00000|100%| E|CS|TAMS 0x0000000711d00000, 0x0000000711d00000| Complete 
| 254|0x0000000711e00000, 0x0000000711f00000, 0x0000000711f00000|100%| E|CS|TAMS 0x0000000711e00000, 0x0000000711e00000| Complete 
| 255|0x0000000711f00000, 0x0000000712000000, 0x0000000712000000|100%| E|CS|TAMS 0x0000000711f00000, 0x0000000711f00000| Complete 
| 256|0x0000000712000000, 0x0000000712100000, 0x0000000712100000|100%| E|CS|TAMS 0x0000000712000000, 0x0000000712000000| Complete 
| 257|0x0000000712100000, 0x0000000712200000, 0x0000000712200000|100%| E|CS|TAMS 0x0000000712100000, 0x0000000712100000| Complete 
| 258|0x0000000712200000, 0x0000000712300000, 0x0000000712300000|100%| E|CS|TAMS 0x0000000712200000, 0x0000000712200000| Complete 
| 259|0x0000000712300000, 0x0000000712400000, 0x0000000712400000|100%| E|CS|TAMS 0x0000000712300000, 0x0000000712300000| Complete 
| 260|0x0000000712400000, 0x0000000712500000, 0x0000000712500000|100%| E|CS|TAMS 0x0000000712400000, 0x0000000712400000| Complete 
| 261|0x0000000712500000, 0x0000000712600000, 0x0000000712600000|100%| E|CS|TAMS 0x0000000712500000, 0x0000000712500000| Complete 
| 262|0x0000000712600000, 0x0000000712700000, 0x0000000712700000|100%| E|CS|TAMS 0x0000000712600000, 0x0000000712600000| Complete 
| 263|0x0000000712700000, 0x0000000712800000, 0x0000000712800000|100%| E|CS|TAMS 0x0000000712700000, 0x0000000712700000| Complete 
| 264|0x0000000712800000, 0x0000000712900000, 0x0000000712900000|100%| E|CS|TAMS 0x0000000712800000, 0x0000000712800000| Complete 
| 265|0x0000000712900000, 0x0000000712a00000, 0x0000000712a00000|100%| E|CS|TAMS 0x0000000712900000, 0x0000000712900000| Complete 
| 266|0x0000000712a00000, 0x0000000712b00000, 0x0000000712b00000|100%| E|CS|TAMS 0x0000000712a00000, 0x0000000712a00000| Complete 
| 267|0x0000000712b00000, 0x0000000712c00000, 0x0000000712c00000|100%| E|CS|TAMS 0x0000000712b00000, 0x0000000712b00000| Complete 
| 268|0x0000000712c00000, 0x0000000712d00000, 0x0000000712d00000|100%| E|CS|TAMS 0x0000000712c00000, 0x0000000712c00000| Complete 
| 269|0x0000000712d00000, 0x0000000712e00000, 0x0000000712e00000|100%| E|CS|TAMS 0x0000000712d00000, 0x0000000712d00000| Complete 
| 270|0x0000000712e00000, 0x0000000712f00000, 0x0000000712f00000|100%| E|CS|TAMS 0x0000000712e00000, 0x0000000712e00000| Complete 
| 271|0x0000000712f00000, 0x0000000713000000, 0x0000000713000000|100%| E|CS|TAMS 0x0000000712f00000, 0x0000000712f00000| Complete 
| 272|0x0000000713000000, 0x0000000713100000, 0x0000000713100000|100%| E|CS|TAMS 0x0000000713000000, 0x0000000713000000| Complete 
| 273|0x0000000713100000, 0x0000000713200000, 0x0000000713200000|100%| E|CS|TAMS 0x0000000713100000, 0x0000000713100000| Complete 
| 274|0x0000000713200000, 0x0000000713300000, 0x0000000713300000|100%| E|CS|TAMS 0x0000000713200000, 0x0000000713200000| Complete 
| 275|0x0000000713300000, 0x0000000713400000, 0x0000000713400000|100%| E|CS|TAMS 0x0000000713300000, 0x0000000713300000| Complete 
| 276|0x0000000713400000, 0x0000000713500000, 0x0000000713500000|100%| E|CS|TAMS 0x0000000713400000, 0x0000000713400000| Complete 
| 277|0x0000000713500000, 0x0000000713600000, 0x0000000713600000|100%| E|CS|TAMS 0x0000000713500000, 0x0000000713500000| Complete 
| 278|0x0000000713600000, 0x0000000713700000, 0x0000000713700000|100%| E|CS|TAMS 0x0000000713600000, 0x0000000713600000| Complete 
| 279|0x0000000713700000, 0x0000000713800000, 0x0000000713800000|100%| E|CS|TAMS 0x0000000713700000, 0x0000000713700000| Complete 
| 280|0x0000000713800000, 0x0000000713900000, 0x0000000713900000|100%| E|CS|TAMS 0x0000000713800000, 0x0000000713800000| Complete 
| 281|0x0000000713900000, 0x0000000713a00000, 0x0000000713a00000|100%| E|CS|TAMS 0x0000000713900000, 0x0000000713900000| Complete 
| 282|0x0000000713a00000, 0x0000000713b00000, 0x0000000713b00000|100%| E|CS|TAMS 0x0000000713a00000, 0x0000000713a00000| Complete 
| 283|0x0000000713b00000, 0x0000000713c00000, 0x0000000713c00000|100%| E|CS|TAMS 0x0000000713b00000, 0x0000000713b00000| Complete 
| 284|0x0000000713c00000, 0x0000000713d00000, 0x0000000713d00000|100%| E|CS|TAMS 0x0000000713c00000, 0x0000000713c00000| Complete 
| 285|0x0000000713d00000, 0x0000000713e00000, 0x0000000713e00000|100%| E|CS|TAMS 0x0000000713d00000, 0x0000000713d00000| Complete 
| 286|0x0000000713e00000, 0x0000000713f00000, 0x0000000713f00000|100%| E|CS|TAMS 0x0000000713e00000, 0x0000000713e00000| Complete 
| 287|0x0000000713f00000, 0x0000000714000000, 0x0000000714000000|100%| E|CS|TAMS 0x0000000713f00000, 0x0000000713f00000| Complete 
| 288|0x0000000714000000, 0x0000000714100000, 0x0000000714100000|100%| E|CS|TAMS 0x0000000714000000, 0x0000000714000000| Complete 
| 289|0x0000000714100000, 0x0000000714200000, 0x0000000714200000|100%| E|CS|TAMS 0x0000000714100000, 0x0000000714100000| Complete 
| 290|0x0000000714200000, 0x0000000714300000, 0x0000000714300000|100%| E|CS|TAMS 0x0000000714200000, 0x0000000714200000| Complete 
| 291|0x0000000714300000, 0x0000000714400000, 0x0000000714400000|100%| E|CS|TAMS 0x0000000714300000, 0x0000000714300000| Complete 
| 292|0x0000000714400000, 0x0000000714500000, 0x0000000714500000|100%| E|CS|TAMS 0x0000000714400000, 0x0000000714400000| Complete 
| 293|0x0000000714500000, 0x0000000714600000, 0x0000000714600000|100%| E|CS|TAMS 0x0000000714500000, 0x0000000714500000| Complete 
| 294|0x0000000714600000, 0x0000000714700000, 0x0000000714700000|100%| E|CS|TAMS 0x0000000714600000, 0x0000000714600000| Complete 
| 295|0x0000000714700000, 0x0000000714800000, 0x0000000714800000|100%| E|CS|TAMS 0x0000000714700000, 0x0000000714700000| Complete 
| 296|0x0000000714800000, 0x0000000714900000, 0x0000000714900000|100%| E|CS|TAMS 0x0000000714800000, 0x0000000714800000| Complete 
| 297|0x0000000714900000, 0x0000000714a00000, 0x0000000714a00000|100%| E|CS|TAMS 0x0000000714900000, 0x0000000714900000| Complete 
| 298|0x0000000714a00000, 0x0000000714b00000, 0x0000000714b00000|100%| E|CS|TAMS 0x0000000714a00000, 0x0000000714a00000| Complete 
| 299|0x0000000714b00000, 0x0000000714c00000, 0x0000000714c00000|100%| E|CS|TAMS 0x0000000714b00000, 0x0000000714b00000| Complete 
| 300|0x0000000714c00000, 0x0000000714d00000, 0x0000000714d00000|100%| E|CS|TAMS 0x0000000714c00000, 0x0000000714c00000| Complete 
| 301|0x0000000714d00000, 0x0000000714e00000, 0x0000000714e00000|100%| E|CS|TAMS 0x0000000714d00000, 0x0000000714d00000| Complete 
| 302|0x0000000714e00000, 0x0000000714f00000, 0x0000000714f00000|100%| E|CS|TAMS 0x0000000714e00000, 0x0000000714e00000| Complete 
| 303|0x0000000714f00000, 0x0000000715000000, 0x0000000715000000|100%| E|CS|TAMS 0x0000000714f00000, 0x0000000714f00000| Complete 
| 304|0x0000000715000000, 0x0000000715100000, 0x0000000715100000|100%| E|CS|TAMS 0x0000000715000000, 0x0000000715000000| Complete 
| 305|0x0000000715100000, 0x0000000715200000, 0x0000000715200000|100%| E|CS|TAMS 0x0000000715100000, 0x0000000715100000| Complete 
| 306|0x0000000715200000, 0x0000000715300000, 0x0000000715300000|100%| E|CS|TAMS 0x0000000715200000, 0x0000000715200000| Complete 
| 307|0x0000000715300000, 0x0000000715400000, 0x0000000715400000|100%| E|CS|TAMS 0x0000000715300000, 0x0000000715300000| Complete 
| 308|0x0000000715400000, 0x0000000715500000, 0x0000000715500000|100%| E|CS|TAMS 0x0000000715400000, 0x0000000715400000| Complete 
| 309|0x0000000715500000, 0x0000000715600000, 0x0000000715600000|100%| E|CS|TAMS 0x0000000715500000, 0x0000000715500000| Complete 
| 310|0x0000000715600000, 0x0000000715700000, 0x0000000715700000|100%| E|CS|TAMS 0x0000000715600000, 0x0000000715600000| Complete 
| 311|0x0000000715700000, 0x0000000715800000, 0x0000000715800000|100%| E|CS|TAMS 0x0000000715700000, 0x0000000715700000| Complete 
| 312|0x0000000715800000, 0x0000000715900000, 0x0000000715900000|100%| E|CS|TAMS 0x0000000715800000, 0x0000000715800000| Complete 
| 313|0x0000000715900000, 0x0000000715a00000, 0x0000000715a00000|100%| E|CS|TAMS 0x0000000715900000, 0x0000000715900000| Complete 
| 314|0x0000000715a00000, 0x0000000715b00000, 0x0000000715b00000|100%| E|CS|TAMS 0x0000000715a00000, 0x0000000715a00000| Complete 
| 315|0x0000000715b00000, 0x0000000715c00000, 0x0000000715c00000|100%| E|CS|TAMS 0x0000000715b00000, 0x0000000715b00000| Complete 
| 316|0x0000000715c00000, 0x0000000715d00000, 0x0000000715d00000|100%| E|CS|TAMS 0x0000000715c00000, 0x0000000715c00000| Complete 
| 317|0x0000000715d00000, 0x0000000715e00000, 0x0000000715e00000|100%| E|CS|TAMS 0x0000000715d00000, 0x0000000715d00000| Complete 
| 318|0x0000000715e00000, 0x0000000715f00000, 0x0000000715f00000|100%| E|CS|TAMS 0x0000000715e00000, 0x0000000715e00000| Complete 
| 319|0x0000000715f00000, 0x0000000716000000, 0x0000000716000000|100%| E|CS|TAMS 0x0000000715f00000, 0x0000000715f00000| Complete 
| 320|0x0000000716000000, 0x0000000716100000, 0x0000000716100000|100%| E|CS|TAMS 0x0000000716000000, 0x0000000716000000| Complete 
| 321|0x0000000716100000, 0x0000000716200000, 0x0000000716200000|100%| E|CS|TAMS 0x0000000716100000, 0x0000000716100000| Complete 
| 322|0x0000000716200000, 0x0000000716300000, 0x0000000716300000|100%| E|CS|TAMS 0x0000000716200000, 0x0000000716200000| Complete 
| 323|0x0000000716300000, 0x0000000716400000, 0x0000000716400000|100%| E|CS|TAMS 0x0000000716300000, 0x0000000716300000| Complete 
| 324|0x0000000716400000, 0x0000000716500000, 0x0000000716500000|100%| E|CS|TAMS 0x0000000716400000, 0x0000000716400000| Complete 
| 325|0x0000000716500000, 0x0000000716600000, 0x0000000716600000|100%| E|CS|TAMS 0x0000000716500000, 0x0000000716500000| Complete 
| 326|0x0000000716600000, 0x0000000716700000, 0x0000000716700000|100%| E|CS|TAMS 0x0000000716600000, 0x0000000716600000| Complete 
| 327|0x0000000716700000, 0x0000000716800000, 0x0000000716800000|100%| E|CS|TAMS 0x0000000716700000, 0x0000000716700000| Complete 
| 328|0x0000000716800000, 0x0000000716900000, 0x0000000716900000|100%| E|CS|TAMS 0x0000000716800000, 0x0000000716800000| Complete 
| 329|0x0000000716900000, 0x0000000716a00000, 0x0000000716a00000|100%| E|CS|TAMS 0x0000000716900000, 0x0000000716900000| Complete 
| 330|0x0000000716a00000, 0x0000000716b00000, 0x0000000716b00000|100%| E|CS|TAMS 0x0000000716a00000, 0x0000000716a00000| Complete 
| 331|0x0000000716b00000, 0x0000000716c00000, 0x0000000716c00000|100%| E|CS|TAMS 0x0000000716b00000, 0x0000000716b00000| Complete 
| 332|0x0000000716c00000, 0x0000000716d00000, 0x0000000716d00000|100%| E|CS|TAMS 0x0000000716c00000, 0x0000000716c00000| Complete 
| 333|0x0000000716d00000, 0x0000000716e00000, 0x0000000716e00000|100%| E|CS|TAMS 0x0000000716d00000, 0x0000000716d00000| Complete 
| 334|0x0000000716e00000, 0x0000000716f00000, 0x0000000716f00000|100%| E|CS|TAMS 0x0000000716e00000, 0x0000000716e00000| Complete 
| 335|0x0000000716f00000, 0x0000000717000000, 0x0000000717000000|100%| E|CS|TAMS 0x0000000716f00000, 0x0000000716f00000| Complete 
| 336|0x0000000717000000, 0x0000000717100000, 0x0000000717100000|100%| E|CS|TAMS 0x0000000717000000, 0x0000000717000000| Complete 
| 337|0x0000000717100000, 0x0000000717200000, 0x0000000717200000|100%| E|CS|TAMS 0x0000000717100000, 0x0000000717100000| Complete 
| 338|0x0000000717200000, 0x0000000717300000, 0x0000000717300000|100%| E|CS|TAMS 0x0000000717200000, 0x0000000717200000| Complete 
| 339|0x0000000717300000, 0x0000000717400000, 0x0000000717400000|100%| E|CS|TAMS 0x0000000717300000, 0x0000000717300000| Complete 
| 340|0x0000000717400000, 0x0000000717500000, 0x0000000717500000|100%| E|CS|TAMS 0x0000000717400000, 0x0000000717400000| Complete 
| 341|0x0000000717500000, 0x0000000717600000, 0x0000000717600000|100%| E|CS|TAMS 0x0000000717500000, 0x0000000717500000| Complete 
| 342|0x0000000717600000, 0x0000000717700000, 0x0000000717700000|100%| E|CS|TAMS 0x0000000717600000, 0x0000000717600000| Complete 
| 343|0x0000000717700000, 0x0000000717800000, 0x0000000717800000|100%| E|CS|TAMS 0x0000000717700000, 0x0000000717700000| Complete 
| 344|0x0000000717800000, 0x0000000717900000, 0x0000000717900000|100%| E|CS|TAMS 0x0000000717800000, 0x0000000717800000| Complete 
| 345|0x0000000717900000, 0x0000000717a00000, 0x0000000717a00000|100%| E|CS|TAMS 0x0000000717900000, 0x0000000717900000| Complete 
| 346|0x0000000717a00000, 0x0000000717b00000, 0x0000000717b00000|100%| E|CS|TAMS 0x0000000717a00000, 0x0000000717a00000| Complete 
| 347|0x0000000717b00000, 0x0000000717c00000, 0x0000000717c00000|100%| E|CS|TAMS 0x0000000717b00000, 0x0000000717b00000| Complete 
| 348|0x0000000717c00000, 0x0000000717d00000, 0x0000000717d00000|100%| E|CS|TAMS 0x0000000717c00000, 0x0000000717c00000| Complete 
| 349|0x0000000717d00000, 0x0000000717e00000, 0x0000000717e00000|100%| E|CS|TAMS 0x0000000717d00000, 0x0000000717d00000| Complete 
| 350|0x0000000717e00000, 0x0000000717f00000, 0x0000000717f00000|100%| E|CS|TAMS 0x0000000717e00000, 0x0000000717e00000| Complete 
| 351|0x0000000717f00000, 0x0000000718000000, 0x0000000718000000|100%| E|CS|TAMS 0x0000000717f00000, 0x0000000717f00000| Complete 
| 352|0x0000000718000000, 0x0000000718100000, 0x0000000718100000|100%| E|CS|TAMS 0x0000000718000000, 0x0000000718000000| Complete 
| 353|0x0000000718100000, 0x0000000718200000, 0x0000000718200000|100%| E|CS|TAMS 0x0000000718100000, 0x0000000718100000| Complete 
| 354|0x0000000718200000, 0x0000000718300000, 0x0000000718300000|100%| E|CS|TAMS 0x0000000718200000, 0x0000000718200000| Complete 
| 355|0x0000000718300000, 0x0000000718400000, 0x0000000718400000|100%| E|CS|TAMS 0x0000000718300000, 0x0000000718300000| Complete 
| 356|0x0000000718400000, 0x0000000718500000, 0x0000000718500000|100%| E|CS|TAMS 0x0000000718400000, 0x0000000718400000| Complete 
| 357|0x0000000718500000, 0x0000000718600000, 0x0000000718600000|100%| E|CS|TAMS 0x0000000718500000, 0x0000000718500000| Complete 
| 358|0x0000000718600000, 0x0000000718700000, 0x0000000718700000|100%| E|CS|TAMS 0x0000000718600000, 0x0000000718600000| Complete 
| 359|0x0000000718700000, 0x0000000718800000, 0x0000000718800000|100%| E|CS|TAMS 0x0000000718700000, 0x0000000718700000| Complete 
| 360|0x0000000718800000, 0x0000000718900000, 0x0000000718900000|100%| E|CS|TAMS 0x0000000718800000, 0x0000000718800000| Complete 
| 361|0x0000000718900000, 0x0000000718a00000, 0x0000000718a00000|100%| E|CS|TAMS 0x0000000718900000, 0x0000000718900000| Complete 
| 362|0x0000000718a00000, 0x0000000718b00000, 0x0000000718b00000|100%| E|CS|TAMS 0x0000000718a00000, 0x0000000718a00000| Complete 
| 363|0x0000000718b00000, 0x0000000718c00000, 0x0000000718c00000|100%| E|CS|TAMS 0x0000000718b00000, 0x0000000718b00000| Complete 
| 364|0x0000000718c00000, 0x0000000718d00000, 0x0000000718d00000|100%| E|CS|TAMS 0x0000000718c00000, 0x0000000718c00000| Complete 
| 365|0x0000000718d00000, 0x0000000718e00000, 0x0000000718e00000|100%| E|CS|TAMS 0x0000000718d00000, 0x0000000718d00000| Complete 

Card table byte_map: [0x000002b7dcd70000,0x000002b7dd560000] _byte_map_base: 0x000002b7d9560000

Marking Bits (Prev, Next): (CMBitMap*) 0x000002b7c3028bc0, (CMBitMap*) 0x000002b7c3028b88
 Prev Bits: [0x000002b7e1cd0000, 0x000002b7e5c50000)
 Next Bits: [0x000002b7ddd50000, 0x000002b7e1cd0000)

Polling page: 0x000002b7c2e20000

Metaspace:

Usage:
  Non-class:     72.74 MB capacity,    70.65 MB ( 97%) used,     1.69 MB (  2%) free+waste,   411.00 KB ( <1%) overhead. 
      Class:     12.63 MB capacity,    11.30 MB ( 89%) used,     1.14 MB (  9%) free+waste,   202.25 KB (  2%) overhead. 
       Both:     85.37 MB capacity,    81.95 MB ( 96%) used,     2.83 MB (  3%) free+waste,   613.25 KB ( <1%) overhead. 

Virtual space:
  Non-class space:       74.00 MB reserved,      72.75 MB ( 98%) committed 
      Class space:        1.00 GB reserved,      12.75 MB (  1%) committed 
             Both:        1.07 GB reserved,      85.50 MB (  8%) committed 

Chunk freelists:
   Non-Class:  1.13 KB
       Class:  128 bytes
        Both:  1.25 KB

CodeHeap 'non-profiled nmethods': size=238336Kb used=16522Kb max_used=16522Kb free=221813Kb
 bounds [0x000002b7cd240000, 0x000002b7ce270000, 0x000002b7dbb00000]
CodeHeap 'non-nmethods': size=7424Kb used=1566Kb max_used=1566Kb free=5857Kb
 bounds [0x000002b7ccb00000, 0x000002b7ccd70000, 0x000002b7cd240000]
 total_blobs=10118 nmethods=9088 adapters=894
 compilation: enabled
              stopped_count=0, restarted_count=0
 full_count=0

Compilation events (10 events):
Event: 11.770 Thread 0x000002b7e90fa800 9141       1       com.sun.glass.ui.Application::GetApplication (4 bytes)
Event: 11.770 Thread 0x000002b7e90fa800 nmethod 9141 0x000002b7ce260e10 code [0x000002b7ce260fc0, 0x000002b7ce2610d8]
Event: 11.770 Thread 0x000002b7e90fa800 9137       1       javafx.scene.layout.Region$1::doPickNodeLocal (10 bytes)
Event: 11.771 Thread 0x000002b7e90fa800 nmethod 9137 0x000002b7ce261190 code [0x000002b7ce261380, 0x000002b7ce261730]
Event: 11.771 Thread 0x000002b7e90fa800 9138       1       javafx.scene.layout.Region::doPickNodeLocal (30 bytes)
Event: 11.771 Thread 0x000002b7e90fa800 nmethod 9138 0x000002b7ce261a10 code [0x000002b7ce261c00, 0x000002b7ce261f30]
Event: 11.771 Thread 0x000002b7e90fa800 9139       1       com.sun.javafx.scene.NodeHelper::intersectsBounds (11 bytes)
Event: 11.771 Thread 0x000002b7e90fa800 nmethod 9139 0x000002b7ce262190 code [0x000002b7ce262340, 0x000002b7ce2624d0]
Event: 11.771 Thread 0x000002b7e90fa800 9140       1       javafx.scene.Node$1::intersectsBounds (6 bytes)
Event: 11.771 Thread 0x000002b7e90fa800 nmethod 9140 0x000002b7ce262610 code [0x000002b7ce2627c0, 0x000002b7ce262910]

GC Heap History (10 events):
Event: 3.437 GC heap before
{Heap before GC invocations=7 (full 0):
 garbage-first heap   total 312320K, used 37007K [0x0000000702000000, 0x0000000800000000)
  region size 1024K, 29 young (29696K), 10 survivors (10240K)
 Metaspace       used 34861K, capacity 35787K, committed 35840K, reserved 1081344K
  class space    used 4328K, capacity 4683K, committed 4736K, reserved 1048576K
}
Event: 3.445 GC heap after
{Heap after GC invocations=8 (full 0):
 garbage-first heap   total 312320K, used 19058K [0x0000000702000000, 0x0000000800000000)
  region size 1024K, 10 young (10240K), 10 survivors (10240K)
 Metaspace       used 34861K, capacity 35787K, committed 35840K, reserved 1081344K
  class space    used 4328K, capacity 4683K, committed 4736K, reserved 1048576K
}
Event: 4.756 GC heap before
{Heap before GC invocations=9 (full 0):
 garbage-first heap   total 312320K, used 196210K [0x0000000702000000, 0x0000000800000000)
  region size 1024K, 183 young (187392K), 10 survivors (10240K)
 Metaspace       used 44799K, capacity 46182K, committed 46336K, reserved 1089536K
  class space    used 5575K, capacity 6117K, committed 6144K, reserved 1048576K
}
Event: 4.770 GC heap after
{Heap after GC invocations=10 (full 0):
 garbage-first heap   total 312320K, used 25244K [0x0000000702000000, 0x0000000800000000)
  region size 1024K, 16 young (16384K), 16 survivors (16384K)
 Metaspace       used 44799K, capacity 46182K, committed 46336K, reserved 1089536K
  class space    used 5575K, capacity 6117K, committed 6144K, reserved 1048576K
}
Event: 5.825 GC heap before
{Heap before GC invocations=10 (full 0):
 garbage-first heap   total 312320K, used 137884K [0x0000000702000000, 0x0000000800000000)
  region size 1024K, 127 young (130048K), 16 survivors (16384K)
 Metaspace       used 58536K, capacity 60065K, committed 60160K, reserved 1101824K
  class space    used 7638K, capacity 8236K, committed 8320K, reserved 1048576K
}
Event: 5.844 GC heap after
{Heap after GC invocations=11 (full 0):
 garbage-first heap   total 312320K, used 30628K [0x0000000702000000, 0x0000000800000000)
  region size 1024K, 17 young (17408K), 17 survivors (17408K)
 Metaspace       used 58536K, capacity 60065K, committed 60160K, reserved 1101824K
  class space    used 7638K, capacity 8236K, committed 8320K, reserved 1048576K
}
Event: 7.039 GC heap before
{Heap before GC invocations=12 (full 0):
 garbage-first heap   total 312320K, used 200612K [0x0000000702000000, 0x0000000800000000)
  region size 1024K, 183 young (187392K), 17 survivors (17408K)
 Metaspace       used 65097K, capacity 67054K, committed 67200K, reserved 1107968K
  class space    used 8571K, capacity 9325K, committed 9344K, reserved 1048576K
}
Event: 7.056 GC heap after
{Heap after GC invocations=13 (full 0):
 garbage-first heap   total 374784K, used 38592K [0x0000000702000000, 0x0000000800000000)
  region size 1024K, 14 young (14336K), 14 survivors (14336K)
 Metaspace       used 65097K, capacity 67054K, committed 67200K, reserved 1107968K
  class space    used 8571K, capacity 9325K, committed 9344K, reserved 1048576K
}
Event: 8.389 GC heap before
{Heap before GC invocations=13 (full 0):
 garbage-first heap   total 374784K, used 248512K [0x0000000702000000, 0x0000000800000000)
  region size 1024K, 219 young (224256K), 14 survivors (14336K)
 Metaspace       used 70392K, capacity 72781K, committed 72960K, reserved 1112064K
  class space    used 9464K, capacity 10376K, committed 10496K, reserved 1048576K
}
Event: 8.404 GC heap after
{Heap after GC invocations=14 (full 0):
 garbage-first heap   total 374784K, used 49071K [0x0000000702000000, 0x0000000800000000)
  region size 1024K, 24 young (24576K), 24 survivors (24576K)
 Metaspace       used 70392K, capacity 72781K, committed 72960K, reserved 1112064K
  class space    used 9464K, capacity 10376K, committed 10496K, reserved 1048576K
}

Deoptimization events (0 events):
No events

Classes redefined (0 events):
No events

Internal exceptions (10 events):
Event: 9.522 Thread 0x000002b7ef6a9800 Exception <a 'java/lang/ClassNotFoundException'{0x000000070f643948}: org/springframework/web/servlet/support/SessionFlashMapManagerCustomizer> (0x000000070f643948) thrown at [t:/workspace/open/src/hotspot/share/classfile/systemDictionary.cpp, line 231]
Event: 9.523 Thread 0x000002b7ef6a9800 Exception <a 'java/lang/ClassNotFoundException'{0x000000070f6593c8}: org/springframework/web/servlet/FlashMapManagerCustomizer> (0x000000070f6593c8) thrown at [t:/workspace/open/src/hotspot/share/classfile/systemDictionary.cpp, line 231]
Event: 9.664 Thread 0x000002b7ef6a7800 Exception <a 'java/lang/NoSuchMethodError'{0x000000070e5d99c8}: java.lang.invoke.Invokers$Holder.linkToTargetMethod(Ljava/lang/Object;IILjava/lang/Object;)Ljava/lang/Object;> (0x000000070e5d99c8) thrown at [t:/workspace/open/src/hotspot/share/interpreter/
Event: 9.839 Thread 0x000002b7ef69d000 Exception <a 'java/lang/NoSuchMethodError'{0x000000070da83730}: java.lang.invoke.DirectMethodHandle$Holder.invokeStaticInit(Ljava/lang/Object;I)Ljava/lang/Object;> (0x000000070da83730) thrown at [t:/workspace/open/src/hotspot/share/interpreter/linkResolve
Event: 10.831 Thread 0x000002b7ef6a7800 Exception <a 'java/lang/NoSuchMethodError'{0x000000070d8d2998}: java.lang.invoke.DirectMethodHandle$Holder.invokeStaticInit(Ljava/lang/Object;Ljava/lang/Object;Ljava/lang/Object;)J> (0x000000070d8d2998) thrown at [t:/workspace/open/src/hotspot/share/inter
Event: 10.832 Thread 0x000002b7ef6a7800 Exception <a 'java/lang/NoSuchMethodError'{0x000000070d8e7eb0}: java.lang.invoke.DirectMethodHandle$Holder.invokeStatic(Ljava/lang/Object;Ljava/lang/Object;J)Ljava/lang/Object;> (0x000000070d8e7eb0) thrown at [t:/workspace/open/src/hotspot/share/interpret
Event: 10.920 Thread 0x000002b7ef6a7800 Exception <a 'java/io/FileNotFoundException'{0x000000070d752ec0}> (0x000000070d752ec0) thrown at [t:/workspace/open/src/hotspot/share/prims/jni.cpp, line 615]
Event: 10.922 Thread 0x000002b7ef6a7800 Exception <a 'java/io/FileNotFoundException'{0x000000070d768020}> (0x000000070d768020) thrown at [t:/workspace/open/src/hotspot/share/prims/jni.cpp, line 615]
Event: 10.922 Thread 0x000002b7ef6a7800 Exception <a 'java/io/FileNotFoundException'{0x000000070d7781d0}> (0x000000070d7781d0) thrown at [t:/workspace/open/src/hotspot/share/prims/jni.cpp, line 615]
Event: 10.924 Thread 0x000002b7ef6a7800 Exception <a 'java/io/FileNotFoundException'{0x000000070d78d090}> (0x000000070d78d090) thrown at [t:/workspace/open/src/hotspot/share/prims/jni.cpp, line 615]

Events (10 events):
Event: 10.938 loading class com/electronicvoting/ArduinoFingerprint/Controller$1
Event: 10.938 loading class com/electronicvoting/ArduinoFingerprint/Controller$1 done
Event: 10.938 loading class gnu/io/SerialPortEventListener
Event: 10.938 loading class gnu/io/SerialPortEventListener done
Event: 11.412 loading class sun/net/ResourceManager
Event: 11.412 loading class sun/net/ResourceManager done
Event: 11.526 Executing VM operation: RevokeBias
Event: 11.526 Executing VM operation: RevokeBias done
Event: 12.671 loading class gnu/io/SerialPortEvent
Event: 12.671 loading class gnu/io/SerialPortEvent done


Dynamic libraries:
0x00007ff7131d0000 - 0x00007ff713217000 	C:\Program Files\Java\jdk-11.0.6\bin\java.exe
0x00007ff978e50000 - 0x00007ff979045000 	C:\WINDOWS\SYSTEM32\ntdll.dll
0x00007ff977790000 - 0x00007ff97784d000 	C:\WINDOWS\System32\KERNEL32.DLL
0x00007ff9768d0000 - 0x00007ff976b97000 	C:\WINDOWS\System32\KERNELBASE.dll
0x00007ff9738c0000 - 0x00007ff973950000 	C:\WINDOWS\SYSTEM32\apphelp.dll
0x00007ff9779a0000 - 0x00007ff977a4a000 	C:\WINDOWS\System32\ADVAPI32.dll
0x00007ff977f90000 - 0x00007ff97802e000 	C:\WINDOWS\System32\msvcrt.dll
0x00007ff978600000 - 0x00007ff97869b000 	C:\WINDOWS\System32\sechost.dll
0x00007ff978390000 - 0x00007ff9784b3000 	C:\WINDOWS\System32\RPCRT4.dll
0x00007ff977a50000 - 0x00007ff977bf0000 	C:\WINDOWS\System32\USER32.dll
0x00007ff976e10000 - 0x00007ff976e32000 	C:\WINDOWS\System32\win32u.dll
0x00007ff976ec0000 - 0x00007ff976eea000 	C:\WINDOWS\System32\GDI32.dll
0x00007ff976d00000 - 0x00007ff976e0a000 	C:\WINDOWS\System32\gdi32full.dll
0x00007ff9767a0000 - 0x00007ff97683d000 	C:\WINDOWS\System32\msvcp_win.dll
0x00007ff9766a0000 - 0x00007ff9767a0000 	C:\WINDOWS\System32\ucrtbase.dll
0x00007ff95b4b0000 - 0x00007ff95b74a000 	C:\WINDOWS\WinSxS\amd64_microsoft.windows.common-controls_6595b64144ccf1df_6.0.19041.1_none_b555e41d4684ddec\COMCTL32.dll
0x00007ff9702d0000 - 0x00007ff9702da000 	C:\WINDOWS\SYSTEM32\VERSION.dll
0x00007ff978de0000 - 0x00007ff978e10000 	C:\WINDOWS\System32\IMM32.DLL
0x00007ff971ee0000 - 0x00007ff971ef6000 	C:\Program Files\Java\jdk-11.0.6\bin\vcruntime140.dll
0x00007ff95e700000 - 0x00007ff95e7aa000 	C:\Program Files\Java\jdk-11.0.6\bin\msvcp140.dll
0x00007ff90b1c0000 - 0x00007ff90bce9000 	C:\Program Files\Java\jdk-11.0.6\bin\server\jvm.dll
0x00007ff977860000 - 0x00007ff977868000 	C:\WINDOWS\System32\PSAPI.DLL
0x00007ff95b4a0000 - 0x00007ff95b4a9000 	C:\WINDOWS\SYSTEM32\WSOCK32.dll
0x00007ff960980000 - 0x00007ff9609a7000 	C:\WINDOWS\SYSTEM32\WINMM.dll
0x00007ff977bf0000 - 0x00007ff977c5b000 	C:\WINDOWS\System32\WS2_32.dll
0x00007ff974520000 - 0x00007ff974533000 	C:\WINDOWS\SYSTEM32\kernel.appcore.dll
0x00007ff95e910000 - 0x00007ff95e921000 	C:\Program Files\Java\jdk-11.0.6\bin\verify.dll
0x00007ff973d40000 - 0x00007ff973f24000 	C:\WINDOWS\SYSTEM32\DBGHELP.DLL
0x00007ff959100000 - 0x00007ff95912c000 	C:\WINDOWS\SYSTEM32\dbgcore.DLL
0x00007ff976e40000 - 0x00007ff976ebf000 	C:\WINDOWS\System32\bcryptPrimitives.dll
0x00007ff95e8e0000 - 0x00007ff95e909000 	C:\Program Files\Java\jdk-11.0.6\bin\java.dll
0x00007ff95e6c0000 - 0x00007ff95e6f7000 	C:\Program Files\Java\jdk-11.0.6\bin\jdwp.dll
0x00007ff95e860000 - 0x00007ff95e88f000 	C:\Program Files\Java\jdk-11.0.6\bin\instrument.dll
0x00007ff95e8c0000 - 0x00007ff95e8d6000 	C:\Program Files\Java\jdk-11.0.6\bin\zip.dll
0x00007ff95ead0000 - 0x00007ff95eada000 	C:\Program Files\Java\jdk-11.0.6\bin\jimage.dll
0x00007ff9786a0000 - 0x00007ff978de0000 	C:\WINDOWS\System32\SHELL32.dll
0x00007ff974720000 - 0x00007ff974eb1000 	C:\WINDOWS\SYSTEM32\windows.storage.dll
0x00007ff978030000 - 0x00007ff978383000 	C:\WINDOWS\System32\combase.dll
0x00007ff976020000 - 0x00007ff97604c000 	C:\WINDOWS\SYSTEM32\Wldp.dll
0x00007ff9784f0000 - 0x00007ff97859e000 	C:\WINDOWS\System32\SHCORE.dll
0x00007ff977730000 - 0x00007ff977785000 	C:\WINDOWS\System32\shlwapi.dll
0x00007ff9764e0000 - 0x00007ff9764ff000 	C:\WINDOWS\SYSTEM32\profapi.dll
0x00007ff95e670000 - 0x00007ff95e67a000 	C:\Program Files\Java\jdk-11.0.6\bin\dt_socket.dll
0x00007ff975d30000 - 0x00007ff975d9a000 	C:\WINDOWS\system32\mswsock.dll
0x00007ff95e6a0000 - 0x00007ff95e6b9000 	C:\Program Files\Java\jdk-11.0.6\bin\net.dll
0x00007ff96c680000 - 0x00007ff96c780000 	C:\WINDOWS\SYSTEM32\WINHTTP.dll
0x00007ff95e680000 - 0x00007ff95e693000 	C:\Program Files\Java\jdk-11.0.6\bin\nio.dll
0x00007ff975a60000 - 0x00007ff975b2a000 	C:\WINDOWS\SYSTEM32\DNSAPI.dll
0x00007ff975a20000 - 0x00007ff975a5b000 	C:\WINDOWS\SYSTEM32\IPHLPAPI.DLL
0x00007ff9784c0000 - 0x00007ff9784c9000 	C:\WINDOWS\System32\NSI.dll
0x00007ff96dbe0000 - 0x00007ff96dbea000 	C:\Windows\System32\rasadhlp.dll
0x00007ff970fa0000 - 0x00007ff97101f000 	C:\WINDOWS\System32\fwpuclnt.dll
0x00007ff976840000 - 0x00007ff976867000 	C:\WINDOWS\System32\bcrypt.dll
0x00007ff95e660000 - 0x00007ff95e669000 	C:\Program Files\Java\jdk-11.0.6\bin\management.dll
0x00007ff95e650000 - 0x00007ff95e65c000 	C:\Program Files\Java\jdk-11.0.6\bin\management_ext.dll
0x00007ff975f00000 - 0x00007ff975f18000 	C:\WINDOWS\SYSTEM32\CRYPTSP.dll
0x00007ff975660000 - 0x00007ff975694000 	C:\WINDOWS\system32\rsaenh.dll
0x00007ff9764a0000 - 0x00007ff9764ce000 	C:\WINDOWS\SYSTEM32\USERENV.dll
0x00007ff975f20000 - 0x00007ff975f2c000 	C:\WINDOWS\SYSTEM32\CRYPTBASE.dll
0x00007ff970f80000 - 0x00007ff970f97000 	C:\WINDOWS\SYSTEM32\dhcpcsvc6.DLL
0x00007ff970aa0000 - 0x00007ff970abd000 	C:\WINDOWS\SYSTEM32\dhcpcsvc.DLL
0x00007ff94cd40000 - 0x00007ff94cd57000 	C:\WINDOWS\system32\napinsp.dll
0x00007ff94cd20000 - 0x00007ff94cd3b000 	C:\WINDOWS\system32\pnrpnsp.dll
0x00007ff94cd00000 - 0x00007ff94cd15000 	C:\WINDOWS\system32\wshbth.dll
0x00007ff971dd0000 - 0x00007ff971ded000 	C:\WINDOWS\system32\NLAapi.dll
0x00007ff94cce0000 - 0x00007ff94ccf2000 	C:\WINDOWS\System32\winrnr.dll
0x000002b7c2e60000 - 0x000002b7c2e63000 	C:\Users\aminoiu\.openjfx\cache\14\api-ms-win-core-console-l1-1-0.dll
0x000002b7c2e70000 - 0x000002b7c2e73000 	C:\Users\aminoiu\.openjfx\cache\14\api-ms-win-core-datetime-l1-1-0.dll
0x000002b7c3080000 - 0x000002b7c3083000 	C:\Users\aminoiu\.openjfx\cache\14\api-ms-win-core-debug-l1-1-0.dll
0x000002b7c3090000 - 0x000002b7c3093000 	C:\Users\aminoiu\.openjfx\cache\14\api-ms-win-core-errorhandling-l1-1-0.dll
0x000002b7f09e0000 - 0x000002b7f09e4000 	C:\Users\aminoiu\.openjfx\cache\14\api-ms-win-core-file-l1-1-0.dll
0x000002b7f09f0000 - 0x000002b7f09f3000 	C:\Users\aminoiu\.openjfx\cache\14\api-ms-win-core-file-l1-2-0.dll
0x000002b7f0a00000 - 0x000002b7f0a03000 	C:\Users\aminoiu\.openjfx\cache\14\api-ms-win-core-file-l2-1-0.dll
0x000002b7f0a10000 - 0x000002b7f0a13000 	C:\Users\aminoiu\.openjfx\cache\14\api-ms-win-core-handle-l1-1-0.dll
0x000002b7f0a20000 - 0x000002b7f0a23000 	C:\Users\aminoiu\.openjfx\cache\14\api-ms-win-core-heap-l1-1-0.dll
0x000002b7f0a30000 - 0x000002b7f0a33000 	C:\Users\aminoiu\.openjfx\cache\14\api-ms-win-core-interlocked-l1-1-0.dll
0x000002b7f0a40000 - 0x000002b7f0a43000 	C:\Users\aminoiu\.openjfx\cache\14\api-ms-win-core-libraryloader-l1-1-0.dll
0x000002b7f0a50000 - 0x000002b7f0a53000 	C:\Users\aminoiu\.openjfx\cache\14\api-ms-win-core-localization-l1-2-0.dll
0x000002b7f0a60000 - 0x000002b7f0a63000 	C:\Users\aminoiu\.openjfx\cache\14\api-ms-win-core-memory-l1-1-0.dll
0x000002b7f0a70000 - 0x000002b7f0a73000 	C:\Users\aminoiu\.openjfx\cache\14\api-ms-win-core-namedpipe-l1-1-0.dll
0x000002b7f0a80000 - 0x000002b7f0a83000 	C:\Users\aminoiu\.openjfx\cache\14\api-ms-win-core-processenvironment-l1-1-0.dll
0x000002b7f0a90000 - 0x000002b7f0a93000 	C:\Users\aminoiu\.openjfx\cache\14\api-ms-win-core-processthreads-l1-1-0.dll
0x000002b7f0aa0000 - 0x000002b7f0aa3000 	C:\Users\aminoiu\.openjfx\cache\14\api-ms-win-core-processthreads-l1-1-1.dll
0x000002b7f0ab0000 - 0x000002b7f0ab3000 	C:\Users\aminoiu\.openjfx\cache\14\api-ms-win-core-profile-l1-1-0.dll
0x000002b7f0ac0000 - 0x000002b7f0ac3000 	C:\Users\aminoiu\.openjfx\cache\14\api-ms-win-core-rtlsupport-l1-1-0.dll
0x000002b7f0ad0000 - 0x000002b7f0ad3000 	C:\Users\aminoiu\.openjfx\cache\14\api-ms-win-core-string-l1-1-0.dll
0x000002b7f0ae0000 - 0x000002b7f0ae3000 	C:\Users\aminoiu\.openjfx\cache\14\api-ms-win-core-synch-l1-1-0.dll
0x000002b7f0af0000 - 0x000002b7f0af3000 	C:\Users\aminoiu\.openjfx\cache\14\api-ms-win-core-synch-l1-2-0.dll
0x000002b7f0b00000 - 0x000002b7f0b03000 	C:\Users\aminoiu\.openjfx\cache\14\api-ms-win-core-sysinfo-l1-1-0.dll
0x000002b7f0b10000 - 0x000002b7f0b13000 	C:\Users\aminoiu\.openjfx\cache\14\api-ms-win-core-timezone-l1-1-0.dll
0x000002b7f0b20000 - 0x000002b7f0b23000 	C:\Users\aminoiu\.openjfx\cache\14\api-ms-win-core-util-l1-1-0.dll
0x000002b7f0b30000 - 0x000002b7f0b33000 	C:\Users\aminoiu\.openjfx\cache\14\api-ms-win-crt-conio-l1-1-0.dll
0x000002b7f0b40000 - 0x000002b7f0b44000 	C:\Users\aminoiu\.openjfx\cache\14\api-ms-win-crt-convert-l1-1-0.dll
0x000002b7f0b50000 - 0x000002b7f0b53000 	C:\Users\aminoiu\.openjfx\cache\14\api-ms-win-crt-environment-l1-1-0.dll
0x000002b7f0b60000 - 0x000002b7f0b63000 	C:\Users\aminoiu\.openjfx\cache\14\api-ms-win-crt-filesystem-l1-1-0.dll
0x000002b7f0b70000 - 0x000002b7f0b73000 	C:\Users\aminoiu\.openjfx\cache\14\api-ms-win-crt-heap-l1-1-0.dll
0x000002b7f0b80000 - 0x000002b7f0b83000 	C:\Users\aminoiu\.openjfx\cache\14\api-ms-win-crt-locale-l1-1-0.dll
0x000002b7f0b90000 - 0x000002b7f0b95000 	C:\Users\aminoiu\.openjfx\cache\14\api-ms-win-crt-math-l1-1-0.dll
0x000002b7f0ba0000 - 0x000002b7f0ba5000 	C:\Users\aminoiu\.openjfx\cache\14\api-ms-win-crt-multibyte-l1-1-0.dll
0x000002b7f0bb0000 - 0x000002b7f0bc0000 	C:\Users\aminoiu\.openjfx\cache\14\api-ms-win-crt-private-l1-1-0.dll
0x000002b7f0bc0000 - 0x000002b7f0bc3000 	C:\Users\aminoiu\.openjfx\cache\14\api-ms-win-crt-process-l1-1-0.dll
0x000002b7f0bd0000 - 0x000002b7f0bd4000 	C:\Users\aminoiu\.openjfx\cache\14\api-ms-win-crt-runtime-l1-1-0.dll
0x000002b7f0be0000 - 0x000002b7f0be4000 	C:\Users\aminoiu\.openjfx\cache\14\api-ms-win-crt-stdio-l1-1-0.dll
0x000002b7f0bf0000 - 0x000002b7f0bf4000 	C:\Users\aminoiu\.openjfx\cache\14\api-ms-win-crt-string-l1-1-0.dll
0x000002b7f0c00000 - 0x000002b7f0c03000 	C:\Users\aminoiu\.openjfx\cache\14\api-ms-win-crt-time-l1-1-0.dll
0x000002b7f0c10000 - 0x000002b7f0c13000 	C:\Users\aminoiu\.openjfx\cache\14\api-ms-win-crt-utility-l1-1-0.dll
0x00007ff95e550000 - 0x00007ff95e64c000 	C:\Users\aminoiu\.openjfx\cache\14\ucrtbase.dll
0x00007ff95e3a0000 - 0x00007ff95e3b5000 	C:\Users\aminoiu\.openjfx\cache\14\vcruntime140.dll
0x00007ff95da00000 - 0x00007ff95da9b000 	C:\Users\aminoiu\.openjfx\cache\14\msvcp140.dll
0x00007ff95d9a0000 - 0x00007ff95d9f1000 	C:\Users\aminoiu\.openjfx\cache\14\concrt140.dll
0x00007ff95e370000 - 0x00007ff95e393000 	C:\Users\aminoiu\.openjfx\cache\14\prism_d3d.dll
0x00007ff92e1d0000 - 0x00007ff92e39d000 	C:\WINDOWS\system32\d3d9.dll
0x00007ff974230000 - 0x00007ff97425f000 	C:\WINDOWS\SYSTEM32\dwmapi.dll
0x00007ff974060000 - 0x00007ff9740ff000 	C:\WINDOWS\system32\uxtheme.dll
0x00007ff95e200000 - 0x00007ff95e35d000 	C:\WINDOWS\System32\DriverStore\FileRepository\iigd_dch.inf_amd64_97abf3bd13eb713d\igdumdim64.dll
0x00007ff905690000 - 0x00007ff908f99000 	C:\WINDOWS\System32\DriverStore\FileRepository\iigd_dch.inf_amd64_97abf3bd13eb713d\igd9dxva64.dll
0x00007ff977870000 - 0x00007ff977999000 	C:\WINDOWS\System32\ole32.dll
0x00007ff977660000 - 0x00007ff97772d000 	C:\WINDOWS\System32\OLEAUT32.dll
0x00007ff9770a0000 - 0x00007ff977507000 	C:\WINDOWS\System32\SETUPAPI.dll
0x00007ff976650000 - 0x00007ff97669d000 	C:\WINDOWS\System32\cfgmgr32.dll
0x00007ff966780000 - 0x00007ff966924000 	C:\WINDOWS\System32\DriverStore\FileRepository\iigd_dch.inf_amd64_97abf3bd13eb713d\igdgmm64.dll
0x00007ff95d900000 - 0x00007ff95d945000 	C:\Users\aminoiu\.openjfx\cache\14\glass.dll
0x00007ff977d90000 - 0x00007ff977e6a000 	C:\WINDOWS\System32\COMDLG32.dll
0x00007ff977e70000 - 0x00007ff977f85000 	C:\WINDOWS\System32\MSCTF.dll
0x00007ff949320000 - 0x00007ff949346000 	C:\WINDOWS\System32\DriverStore\FileRepository\iigd_dch.inf_amd64_97abf3bd13eb713d\igdinfo64.dll
0x00007ff964170000 - 0x00007ff966774000 	C:\WINDOWS\System32\DriverStore\FileRepository\iigd_dch.inf_amd64_97abf3bd13eb713d\igc64.dll
0x00007ff969430000 - 0x00007ff96946b000 	C:\WINDOWS\SYSTEM32\dxcore.dll
0x00007ff95e1e0000 - 0x00007ff95e1f4000 	C:\Users\aminoiu\.openjfx\cache\14\javafx_font.dll

dbghelp: loaded successfully - version: 4.0.5 - missing functions: none
symbol engine: initialized successfully - sym options: 0x614 - pdb path: .;C:\Program Files\Java\jdk-11.0.6\bin;C:\WINDOWS\SYSTEM32;C:\WINDOWS\WinSxS\amd64_microsoft.windows.common-controls_6595b64144ccf1df_6.0.19041.1_none_b555e41d4684ddec;C:\Program Files\Java\jdk-11.0.6\bin\server;C:\Users\aminoiu\.openjfx\cache\14;C:\WINDOWS\System32\DriverStore\FileRepository\iigd_dch.inf_amd64_97abf3bd13eb713d;C:\Program Files\Common Files\Microsoft Shared\Ink;C:\Users\aminoiu\Desktop\mfz-rxtx-2.2-20081207-win-x64\mfz-rxtx-2.2-20081207-win-x64

VM Arguments:
jvm_args: -agentlib:jdwp=transport=dt_socket,address=127.0.0.1:50500,suspend=y,server=n -Djava.library.path=C:\Users\aminoiu\Desktop\mfz-rxtx-2.2-20081207-win-x64\mfz-rxtx-2.2-20081207-win-x64 -XX:TieredStopAtLevel=1 -Xverify:none -Dspring.output.ansi.enabled=always -Dcom.sun.management.jmxremote -Dspring.jmx.enabled=true -Dspring.liveBeansView.mbeanDomain -Dspring.application.admin.enabled=true -javaagent:C:\Users\aminoiu\AppData\Local\JetBrains\IntelliJIdea2020.1\captureAgent\debugger-agent.jar -Dfile.encoding=UTF-8 
java_command: com.electronicvoting.BackendApplication
java_class_path (initial): D:\ISD\JTOM\Project\e-voting\Backend\target\classes;C:\apache-maven-3.5.4\.m2\repository\org\springframework\boot\spring-boot-starter-data-jpa\2.2.6.RELEASE\spring-boot-starter-data-jpa-2.2.6.RELEASE.jar;C:\apache-maven-3.5.4\.m2\repository\org\springframework\boot\spring-boot-starter-aop\2.2.6.RELEASE\spring-boot-starter-aop-2.2.6.RELEASE.jar;C:\apache-maven-3.5.4\.m2\repository\org\aspectj\aspectjweaver\1.9.5\aspectjweaver-1.9.5.jar;C:\apache-maven-3.5.4\.m2\repository\org\springframework\boot\spring-boot-starter-jdbc\2.2.6.RELEASE\spring-boot-starter-jdbc-2.2.6.RELEASE.jar;C:\apache-maven-3.5.4\.m2\repository\com\zaxxer\HikariCP\3.4.2\HikariCP-3.4.2.jar;C:\apache-maven-3.5.4\.m2\repository\org\springframework\spring-jdbc\5.2.5.RELEASE\spring-jdbc-5.2.5.RELEASE.jar;C:\apache-maven-3.5.4\.m2\repository\jakarta\activation\jakarta.activation-api\1.2.2\jakarta.activation-api-1.2.2.jar;C:\apache-maven-3.5.4\.m2\repository\jakarta\persistence\jakarta.persistence-api\2.2.3\jakarta.persistence-api-2.2.3.jar;C:\apache-maven-3.5.4\.m2\repository\jakarta\transaction\jakarta.transaction-api\1.3.3\jakarta.transaction-api-1.3.3.jar;C:\apache-maven-3.5.4\.m2\repository\org\hibernate\hibernate-core\5.4.12.Final\hibernate-core-5.4.12.Final.jar;C:\apache-maven-3.5.4\.m2\repository\org\jboss\logging\jboss-logging\3.4.1.Final\jboss-logging-3.4.1.Final.jar;C:\apache-maven-3.5.4\.m2\repository\org\javassist\javassist\3.24.0-GA\javassist-3.24.0-GA.jar;C:\apache-maven-3.5.4\.m2\repository\net\bytebuddy\byte-buddy\1.10.8\byte-buddy-1.10.8.jar;C:\apache-maven-3.5.4\.m2\repository\antlr\antlr\2.7.7\antlr-2.7.7.jar;C:\apache-maven-3.5.4\.m2\repository\org\jboss\jandex\2.1.1.Final\jandex-2.1.1.Final.jar;C:\apache-maven-3.5.4\.m2\repository\org\dom4j\dom4j\2.1.1\dom4j-2.1.1.jar;C:\apache-maven-3.5.4\.m2\repository\org\hibernate\common\hibernate-commons-annotations\5.1.0.Final\hibernate-commons-annotations-5.1.0.Final.jar;C:\apache-maven-3.5.4\.m2\repository\org\gla
Launcher Type: SUN_STANDARD

[Global flags]
     bool BytecodeVerificationLocal                = false                                     {product} {command line}
     bool BytecodeVerificationRemote               = false                                     {product} {command line}
     intx CICompilerCount                          = 4                                         {product} {ergonomic}
     uint ConcGCThreads                            = 2                                         {product} {ergonomic}
     uint G1ConcRefinementThreads                  = 8                                         {product} {ergonomic}
   size_t G1HeapRegionSize                         = 1048576                                   {product} {ergonomic}
    uintx GCDrainStackTargetSize                   = 64                                        {product} {ergonomic}
   size_t InitialHeapSize                          = 266338304                                 {product} {ergonomic}
     bool ManagementServer                         = true                                      {product} {command line}
   size_t MarkStackSize                            = 4194304                                   {product} {ergonomic}
   size_t MaxHeapSize                              = 4261412864                                {product} {ergonomic}
   size_t MaxNewSize                               = 2556428288                                {product} {ergonomic}
   size_t MinHeapDeltaBytes                        = 1048576                                   {product} {ergonomic}
    uintx NonNMethodCodeHeapSize                   = 7549744                                {pd product} {ergonomic}
    uintx NonProfiledCodeHeapSize                  = 244108496                              {pd product} {ergonomic}
    uintx ProfiledCodeHeapSize                     = 0                                      {pd product} {ergonomic}
    uintx ReservedCodeCacheSize                    = 251658240                              {pd product} {ergonomic}
     bool SegmentedCodeCache                       = true                                      {product} {ergonomic}
     intx TieredStopAtLevel                        = 1                                         {product} {command line}
     bool UseCompressedClassPointers               = true                                 {lp64_product} {ergonomic}
     bool UseCompressedOops                        = true                                 {lp64_product} {ergonomic}
     bool UseG1GC                                  = true                                      {product} {ergonomic}
     bool UseLargePagesIndividualAllocation        = false                                  {pd product} {ergonomic}

Logging:
Log output configuration:
 #0: stdout all=warning uptime,level,tags
 #1: stderr all=off uptime,level,tags

Environment Variables:
JAVA_HOME=C:\Program Files\Java\jdk-11.0.6
PATH=D:\oracledatabase\product\12.2.0\dbhome_1\bin;D:\oracleclient1\product\11.2.0\client_1\bin;D:\oracledatabase\product\12.2.0\dbhome_1\bin;C:\Program Files\Kerio\Outlook Connector (Offline Edition)\;C:\Program Files (x86)\Common Files\Oracle\Java\javapath;C:\WINDOWS\system32;C:\WINDOWS;C:\WINDOWS\System32\Wbem;C:\WINDOWS\System32\WindowsPowerShell\v1.0\;C:\WINDOWS\System32\OpenSSH\;C:\Program Files\Symantec.cloud\PlatformAgent\;C:\Program Files\TortoiseSVN\bin;C:\Program Files\Java\jdk-11.0.6\bin;C:\apache-maven-3.5.4\bin;C:\Program Files\PostgreSQL\10\bin;C:\Program Files\PostgreSQL\10\lib;D:\intherlc;C:\Program Files\Git\cmd;C:\Program Files (x86)\Yarn\bin\;C:\Program Files\nodejs\;C:\Program Files\liquibase;C:\Program Files (x86)\Intel\Intel(R) Management Engine Components\DAL;C:\Program Files\Intel\Intel(R) Management Engine Components\DAL;C:\Program Files\TortoiseGit\bin;C:\Program Files\nodejs\node_modules\npm\bin;C:\Users\aminoiu\AppData\Local\Microsoft\WindowsApps;C:\Program Files (x86)\Sophos\Sophos SSL VPN Client\bin;C:\Users\aminoiu\AppData\Local\GitHubDesktop\bin;C:\Program Files\JetBrains\IntelliJ IDEA 2020.1\bin;;C:\Users\aminoiu\AppData\Local\Yarn\bin;C:\Users\aminoiu\AppData\Roaming\npm;;C:\Users\aminoiu\AppData\Local\Microsoft\WindowsApps
USERNAME=aminoiu
OS=Windows_NT
PROCESSOR_IDENTIFIER=Intel64 Family 6 Model 142 Stepping 12, GenuineIntel



---------------  S Y S T E M  ---------------

OS: Windows 10 , 64 bit Build 19041 (10.0.19041.292)

CPU:total 8 (initial active 8) (4 cores per cpu, 2 threads per core) family 6 model 142 stepping 12, cmov, cx8, fxsr, mmx, sse, sse2, sse3, ssse3, sse4.1, sse4.2, popcnt, avx, avx2, aes, clmul, erms, 3dnowpref, lzcnt, ht, tsc, tscinvbit, bmi1, bmi2, adx, fma

Memory: 4k page, system-wide physical 16254M (5248M free)
TotalPageFile size 34686M (AvailPageFile size 14961M)
current process WorkingSet (physical memory assigned to process): 526M, peak: 530M
current process commit charge ("private bytes"): 636M, peak: 637M

vm_info: Java HotSpot(TM) 64-Bit Server VM (11.0.6+8-LTS) for windows-amd64 JRE (11.0.6+8-LTS), built on Dec 11 2019 09:17:57 by "mach5one" with MS VC++ 15.5 (VS2017)

END.
